[35m[1mScanning dependencies of target cpp_pubsub[0m
[35m[1mScanning dependencies of target planner[0m
[  3%] [32mBuilding CXX object CMakeFiles/cpp_pubsub.dir/src/path_time_graph.cpp.o[0m
[  6%] [32mBuilding CXX object CMakeFiles/planner.dir/src/path_time_graph.cpp.o[0m
[01m[K/root/planner_ws/src/cpp_pubsub/src/path_time_graph.cpp:[m[K In member function ‘[01m[Kvoid PathTimeGraph::Init(const std::vector<std::vector<double> >&, const std::vector<PathPoint>&, double, double, double, double, const std::array<double, 3>&, const std::array<double, 3>&)[m[K’:
[01m[K/root/planner_ws/src/cpp_pubsub/src/path_time_graph.cpp:21:27:[m[K [01;35m[Kwarning: [m[Kcomparison of integer expressions of different signedness: ‘[01m[Kint[m[K’ and ‘[01m[Kstd::vector<std::vector<double> >::size_type[m[K’ {aka ‘[01m[Klong unsigned int[m[K’} [[01;35m[K-Wsign-compare[m[K]
   21 |         for (int i = 0; [01;35m[Ki < dynamic_obstacle_sl.size()[m[K; i++)
      |                         [01;35m[K~~^~~~~~~~~~~~~~~~~~~~~~~~~~~~[m[K
[01m[K/root/planner_ws/src/cpp_pubsub/src/path_time_graph.cpp:[m[K In member function ‘[01m[Kvoid PathTimeGraph::Init(const std::vector<std::vector<double> >&, const std::vector<PathPoint>&, double, double, double, double, const std::array<double, 3>&, const std::array<double, 3>&)[m[K’:
[01m[K/root/planner_ws/src/cpp_pubsub/src/path_time_graph.cpp:21:27:[m[K [01;35m[Kwarning: [m[Kcomparison of integer expressions of different signedness: ‘[01m[Kint[m[K’ and ‘[01m[Kstd::vector<std::vector<double> >::size_type[m[K’ {aka ‘[01m[Klong unsigned int[m[K’} [[01;35m[K-Wsign-compare[m[K]
   21 |         for (int i = 0; [01;35m[Ki < dynamic_obstacle_sl.size()[m[K; i++)
      |                         [01;35m[K~~^~~~~~~~~~~~~~~~~~~~~~~~~~~~[m[K
[01m[K/root/planner_ws/src/cpp_pubsub/src/path_time_graph.cpp:5:102:[m[K [01;35m[Kwarning: [m[Kunused parameter ‘[01m[Kreferenceline[m[K’ [[01;35m[K-Wunused-parameter[m[K]
    5 | void PathTimeGraph::Init(const vector<vector<double>> &dynamic_obstacle_sl, [01;35m[Kconst vector<PathPoint> &referenceline[m[K,
      |                                                                             [01;35m[K~~~~~~~~~~~~~~~~~~~~~~~~~^~~~~~~~~~~~~[m[K
[01m[K/root/planner_ws/src/cpp_pubsub/src/path_time_graph.cpp:7:70:[m[K [01;35m[Kwarning: [m[Kunused parameter ‘[01m[Kinit_d[m[K’ [[01;35m[K-Wunused-parameter[m[K]
    7 |                          const double t_end, [01;35m[Kconst array<double, 3> &init_d[m[K,const array<double, 3> &init_s)
      |                                              [01;35m[K~~~~~~~~~~~~~~~~~~~~~~~~^~~~~~[m[K
[01m[K/root/planner_ws/src/cpp_pubsub/src/path_time_graph.cpp:5:102:[m[K [01;35m[Kwarning: [m[Kunused parameter ‘[01m[Kreferenceline[m[K’ [[01;35m[K-Wunused-parameter[m[K]
    5 | void PathTimeGraph::Init(const vector<vector<double>> &dynamic_obstacle_sl, [01;35m[Kconst vector<PathPoint> &referenceline[m[K,
      |                                                                             [01;35m[K~~~~~~~~~~~~~~~~~~~~~~~~~^~~~~~~~~~~~~[m[K
[01m[K/root/planner_ws/src/cpp_pubsub/src/path_time_graph.cpp:7:70:[m[K [01;35m[Kwarning: [m[Kunused parameter ‘[01m[Kinit_d[m[K’ [[01;35m[K-Wunused-parameter[m[K]
    7 |                          const double t_end, [01;35m[Kconst array<double, 3> &init_d[m[K,const array<double, 3> &init_s)
      |                                              [01;35m[K~~~~~~~~~~~~~~~~~~~~~~~~^~~~~~[m[K
[  9%] [32m[1mLinking CXX executable planner[0m
[ 12%] [32m[1mLinking CXX shared library libcpp_pubsub.so[0m
[ 54%] Built target cpp_pubsub
[100%] Built target planner
-- Install configuration: ""
-- Up-to-date: /root/planner_ws/install/cpp_pubsub/include
-- Up-to-date: /root/planner_ws/install/cpp_pubsub/include/STBoundaryPoint.hpp
-- Up-to-date: /root/planner_ws/install/cpp_pubsub/include/cartesian_frenet_converter.hpp
-- Up-to-date: /root/planner_ws/install/cpp_pubsub/include/collisionchecker.hpp
-- Up-to-date: /root/planner_ws/install/cpp_pubsub/include/latpath1d.hpp
-- Up-to-date: /root/planner_ws/install/cpp_pubsub/include/end_condition_sampler.hpp
-- Up-to-date: /root/planner_ws/install/cpp_pubsub/include/constans.hpp
-- Up-to-date: /root/planner_ws/install/cpp_pubsub/include/trajectory_evaluator.hpp
-- Up-to-date: /root/planner_ws/install/cpp_pubsub/include/obstacle.hpp
-- Up-to-date: /root/planner_ws/install/cpp_pubsub/include/path_time_graph.hpp
-- Up-to-date: /root/planner_ws/install/cpp_pubsub/include/liner_interpolation.hpp
-- Up-to-date: /root/planner_ws/install/cpp_pubsub/include/Trajectory1dGenerator.hpp
-- Up-to-date: /root/planner_ws/install/cpp_pubsub/include/lonspeed1d.hpp
-- Up-to-date: /root/planner_ws/install/cpp_pubsub/include/matplotlibcpp.h
-- Up-to-date: /root/planner_ws/install/cpp_pubsub/include/obs.hpp
-- Up-to-date: /root/planner_ws/install/cpp_pubsub/include/referenceline.hpp
-- Up-to-date: /root/planner_ws/install/cpp_pubsub/include/manager.hpp
-- Up-to-date: /root/planner_ws/install/cpp_pubsub/include/plotfigure.hpp
-- Up-to-date: /root/planner_ws/install/cpp_pubsub/include/pathpoint.hpp
-- Up-to-date: /root/planner_ws/install/cpp_pubsub/include/constraint_checker1d.hpp
-- Up-to-date: /root/planner_ws/install/cpp_pubsub/include/feasible_region.hpp
-- Up-to-date: /root/planner_ws/install/cpp_pubsub/include/path_matcher.hpp
-- Up-to-date: /root/planner_ws/install/cpp_pubsub/include/SLPoint.hpp
-- Up-to-date: /root/planner_ws/install/cpp_pubsub/include/test.hpp
-- Up-to-date: /root/planner_ws/install/cpp_pubsub/include/STpoint.hpp
-- Up-to-date: /root/planner_ws/install/cpp_pubsub/include/TrajectoryPoint.hpp
-- Up-to-date: /root/planner_ws/install/cpp_pubsub/share/cpp_pubsub/environment/library_path.sh
-- Up-to-date: /root/planner_ws/install/cpp_pubsub/share/cpp_pubsub/environment/library_path.dsv
-- Installing: /root/planner_ws/install/cpp_pubsub/lib/libcpp_pubsub.so
-- Set runtime path of "/root/planner_ws/install/cpp_pubsub/lib/libcpp_pubsub.so" to ""
-- Installing: /root/planner_ws/install/cpp_pubsub/lib/cpp_pubsub/planner
-- Set runtime path of "/root/planner_ws/install/cpp_pubsub/lib/cpp_pubsub/planner" to ""
-- Up-to-date: /root/planner_ws/install/cpp_pubsub/share/ament_index/resource_index/package_run_dependencies/cpp_pubsub
-- Up-to-date: /root/planner_ws/install/cpp_pubsub/share/ament_index/resource_index/parent_prefix_path/cpp_pubsub
-- Up-to-date: /root/planner_ws/install/cpp_pubsub/share/cpp_pubsub/environment/ament_prefix_path.sh
-- Up-to-date: /root/planner_ws/install/cpp_pubsub/share/cpp_pubsub/environment/ament_prefix_path.dsv
-- Up-to-date: /root/planner_ws/install/cpp_pubsub/share/cpp_pubsub/environment/path.sh
-- Up-to-date: /root/planner_ws/install/cpp_pubsub/share/cpp_pubsub/environment/path.dsv
-- Up-to-date: /root/planner_ws/install/cpp_pubsub/share/cpp_pubsub/local_setup.bash
-- Up-to-date: /root/planner_ws/install/cpp_pubsub/share/cpp_pubsub/local_setup.sh
-- Up-to-date: /root/planner_ws/install/cpp_pubsub/share/cpp_pubsub/local_setup.zsh
-- Up-to-date: /root/planner_ws/install/cpp_pubsub/share/cpp_pubsub/local_setup.dsv
-- Installing: /root/planner_ws/install/cpp_pubsub/share/cpp_pubsub/package.dsv
-- Up-to-date: /root/planner_ws/install/cpp_pubsub/share/ament_index/resource_index/packages/cpp_pubsub
-- Up-to-date: /root/planner_ws/install/cpp_pubsub/share/cpp_pubsub/cmake/ament_cmake_export_dependencies-extras.cmake
-- Up-to-date: /root/planner_ws/install/cpp_pubsub/share/cpp_pubsub/cmake/ament_cmake_export_include_directories-extras.cmake
-- Up-to-date: /root/planner_ws/install/cpp_pubsub/share/cpp_pubsub/cmake/ament_cmake_export_libraries-extras.cmake
-- Up-to-date: /root/planner_ws/install/cpp_pubsub/share/cpp_pubsub/cmake/cpp_pubsubConfig.cmake
-- Up-to-date: /root/planner_ws/install/cpp_pubsub/share/cpp_pubsub/cmake/cpp_pubsubConfig-version.cmake
-- Up-to-date: /root/planner_ws/install/cpp_pubsub/share/cpp_pubsub/package.xml
