[0.053s] Invoking command in '/root/planner_ws/src/build/cpp_pubsub': CMAKE_PREFIX_PATH=${CMAKE_PREFIX_PATH}:/opt/ros/foxy /usr/bin/cmake /root/planner_ws/src/cpp_pubsub -DCMAKE_INSTALL_PREFIX=/root/planner_ws/src/install/cpp_pubsub
[0.070s] -- Found ament_cmake: 0.9.11 (/opt/ros/foxy/share/ament_cmake/cmake)
[0.084s] -- Using PYTHON_EXECUTABLE: /usr/bin/python3
[0.233s] -- Found rclcpp: 2.4.2 (/opt/ros/foxy/share/rclcpp/cmake)
[0.272s] -- Using all available rosidl_typesupport_c: rosidl_typesupport_fastrtps_c;rosidl_typesupport_introspection_c
[0.275s] -- Found rosidl_adapter: 1.3.0 (/opt/ros/foxy/share/rosidl_adapter/cmake)
[0.419s] -- Using all available rosidl_typesupport_cpp: rosidl_typesupport_fastrtps_cpp;rosidl_typesupport_introspection_cpp
[0.466s] -- Found rmw_implementation_cmake: 1.0.4 (/opt/ros/foxy/share/rmw_implementation_cmake/cmake)
[0.467s] -- Using RMW implementation 'rmw_fastrtps_cpp' as default
[0.648s] CMake Error at /opt/ros/foxy/share/ament_cmake_target_dependencies/cmake/ament_target_dependencies.cmake:77 (message):
[0.648s]   ament_target_dependencies() the passed package name 'listener' was not
[0.648s]   found before
[0.648s] Call Stack (most recent call first):
[0.648s]   CMakeLists.txt:28 (ament_target_dependencies)
[0.648s] 
[0.648s] 
[0.650s] -- Configuring incomplete, errors occurred!
[0.650s] See also "/root/planner_ws/src/build/cpp_pubsub/CMakeFiles/CMakeOutput.log".
[0.650s] See also "/root/planner_ws/src/build/cpp_pubsub/CMakeFiles/CMakeError.log".
[0.663s] Invoked command in '/root/planner_ws/src/build/cpp_pubsub' returned '1': CMAKE_PREFIX_PATH=${CMAKE_PREFIX_PATH}:/opt/ros/foxy /usr/bin/cmake /root/planner_ws/src/cpp_pubsub -DCMAKE_INSTALL_PREFIX=/root/planner_ws/src/install/cpp_pubsub
