[0.019s] Invoking command in '/root/planner_ws/build/cpp_pubsub': CMAKE_PREFIX_PATH=${CMAKE_PREFIX_PATH}:/opt/ros/foxy /usr/bin/cmake --build /root/planner_ws/build/cpp_pubsub -- -j12 -l12
[0.056s] [35m[1mScanning dependencies of target cpp_pubsub[0m
[0.056s] [35m[1mScanning dependencies of target planner[0m
[0.086s] [  7%] [32mBuilding CXX object CMakeFiles/cpp_pubsub.dir/src/manager.cpp.o[0m
[0.086s] [  7%] [32mBuilding CXX object CMakeFiles/cpp_pubsub.dir/src/feasible_region.cpp.o[0m
[0.089s] [ 10%] [32mBuilding CXX object CMakeFiles/planner.dir/src/manager.cpp.o[0m
[0.189s] [01m[K/root/planner_ws/src/cpp_pubsub/src/feasible_region.cpp:[m[K In constructor ‘[01m[KFeasibleRegion::FeasibleRegion(const std::array<double, 3>&)[m[K’:
[0.189s] [01m[K/root/planner_ws/src/cpp_pubsub/src/feasible_region.cpp:7:48:[m[K [01;31m[Kerror: [m[Kinvalid use of non-static data member ‘[01m[KConstans::FLAGS_longitudinal_acceleration_lower_bound[m[K’
[0.190s]     7 |     const double max_deceleration = -Constans::[01;31m[KFLAGS_longitudinal_acceleration_lower_bound[m[K;
[0.190s]       |                                                [01;31m[K^~~~~~~~~~~~~~~~~~~~~~~~~~~~~~~~~~~~~~~~~~~[m[K
[0.190s] In file included from [01m[K/root/planner_ws/src/cpp_pubsub/include/feasible_region.hpp:4[m[K,
[0.190s]                  from [01m[K/root/planner_ws/src/cpp_pubsub/src/feasible_region.cpp:1[m[K:
[0.190s] [01m[K/root/planner_ws/src/cpp_pubsub/include/constans.hpp:11:18:[m[K [01;36m[Knote: [m[Kdeclared here
[0.190s]    11 |     const double [01;36m[KFLAGS_longitudinal_acceleration_lower_bound[m[K = 0;
[0.190s]       |                  [01;36m[K^~~~~~~~~~~~~~~~~~~~~~~~~~~~~~~~~~~~~~~~~~~[m[K
[0.190s] [01m[K/root/planner_ws/src/cpp_pubsub/src/feasible_region.cpp:[m[K In member function ‘[01m[Kdouble FeasibleRegion::SUpper(double) const[m[K’:
[0.190s] [01m[K/root/planner_ws/src/cpp_pubsub/src/feasible_region.cpp:17:1:[m[K [01;35m[Kwarning: [m[Kno return statement in function returning non-void [[01;35m[K-Wreturn-type[m[K]
[0.190s]    17 | [01;35m[K}[m[K
[0.190s]       | [01;35m[K^[m[K
[0.190s] [01m[K/root/planner_ws/src/cpp_pubsub/src/feasible_region.cpp:15:44:[m[K [01;35m[Kwarning: [m[Kunused parameter ‘[01m[Kt[m[K’ [[01;35m[K-Wunused-parameter[m[K]
[0.190s]    15 | double FeasibleRegion::SUpper([01;35m[Kconst double t[m[K) const
[0.190s]       |                               [01;35m[K~~~~~~~~~~~~~^[m[K
[0.190s] [01m[K/root/planner_ws/src/cpp_pubsub/src/feasible_region.cpp:[m[K In member function ‘[01m[Kdouble FeasibleRegion::SLower(double) const[m[K’:
[0.190s] [01m[K/root/planner_ws/src/cpp_pubsub/src/feasible_region.cpp:21:1:[m[K [01;35m[Kwarning: [m[Kno return statement in function returning non-void [[01;35m[K-Wreturn-type[m[K]
[0.190s]    21 | [01;35m[K}[m[K
[0.190s]       | [01;35m[K^[m[K
[0.190s] [01m[K/root/planner_ws/src/cpp_pubsub/src/feasible_region.cpp:19:44:[m[K [01;35m[Kwarning: [m[Kunused parameter ‘[01m[Kt[m[K’ [[01;35m[K-Wunused-parameter[m[K]
[0.191s]    19 | double FeasibleRegion::SLower([01;35m[Kconst double t[m[K) const
[0.191s]       |                               [01;35m[K~~~~~~~~~~~~~^[m[K
[0.191s] [01m[K/root/planner_ws/src/cpp_pubsub/src/feasible_region.cpp:[m[K In member function ‘[01m[Kdouble FeasibleRegion::VUpper(double) const[m[K’:
[0.191s] [01m[K/root/planner_ws/src/cpp_pubsub/src/feasible_region.cpp:25:1:[m[K [01;35m[Kwarning: [m[Kno return statement in function returning non-void [[01;35m[K-Wreturn-type[m[K]
[0.191s]    25 | [01;35m[K}[m[K
[0.191s]       | [01;35m[K^[m[K
[0.191s] [01m[K/root/planner_ws/src/cpp_pubsub/src/feasible_region.cpp:23:44:[m[K [01;35m[Kwarning: [m[Kunused parameter ‘[01m[Kt[m[K’ [[01;35m[K-Wunused-parameter[m[K]
[0.191s]    23 | double FeasibleRegion::VUpper([01;35m[Kconst double t[m[K) const
[0.191s]       |                               [01;35m[K~~~~~~~~~~~~~^[m[K
[0.191s] [01m[K/root/planner_ws/src/cpp_pubsub/src/feasible_region.cpp:[m[K In member function ‘[01m[Kdouble FeasibleRegion::VLower(double) const[m[K’:
[0.191s] [01m[K/root/planner_ws/src/cpp_pubsub/src/feasible_region.cpp:29:1:[m[K [01;35m[Kwarning: [m[Kno return statement in function returning non-void [[01;35m[K-Wreturn-type[m[K]
[0.191s]    29 | [01;35m[K}[m[K
[0.191s]       | [01;35m[K^[m[K
[0.191s] [01m[K/root/planner_ws/src/cpp_pubsub/src/feasible_region.cpp:27:44:[m[K [01;35m[Kwarning: [m[Kunused parameter ‘[01m[Kt[m[K’ [[01;35m[K-Wunused-parameter[m[K]
[0.191s]    27 | double FeasibleRegion::VLower([01;35m[Kconst double t[m[K) const
[0.191s]       |                               [01;35m[K~~~~~~~~~~~~~^[m[K
[0.191s] [01m[K/root/planner_ws/src/cpp_pubsub/src/feasible_region.cpp:[m[K In member function ‘[01m[Kdouble FeasibleRegion::TLower(double) const[m[K’:
[0.191s] [01m[K/root/planner_ws/src/cpp_pubsub/src/feasible_region.cpp:33:1:[m[K [01;35m[Kwarning: [m[Kno return statement in function returning non-void [[01;35m[K-Wreturn-type[m[K]
[0.191s]    33 | [01;35m[K}[m[K
[0.191s]       | [01;35m[K^[m[K
[0.192s] [01m[K/root/planner_ws/src/cpp_pubsub/src/feasible_region.cpp:31:44:[m[K [01;35m[Kwarning: [m[Kunused parameter ‘[01m[Ks[m[K’ [[01;35m[K-Wunused-parameter[m[K]
[0.192s]    31 | double FeasibleRegion::TLower([01;35m[Kconst double s[m[K) const
[0.192s]       |                               [01;35m[K~~~~~~~~~~~~~^[m[K
[0.220s] make[2]: *** [CMakeFiles/cpp_pubsub.dir/build.make:219: CMakeFiles/cpp_pubsub.dir/src/feasible_region.cpp.o] Error 1
[0.220s] make[2]: *** Waiting for unfinished jobs....
[2.058s] [ 14%] [32m[1mLinking CXX executable planner[0m
[2.061s] make[1]: *** [CMakeFiles/Makefile2:80: CMakeFiles/cpp_pubsub.dir/all] Error 2
[2.061s] make[1]: *** Waiting for unfinished jobs....
[2.265s] [ 57%] Built target planner
[2.266s] make: *** [Makefile:141: all] Error 2
[2.268s] Invoked command in '/root/planner_ws/build/cpp_pubsub' returned '2': CMAKE_PREFIX_PATH=${CMAKE_PREFIX_PATH}:/opt/ros/foxy /usr/bin/cmake --build /root/planner_ws/build/cpp_pubsub -- -j12 -l12
