[0.021s] Invoking command in '/root/planner_ws/build/cpp_pubsub': CMAKE_PREFIX_PATH=${CMAKE_PREFIX_PATH}:/opt/ros/foxy /usr/bin/cmake --build /root/planner_ws/build/cpp_pubsub -- -j12 -l12
[0.053s] [35m[1mScanning dependencies of target cpp_pubsub[0m
[0.054s] [35m[1mScanning dependencies of target planner[0m
[0.078s] [  6%] [32mBuilding CXX object CMakeFiles/cpp_pubsub.dir/src/manager.cpp.o[0m
[0.078s] [  6%] [32mBuilding CXX object CMakeFiles/cpp_pubsub.dir/src/obstacle.cpp.o[0m
[0.085s] [  9%] [32mBuilding CXX object CMakeFiles/planner.dir/src/publisher.cpp.o[0m
[0.086s] [ 12%] [32mBuilding CXX object CMakeFiles/planner.dir/src/manager.cpp.o[0m
[0.086s] [ 16%] [32mBuilding CXX object CMakeFiles/planner.dir/src/obstacle.cpp.o[0m
[2.105s] [01m[K/root/planner_ws/src/cpp_pubsub/src/manager.cpp:[m[K In member function ‘[01m[Kvoid Manage_Planner::planner()[m[K’:
[2.106s] [01m[K/root/planner_ws/src/cpp_pubsub/src/manager.cpp:196:85:[m[K [01;35m[Kwarning: [m[K‘[01m[KLC_mode[m[K’ may be used uninitialized in this function [[01;35m[K-Wmaybe-uninitialized[m[K]
[2.106s]   196 |         lon_end_conditions = [01;35m[Kendconditionsampler.SampleLonEndConditionsForLaneChange(LC_mode)[m[K;
[2.106s]       |                              [01;35m[K~~~~~~~~~~~~~~~~~~~~~~~~~~~~~~~~~~~~~~~~~~~~~~~~~~~~~~~^~~~~~~~~[m[K
[2.120s] [01m[K/root/planner_ws/src/cpp_pubsub/src/manager.cpp:[m[K In member function ‘[01m[Kvoid Manage_Planner::planner()[m[K’:
[2.120s] [01m[K/root/planner_ws/src/cpp_pubsub/src/manager.cpp:196:85:[m[K [01;35m[Kwarning: [m[K‘[01m[KLC_mode[m[K’ may be used uninitialized in this function [[01;35m[K-Wmaybe-uninitialized[m[K]
[2.120s]   196 |         lon_end_conditions = [01;35m[Kendconditionsampler.SampleLonEndConditionsForLaneChange(LC_mode)[m[K;
[2.120s]       |                              [01;35m[K~~~~~~~~~~~~~~~~~~~~~~~~~~~~~~~~~~~~~~~~~~~~~~~~~~~~~~~^~~~~~~~~[m[K
[2.498s] [ 19%] [32m[1mLinking CXX shared library libcpp_pubsub.so[0m
[2.613s] [ 58%] Built target cpp_pubsub
[4.119s] [ 61%] [32m[1mLinking CXX executable planner[0m
[4.315s] [100%] Built target planner
[4.326s] Invoked command in '/root/planner_ws/build/cpp_pubsub' returned '0': CMAKE_PREFIX_PATH=${CMAKE_PREFIX_PATH}:/opt/ros/foxy /usr/bin/cmake --build /root/planner_ws/build/cpp_pubsub -- -j12 -l12
[4.380s] Invoking command in '/root/planner_ws/build/cpp_pubsub': CMAKE_PREFIX_PATH=${CMAKE_PREFIX_PATH}:/opt/ros/foxy /usr/bin/cmake --install /root/planner_ws/build/cpp_pubsub
[4.386s] -- Install configuration: ""
[4.386s] -- Up-to-date: /root/planner_ws/install/cpp_pubsub/include
[4.386s] -- Up-to-date: /root/planner_ws/install/cpp_pubsub/include/cartesian_frenet_converter.hpp
[4.387s] -- Up-to-date: /root/planner_ws/install/cpp_pubsub/include/collisionchecker.hpp
[4.387s] -- Up-to-date: /root/planner_ws/install/cpp_pubsub/include/latpath1d.hpp
[4.387s] -- Up-to-date: /root/planner_ws/install/cpp_pubsub/include/end_condition_sampler.hpp
[4.387s] -- Up-to-date: /root/planner_ws/install/cpp_pubsub/include/constans.hpp
[4.387s] -- Up-to-date: /root/planner_ws/install/cpp_pubsub/include/trajectory_evaluator.hpp
[4.387s] -- Installing: /root/planner_ws/install/cpp_pubsub/include/obstacle.hpp
[4.388s] -- Up-to-date: /root/planner_ws/install/cpp_pubsub/include/path_time_graph.hpp
[4.388s] -- Up-to-date: /root/planner_ws/install/cpp_pubsub/include/liner_interpolation.hpp
[4.388s] -- Up-to-date: /root/planner_ws/install/cpp_pubsub/include/Trajectory1dGenerator.hpp
[4.388s] -- Up-to-date: /root/planner_ws/install/cpp_pubsub/include/lonspeed1d.hpp
[4.388s] -- Up-to-date: /root/planner_ws/install/cpp_pubsub/include/matplotlibcpp.h
[4.388s] -- Up-to-date: /root/planner_ws/install/cpp_pubsub/include/obs.hpp
[4.389s] -- Up-to-date: /root/planner_ws/install/cpp_pubsub/include/referenceline.hpp
[4.389s] -- Up-to-date: /root/planner_ws/install/cpp_pubsub/include/manager.hpp
[4.389s] -- Up-to-date: /root/planner_ws/install/cpp_pubsub/include/plotfigure.hpp
[4.389s] -- Up-to-date: /root/planner_ws/install/cpp_pubsub/include/pathpoint.hpp
[4.389s] -- Up-to-date: /root/planner_ws/install/cpp_pubsub/include/constraint_checker1d.hpp
[4.389s] -- Up-to-date: /root/planner_ws/install/cpp_pubsub/include/feasible_region.hpp
[4.390s] -- Up-to-date: /root/planner_ws/install/cpp_pubsub/include/path_matcher.hpp
[4.390s] -- Up-to-date: /root/planner_ws/install/cpp_pubsub/include/SLPoint.hpp
[4.390s] -- Up-to-date: /root/planner_ws/install/cpp_pubsub/include/test.hpp
[4.390s] -- Up-to-date: /root/planner_ws/install/cpp_pubsub/include/STpoint.hpp
[4.390s] -- Up-to-date: /root/planner_ws/install/cpp_pubsub/include/TrajectoryPoint.hpp
[4.390s] -- Up-to-date: /root/planner_ws/install/cpp_pubsub/share/cpp_pubsub/environment/library_path.sh
[4.390s] -- Up-to-date: /root/planner_ws/install/cpp_pubsub/share/cpp_pubsub/environment/library_path.dsv
[4.391s] -- Installing: /root/planner_ws/install/cpp_pubsub/lib/libcpp_pubsub.so
[4.391s] -- Set runtime path of "/root/planner_ws/install/cpp_pubsub/lib/libcpp_pubsub.so" to ""
[4.391s] -- Installing: /root/planner_ws/install/cpp_pubsub/lib/cpp_pubsub/planner
[4.391s] -- Set runtime path of "/root/planner_ws/install/cpp_pubsub/lib/cpp_pubsub/planner" to ""
[4.391s] -- Up-to-date: /root/planner_ws/install/cpp_pubsub/share/ament_index/resource_index/package_run_dependencies/cpp_pubsub
[4.391s] -- Up-to-date: /root/planner_ws/install/cpp_pubsub/share/ament_index/resource_index/parent_prefix_path/cpp_pubsub
[4.391s] -- Up-to-date: /root/planner_ws/install/cpp_pubsub/share/cpp_pubsub/environment/ament_prefix_path.sh
[4.391s] -- Up-to-date: /root/planner_ws/install/cpp_pubsub/share/cpp_pubsub/environment/ament_prefix_path.dsv
[4.391s] -- Up-to-date: /root/planner_ws/install/cpp_pubsub/share/cpp_pubsub/environment/path.sh
[4.391s] -- Up-to-date: /root/planner_ws/install/cpp_pubsub/share/cpp_pubsub/environment/path.dsv
[4.391s] -- Up-to-date: /root/planner_ws/install/cpp_pubsub/share/cpp_pubsub/local_setup.bash
[4.391s] -- Up-to-date: /root/planner_ws/install/cpp_pubsub/share/cpp_pubsub/local_setup.sh
[4.392s] -- Up-to-date: /root/planner_ws/install/cpp_pubsub/share/cpp_pubsub/local_setup.zsh
[4.392s] -- Up-to-date: /root/planner_ws/install/cpp_pubsub/share/cpp_pubsub/local_setup.dsv
[4.392s] -- Installing: /root/planner_ws/install/cpp_pubsub/share/cpp_pubsub/package.dsv
[4.393s] -- Up-to-date: /root/planner_ws/install/cpp_pubsub/share/ament_index/resource_index/packages/cpp_pubsub
[4.393s] -- Up-to-date: /root/planner_ws/install/cpp_pubsub/share/cpp_pubsub/cmake/ament_cmake_export_dependencies-extras.cmake
[4.393s] -- Up-to-date: /root/planner_ws/install/cpp_pubsub/share/cpp_pubsub/cmake/ament_cmake_export_include_directories-extras.cmake
[4.394s] -- Up-to-date: /root/planner_ws/install/cpp_pubsub/share/cpp_pubsub/cmake/ament_cmake_export_libraries-extras.cmake
[4.395s] -- Up-to-date: /root/planner_ws/install/cpp_pubsub/share/cpp_pubsub/cmake/cpp_pubsubConfig.cmake
[4.395s] -- Up-to-date: /root/planner_ws/install/cpp_pubsub/share/cpp_pubsub/cmake/cpp_pubsubConfig-version.cmake
[4.395s] -- Up-to-date: /root/planner_ws/install/cpp_pubsub/share/cpp_pubsub/package.xml
[4.395s] Invoked command in '/root/planner_ws/build/cpp_pubsub' returned '0': CMAKE_PREFIX_PATH=${CMAKE_PREFIX_PATH}:/opt/ros/foxy /usr/bin/cmake --install /root/planner_ws/build/cpp_pubsub
