[35m[1mScanning dependencies of target cpp_pubsub[0m
[35m[1mScanning dependencies of target planner[0m
[ 12%] [32mBuilding CXX object CMakeFiles/cpp_pubsub.dir/src/end_condition_sampler.cpp.o[0m
[ 12%] [32mBuilding CXX object CMakeFiles/cpp_pubsub.dir/src/trajectory_evaluator.cpp.o[0m
[ 12%] [32mBuilding CXX object CMakeFiles/cpp_pubsub.dir/src/manager.cpp.o[0m
[ 16%] [32mBuilding CXX object CMakeFiles/cpp_pubsub.dir/src/feasible_region.cpp.o[0m
[ 19%] [32mBuilding CXX object CMakeFiles/cpp_pubsub.dir/src/collisionchecker.cpp.o[0m
[ 12%] [32mBuilding CXX object CMakeFiles/cpp_pubsub.dir/src/constraint_checker1d.cpp.o[0m
[ 22%] [32mBuilding CXX object CMakeFiles/cpp_pubsub.dir/src/path_time_graph.cpp.o[0m
[ 25%] [32mBuilding CXX object CMakeFiles/planner.dir/src/publisher.cpp.o[0m
[ 29%] [32mBuilding CXX object CMakeFiles/planner.dir/src/trajectory_evaluator.cpp.o[0m
[ 32%] [32mBuilding CXX object CMakeFiles/planner.dir/src/manager.cpp.o[0m
[ 35%] [32mBuilding CXX object CMakeFiles/planner.dir/src/collisionchecker.cpp.o[0m
[ 38%] [32mBuilding CXX object CMakeFiles/planner.dir/src/constraint_checker1d.cpp.o[0m
[ 41%] [32mBuilding CXX object CMakeFiles/planner.dir/src/end_condition_sampler.cpp.o[0m
[ 45%] [32mBuilding CXX object CMakeFiles/planner.dir/src/feasible_region.cpp.o[0m
[ 48%] [32mBuilding CXX object CMakeFiles/planner.dir/src/path_time_graph.cpp.o[0m
[ 51%] [32m[1mLinking CXX shared library libcpp_pubsub.so[0m
[ 74%] Built target cpp_pubsub
[ 77%] [32m[1mLinking CXX executable planner[0m
[100%] Built target planner
-- Install configuration: ""
-- Up-to-date: /root/planner_ws/install/cpp_pubsub/include
-- Up-to-date: /root/planner_ws/install/cpp_pubsub/include/STBoundaryPoint.hpp
-- Up-to-date: /root/planner_ws/install/cpp_pubsub/include/cartesian_frenet_converter.hpp
-- Up-to-date: /root/planner_ws/install/cpp_pubsub/include/collisionchecker.hpp
-- Up-to-date: /root/planner_ws/install/cpp_pubsub/include/latpath1d.hpp
-- Up-to-date: /root/planner_ws/install/cpp_pubsub/include/end_condition_sampler.hpp
-- Installing: /root/planner_ws/install/cpp_pubsub/include/constans.hpp
-- Up-to-date: /root/planner_ws/install/cpp_pubsub/include/trajectory_evaluator.hpp
-- Up-to-date: /root/planner_ws/install/cpp_pubsub/include/obstacle.hpp
-- Installing: /root/planner_ws/install/cpp_pubsub/include/path_time_graph.hpp
-- Up-to-date: /root/planner_ws/install/cpp_pubsub/include/liner_interpolation.hpp
-- Up-to-date: /root/planner_ws/install/cpp_pubsub/include/Trajectory1dGenerator.hpp
-- Up-to-date: /root/planner_ws/install/cpp_pubsub/include/lonspeed1d.hpp
-- Up-to-date: /root/planner_ws/install/cpp_pubsub/include/matplotlibcpp.h
-- Up-to-date: /root/planner_ws/install/cpp_pubsub/include/obs.hpp
-- Up-to-date: /root/planner_ws/install/cpp_pubsub/include/referenceline.hpp
-- Up-to-date: /root/planner_ws/install/cpp_pubsub/include/manager.hpp
-- Up-to-date: /root/planner_ws/install/cpp_pubsub/include/plotfigure.hpp
-- Up-to-date: /root/planner_ws/install/cpp_pubsub/include/pathpoint.hpp
-- Up-to-date: /root/planner_ws/install/cpp_pubsub/include/constraint_checker1d.hpp
-- Up-to-date: /root/planner_ws/install/cpp_pubsub/include/feasible_region.hpp
-- Up-to-date: /root/planner_ws/install/cpp_pubsub/include/path_matcher.hpp
-- Up-to-date: /root/planner_ws/install/cpp_pubsub/include/SLPoint.hpp
-- Up-to-date: /root/planner_ws/install/cpp_pubsub/include/test.hpp
-- Up-to-date: /root/planner_ws/install/cpp_pubsub/include/STpoint.hpp
-- Up-to-date: /root/planner_ws/install/cpp_pubsub/include/TrajectoryPoint.hpp
-- Up-to-date: /root/planner_ws/install/cpp_pubsub/share/cpp_pubsub/environment/library_path.sh
-- Up-to-date: /root/planner_ws/install/cpp_pubsub/share/cpp_pubsub/environment/library_path.dsv
-- Installing: /root/planner_ws/install/cpp_pubsub/lib/libcpp_pubsub.so
-- Set runtime path of "/root/planner_ws/install/cpp_pubsub/lib/libcpp_pubsub.so" to ""
-- Installing: /root/planner_ws/install/cpp_pubsub/lib/cpp_pubsub/planner
-- Set runtime path of "/root/planner_ws/install/cpp_pubsub/lib/cpp_pubsub/planner" to ""
-- Up-to-date: /root/planner_ws/install/cpp_pubsub/share/ament_index/resource_index/package_run_dependencies/cpp_pubsub
-- Up-to-date: /root/planner_ws/install/cpp_pubsub/share/ament_index/resource_index/parent_prefix_path/cpp_pubsub
-- Up-to-date: /root/planner_ws/install/cpp_pubsub/share/cpp_pubsub/environment/ament_prefix_path.sh
-- Up-to-date: /root/planner_ws/install/cpp_pubsub/share/cpp_pubsub/environment/ament_prefix_path.dsv
-- Up-to-date: /root/planner_ws/install/cpp_pubsub/share/cpp_pubsub/environment/path.sh
-- Up-to-date: /root/planner_ws/install/cpp_pubsub/share/cpp_pubsub/environment/path.dsv
-- Up-to-date: /root/planner_ws/install/cpp_pubsub/share/cpp_pubsub/local_setup.bash
-- Up-to-date: /root/planner_ws/install/cpp_pubsub/share/cpp_pubsub/local_setup.sh
-- Up-to-date: /root/planner_ws/install/cpp_pubsub/share/cpp_pubsub/local_setup.zsh
-- Up-to-date: /root/planner_ws/install/cpp_pubsub/share/cpp_pubsub/local_setup.dsv
-- Installing: /root/planner_ws/install/cpp_pubsub/share/cpp_pubsub/package.dsv
-- Up-to-date: /root/planner_ws/install/cpp_pubsub/share/ament_index/resource_index/packages/cpp_pubsub
-- Up-to-date: /root/planner_ws/install/cpp_pubsub/share/cpp_pubsub/cmake/ament_cmake_export_dependencies-extras.cmake
-- Up-to-date: /root/planner_ws/install/cpp_pubsub/share/cpp_pubsub/cmake/ament_cmake_export_include_directories-extras.cmake
-- Up-to-date: /root/planner_ws/install/cpp_pubsub/share/cpp_pubsub/cmake/ament_cmake_export_libraries-extras.cmake
-- Up-to-date: /root/planner_ws/install/cpp_pubsub/share/cpp_pubsub/cmake/cpp_pubsubConfig.cmake
-- Up-to-date: /root/planner_ws/install/cpp_pubsub/share/cpp_pubsub/cmake/cpp_pubsubConfig-version.cmake
-- Up-to-date: /root/planner_ws/install/cpp_pubsub/share/cpp_pubsub/package.xml
