[0.026s] Invoking command in '/root/planner_ws/build/cpp_pubsub': CMAKE_PREFIX_PATH=${CMAKE_PREFIX_PATH}:/opt/ros/foxy /usr/bin/cmake --build /root/planner_ws/build/cpp_pubsub -- -j12 -l12
[0.061s] [35m[1mScanning dependencies of target cpp_pubsub[0m
[0.061s] [35m[1mScanning dependencies of target planner[0m
[0.098s] [  3%] [32mBuilding CXX object CMakeFiles/cpp_pubsub.dir/src/manager.cpp.o[0m
[0.099s] [  6%] [32mBuilding CXX object CMakeFiles/cpp_pubsub.dir/src/end_condition_sampler.cpp.o[0m
[0.100s] [  9%] [32mBuilding CXX object CMakeFiles/planner.dir/src/manager.cpp.o[0m
[0.101s] [ 12%] [32mBuilding CXX object CMakeFiles/planner.dir/src/publisher.cpp.o[0m
[0.102s] [ 16%] [32mBuilding CXX object CMakeFiles/planner.dir/src/end_condition_sampler.cpp.o[0m
[0.440s] [01m[K/root/planner_ws/src/cpp_pubsub/src/end_condition_sampler.cpp:[m[K In function ‘[01m[Kstd::vector<SamplePoint> QueryPathTimeObstacleSamplePoints(const std::vector<STBoundaryPoint>&, double, double, double)[m[K’:
[0.441s] [01m[K/root/planner_ws/src/cpp_pubsub/src/end_condition_sampler.cpp:165:29:[m[K [01;35m[Kwarning: [m[Kvariable ‘[01m[Ksamplepoint[m[K’ set but not used [[01;35m[K-Wunused-but-set-variable[m[K]
[0.441s]   165 |                 SamplePoint [01;35m[Ksamplepoint[m[K;
[0.441s]       |                             [01;35m[K^~~~~~~~~~~[m[K
[0.441s] [01m[K/root/planner_ws/src/cpp_pubsub/src/end_condition_sampler.cpp:158:20:[m[K [01;35m[Kwarning: [m[Kunused variable ‘[01m[Kv[m[K’ [[01;35m[K-Wunused-variable[m[K]
[0.441s]   158 |             double [01;35m[Kv[m[K;
[0.441s]       |                    [01;35m[K^[m[K
[0.441s] [01m[K/root/planner_ws/src/cpp_pubsub/src/end_condition_sampler.cpp:142:69:[m[K [01;35m[Kwarning: [m[Kunused parameter ‘[01m[Kcruise_speed[m[K’ [[01;35m[K-Wunused-parameter[m[K]
[0.441s]   142 |                                   double sample_s_num, [01;35m[Kconst double cruise_speed[m[K)
[0.441s]       |                                                        [01;35m[K~~~~~~~~~~~~~^~~~~~~~~~~~[m[K
[0.445s] [01m[K/root/planner_ws/src/cpp_pubsub/src/end_condition_sampler.cpp:[m[K In function ‘[01m[Kstd::vector<SamplePoint> QueryPathTimeObstacleSamplePoints(const std::vector<STBoundaryPoint>&, double, double, double)[m[K’:
[0.446s] [01m[K/root/planner_ws/src/cpp_pubsub/src/end_condition_sampler.cpp:165:29:[m[K [01;35m[Kwarning: [m[Kvariable ‘[01m[Ksamplepoint[m[K’ set but not used [[01;35m[K-Wunused-but-set-variable[m[K]
[0.446s]   165 |                 SamplePoint [01;35m[Ksamplepoint[m[K;
[0.446s]       |                             [01;35m[K^~~~~~~~~~~[m[K
[0.446s] [01m[K/root/planner_ws/src/cpp_pubsub/src/end_condition_sampler.cpp:158:20:[m[K [01;35m[Kwarning: [m[Kunused variable ‘[01m[Kv[m[K’ [[01;35m[K-Wunused-variable[m[K]
[0.446s]   158 |             double [01;35m[Kv[m[K;
[0.446s]       |                    [01;35m[K^[m[K
[0.446s] [01m[K/root/planner_ws/src/cpp_pubsub/src/end_condition_sampler.cpp:142:69:[m[K [01;35m[Kwarning: [m[Kunused parameter ‘[01m[Kcruise_speed[m[K’ [[01;35m[K-Wunused-parameter[m[K]
[0.446s]   142 |                                   double sample_s_num, [01;35m[Kconst double cruise_speed[m[K)
[0.446s]       |                                                        [01;35m[K~~~~~~~~~~~~~^~~~~~~~~~~~[m[K
[2.286s] [01m[K/root/planner_ws/src/cpp_pubsub/src/manager.cpp:[m[K In member function ‘[01m[Kvoid Manage_Planner::planner()[m[K’:
[2.286s] [01m[K/root/planner_ws/src/cpp_pubsub/src/manager.cpp:214:85:[m[K [01;35m[Kwarning: [m[K‘[01m[Kv_upper[m[K’ may be used uninitialized in this function [[01;35m[K-Wmaybe-uninitialized[m[K]
[2.286s]   214 |         lon_end_conditions = [01;35m[Kendconditionsampler.SampleLonEndConditionsForLaneChange(STboundarypoint ,v_upper)[m[K;
[2.286s]       |                              [01;35m[K~~~~~~~~~~~~~~~~~~~~~~~~~~~~~~~~~~~~~~~~~~~~~~~~~~~~~~~^~~~~~~~~~~~~~~~~~~~~~~~~~[m[K
[2.300s] [01m[K/root/planner_ws/src/cpp_pubsub/src/manager.cpp:[m[K In member function ‘[01m[Kvoid Manage_Planner::planner()[m[K’:
[2.300s] [01m[K/root/planner_ws/src/cpp_pubsub/src/manager.cpp:214:85:[m[K [01;35m[Kwarning: [m[K‘[01m[Kv_upper[m[K’ may be used uninitialized in this function [[01;35m[K-Wmaybe-uninitialized[m[K]
[2.300s]   214 |         lon_end_conditions = [01;35m[Kendconditionsampler.SampleLonEndConditionsForLaneChange(STboundarypoint ,v_upper)[m[K;
[2.300s]       |                              [01;35m[K~~~~~~~~~~~~~~~~~~~~~~~~~~~~~~~~~~~~~~~~~~~~~~~~~~~~~~~^~~~~~~~~~~~~~~~~~~~~~~~~~[m[K
[2.667s] [ 19%] [32m[1mLinking CXX shared library libcpp_pubsub.so[0m
[2.829s] [ 58%] Built target cpp_pubsub
[4.221s] [ 61%] [32m[1mLinking CXX executable planner[0m
[4.443s] [100%] Built target planner
[4.457s] Invoked command in '/root/planner_ws/build/cpp_pubsub' returned '0': CMAKE_PREFIX_PATH=${CMAKE_PREFIX_PATH}:/opt/ros/foxy /usr/bin/cmake --build /root/planner_ws/build/cpp_pubsub -- -j12 -l12
[4.513s] Invoking command in '/root/planner_ws/build/cpp_pubsub': CMAKE_PREFIX_PATH=${CMAKE_PREFIX_PATH}:/opt/ros/foxy /usr/bin/cmake --install /root/planner_ws/build/cpp_pubsub
[4.520s] -- Install configuration: ""
[4.521s] -- Up-to-date: /root/planner_ws/install/cpp_pubsub/include
[4.521s] -- Up-to-date: /root/planner_ws/install/cpp_pubsub/include/STBoundaryPoint.hpp
[4.521s] -- Up-to-date: /root/planner_ws/install/cpp_pubsub/include/cartesian_frenet_converter.hpp
[4.521s] -- Up-to-date: /root/planner_ws/install/cpp_pubsub/include/collisionchecker.hpp
[4.522s] -- Up-to-date: /root/planner_ws/install/cpp_pubsub/include/latpath1d.hpp
[4.522s] -- Installing: /root/planner_ws/install/cpp_pubsub/include/end_condition_sampler.hpp
[4.522s] -- Up-to-date: /root/planner_ws/install/cpp_pubsub/include/constans.hpp
[4.522s] -- Up-to-date: /root/planner_ws/install/cpp_pubsub/include/trajectory_evaluator.hpp
[4.522s] -- Up-to-date: /root/planner_ws/install/cpp_pubsub/include/obstacle.hpp
[4.522s] -- Up-to-date: /root/planner_ws/install/cpp_pubsub/include/path_time_graph.hpp
[4.523s] -- Up-to-date: /root/planner_ws/install/cpp_pubsub/include/liner_interpolation.hpp
[4.523s] -- Up-to-date: /root/planner_ws/install/cpp_pubsub/include/Trajectory1dGenerator.hpp
[4.523s] -- Up-to-date: /root/planner_ws/install/cpp_pubsub/include/lonspeed1d.hpp
[4.523s] -- Up-to-date: /root/planner_ws/install/cpp_pubsub/include/matplotlibcpp.h
[4.523s] -- Up-to-date: /root/planner_ws/install/cpp_pubsub/include/obs.hpp
[4.523s] -- Up-to-date: /root/planner_ws/install/cpp_pubsub/include/referenceline.hpp
[4.523s] -- Up-to-date: /root/planner_ws/install/cpp_pubsub/include/manager.hpp
[4.523s] -- Up-to-date: /root/planner_ws/install/cpp_pubsub/include/plotfigure.hpp
[4.523s] -- Up-to-date: /root/planner_ws/install/cpp_pubsub/include/pathpoint.hpp
[4.524s] -- Up-to-date: /root/planner_ws/install/cpp_pubsub/include/constraint_checker1d.hpp
[4.524s] -- Up-to-date: /root/planner_ws/install/cpp_pubsub/include/feasible_region.hpp
[4.524s] -- Up-to-date: /root/planner_ws/install/cpp_pubsub/include/path_matcher.hpp
[4.524s] -- Up-to-date: /root/planner_ws/install/cpp_pubsub/include/SLPoint.hpp
[4.524s] -- Up-to-date: /root/planner_ws/install/cpp_pubsub/include/test.hpp
[4.524s] -- Up-to-date: /root/planner_ws/install/cpp_pubsub/include/STpoint.hpp
[4.524s] -- Up-to-date: /root/planner_ws/install/cpp_pubsub/include/TrajectoryPoint.hpp
[4.524s] -- Up-to-date: /root/planner_ws/install/cpp_pubsub/share/cpp_pubsub/environment/library_path.sh
[4.524s] -- Up-to-date: /root/planner_ws/install/cpp_pubsub/share/cpp_pubsub/environment/library_path.dsv
[4.524s] -- Installing: /root/planner_ws/install/cpp_pubsub/lib/libcpp_pubsub.so
[4.524s] -- Set runtime path of "/root/planner_ws/install/cpp_pubsub/lib/libcpp_pubsub.so" to ""
[4.524s] -- Installing: /root/planner_ws/install/cpp_pubsub/lib/cpp_pubsub/planner
[4.526s] -- Set runtime path of "/root/planner_ws/install/cpp_pubsub/lib/cpp_pubsub/planner" to ""
[4.527s] -- Up-to-date: /root/planner_ws/install/cpp_pubsub/share/ament_index/resource_index/package_run_dependencies/cpp_pubsub
[4.527s] -- Up-to-date: /root/planner_ws/install/cpp_pubsub/share/ament_index/resource_index/parent_prefix_path/cpp_pubsub
[4.527s] -- Up-to-date: /root/planner_ws/install/cpp_pubsub/share/cpp_pubsub/environment/ament_prefix_path.sh
[4.527s] -- Up-to-date: /root/planner_ws/install/cpp_pubsub/share/cpp_pubsub/environment/ament_prefix_path.dsv
[4.527s] -- Up-to-date: /root/planner_ws/install/cpp_pubsub/share/cpp_pubsub/environment/path.sh
[4.527s] -- Up-to-date: /root/planner_ws/install/cpp_pubsub/share/cpp_pubsub/environment/path.dsv
[4.527s] -- Up-to-date: /root/planner_ws/install/cpp_pubsub/share/cpp_pubsub/local_setup.bash
[4.528s] -- Up-to-date: /root/planner_ws/install/cpp_pubsub/share/cpp_pubsub/local_setup.sh
[4.528s] -- Up-to-date: /root/planner_ws/install/cpp_pubsub/share/cpp_pubsub/local_setup.zsh
[4.528s] -- Up-to-date: /root/planner_ws/install/cpp_pubsub/share/cpp_pubsub/local_setup.dsv
[4.528s] -- Installing: /root/planner_ws/install/cpp_pubsub/share/cpp_pubsub/package.dsv
[4.528s] -- Up-to-date: /root/planner_ws/install/cpp_pubsub/share/ament_index/resource_index/packages/cpp_pubsub
[4.528s] -- Up-to-date: /root/planner_ws/install/cpp_pubsub/share/cpp_pubsub/cmake/ament_cmake_export_dependencies-extras.cmake
[4.528s] -- Up-to-date: /root/planner_ws/install/cpp_pubsub/share/cpp_pubsub/cmake/ament_cmake_export_include_directories-extras.cmake
[4.528s] -- Up-to-date: /root/planner_ws/install/cpp_pubsub/share/cpp_pubsub/cmake/ament_cmake_export_libraries-extras.cmake
[4.528s] -- Up-to-date: /root/planner_ws/install/cpp_pubsub/share/cpp_pubsub/cmake/cpp_pubsubConfig.cmake
[4.528s] -- Up-to-date: /root/planner_ws/install/cpp_pubsub/share/cpp_pubsub/cmake/cpp_pubsubConfig-version.cmake
[4.528s] -- Up-to-date: /root/planner_ws/install/cpp_pubsub/share/cpp_pubsub/package.xml
[4.531s] Invoked command in '/root/planner_ws/build/cpp_pubsub' returned '0': CMAKE_PREFIX_PATH=${CMAKE_PREFIX_PATH}:/opt/ros/foxy /usr/bin/cmake --install /root/planner_ws/build/cpp_pubsub
