[0.274s] DEBUG:colcon:Command line arguments: ['/usr/bin/colcon', 'build', '--packages-select', 'cpp_pubsub']
[0.275s] DEBUG:colcon:Parsed command line arguments: Namespace(ament_cmake_args=None, base_paths=['.'], build_base='build', catkin_cmake_args=None, catkin_skip_building_tests=False, cmake_args=None, cmake_clean_cache=False, cmake_clean_first=False, cmake_force_configure=False, cmake_target=None, cmake_target_skip_unavailable=False, continue_on_error=False, event_handlers=None, executor='parallel', ignore_user_meta=False, install_base='install', log_base=None, log_level=None, main=<bound method BuildVerb.main of <colcon_core.verb.build.BuildVerb object at 0x7f6278c185b0>>, merge_install=False, metas=['./colcon.meta'], mixin=None, mixin_files=None, mixin_verb=('build',), packages_above=None, packages_above_and_dependencies=None, packages_above_depth=None, packages_end=None, packages_ignore=None, packages_ignore_regex=None, packages_select=['cpp_pubsub'], packages_select_build_failed=False, packages_select_by_dep=None, packages_select_regex=None, packages_select_test_failures=False, packages_skip=None, packages_skip_build_finished=False, packages_skip_by_dep=None, packages_skip_regex=None, packages_skip_test_passed=False, packages_skip_up_to=None, packages_start=None, packages_up_to=None, packages_up_to_regex=None, parallel_workers=12, paths=None, symlink_install=False, test_result_base=None, verb_extension=<colcon_core.verb.build.BuildVerb object at 0x7f6278c185b0>, verb_name='build', verb_parser=<colcon_mixin.mixin.mixin_argument.MixinArgumentDecorator object at 0x7f6278c18c10>)
[0.300s] Level 1:colcon.colcon_core.package_discovery:discover_packages(colcon_meta) check parameters
[0.301s] INFO:colcon.colcon_metadata.package_discovery.colcon_meta:Using configuration from '/root/.colcon/metadata/default/Gazebo.meta'
[0.301s] INFO:colcon.colcon_metadata.package_discovery.colcon_meta:Using configuration from '/root/.colcon/metadata/default/fastrtps.meta'
[0.301s] Level 1:colcon.colcon_core.package_discovery:discover_packages(recursive) check parameters
[0.301s] Level 1:colcon.colcon_core.package_discovery:discover_packages(ignore) check parameters
[0.301s] Level 1:colcon.colcon_core.package_discovery:discover_packages(path) check parameters
[0.301s] Level 1:colcon.colcon_core.package_discovery:discover_packages(colcon_meta) discover
[0.301s] Level 1:colcon.colcon_core.package_discovery:discover_packages(recursive) discover
[0.302s] INFO:colcon.colcon_core.package_discovery:Crawling recursively for packages in '/root/planner_ws'
[0.302s] Level 1:colcon.colcon_core.package_identification:_identify(.) by extensions ['ignore', 'ignore_ament_install']
[0.302s] Level 1:colcon.colcon_core.package_identification:_identify(.) by extension 'ignore'
[0.302s] Level 1:colcon.colcon_core.package_identification:_identify(.) by extension 'ignore_ament_install'
[0.302s] Level 1:colcon.colcon_core.package_identification:_identify(.) by extensions ['colcon_pkg']
[0.302s] Level 1:colcon.colcon_core.package_identification:_identify(.) by extension 'colcon_pkg'
[0.302s] Level 1:colcon.colcon_core.package_identification:_identify(.) by extensions ['colcon_meta']
[0.302s] Level 1:colcon.colcon_core.package_identification:_identify(.) by extension 'colcon_meta'
[0.302s] Level 1:colcon.colcon_core.package_identification:_identify(.) by extensions ['ros']
[0.302s] Level 1:colcon.colcon_core.package_identification:_identify(.) by extension 'ros'
[0.319s] Level 1:colcon.colcon_core.package_identification:_identify(.) by extensions ['cmake', 'python']
[0.319s] Level 1:colcon.colcon_core.package_identification:_identify(.) by extension 'cmake'
[0.319s] Level 1:colcon.colcon_core.package_identification:_identify(.) by extension 'python'
[0.319s] Level 1:colcon.colcon_core.package_identification:_identify(.) by extensions ['python_setup_py']
[0.319s] Level 1:colcon.colcon_core.package_identification:_identify(.) by extension 'python_setup_py'
[0.319s] Level 1:colcon.colcon_core.package_identification:_identify(build) by extensions ['ignore', 'ignore_ament_install']
[0.319s] Level 1:colcon.colcon_core.package_identification:_identify(build) by extension 'ignore'
[0.319s] Level 1:colcon.colcon_core.package_identification:_identify(build) ignored
[0.319s] Level 1:colcon.colcon_core.package_identification:_identify(install) by extensions ['ignore', 'ignore_ament_install']
[0.319s] Level 1:colcon.colcon_core.package_identification:_identify(install) by extension 'ignore'
[0.319s] Level 1:colcon.colcon_core.package_identification:_identify(install) ignored
[0.319s] Level 1:colcon.colcon_core.package_identification:_identify(log) by extensions ['ignore', 'ignore_ament_install']
[0.320s] Level 1:colcon.colcon_core.package_identification:_identify(log) by extension 'ignore'
[0.320s] Level 1:colcon.colcon_core.package_identification:_identify(log) ignored
[0.320s] Level 1:colcon.colcon_core.package_identification:_identify(src) by extensions ['ignore', 'ignore_ament_install']
[0.320s] Level 1:colcon.colcon_core.package_identification:_identify(src) by extension 'ignore'
[0.320s] Level 1:colcon.colcon_core.package_identification:_identify(src) by extension 'ignore_ament_install'
[0.320s] Level 1:colcon.colcon_core.package_identification:_identify(src) by extensions ['colcon_pkg']
[0.320s] Level 1:colcon.colcon_core.package_identification:_identify(src) by extension 'colcon_pkg'
[0.320s] Level 1:colcon.colcon_core.package_identification:_identify(src) by extensions ['colcon_meta']
[0.320s] Level 1:colcon.colcon_core.package_identification:_identify(src) by extension 'colcon_meta'
[0.320s] Level 1:colcon.colcon_core.package_identification:_identify(src) by extensions ['ros']
[0.320s] Level 1:colcon.colcon_core.package_identification:_identify(src) by extension 'ros'
[0.320s] Level 1:colcon.colcon_core.package_identification:_identify(src) by extensions ['cmake', 'python']
[0.320s] Level 1:colcon.colcon_core.package_identification:_identify(src) by extension 'cmake'
[0.320s] Level 1:colcon.colcon_core.package_identification:_identify(src) by extension 'python'
[0.320s] Level 1:colcon.colcon_core.package_identification:_identify(src) by extensions ['python_setup_py']
[0.320s] Level 1:colcon.colcon_core.package_identification:_identify(src) by extension 'python_setup_py'
[0.320s] Level 1:colcon.colcon_core.package_identification:_identify(src/build) by extensions ['ignore', 'ignore_ament_install']
[0.320s] Level 1:colcon.colcon_core.package_identification:_identify(src/build) by extension 'ignore'
[0.320s] Level 1:colcon.colcon_core.package_identification:_identify(src/build) ignored
[0.320s] Level 1:colcon.colcon_core.package_identification:_identify(src/cpp_pubsub) by extensions ['ignore', 'ignore_ament_install']
[0.321s] Level 1:colcon.colcon_core.package_identification:_identify(src/cpp_pubsub) by extension 'ignore'
[0.321s] Level 1:colcon.colcon_core.package_identification:_identify(src/cpp_pubsub) by extension 'ignore_ament_install'
[0.321s] Level 1:colcon.colcon_core.package_identification:_identify(src/cpp_pubsub) by extensions ['colcon_pkg']
[0.321s] Level 1:colcon.colcon_core.package_identification:_identify(src/cpp_pubsub) by extension 'colcon_pkg'
[0.321s] Level 1:colcon.colcon_core.package_identification:_identify(src/cpp_pubsub) by extensions ['colcon_meta']
[0.321s] Level 1:colcon.colcon_core.package_identification:_identify(src/cpp_pubsub) by extension 'colcon_meta'
[0.321s] Level 1:colcon.colcon_core.package_identification:_identify(src/cpp_pubsub) by extensions ['ros']
[0.321s] Level 1:colcon.colcon_core.package_identification:_identify(src/cpp_pubsub) by extension 'ros'
[0.323s] DEBUG:colcon.colcon_core.package_identification:Package 'src/cpp_pubsub' with type 'ros.ament_cmake' and name 'cpp_pubsub'
[0.323s] Level 1:colcon.colcon_core.package_identification:_identify(src/install) by extensions ['ignore', 'ignore_ament_install']
[0.324s] Level 1:colcon.colcon_core.package_identification:_identify(src/install) by extension 'ignore'
[0.324s] Level 1:colcon.colcon_core.package_identification:_identify(src/install) ignored
[0.324s] Level 1:colcon.colcon_core.package_identification:_identify(src/log) by extensions ['ignore', 'ignore_ament_install']
[0.324s] Level 1:colcon.colcon_core.package_identification:_identify(src/log) by extension 'ignore'
[0.324s] Level 1:colcon.colcon_core.package_identification:_identify(src/log) ignored
[0.324s] Level 1:colcon.colcon_core.package_discovery:discover_packages(recursive) using defaults
[0.324s] Level 1:colcon.colcon_core.package_discovery:discover_packages(ignore) discover
[0.324s] Level 1:colcon.colcon_core.package_discovery:discover_packages(ignore) using defaults
[0.324s] Level 1:colcon.colcon_core.package_discovery:discover_packages(path) discover
[0.324s] Level 1:colcon.colcon_core.package_discovery:discover_packages(path) using defaults
[0.341s] Level 5:colcon.colcon_core.verb:set package 'cpp_pubsub' build argument 'cmake_args' from command line to 'None'
[0.341s] Level 5:colcon.colcon_core.verb:set package 'cpp_pubsub' build argument 'cmake_target' from command line to 'None'
[0.341s] Level 5:colcon.colcon_core.verb:set package 'cpp_pubsub' build argument 'cmake_target_skip_unavailable' from command line to 'False'
[0.341s] Level 5:colcon.colcon_core.verb:set package 'cpp_pubsub' build argument 'cmake_clean_cache' from command line to 'False'
[0.341s] Level 5:colcon.colcon_core.verb:set package 'cpp_pubsub' build argument 'cmake_clean_first' from command line to 'False'
[0.341s] Level 5:colcon.colcon_core.verb:set package 'cpp_pubsub' build argument 'cmake_force_configure' from command line to 'False'
[0.341s] Level 5:colcon.colcon_core.verb:set package 'cpp_pubsub' build argument 'ament_cmake_args' from command line to 'None'
[0.341s] Level 5:colcon.colcon_core.verb:set package 'cpp_pubsub' build argument 'catkin_cmake_args' from command line to 'None'
[0.341s] Level 5:colcon.colcon_core.verb:set package 'cpp_pubsub' build argument 'catkin_skip_building_tests' from command line to 'False'
[0.341s] DEBUG:colcon.colcon_core.verb:Building package 'cpp_pubsub' with the following arguments: {'ament_cmake_args': None, 'build_base': '/root/planner_ws/build/cpp_pubsub', 'catkin_cmake_args': None, 'catkin_skip_building_tests': False, 'cmake_args': None, 'cmake_clean_cache': False, 'cmake_clean_first': False, 'cmake_force_configure': False, 'cmake_target': None, 'cmake_target_skip_unavailable': False, 'install_base': '/root/planner_ws/install/cpp_pubsub', 'merge_install': False, 'path': '/root/planner_ws/src/cpp_pubsub', 'symlink_install': False, 'test_result_base': None}
[0.342s] INFO:colcon.colcon_core.executor:Executing jobs using 'parallel' executor
[0.345s] DEBUG:colcon.colcon_parallel_executor.executor.parallel:run_until_complete
[0.346s] INFO:colcon.colcon_ros.task.ament_cmake.build:Building ROS package in '/root/planner_ws/src/cpp_pubsub' with build type 'ament_cmake'
[0.346s] INFO:colcon.colcon_cmake.task.cmake.build:Building CMake package in '/root/planner_ws/src/cpp_pubsub'
[0.349s] INFO:colcon.colcon_core.plugin_system:Skipping extension 'colcon_core.shell.bat': Not used on non-Windows systems
[0.350s] INFO:colcon.colcon_core.shell:Skip shell extension 'powershell' for command environment: Not usable outside of PowerShell
[0.350s] DEBUG:colcon.colcon_core.shell:Skip shell extension 'dsv' for command environment
[0.369s] DEBUG:colcon.colcon_core.event_handler.log_command:Invoking command in '/root/planner_ws/build/cpp_pubsub': CMAKE_PREFIX_PATH=${CMAKE_PREFIX_PATH}:/opt/ros/foxy /usr/bin/cmake --build /root/planner_ws/build/cpp_pubsub -- -j12 -l12
[3.012s] DEBUG:colcon.colcon_core.event_handler.log_command:Invoked command in '/root/planner_ws/build/cpp_pubsub' returned '0': CMAKE_PREFIX_PATH=${CMAKE_PREFIX_PATH}:/opt/ros/foxy /usr/bin/cmake --build /root/planner_ws/build/cpp_pubsub -- -j12 -l12
[3.063s] DEBUG:colcon.colcon_core.event_handler.log_command:Invoking command in '/root/planner_ws/build/cpp_pubsub': CMAKE_PREFIX_PATH=${CMAKE_PREFIX_PATH}:/opt/ros/foxy /usr/bin/cmake --install /root/planner_ws/build/cpp_pubsub
[3.077s] Level 1:colcon.colcon_core.environment:create_environment_scripts_only(cpp_pubsub)
[3.078s] DEBUG:colcon.colcon_core.event_handler.log_command:Invoked command in '/root/planner_ws/build/cpp_pubsub' returned '0': CMAKE_PREFIX_PATH=${CMAKE_PREFIX_PATH}:/opt/ros/foxy /usr/bin/cmake --install /root/planner_ws/build/cpp_pubsub
[3.084s] Level 1:colcon.colcon_core.environment:checking '/root/planner_ws/install/cpp_pubsub' for CMake module files
[3.085s] Level 1:colcon.colcon_core.environment:checking '/root/planner_ws/install/cpp_pubsub' for CMake config files
[3.085s] Level 1:colcon.colcon_core.shell:create_environment_hook('cpp_pubsub', 'cmake_prefix_path')
[3.087s] INFO:colcon.colcon_core.shell:Creating environment hook '/root/planner_ws/install/cpp_pubsub/share/cpp_pubsub/hook/cmake_prefix_path.ps1'
[3.088s] INFO:colcon.colcon_core.shell:Creating environment descriptor '/root/planner_ws/install/cpp_pubsub/share/cpp_pubsub/hook/cmake_prefix_path.dsv'
[3.088s] INFO:colcon.colcon_core.shell:Creating environment hook '/root/planner_ws/install/cpp_pubsub/share/cpp_pubsub/hook/cmake_prefix_path.sh'
[3.089s] Level 1:colcon.colcon_core.environment:checking '/root/planner_ws/install/cpp_pubsub/lib'
[3.090s] Level 1:colcon.colcon_core.shell:create_environment_hook('cpp_pubsub', 'ld_library_path_lib')
[3.091s] INFO:colcon.colcon_core.shell:Creating environment hook '/root/planner_ws/install/cpp_pubsub/share/cpp_pubsub/hook/ld_library_path_lib.ps1'
[3.092s] INFO:colcon.colcon_core.shell:Creating environment descriptor '/root/planner_ws/install/cpp_pubsub/share/cpp_pubsub/hook/ld_library_path_lib.dsv'
[3.092s] INFO:colcon.colcon_core.shell:Creating environment hook '/root/planner_ws/install/cpp_pubsub/share/cpp_pubsub/hook/ld_library_path_lib.sh'
[3.092s] Level 1:colcon.colcon_core.environment:checking '/root/planner_ws/install/cpp_pubsub/bin'
[3.092s] Level 1:colcon.colcon_core.environment:checking '/root/planner_ws/install/cpp_pubsub/lib/pkgconfig/cpp_pubsub.pc'
[3.093s] Level 1:colcon.colcon_core.environment:checking '/root/planner_ws/install/cpp_pubsub/lib/python3.8/site-packages'
[3.094s] Level 1:colcon.colcon_core.environment:checking '/root/planner_ws/install/cpp_pubsub/bin'
[3.095s] INFO:colcon.colcon_core.shell:Creating package script '/root/planner_ws/install/cpp_pubsub/share/cpp_pubsub/package.ps1'
[3.096s] INFO:colcon.colcon_core.shell:Creating package descriptor '/root/planner_ws/install/cpp_pubsub/share/cpp_pubsub/package.dsv'
[3.098s] INFO:colcon.colcon_core.shell:Creating package script '/root/planner_ws/install/cpp_pubsub/share/cpp_pubsub/package.sh'
[3.099s] INFO:colcon.colcon_core.shell:Creating package script '/root/planner_ws/install/cpp_pubsub/share/cpp_pubsub/package.bash'
[3.100s] INFO:colcon.colcon_core.shell:Creating package script '/root/planner_ws/install/cpp_pubsub/share/cpp_pubsub/package.zsh'
[3.101s] Level 1:colcon.colcon_core.environment:create_file_with_runtime_dependencies(/root/planner_ws/install/cpp_pubsub/share/colcon-core/packages/cpp_pubsub)
[3.154s] Level 1:colcon.colcon_core.environment:create_environment_scripts_only(cpp_pubsub)
[3.156s] Level 1:colcon.colcon_core.environment:checking '/root/planner_ws/install/cpp_pubsub' for CMake module files
[3.157s] Level 1:colcon.colcon_core.environment:checking '/root/planner_ws/install/cpp_pubsub' for CMake config files
[3.158s] Level 1:colcon.colcon_core.shell:create_environment_hook('cpp_pubsub', 'cmake_prefix_path')
[3.160s] INFO:colcon.colcon_core.shell:Creating environment hook '/root/planner_ws/install/cpp_pubsub/share/cpp_pubsub/hook/cmake_prefix_path.ps1'
[3.160s] INFO:colcon.colcon_core.shell:Creating environment descriptor '/root/planner_ws/install/cpp_pubsub/share/cpp_pubsub/hook/cmake_prefix_path.dsv'
[3.161s] INFO:colcon.colcon_core.shell:Creating environment hook '/root/planner_ws/install/cpp_pubsub/share/cpp_pubsub/hook/cmake_prefix_path.sh'
[3.162s] Level 1:colcon.colcon_core.environment:checking '/root/planner_ws/install/cpp_pubsub/lib'
[3.162s] Level 1:colcon.colcon_core.shell:create_environment_hook('cpp_pubsub', 'ld_library_path_lib')
[3.163s] INFO:colcon.colcon_core.shell:Creating environment hook '/root/planner_ws/install/cpp_pubsub/share/cpp_pubsub/hook/ld_library_path_lib.ps1'
[3.164s] INFO:colcon.colcon_core.shell:Creating environment descriptor '/root/planner_ws/install/cpp_pubsub/share/cpp_pubsub/hook/ld_library_path_lib.dsv'
[3.165s] INFO:colcon.colcon_core.shell:Creating environment hook '/root/planner_ws/install/cpp_pubsub/share/cpp_pubsub/hook/ld_library_path_lib.sh'
[3.165s] Level 1:colcon.colcon_core.environment:checking '/root/planner_ws/install/cpp_pubsub/bin'
[3.165s] Level 1:colcon.colcon_core.environment:checking '/root/planner_ws/install/cpp_pubsub/lib/pkgconfig/cpp_pubsub.pc'
[3.165s] Level 1:colcon.colcon_core.environment:checking '/root/planner_ws/install/cpp_pubsub/lib/python3.8/site-packages'
[3.166s] Level 1:colcon.colcon_core.environment:checking '/root/planner_ws/install/cpp_pubsub/bin'
[3.168s] INFO:colcon.colcon_core.shell:Creating package script '/root/planner_ws/install/cpp_pubsub/share/cpp_pubsub/package.ps1'
[3.169s] INFO:colcon.colcon_core.shell:Creating package descriptor '/root/planner_ws/install/cpp_pubsub/share/cpp_pubsub/package.dsv'
[3.170s] INFO:colcon.colcon_core.shell:Creating package script '/root/planner_ws/install/cpp_pubsub/share/cpp_pubsub/package.sh'
[3.170s] INFO:colcon.colcon_core.shell:Creating package script '/root/planner_ws/install/cpp_pubsub/share/cpp_pubsub/package.bash'
[3.171s] INFO:colcon.colcon_core.shell:Creating package script '/root/planner_ws/install/cpp_pubsub/share/cpp_pubsub/package.zsh'
[3.171s] Level 1:colcon.colcon_core.environment:create_file_with_runtime_dependencies(/root/planner_ws/install/cpp_pubsub/share/colcon-core/packages/cpp_pubsub)
[3.172s] DEBUG:colcon.colcon_parallel_executor.executor.parallel:closing loop
[3.173s] DEBUG:colcon.colcon_parallel_executor.executor.parallel:loop closed
[3.173s] DEBUG:colcon.colcon_parallel_executor.executor.parallel:run_until_complete finished with '0'
[3.174s] DEBUG:colcon.colcon_core.event_reactor:joining thread
[3.180s] INFO:colcon.colcon_core.plugin_system:Skipping extension 'colcon_notification.desktop_notification.notify_send': Could not find 'notify-send'
[3.180s] INFO:colcon.colcon_core.plugin_system:Skipping extension 'colcon_notification.desktop_notification.terminal_notifier': Not used on non-Darwin systems
[3.180s] INFO:colcon.colcon_core.plugin_system:Skipping extension 'colcon_notification.desktop_notification.win32': Not used on non-Windows systems
[3.180s] INFO:colcon.colcon_notification.desktop_notification:Sending desktop notification using 'notify2'
[3.183s] DEBUG:colcon.colcon_notification.desktop_notification.notify2:Failed to initialize notify2: org.freedesktop.DBus.Error.Spawn.ExecFailed: /usr/bin/dbus-launch terminated abnormally without any error message
[3.183s] DEBUG:colcon.colcon_core.event_reactor:joined thread
[3.185s] INFO:colcon.colcon_core.shell:Creating prefix script '/root/planner_ws/install/local_setup.ps1'
[3.187s] INFO:colcon.colcon_core.shell:Creating prefix util module '/root/planner_ws/install/_local_setup_util_ps1.py'
[3.189s] INFO:colcon.colcon_core.shell:Creating prefix chain script '/root/planner_ws/install/setup.ps1'
[3.192s] INFO:colcon.colcon_core.shell:Creating prefix script '/root/planner_ws/install/local_setup.sh'
[3.193s] INFO:colcon.colcon_core.shell:Creating prefix util module '/root/planner_ws/install/_local_setup_util_sh.py'
[3.194s] INFO:colcon.colcon_core.shell:Creating prefix chain script '/root/planner_ws/install/setup.sh'
[3.197s] INFO:colcon.colcon_core.shell:Creating prefix script '/root/planner_ws/install/local_setup.bash'
[3.198s] INFO:colcon.colcon_core.shell:Creating prefix chain script '/root/planner_ws/install/setup.bash'
[3.200s] INFO:colcon.colcon_core.shell:Creating prefix script '/root/planner_ws/install/local_setup.zsh'
[3.202s] INFO:colcon.colcon_core.shell:Creating prefix chain script '/root/planner_ws/install/setup.zsh'
