[0.025s] Invoking command in '/root/planner_ws/build/cpp_pubsub': CMAKE_PREFIX_PATH=${CMAKE_PREFIX_PATH}:/opt/ros/foxy /usr/bin/cmake --build /root/planner_ws/build/cpp_pubsub -- -j12 -l12
[0.104s] [35m[1mScanning dependencies of target cpp_pubsub[0m
[0.105s] [35m[1mScanning dependencies of target planner[0m
[0.135s] [  3%] [32mBuilding CXX object CMakeFiles/cpp_pubsub.dir/src/manager.cpp.o[0m
[0.142s] [  6%] [32mBuilding CXX object CMakeFiles/planner.dir/src/manager.cpp.o[0m
[0.143s] [  9%] [32mBuilding CXX object CMakeFiles/planner.dir/src/publisher.cpp.o[0m
[2.510s] [ 12%] [32m[1mLinking CXX shared library libcpp_pubsub.so[0m
[2.673s] [ 54%] Built target cpp_pubsub
[4.020s] [ 58%] [32m[1mLinking CXX executable planner[0m
[4.311s] [100%] Built target planner
[4.325s] Invoked command in '/root/planner_ws/build/cpp_pubsub' returned '0': CMAKE_PREFIX_PATH=${CMAKE_PREFIX_PATH}:/opt/ros/foxy /usr/bin/cmake --build /root/planner_ws/build/cpp_pubsub -- -j12 -l12
[4.390s] Invoking command in '/root/planner_ws/build/cpp_pubsub': CMAKE_PREFIX_PATH=${CMAKE_PREFIX_PATH}:/opt/ros/foxy /usr/bin/cmake --install /root/planner_ws/build/cpp_pubsub
[4.398s] -- Install configuration: ""
[4.398s] -- Up-to-date: /root/planner_ws/install/cpp_pubsub/include
[4.399s] -- Up-to-date: /root/planner_ws/install/cpp_pubsub/include/STBoundaryPoint.hpp
[4.399s] -- Up-to-date: /root/planner_ws/install/cpp_pubsub/include/cartesian_frenet_converter.hpp
[4.399s] -- Up-to-date: /root/planner_ws/install/cpp_pubsub/include/collisionchecker.hpp
[4.399s] -- Up-to-date: /root/planner_ws/install/cpp_pubsub/include/latpath1d.hpp
[4.399s] -- Up-to-date: /root/planner_ws/install/cpp_pubsub/include/end_condition_sampler.hpp
[4.399s] -- Up-to-date: /root/planner_ws/install/cpp_pubsub/include/constans.hpp
[4.399s] -- Up-to-date: /root/planner_ws/install/cpp_pubsub/include/trajectory_evaluator.hpp
[4.400s] -- Up-to-date: /root/planner_ws/install/cpp_pubsub/include/obstacle.hpp
[4.400s] -- Up-to-date: /root/planner_ws/install/cpp_pubsub/include/path_time_graph.hpp
[4.400s] -- Up-to-date: /root/planner_ws/install/cpp_pubsub/include/liner_interpolation.hpp
[4.400s] -- Up-to-date: /root/planner_ws/install/cpp_pubsub/include/Trajectory1dGenerator.hpp
[4.400s] -- Up-to-date: /root/planner_ws/install/cpp_pubsub/include/lonspeed1d.hpp
[4.400s] -- Up-to-date: /root/planner_ws/install/cpp_pubsub/include/matplotlibcpp.h
[4.400s] -- Up-to-date: /root/planner_ws/install/cpp_pubsub/include/obs.hpp
[4.400s] -- Up-to-date: /root/planner_ws/install/cpp_pubsub/include/referenceline.hpp
[4.400s] -- Installing: /root/planner_ws/install/cpp_pubsub/include/manager.hpp
[4.400s] -- Up-to-date: /root/planner_ws/install/cpp_pubsub/include/plotfigure.hpp
[4.400s] -- Up-to-date: /root/planner_ws/install/cpp_pubsub/include/pathpoint.hpp
[4.400s] -- Up-to-date: /root/planner_ws/install/cpp_pubsub/include/constraint_checker1d.hpp
[4.400s] -- Up-to-date: /root/planner_ws/install/cpp_pubsub/include/feasible_region.hpp
[4.400s] -- Up-to-date: /root/planner_ws/install/cpp_pubsub/include/path_matcher.hpp
[4.400s] -- Up-to-date: /root/planner_ws/install/cpp_pubsub/include/SLPoint.hpp
[4.401s] -- Up-to-date: /root/planner_ws/install/cpp_pubsub/include/test.hpp
[4.401s] -- Up-to-date: /root/planner_ws/install/cpp_pubsub/include/STpoint.hpp
[4.401s] -- Up-to-date: /root/planner_ws/install/cpp_pubsub/include/TrajectoryPoint.hpp
[4.401s] -- Up-to-date: /root/planner_ws/install/cpp_pubsub/share/cpp_pubsub/environment/library_path.sh
[4.401s] -- Up-to-date: /root/planner_ws/install/cpp_pubsub/share/cpp_pubsub/environment/library_path.dsv
[4.401s] -- Installing: /root/planner_ws/install/cpp_pubsub/lib/libcpp_pubsub.so
[4.405s] -- Set runtime path of "/root/planner_ws/install/cpp_pubsub/lib/libcpp_pubsub.so" to ""
[4.405s] -- Installing: /root/planner_ws/install/cpp_pubsub/lib/cpp_pubsub/planner
[4.412s] -- Set runtime path of "/root/planner_ws/install/cpp_pubsub/lib/cpp_pubsub/planner" to ""
[4.412s] -- Up-to-date: /root/planner_ws/install/cpp_pubsub/share/ament_index/resource_index/package_run_dependencies/cpp_pubsub
[4.412s] -- Up-to-date: /root/planner_ws/install/cpp_pubsub/share/ament_index/resource_index/parent_prefix_path/cpp_pubsub
[4.413s] -- Up-to-date: /root/planner_ws/install/cpp_pubsub/share/cpp_pubsub/environment/ament_prefix_path.sh
[4.413s] -- Up-to-date: /root/planner_ws/install/cpp_pubsub/share/cpp_pubsub/environment/ament_prefix_path.dsv
[4.413s] -- Up-to-date: /root/planner_ws/install/cpp_pubsub/share/cpp_pubsub/environment/path.sh
[4.413s] -- Up-to-date: /root/planner_ws/install/cpp_pubsub/share/cpp_pubsub/environment/path.dsv
[4.413s] -- Up-to-date: /root/planner_ws/install/cpp_pubsub/share/cpp_pubsub/local_setup.bash
[4.413s] -- Up-to-date: /root/planner_ws/install/cpp_pubsub/share/cpp_pubsub/local_setup.sh
[4.413s] -- Up-to-date: /root/planner_ws/install/cpp_pubsub/share/cpp_pubsub/local_setup.zsh
[4.413s] -- Up-to-date: /root/planner_ws/install/cpp_pubsub/share/cpp_pubsub/local_setup.dsv
[4.414s] -- Installing: /root/planner_ws/install/cpp_pubsub/share/cpp_pubsub/package.dsv
[4.414s] -- Up-to-date: /root/planner_ws/install/cpp_pubsub/share/ament_index/resource_index/packages/cpp_pubsub
[4.414s] -- Up-to-date: /root/planner_ws/install/cpp_pubsub/share/cpp_pubsub/cmake/ament_cmake_export_dependencies-extras.cmake
[4.414s] -- Up-to-date: /root/planner_ws/install/cpp_pubsub/share/cpp_pubsub/cmake/ament_cmake_export_include_directories-extras.cmake
[4.414s] -- Up-to-date: /root/planner_ws/install/cpp_pubsub/share/cpp_pubsub/cmake/ament_cmake_export_libraries-extras.cmake
[4.414s] -- Up-to-date: /root/planner_ws/install/cpp_pubsub/share/cpp_pubsub/cmake/cpp_pubsubConfig.cmake
[4.414s] -- Up-to-date: /root/planner_ws/install/cpp_pubsub/share/cpp_pubsub/cmake/cpp_pubsubConfig-version.cmake
[4.414s] -- Up-to-date: /root/planner_ws/install/cpp_pubsub/share/cpp_pubsub/package.xml
[4.417s] Invoked command in '/root/planner_ws/build/cpp_pubsub' returned '0': CMAKE_PREFIX_PATH=${CMAKE_PREFIX_PATH}:/opt/ros/foxy /usr/bin/cmake --install /root/planner_ws/build/cpp_pubsub
