[0.049s] Invoking command in '/root/planner_ws/src/build/cpp_pubsub': CMAKE_PREFIX_PATH=${CMAKE_PREFIX_PATH}:/opt/ros/foxy /usr/bin/cmake /root/planner_ws/src/cpp_pubsub -DCMAKE_INSTALL_PREFIX=/root/planner_ws/src/install/cpp_pubsub
[0.167s] -- The C compiler identification is GNU 9.4.0
[0.271s] -- The CXX compiler identification is GNU 9.4.0
[0.276s] -- Check for working C compiler: /usr/bin/cc
[0.347s] -- Check for working C compiler: /usr/bin/cc -- works
[0.348s] -- Detecting C compiler ABI info
[0.412s] -- Detecting C compiler ABI info - done
[0.427s] -- Detecting C compile features
[0.427s] -- Detecting C compile features - done
[0.430s] -- Check for working CXX compiler: /usr/bin/c++
[0.518s] -- Check for working CXX compiler: /usr/bin/c++ -- works
[0.519s] -- Detecting CXX compiler ABI info
[0.618s] -- Detecting CXX compiler ABI info - done
[0.635s] -- Detecting CXX compile features
[0.636s] -- Detecting CXX compile features - done
[0.642s] -- Found ament_cmake: 0.9.11 (/opt/ros/foxy/share/ament_cmake/cmake)
[0.668s] -- Found PythonInterp: /usr/bin/python3 (found suitable version "3.8.10", minimum required is "3") 
[0.669s] -- Using PYTHON_EXECUTABLE: /usr/bin/python3
[0.889s] -- Found rclcpp: 2.4.2 (/opt/ros/foxy/share/rclcpp/cmake)
[0.936s] -- Using all available rosidl_typesupport_c: rosidl_typesupport_fastrtps_c;rosidl_typesupport_introspection_c
[0.944s] -- Found rosidl_adapter: 1.3.0 (/opt/ros/foxy/share/rosidl_adapter/cmake)
[1.036s] -- Found OpenSSL: /usr/lib/x86_64-linux-gnu/libcrypto.so (found version "1.1.1f")  
[1.067s] -- Found FastRTPS: /opt/ros/foxy/include  
[1.158s] -- Using all available rosidl_typesupport_cpp: rosidl_typesupport_fastrtps_cpp;rosidl_typesupport_introspection_cpp
[1.218s] -- Found rmw_implementation_cmake: 1.0.4 (/opt/ros/foxy/share/rmw_implementation_cmake/cmake)
[1.219s] -- Using RMW implementation 'rmw_fastrtps_cpp' as default
[1.220s] -- Looking for pthread.h
[1.285s] -- Looking for pthread.h - found
[1.285s] -- Performing Test CMAKE_HAVE_LIBC_PTHREAD
[1.357s] -- Performing Test CMAKE_HAVE_LIBC_PTHREAD - Failed
[1.357s] -- Looking for pthread_create in pthreads
[1.416s] -- Looking for pthread_create in pthreads - not found
[1.416s] -- Looking for pthread_create in pthread
[1.482s] -- Looking for pthread_create in pthread - found
[1.484s] -- Found Threads: TRUE  
[1.650s] CMake Error at /opt/ros/foxy/share/ament_cmake_target_dependencies/cmake/ament_target_dependencies.cmake:77 (message):
[1.650s]   ament_target_dependencies() the passed package name 'listener' was not
[1.651s]   found before
[1.651s] Call Stack (most recent call first):
[1.651s]   CMakeLists.txt:28 (ament_target_dependencies)
[1.651s] 
[1.651s] 
[1.652s] -- Configuring incomplete, errors occurred!
[1.652s] See also "/root/planner_ws/src/build/cpp_pubsub/CMakeFiles/CMakeOutput.log".
[1.652s] See also "/root/planner_ws/src/build/cpp_pubsub/CMakeFiles/CMakeError.log".
