[35m[1mScanning dependencies of target cpp_pubsub[0m
[35m[1mScanning dependencies of target planner[0m
[  6%] [32mBuilding CXX object CMakeFiles/cpp_pubsub.dir/src/manager.cpp.o[0m
[  6%] [32mBuilding CXX object CMakeFiles/cpp_pubsub.dir/src/path_time_graph.cpp.o[0m
[  9%] [32mBuilding CXX object CMakeFiles/cpp_pubsub.dir/src/end_condition_sampler.cpp.o[0m
[ 12%] [32mBuilding CXX object CMakeFiles/planner.dir/src/manager.cpp.o[0m
[ 16%] [32mBuilding CXX object CMakeFiles/planner.dir/src/publisher.cpp.o[0m
[ 19%] [32mBuilding CXX object CMakeFiles/planner.dir/src/end_condition_sampler.cpp.o[0m
[ 22%] [32mBuilding CXX object CMakeFiles/planner.dir/src/path_time_graph.cpp.o[0m
[01m[K/root/planner_ws/src/cpp_pubsub/src/path_time_graph.cpp:[m[K In member function ‘[01m[Kvoid PathTimeGraph::Init(const std::vector<std::vector<double> >&, const std::vector<PathPoint>&, double, double, double, double, const std::array<double, 3>&)[m[K’:
[01m[K/root/planner_ws/src/cpp_pubsub/src/path_time_graph.cpp:20:27:[m[K [01;35m[Kwarning: [m[Kcomparison of integer expressions of different signedness: ‘[01m[Kint[m[K’ and ‘[01m[Kstd::vector<std::vector<double> >::size_type[m[K’ {aka ‘[01m[Klong unsigned int[m[K’} [[01;35m[K-Wsign-compare[m[K]
   20 |         for (int i = 0; [01;35m[Ki < dynamic_obstacle_sl.size()[m[K; i++)
      |                         [01;35m[K~~^~~~~~~~~~~~~~~~~~~~~~~~~~~~[m[K
[01m[K/root/planner_ws/src/cpp_pubsub/src/path_time_graph.cpp:24:20:[m[K [01;35m[Kwarning: [m[Kunused variable ‘[01m[Kobs_heading[m[K’ [[01;35m[K-Wunused-variable[m[K]
   24 |             double [01;35m[Kobs_heading[m[K = dynamic_obstacle_sl[i][2];
      |                    [01;35m[K^~~~~~~~~~~[m[K
[01m[K/root/planner_ws/src/cpp_pubsub/src/path_time_graph.cpp:25:20:[m[K [01;35m[Kwarning: [m[Kunused variable ‘[01m[Kobs_velocity[m[K’ [[01;35m[K-Wunused-variable[m[K]
   25 |             double [01;35m[Kobs_velocity[m[K = dynamic_obstacle_sl[i][3];
      |                    [01;35m[K^~~~~~~~~~~~[m[K
[01m[K/root/planner_ws/src/cpp_pubsub/src/path_time_graph.cpp:105:23:[m[K [01;35m[Kwarning: [m[Kstatement has no effect [[01;35m[K-Wunused-value[m[K]
  105 |                 [01;35m[Kst.su == predicte_s[m[K;
      |                 [01;35m[K~~~~~~^~~~~~~~~~~~~[m[K
[01m[K/root/planner_ws/src/cpp_pubsub/src/path_time_graph.cpp:118:23:[m[K [01;35m[Kwarning: [m[Kstatement has no effect [[01;35m[K-Wunused-value[m[K]
  118 |                 [01;35m[Kst.sl == predicte_s[m[K;
      |                 [01;35m[K~~~~~~^~~~~~~~~~~~~[m[K
[01m[K/root/planner_ws/src/cpp_pubsub/src/path_time_graph.cpp:5:102:[m[K [01;35m[Kwarning: [m[Kunused parameter ‘[01m[Kreferenceline[m[K’ [[01;35m[K-Wunused-parameter[m[K]
    5 | void PathTimeGraph::Init(const vector<vector<double>> &dynamic_obstacle_sl, [01;35m[Kconst vector<PathPoint> &referenceline[m[K,
      |                                                                             [01;35m[K~~~~~~~~~~~~~~~~~~~~~~~~~^~~~~~~~~~~~~[m[K
[01m[K/root/planner_ws/src/cpp_pubsub/src/path_time_graph.cpp:7:70:[m[K [01;35m[Kwarning: [m[Kunused parameter ‘[01m[Kinit_d[m[K’ [[01;35m[K-Wunused-parameter[m[K]
    7 |                          const double t_end, [01;35m[Kconst array<double, 3> &init_d[m[K)
      |                                              [01;35m[K~~~~~~~~~~~~~~~~~~~~~~~~^~~~~~[m[K
[01m[K/root/planner_ws/src/cpp_pubsub/src/path_time_graph.cpp:[m[K In member function ‘[01m[Kvoid PathTimeGraph::Init(const std::vector<std::vector<double> >&, const std::vector<PathPoint>&, double, double, double, double, const std::array<double, 3>&)[m[K’:
[01m[K/root/planner_ws/src/cpp_pubsub/src/path_time_graph.cpp:20:27:[m[K [01;35m[Kwarning: [m[Kcomparison of integer expressions of different signedness: ‘[01m[Kint[m[K’ and ‘[01m[Kstd::vector<std::vector<double> >::size_type[m[K’ {aka ‘[01m[Klong unsigned int[m[K’} [[01;35m[K-Wsign-compare[m[K]
   20 |         for (int i = 0; [01;35m[Ki < dynamic_obstacle_sl.size()[m[K; i++)
      |                         [01;35m[K~~^~~~~~~~~~~~~~~~~~~~~~~~~~~~[m[K
[01m[K/root/planner_ws/src/cpp_pubsub/src/path_time_graph.cpp:24:20:[m[K [01;35m[Kwarning: [m[Kunused variable ‘[01m[Kobs_heading[m[K’ [[01;35m[K-Wunused-variable[m[K]
   24 |             double [01;35m[Kobs_heading[m[K = dynamic_obstacle_sl[i][2];
      |                    [01;35m[K^~~~~~~~~~~[m[K
[01m[K/root/planner_ws/src/cpp_pubsub/src/path_time_graph.cpp:25:20:[m[K [01;35m[Kwarning: [m[Kunused variable ‘[01m[Kobs_velocity[m[K’ [[01;35m[K-Wunused-variable[m[K]
   25 |             double [01;35m[Kobs_velocity[m[K = dynamic_obstacle_sl[i][3];
      |                    [01;35m[K^~~~~~~~~~~~[m[K
[01m[K/root/planner_ws/src/cpp_pubsub/src/path_time_graph.cpp:105:23:[m[K [01;35m[Kwarning: [m[Kstatement has no effect [[01;35m[K-Wunused-value[m[K]
  105 |                 [01;35m[Kst.su == predicte_s[m[K;
      |                 [01;35m[K~~~~~~^~~~~~~~~~~~~[m[K
[01m[K/root/planner_ws/src/cpp_pubsub/src/path_time_graph.cpp:118:23:[m[K [01;35m[Kwarning: [m[Kstatement has no effect [[01;35m[K-Wunused-value[m[K]
  118 |                 [01;35m[Kst.sl == predicte_s[m[K;
      |                 [01;35m[K~~~~~~^~~~~~~~~~~~~[m[K
[01m[K/root/planner_ws/src/cpp_pubsub/src/path_time_graph.cpp:5:102:[m[K [01;35m[Kwarning: [m[Kunused parameter ‘[01m[Kreferenceline[m[K’ [[01;35m[K-Wunused-parameter[m[K]
    5 | void PathTimeGraph::Init(const vector<vector<double>> &dynamic_obstacle_sl, [01;35m[Kconst vector<PathPoint> &referenceline[m[K,
      |                                                                             [01;35m[K~~~~~~~~~~~~~~~~~~~~~~~~~^~~~~~~~~~~~~[m[K
[01m[K/root/planner_ws/src/cpp_pubsub/src/path_time_graph.cpp:7:70:[m[K [01;35m[Kwarning: [m[Kunused parameter ‘[01m[Kinit_d[m[K’ [[01;35m[K-Wunused-parameter[m[K]
    7 |                          const double t_end, [01;35m[Kconst array<double, 3> &init_d[m[K)
      |                                              [01;35m[K~~~~~~~~~~~~~~~~~~~~~~~~^~~~~~[m[K
[01m[K/root/planner_ws/src/cpp_pubsub/src/end_condition_sampler.cpp:[m[K In member function ‘[01m[Kstd::vector<std::pair<std::vector<double>, double> > EndConditionSampler::SampleLonEndConditionsForLaneChange(const std::vector<STBoundaryPoint>&) const[m[K’:
[01m[K/root/planner_ws/src/cpp_pubsub/src/end_condition_sampler.cpp:118:75:[m[K [01;31m[Kerror: [m[Kexpected primary-expression before ‘[01m[Kconst[m[K’
  118 |     vector<SamplePoint> sample_points = QueryPathTimeObstacleSamplePoints([01;31m[Kconst[m[K vector<STBoundaryPoint>& stboundarypoint);
      |                                                                           [01;31m[K^~~~~[m[K
[01m[K/root/planner_ws/src/cpp_pubsub/src/end_condition_sampler.cpp:115:89:[m[K [01;35m[Kwarning: [m[Kunused parameter ‘[01m[Kstboundarypoint[m[K’ [[01;35m[K-Wunused-parameter[m[K]
  115 | EndConditionSampler::SampleLonEndConditionsForLaneChange([01;35m[Kconst vector<STBoundaryPoint>& stboundarypoint[m[K) const
      |                                                          [01;35m[K~~~~~~~~~~~~~~~~~~~~~~~~~~~~~~~^~~~~~~~~~~~~~~[m[K
[01m[K/root/planner_ws/src/cpp_pubsub/src/end_condition_sampler.cpp:[m[K In function ‘[01m[Kstd::vector<SamplePoint> QueryPathTimeObstacleSamplePoints(const std::vector<STBoundaryPoint>&)[m[K’:
[01m[K/root/planner_ws/src/cpp_pubsub/src/end_condition_sampler.cpp:139:66:[m[K [01;35m[Kwarning: [m[Kunused parameter ‘[01m[Kstboundarypoint[m[K’ [[01;35m[K-Wunused-parameter[m[K]
  139 | QueryPathTimeObstacleSamplePoints([01;35m[Kconst vector<STBoundaryPoint>& stboundarypoint[m[K)
      |                                   [01;35m[K~~~~~~~~~~~~~~~~~~~~~~~~~~~~~~~^~~~~~~~~~~~~~~[m[K
[01m[K/root/planner_ws/src/cpp_pubsub/src/end_condition_sampler.cpp:[m[K In member function ‘[01m[Kstd::vector<std::pair<std::vector<double>, double> > EndConditionSampler::SampleLonEndConditionsForLaneChange(const std::vector<STBoundaryPoint>&) const[m[K’:
[01m[K/root/planner_ws/src/cpp_pubsub/src/end_condition_sampler.cpp:118:75:[m[K [01;31m[Kerror: [m[Kexpected primary-expression before ‘[01m[Kconst[m[K’
  118 |     vector<SamplePoint> sample_points = QueryPathTimeObstacleSamplePoints([01;31m[Kconst[m[K vector<STBoundaryPoint>& stboundarypoint);
      |                                                                           [01;31m[K^~~~~[m[K
[01m[K/root/planner_ws/src/cpp_pubsub/src/end_condition_sampler.cpp:115:89:[m[K [01;35m[Kwarning: [m[Kunused parameter ‘[01m[Kstboundarypoint[m[K’ [[01;35m[K-Wunused-parameter[m[K]
  115 | EndConditionSampler::SampleLonEndConditionsForLaneChange([01;35m[Kconst vector<STBoundaryPoint>& stboundarypoint[m[K) const
      |                                                          [01;35m[K~~~~~~~~~~~~~~~~~~~~~~~~~~~~~~~^~~~~~~~~~~~~~~[m[K
[01m[K/root/planner_ws/src/cpp_pubsub/src/end_condition_sampler.cpp:[m[K In function ‘[01m[Kstd::vector<SamplePoint> QueryPathTimeObstacleSamplePoints(const std::vector<STBoundaryPoint>&)[m[K’:
[01m[K/root/planner_ws/src/cpp_pubsub/src/end_condition_sampler.cpp:139:66:[m[K [01;35m[Kwarning: [m[Kunused parameter ‘[01m[Kstboundarypoint[m[K’ [[01;35m[K-Wunused-parameter[m[K]
  139 | QueryPathTimeObstacleSamplePoints([01;35m[Kconst vector<STBoundaryPoint>& stboundarypoint[m[K)
      |                                   [01;35m[K~~~~~~~~~~~~~~~~~~~~~~~~~~~~~~~^~~~~~~~~~~~~~~[m[K
make[2]: *** [CMakeFiles/cpp_pubsub.dir/build.make:206: CMakeFiles/cpp_pubsub.dir/src/end_condition_sampler.cpp.o] Error 1
make[2]: *** Waiting for unfinished jobs....
make[2]: *** [CMakeFiles/planner.dir/build.make:219: CMakeFiles/planner.dir/src/end_condition_sampler.cpp.o] Error 1
make[2]: *** Waiting for unfinished jobs....
[01m[K/root/planner_ws/src/cpp_pubsub/src/manager.cpp:[m[K In member function ‘[01m[Kvoid Manage_Planner::planner()[m[K’:
[01m[K/root/planner_ws/src/cpp_pubsub/src/manager.cpp:200:86:[m[K [01;31m[Kerror: [m[K‘[01m[KLC_mode[m[K’ was not declared in this scope
  200 |         lon_end_conditions = endconditionsampler.SampleLonEndConditionsForLaneChange([01;31m[KLC_mode[m[K);
      |                                                                                      [01;31m[K^~~~~~~[m[K
[01m[K/root/planner_ws/src/cpp_pubsub/src/manager.cpp:[m[K In member function ‘[01m[Kvoid Manage_Planner::planner()[m[K’:
[01m[K/root/planner_ws/src/cpp_pubsub/src/manager.cpp:200:86:[m[K [01;31m[Kerror: [m[K‘[01m[KLC_mode[m[K’ was not declared in this scope
  200 |         lon_end_conditions = endconditionsampler.SampleLonEndConditionsForLaneChange([01;31m[KLC_mode[m[K);
      |                                                                                      [01;31m[K^~~~~~~[m[K
make[2]: *** [CMakeFiles/cpp_pubsub.dir/build.make:76: CMakeFiles/cpp_pubsub.dir/src/manager.cpp.o] Error 1
make[1]: *** [CMakeFiles/Makefile2:80: CMakeFiles/cpp_pubsub.dir/all] Error 2
make[1]: *** Waiting for unfinished jobs....
make[2]: *** [CMakeFiles/planner.dir/build.make:89: CMakeFiles/planner.dir/src/manager.cpp.o] Error 1
make[1]: *** [CMakeFiles/Makefile2:107: CMakeFiles/planner.dir/all] Error 2
make: *** [Makefile:141: all] Error 2
