-- The C compiler identification is GNU 9.4.0
-- The CXX compiler identification is GNU 9.4.0
-- Check for working C compiler: /usr/bin/cc
-- Check for working C compiler: /usr/bin/cc -- works
-- Detecting C compiler ABI info
-- Detecting C compiler ABI info - done
-- Detecting C compile features
-- Detecting C compile features - done
-- Check for working CXX compiler: /usr/bin/c++
-- Check for working CXX compiler: /usr/bin/c++ -- works
-- Detecting CXX compiler ABI info
-- Detecting CXX compiler ABI info - done
-- Detecting CXX compile features
-- Detecting CXX compile features - done
-- Found ament_cmake: 0.9.11 (/opt/ros/foxy/share/ament_cmake/cmake)
-- Found PythonInterp: /usr/bin/python3 (found suitable version "3.8.10", minimum required is "3") 
-- Using PYTHON_EXECUTABLE: /usr/bin/python3
-- Found ament_lint_auto: 0.9.8 (/opt/ros/foxy/share/ament_lint_auto/cmake)
-- Added test 'copyright' to check source files copyright and LICENSE
-- Added test 'lint_cmake' to check CMake code style
-- Added test 'xmllint' to check XML markup files
-- Configuring done
-- Generating done
-- Build files have been written to: /root/planner_ws/src/build/lattice_planner
-- Install configuration: ""
-- Installing: /root/planner_ws/src/install/lattice_planner/share/ament_index/resource_index/package_run_dependencies/lattice_planner
-- Installing: /root/planner_ws/src/install/lattice_planner/share/ament_index/resource_index/parent_prefix_path/lattice_planner
-- Installing: /root/planner_ws/src/install/lattice_planner/share/lattice_planner/environment/ament_prefix_path.sh
-- Installing: /root/planner_ws/src/install/lattice_planner/share/lattice_planner/environment/ament_prefix_path.dsv
-- Installing: /root/planner_ws/src/install/lattice_planner/share/lattice_planner/environment/path.sh
-- Installing: /root/planner_ws/src/install/lattice_planner/share/lattice_planner/environment/path.dsv
-- Installing: /root/planner_ws/src/install/lattice_planner/share/lattice_planner/local_setup.bash
-- Installing: /root/planner_ws/src/install/lattice_planner/share/lattice_planner/local_setup.sh
-- Installing: /root/planner_ws/src/install/lattice_planner/share/lattice_planner/local_setup.zsh
-- Installing: /root/planner_ws/src/install/lattice_planner/share/lattice_planner/local_setup.dsv
-- Installing: /root/planner_ws/src/install/lattice_planner/share/lattice_planner/package.dsv
-- Installing: /root/planner_ws/src/install/lattice_planner/share/ament_index/resource_index/packages/lattice_planner
-- Installing: /root/planner_ws/src/install/lattice_planner/share/lattice_planner/cmake/lattice_plannerConfig.cmake
-- Installing: /root/planner_ws/src/install/lattice_planner/share/lattice_planner/cmake/lattice_plannerConfig-version.cmake
-- Installing: /root/planner_ws/src/install/lattice_planner/share/lattice_planner/package.xml
