[0.025s] Invoking command in '/root/planner_ws/build/cpp_pubsub': CMAKE_PREFIX_PATH=${CMAKE_PREFIX_PATH}:/opt/ros/foxy /usr/bin/cmake --build /root/planner_ws/build/cpp_pubsub -- -j12 -l12
[0.060s] [35m[1mScanning dependencies of target cpp_pubsub[0m
[0.060s] [35m[1mScanning dependencies of target planner[0m
[0.087s] [  9%] [32mBuilding CXX object CMakeFiles/cpp_pubsub.dir/src/path_time_graph.cpp.o[0m
[0.087s] [  9%] [32mBuilding CXX object CMakeFiles/cpp_pubsub.dir/src/manager.cpp.o[0m
[0.087s] [  9%] [32mBuilding CXX object CMakeFiles/cpp_pubsub.dir/src/end_condition_sampler.cpp.o[0m
[0.091s] [ 12%] [32mBuilding CXX object CMakeFiles/planner.dir/src/publisher.cpp.o[0m
[0.091s] [ 16%] [32mBuilding CXX object CMakeFiles/planner.dir/src/manager.cpp.o[0m
[0.092s] [ 19%] [32mBuilding CXX object CMakeFiles/planner.dir/src/path_time_graph.cpp.o[0m
[0.092s] [ 22%] [32mBuilding CXX object CMakeFiles/planner.dir/src/end_condition_sampler.cpp.o[0m
[0.266s] [01m[K/root/planner_ws/src/cpp_pubsub/src/path_time_graph.cpp:[m[K In member function ‘[01m[Kvoid PathTimeGraph::Init(const std::vector<std::vector<double> >&, const std::vector<PathPoint>&, double, double, double, double, const std::array<double, 3>&)[m[K’:
[0.266s] [01m[K/root/planner_ws/src/cpp_pubsub/src/path_time_graph.cpp:12:16:[m[K [01;35m[Kwarning: [m[Kunused variable ‘[01m[Kobs_l[m[K’ [[01;35m[K-Wunused-variable[m[K]
[0.266s]    12 |         double [01;35m[Kobs_l[m[K = dy_obs[1];
[0.267s]       |                [01;35m[K^~~~~[m[K
[0.267s] [01m[K/root/planner_ws/src/cpp_pubsub/src/path_time_graph.cpp:13:16:[m[K [01;35m[Kwarning: [m[Kunused variable ‘[01m[Kobs_s[m[K’ [[01;35m[K-Wunused-variable[m[K]
[0.267s]    13 |         double [01;35m[Kobs_s[m[K = dy_obs[0];
[0.267s]       |                [01;35m[K^~~~~[m[K
[0.267s] [01m[K/root/planner_ws/src/cpp_pubsub/src/path_time_graph.cpp:5:102:[m[K [01;35m[Kwarning: [m[Kunused parameter ‘[01m[Kreferenceline[m[K’ [[01;35m[K-Wunused-parameter[m[K]
[0.267s]     5 | void PathTimeGraph::Init(const vector<vector<double>> &dynamic_obstacle_sl, [01;35m[Kconst vector<PathPoint> &referenceline[m[K,
[0.267s]       |                                                                             [01;35m[K~~~~~~~~~~~~~~~~~~~~~~~~~^~~~~~~~~~~~~[m[K
[0.267s] [01m[K/root/planner_ws/src/cpp_pubsub/src/path_time_graph.cpp:6:39:[m[K [01;35m[Kwarning: [m[Kunused parameter ‘[01m[Ks_start[m[K’ [[01;35m[K-Wunused-parameter[m[K]
[0.267s]     6 |                          [01;35m[Kconst double s_start[m[K, const double s_end, const double t_start,
[0.267s]       |                          [01;35m[K~~~~~~~~~~~~~^~~~~~~[m[K
[0.267s] [01m[K/root/planner_ws/src/cpp_pubsub/src/path_time_graph.cpp:6:61:[m[K [01;35m[Kwarning: [m[Kunused parameter ‘[01m[Ks_end[m[K’ [[01;35m[K-Wunused-parameter[m[K]
[0.268s]     6 |                          const double s_start, [01;35m[Kconst double s_end[m[K, const double t_start,
[0.268s]       |                                                [01;35m[K~~~~~~~~~~~~~^~~~~[m[K
[0.268s] [01m[K/root/planner_ws/src/cpp_pubsub/src/path_time_graph.cpp:6:81:[m[K [01;35m[Kwarning: [m[Kunused parameter ‘[01m[Kt_start[m[K’ [[01;35m[K-Wunused-parameter[m[K]
[0.268s]     6 |                          const double s_start, const double s_end, [01;35m[Kconst double t_start[m[K,
[0.268s]       |                                                                    [01;35m[K~~~~~~~~~~~~~^~~~~~~[m[K
[0.268s] [01m[K/root/planner_ws/src/cpp_pubsub/src/path_time_graph.cpp:7:39:[m[K [01;35m[Kwarning: [m[Kunused parameter ‘[01m[Kt_end[m[K’ [[01;35m[K-Wunused-parameter[m[K]
[0.268s]     7 |                          [01;35m[Kconst double t_end[m[K, const array<double, 3> &init_d)
[0.268s]       |                          [01;35m[K~~~~~~~~~~~~~^~~~~[m[K
[0.268s] [01m[K/root/planner_ws/src/cpp_pubsub/src/path_time_graph.cpp:7:70:[m[K [01;35m[Kwarning: [m[Kunused parameter ‘[01m[Kinit_d[m[K’ [[01;35m[K-Wunused-parameter[m[K]
[0.268s]     7 |                          const double t_end, [01;35m[Kconst array<double, 3> &init_d[m[K)
[0.268s]       |                                              [01;35m[K~~~~~~~~~~~~~~~~~~~~~~~~^~~~~~[m[K
[0.273s] [01m[K/root/planner_ws/src/cpp_pubsub/src/path_time_graph.cpp:[m[K In member function ‘[01m[Kvoid PathTimeGraph::Init(const std::vector<std::vector<double> >&, const std::vector<PathPoint>&, double, double, double, double, const std::array<double, 3>&)[m[K’:
[0.273s] [01m[K/root/planner_ws/src/cpp_pubsub/src/path_time_graph.cpp:12:16:[m[K [01;35m[Kwarning: [m[Kunused variable ‘[01m[Kobs_l[m[K’ [[01;35m[K-Wunused-variable[m[K]
[0.273s]    12 |         double [01;35m[Kobs_l[m[K = dy_obs[1];
[0.274s]       |                [01;35m[K^~~~~[m[K
[0.274s] [01m[K/root/planner_ws/src/cpp_pubsub/src/path_time_graph.cpp:13:16:[m[K [01;35m[Kwarning: [m[Kunused variable ‘[01m[Kobs_s[m[K’ [[01;35m[K-Wunused-variable[m[K]
[0.274s]    13 |         double [01;35m[Kobs_s[m[K = dy_obs[0];
[0.274s]       |                [01;35m[K^~~~~[m[K
[0.274s] [01m[K/root/planner_ws/src/cpp_pubsub/src/path_time_graph.cpp:5:102:[m[K [01;35m[Kwarning: [m[Kunused parameter ‘[01m[Kreferenceline[m[K’ [[01;35m[K-Wunused-parameter[m[K]
[0.274s]     5 | void PathTimeGraph::Init(const vector<vector<double>> &dynamic_obstacle_sl, [01;35m[Kconst vector<PathPoint> &referenceline[m[K,
[0.274s]       |                                                                             [01;35m[K~~~~~~~~~~~~~~~~~~~~~~~~~^~~~~~~~~~~~~[m[K
[0.274s] [01m[K/root/planner_ws/src/cpp_pubsub/src/path_time_graph.cpp:6:39:[m[K [01;35m[Kwarning: [m[Kunused parameter ‘[01m[Ks_start[m[K’ [[01;35m[K-Wunused-parameter[m[K]
[0.274s]     6 |                          [01;35m[Kconst double s_start[m[K, const double s_end, const double t_start,
[0.274s]       |                          [01;35m[K~~~~~~~~~~~~~^~~~~~~[m[K
[0.274s] [01m[K/root/planner_ws/src/cpp_pubsub/src/path_time_graph.cpp:6:61:[m[K [01;35m[Kwarning: [m[Kunused parameter ‘[01m[Ks_end[m[K’ [[01;35m[K-Wunused-parameter[m[K]
[0.274s]     6 |                          const double s_start, [01;35m[Kconst double s_end[m[K, const double t_start,
[0.274s]       |                                                [01;35m[K~~~~~~~~~~~~~^~~~~[m[K
[0.274s] [01m[K/root/planner_ws/src/cpp_pubsub/src/path_time_graph.cpp:6:81:[m[K [01;35m[Kwarning: [m[Kunused parameter ‘[01m[Kt_start[m[K’ [[01;35m[K-Wunused-parameter[m[K]
[0.275s]     6 |                          const double s_start, const double s_end, [01;35m[Kconst double t_start[m[K,
[0.275s]       |                                                                    [01;35m[K~~~~~~~~~~~~~^~~~~~~[m[K
[0.275s] [01m[K/root/planner_ws/src/cpp_pubsub/src/path_time_graph.cpp:7:39:[m[K [01;35m[Kwarning: [m[Kunused parameter ‘[01m[Kt_end[m[K’ [[01;35m[K-Wunused-parameter[m[K]
[0.275s]     7 |                          [01;35m[Kconst double t_end[m[K, const array<double, 3> &init_d)
[0.275s]       |                          [01;35m[K~~~~~~~~~~~~~^~~~~[m[K
[0.275s] [01m[K/root/planner_ws/src/cpp_pubsub/src/path_time_graph.cpp:7:70:[m[K [01;35m[Kwarning: [m[Kunused parameter ‘[01m[Kinit_d[m[K’ [[01;35m[K-Wunused-parameter[m[K]
[0.275s]     7 |                          const double t_end, [01;35m[Kconst array<double, 3> &init_d[m[K)
[0.275s]       |                                              [01;35m[K~~~~~~~~~~~~~~~~~~~~~~~~^~~~~~[m[K
[0.332s] [01m[K/root/planner_ws/src/cpp_pubsub/src/end_condition_sampler.cpp:[m[K In member function ‘[01m[Kstd::vector<std::pair<std::vector<double>, double> > EndConditionSampler::SampleLonEndConditionsForLaneChange(int) const[m[K’:
[0.332s] [01m[K/root/planner_ws/src/cpp_pubsub/src/end_condition_sampler.cpp:115:41:[m[K [01;31m[Kerror: [m[K‘[01m[KQueryPathTimeObstacleSamplePoints[m[K’ was not declared in this scope
[0.333s]   115 |     vector<SamplePoint> sample_points = [01;31m[KQueryPathTimeObstacleSamplePoints[m[K();
[0.333s]       |                                         [01;31m[K^~~~~~~~~~~~~~~~~~~~~~~~~~~~~~~~~[m[K
[0.333s] [01m[K/root/planner_ws/src/cpp_pubsub/src/end_condition_sampler.cpp:112:68:[m[K [01;35m[Kwarning: [m[Kunused parameter ‘[01m[KLC_mode[m[K’ [[01;35m[K-Wunused-parameter[m[K]
[0.333s]   112 | EndConditionSampler::SampleLonEndConditionsForLaneChange([01;35m[Kconst int LC_mode[m[K) const
[0.333s]       |                                                          [01;35m[K~~~~~~~~~~^~~~~~~[m[K
[0.333s] [01m[K/root/planner_ws/src/cpp_pubsub/src/end_condition_sampler.cpp:[m[K At global scope:
[0.333s] [01m[K/root/planner_ws/src/cpp_pubsub/src/end_condition_sampler.cpp:136:1:[m[K [01;31m[Kerror: [m[Kno declaration matches ‘[01m[Kstd::vector<SamplePoint> EndConditionSampler::QueryPathTimeObstacleSamplePoints() const[m[K’
[0.333s]   136 | [01;31m[KEndConditionSampler[m[K::QueryPathTimeObstacleSamplePoints() const
[0.333s]       | [01;31m[K^~~~~~~~~~~~~~~~~~~[m[K
[0.334s] [01m[K/root/planner_ws/src/cpp_pubsub/src/end_condition_sampler.cpp:136:1:[m[K [01;36m[Knote: [m[Kno functions named ‘[01m[Kstd::vector<SamplePoint> EndConditionSampler::QueryPathTimeObstacleSamplePoints() const[m[K’
[0.334s] In file included from [01m[K/root/planner_ws/src/cpp_pubsub/src/end_condition_sampler.cpp:1[m[K:
[0.334s] [01m[K/root/planner_ws/src/cpp_pubsub/include/end_condition_sampler.hpp:14:7:[m[K [01;36m[Knote: [m[K‘[01m[Kclass EndConditionSampler[m[K’ defined here
[0.334s]    14 | class [01;36m[KEndConditionSampler[m[K
[0.334s]       |       [01;36m[K^~~~~~~~~~~~~~~~~~~[m[K
[0.343s] [01m[K/root/planner_ws/src/cpp_pubsub/src/end_condition_sampler.cpp:[m[K In member function ‘[01m[Kstd::vector<std::pair<std::vector<double>, double> > EndConditionSampler::SampleLonEndConditionsForLaneChange(int) const[m[K’:
[0.343s] [01m[K/root/planner_ws/src/cpp_pubsub/src/end_condition_sampler.cpp:115:41:[m[K [01;31m[Kerror: [m[K‘[01m[KQueryPathTimeObstacleSamplePoints[m[K’ was not declared in this scope
[0.343s]   115 |     vector<SamplePoint> sample_points = [01;31m[KQueryPathTimeObstacleSamplePoints[m[K();
[0.343s]       |                                         [01;31m[K^~~~~~~~~~~~~~~~~~~~~~~~~~~~~~~~~[m[K
[0.344s] [01m[K/root/planner_ws/src/cpp_pubsub/src/end_condition_sampler.cpp:112:68:[m[K [01;35m[Kwarning: [m[Kunused parameter ‘[01m[KLC_mode[m[K’ [[01;35m[K-Wunused-parameter[m[K]
[0.344s]   112 | EndConditionSampler::SampleLonEndConditionsForLaneChange([01;35m[Kconst int LC_mode[m[K) const
[0.344s]       |                                                          [01;35m[K~~~~~~~~~~^~~~~~~[m[K
[0.344s] [01m[K/root/planner_ws/src/cpp_pubsub/src/end_condition_sampler.cpp:[m[K At global scope:
[0.344s] [01m[K/root/planner_ws/src/cpp_pubsub/src/end_condition_sampler.cpp:136:1:[m[K [01;31m[Kerror: [m[Kno declaration matches ‘[01m[Kstd::vector<SamplePoint> EndConditionSampler::QueryPathTimeObstacleSamplePoints() const[m[K’
[0.344s]   136 | [01;31m[KEndConditionSampler[m[K::QueryPathTimeObstacleSamplePoints() const
[0.344s]       | [01;31m[K^~~~~~~~~~~~~~~~~~~[m[K
[0.344s] [01m[K/root/planner_ws/src/cpp_pubsub/src/end_condition_sampler.cpp:136:1:[m[K [01;36m[Knote: [m[Kno functions named ‘[01m[Kstd::vector<SamplePoint> EndConditionSampler::QueryPathTimeObstacleSamplePoints() const[m[K’
[0.344s] In file included from [01m[K/root/planner_ws/src/cpp_pubsub/src/end_condition_sampler.cpp:1[m[K:
[0.344s] [01m[K/root/planner_ws/src/cpp_pubsub/include/end_condition_sampler.hpp:14:7:[m[K [01;36m[Knote: [m[K‘[01m[Kclass EndConditionSampler[m[K’ defined here
[0.344s]    14 | class [01;36m[KEndConditionSampler[m[K
[0.345s]       |       [01;36m[K^~~~~~~~~~~~~~~~~~~[m[K
[0.399s] make[2]: *** [CMakeFiles/cpp_pubsub.dir/build.make:206: CMakeFiles/cpp_pubsub.dir/src/end_condition_sampler.cpp.o] Error 1
[0.400s] make[2]: *** Waiting for unfinished jobs....
[0.409s] make[2]: *** [CMakeFiles/planner.dir/build.make:219: CMakeFiles/planner.dir/src/end_condition_sampler.cpp.o] Error 1
[0.409s] make[2]: *** Waiting for unfinished jobs....
[2.014s] [01m[K/root/planner_ws/src/cpp_pubsub/src/manager.cpp:[m[K In member function ‘[01m[Kvoid Manage_Planner::planner()[m[K’:
[2.014s] [01m[K/root/planner_ws/src/cpp_pubsub/src/manager.cpp:194:85:[m[K [01;35m[Kwarning: [m[K‘[01m[KLC_mode[m[K’ may be used uninitialized in this function [[01;35m[K-Wmaybe-uninitialized[m[K]
[2.014s]   194 |         lon_end_conditions = [01;35m[Kendconditionsampler.SampleLonEndConditionsForLaneChange(LC_mode)[m[K;
[2.014s]       |                              [01;35m[K~~~~~~~~~~~~~~~~~~~~~~~~~~~~~~~~~~~~~~~~~~~~~~~~~~~~~~~^~~~~~~~~[m[K
[2.048s] [01m[K/root/planner_ws/src/cpp_pubsub/src/manager.cpp:[m[K In member function ‘[01m[Kvoid Manage_Planner::planner()[m[K’:
[2.048s] [01m[K/root/planner_ws/src/cpp_pubsub/src/manager.cpp:194:85:[m[K [01;35m[Kwarning: [m[K‘[01m[KLC_mode[m[K’ may be used uninitialized in this function [[01;35m[K-Wmaybe-uninitialized[m[K]
[2.048s]   194 |         lon_end_conditions = [01;35m[Kendconditionsampler.SampleLonEndConditionsForLaneChange(LC_mode)[m[K;
[2.048s]       |                              [01;35m[K~~~~~~~~~~~~~~~~~~~~~~~~~~~~~~~~~~~~~~~~~~~~~~~~~~~~~~~^~~~~~~~~[m[K
[2.314s] make[1]: *** [CMakeFiles/Makefile2:80: CMakeFiles/cpp_pubsub.dir/all] Error 2
[2.314s] make[1]: *** Waiting for unfinished jobs....
[3.758s] make[1]: *** [CMakeFiles/Makefile2:107: CMakeFiles/planner.dir/all] Error 2
[3.759s] make: *** [Makefile:141: all] Error 2
[3.762s] Invoked command in '/root/planner_ws/build/cpp_pubsub' returned '2': CMAKE_PREFIX_PATH=${CMAKE_PREFIX_PATH}:/opt/ros/foxy /usr/bin/cmake --build /root/planner_ws/build/cpp_pubsub -- -j12 -l12
