[0.042s] Invoking command in '/root/planner_ws/src/build/lattice_planner': CMAKE_PREFIX_PATH=${CMAKE_PREFIX_PATH}:/opt/ros/foxy /usr/bin/cmake --build /root/planner_ws/src/build/lattice_planner -- -j12 -l12
[0.062s] -- Found ament_cmake: 0.9.11 (/opt/ros/foxy/share/ament_cmake/cmake)
[0.083s] -- Using PYTHON_EXECUTABLE: /usr/bin/python3
[0.240s] -- Found rclcpp: 2.4.2 (/opt/ros/foxy/share/rclcpp/cmake)
[0.277s] -- Using all available rosidl_typesupport_c: rosidl_typesupport_fastrtps_c;rosidl_typesupport_introspection_c
[0.281s] -- Found rosidl_adapter: 1.3.0 (/opt/ros/foxy/share/rosidl_adapter/cmake)
[0.411s] -- Using all available rosidl_typesupport_cpp: rosidl_typesupport_fastrtps_cpp;rosidl_typesupport_introspection_cpp
[0.461s] -- Found rmw_implementation_cmake: 1.0.4 (/opt/ros/foxy/share/rmw_implementation_cmake/cmake)
[0.463s] -- Using RMW implementation 'rmw_fastrtps_cpp' as default
[0.650s] -- Found ament_lint_auto: 0.9.8 (/opt/ros/foxy/share/ament_lint_auto/cmake)
[0.731s] -- Added test 'copyright' to check source files copyright and LICENSE
[0.733s] -- Added test 'cppcheck' to perform static code analysis on C / C++ code
[0.733s] -- Configured cppcheck include dirs: 
[0.733s] -- Configured cppcheck exclude dirs and/or files: 
[0.734s] -- Added test 'cpplint' to check C / C++ code against the Google style
[0.734s] -- Configured cpplint exclude dirs and/or files: 
[0.735s] -- Added test 'lint_cmake' to check CMake code style
[0.736s] -- Added test 'uncrustify' to check C / C++ code style
[0.736s] -- Configured uncrustify additional arguments: 
[0.736s] -- Added test 'xmllint' to check XML markup files
[0.740s] -- Configuring done
[0.741s] CMake Error at CMakeLists.txt:25 (add_executable):
[0.742s]   Cannot find source file:
[0.742s] 
[0.742s]     src/main_function.cpp
[0.742s] 
[0.742s]   Tried extensions .c .C .c++ .cc .cpp .cxx .cu .m .M .mm .h .hh .h++ .hm
[0.743s]   .hpp .hxx .in .txx
[0.743s] 
[0.743s] 
[0.743s] CMake Error at CMakeLists.txt:25 (add_executable):
[0.743s]   No SOURCES given to target: main_function
[0.743s] 
[0.743s] 
[0.744s] CMake Generate step failed.  Build files cannot be regenerated correctly.
[0.749s] make: *** [Makefile:222: cmake_check_build_system] Error 1
