[0.024s] Invoking command in '/root/planner_ws/build/cpp_pubsub': CMAKE_PREFIX_PATH=${CMAKE_PREFIX_PATH}:/opt/ros/foxy /usr/bin/cmake --build /root/planner_ws/build/cpp_pubsub -- -j12 -l12
[0.061s] [35m[1mScanning dependencies of target cpp_pubsub[0m
[0.061s] [35m[1mScanning dependencies of target planner[0m
[0.077s] [  3%] [32mBuilding CXX object CMakeFiles/cpp_pubsub.dir/src/end_condition_sampler.cpp.o[0m
[0.082s] [  6%] [32mBuilding CXX object CMakeFiles/planner.dir/src/end_condition_sampler.cpp.o[0m
[0.292s] [01m[K/root/planner_ws/src/cpp_pubsub/src/end_condition_sampler.cpp:[m[K In member function ‘[01m[Kstd::vector<std::pair<std::vector<double>, double> > EndConditionSampler::SampleLonEndConditionsForLaneChange(int) const[m[K’:
[0.292s] [01m[K/root/planner_ws/src/cpp_pubsub/src/end_condition_sampler.cpp:112:68:[m[K [01;35m[Kwarning: [m[Kunused parameter ‘[01m[KLC_mode[m[K’ [[01;35m[K-Wunused-parameter[m[K]
[0.292s]   112 | EndConditionSampler::SampleLonEndConditionsForLaneChange([01;35m[Kconst int LC_mode[m[K) const
[0.292s]       |                                                          [01;35m[K~~~~~~~~~~^~~~~~~[m[K
[0.295s] [01m[K/root/planner_ws/src/cpp_pubsub/src/end_condition_sampler.cpp:[m[K In member function ‘[01m[Kstd::vector<std::pair<std::vector<double>, double> > EndConditionSampler::SampleLonEndConditionsForLaneChange(int) const[m[K’:
[0.295s] [01m[K/root/planner_ws/src/cpp_pubsub/src/end_condition_sampler.cpp:112:68:[m[K [01;35m[Kwarning: [m[Kunused parameter ‘[01m[KLC_mode[m[K’ [[01;35m[K-Wunused-parameter[m[K]
[0.296s]   112 | EndConditionSampler::SampleLonEndConditionsForLaneChange([01;35m[Kconst int LC_mode[m[K) const
[0.296s]       |                                                          [01;35m[K~~~~~~~~~~^~~~~~~[m[K
[0.456s] [  9%] [32m[1mLinking CXX shared library libcpp_pubsub.so[0m
[0.466s] [ 12%] [32m[1mLinking CXX executable planner[0m
[0.634s] [ 54%] Built target cpp_pubsub
[0.750s] [100%] Built target planner
[0.762s] Invoked command in '/root/planner_ws/build/cpp_pubsub' returned '0': CMAKE_PREFIX_PATH=${CMAKE_PREFIX_PATH}:/opt/ros/foxy /usr/bin/cmake --build /root/planner_ws/build/cpp_pubsub -- -j12 -l12
[0.821s] Invoking command in '/root/planner_ws/build/cpp_pubsub': CMAKE_PREFIX_PATH=${CMAKE_PREFIX_PATH}:/opt/ros/foxy /usr/bin/cmake --install /root/planner_ws/build/cpp_pubsub
[0.830s] -- Install configuration: ""
[0.831s] -- Up-to-date: /root/planner_ws/install/cpp_pubsub/include
[0.831s] -- Up-to-date: /root/planner_ws/install/cpp_pubsub/include/cartesian_frenet_converter.hpp
[0.831s] -- Up-to-date: /root/planner_ws/install/cpp_pubsub/include/collisionchecker.hpp
[0.831s] -- Up-to-date: /root/planner_ws/install/cpp_pubsub/include/latpath1d.hpp
[0.831s] -- Installing: /root/planner_ws/install/cpp_pubsub/include/end_condition_sampler.hpp
[0.831s] -- Installing: /root/planner_ws/install/cpp_pubsub/include/constans.hpp
[0.831s] -- Up-to-date: /root/planner_ws/install/cpp_pubsub/include/trajectory_evaluator.hpp
[0.832s] -- Installing: /root/planner_ws/install/cpp_pubsub/include/obstacle.hpp
[0.832s] -- Installing: /root/planner_ws/install/cpp_pubsub/include/path_time_graph.hpp
[0.832s] -- Up-to-date: /root/planner_ws/install/cpp_pubsub/include/liner_interpolation.hpp
[0.832s] -- Up-to-date: /root/planner_ws/install/cpp_pubsub/include/Trajectory1dGenerator.hpp
[0.832s] -- Up-to-date: /root/planner_ws/install/cpp_pubsub/include/lonspeed1d.hpp
[0.833s] -- Up-to-date: /root/planner_ws/install/cpp_pubsub/include/matplotlibcpp.h
[0.833s] -- Up-to-date: /root/planner_ws/install/cpp_pubsub/include/obs.hpp
[0.833s] -- Up-to-date: /root/planner_ws/install/cpp_pubsub/include/referenceline.hpp
[0.833s] -- Up-to-date: /root/planner_ws/install/cpp_pubsub/include/manager.hpp
[0.833s] -- Up-to-date: /root/planner_ws/install/cpp_pubsub/include/plotfigure.hpp
[0.833s] -- Up-to-date: /root/planner_ws/install/cpp_pubsub/include/pathpoint.hpp
[0.833s] -- Up-to-date: /root/planner_ws/install/cpp_pubsub/include/constraint_checker1d.hpp
[0.833s] -- Up-to-date: /root/planner_ws/install/cpp_pubsub/include/feasible_region.hpp
[0.833s] -- Up-to-date: /root/planner_ws/install/cpp_pubsub/include/path_matcher.hpp
[0.834s] -- Up-to-date: /root/planner_ws/install/cpp_pubsub/include/SLPoint.hpp
[0.834s] -- Up-to-date: /root/planner_ws/install/cpp_pubsub/include/test.hpp
[0.834s] -- Up-to-date: /root/planner_ws/install/cpp_pubsub/include/STpoint.hpp
[0.834s] -- Up-to-date: /root/planner_ws/install/cpp_pubsub/include/TrajectoryPoint.hpp
[0.834s] -- Up-to-date: /root/planner_ws/install/cpp_pubsub/share/cpp_pubsub/environment/library_path.sh
[0.834s] -- Installing: /root/planner_ws/install/cpp_pubsub/share/cpp_pubsub/environment/library_path.dsv
[0.834s] -- Installing: /root/planner_ws/install/cpp_pubsub/lib/libcpp_pubsub.so
[0.838s] -- Set runtime path of "/root/planner_ws/install/cpp_pubsub/lib/libcpp_pubsub.so" to ""
[0.838s] -- Installing: /root/planner_ws/install/cpp_pubsub/lib/cpp_pubsub/planner
[0.848s] -- Set runtime path of "/root/planner_ws/install/cpp_pubsub/lib/cpp_pubsub/planner" to ""
[0.848s] -- Up-to-date: /root/planner_ws/install/cpp_pubsub/share/ament_index/resource_index/package_run_dependencies/cpp_pubsub
[0.848s] -- Up-to-date: /root/planner_ws/install/cpp_pubsub/share/ament_index/resource_index/parent_prefix_path/cpp_pubsub
[0.848s] -- Up-to-date: /root/planner_ws/install/cpp_pubsub/share/cpp_pubsub/environment/ament_prefix_path.sh
[0.848s] -- Installing: /root/planner_ws/install/cpp_pubsub/share/cpp_pubsub/environment/ament_prefix_path.dsv
[0.848s] -- Up-to-date: /root/planner_ws/install/cpp_pubsub/share/cpp_pubsub/environment/path.sh
[0.848s] -- Installing: /root/planner_ws/install/cpp_pubsub/share/cpp_pubsub/environment/path.dsv
[0.849s] -- Up-to-date: /root/planner_ws/install/cpp_pubsub/share/cpp_pubsub/local_setup.bash
[0.849s] -- Up-to-date: /root/planner_ws/install/cpp_pubsub/share/cpp_pubsub/local_setup.sh
[0.849s] -- Up-to-date: /root/planner_ws/install/cpp_pubsub/share/cpp_pubsub/local_setup.zsh
[0.849s] -- Installing: /root/planner_ws/install/cpp_pubsub/share/cpp_pubsub/local_setup.dsv
[0.849s] -- Installing: /root/planner_ws/install/cpp_pubsub/share/cpp_pubsub/package.dsv
[0.849s] -- Up-to-date: /root/planner_ws/install/cpp_pubsub/share/ament_index/resource_index/packages/cpp_pubsub
[0.850s] -- Up-to-date: /root/planner_ws/install/cpp_pubsub/share/cpp_pubsub/cmake/ament_cmake_export_dependencies-extras.cmake
[0.850s] -- Up-to-date: /root/planner_ws/install/cpp_pubsub/share/cpp_pubsub/cmake/ament_cmake_export_include_directories-extras.cmake
[0.850s] -- Up-to-date: /root/planner_ws/install/cpp_pubsub/share/cpp_pubsub/cmake/ament_cmake_export_libraries-extras.cmake
[0.850s] -- Up-to-date: /root/planner_ws/install/cpp_pubsub/share/cpp_pubsub/cmake/cpp_pubsubConfig.cmake
[0.850s] -- Up-to-date: /root/planner_ws/install/cpp_pubsub/share/cpp_pubsub/cmake/cpp_pubsubConfig-version.cmake
[0.851s] -- Up-to-date: /root/planner_ws/install/cpp_pubsub/share/cpp_pubsub/package.xml
[0.854s] Invoked command in '/root/planner_ws/build/cpp_pubsub' returned '0': CMAKE_PREFIX_PATH=${CMAKE_PREFIX_PATH}:/opt/ros/foxy /usr/bin/cmake --install /root/planner_ws/build/cpp_pubsub
