[0.019s] Invoking command in '/root/planner_ws/build/cpp_pubsub': CMAKE_PREFIX_PATH=/opt/ros/foxy /usr/bin/cmake --build /root/planner_ws/build/cpp_pubsub -- -j12 -l12
[0.041s] -- Found ament_cmake_auto: 0.9.11 (/opt/ros/foxy/share/ament_cmake_auto/cmake)
[0.058s] -- Using PYTHON_EXECUTABLE: /usr/bin/python3
[0.256s] -- Using all available rosidl_typesupport_c: rosidl_typesupport_fastrtps_c;rosidl_typesupport_introspection_c
[0.259s] -- Found rosidl_adapter: 1.3.0 (/opt/ros/foxy/share/rosidl_adapter/cmake)
[0.360s] -- Using all available rosidl_typesupport_cpp: rosidl_typesupport_fastrtps_cpp;rosidl_typesupport_introspection_cpp
[0.397s] -- Found rmw_implementation_cmake: 1.0.4 (/opt/ros/foxy/share/rmw_implementation_cmake/cmake)
[0.398s] -- Using RMW implementation 'rmw_fastrtps_cpp' as default
[0.624s] -- Configuring done
[0.644s] -- Generating done
[0.646s] -- Build files have been written to: /root/planner_ws/build/cpp_pubsub
[0.677s] [35m[1mScanning dependencies of target cpp_pubsub[0m
[0.680s] [35m[1mScanning dependencies of target planner[0m
[0.705s] [  7%] [32mBuilding CXX object CMakeFiles/cpp_pubsub.dir/src/end_condition_sampler.cpp.o[0m
[0.705s] [  7%] [32mBuilding CXX object CMakeFiles/cpp_pubsub.dir/src/Trajectory1dGenerator.cpp.o[0m
[0.707s] [ 10%] [32mBuilding CXX object CMakeFiles/cpp_pubsub.dir/src/manager.cpp.o[0m
[0.707s] [ 14%] [32mBuilding CXX object CMakeFiles/cpp_pubsub.dir/src/feasible_region.cpp.o[0m
[0.718s] [ 17%] [32mBuilding CXX object CMakeFiles/planner.dir/src/Trajectory1dGenerator.cpp.o[0m
[0.718s] [ 21%] [32mBuilding CXX object CMakeFiles/planner.dir/src/manager.cpp.o[0m
[0.720s] [ 25%] [32mBuilding CXX object CMakeFiles/planner.dir/src/end_condition_sampler.cpp.o[0m
[0.721s] [ 28%] [32mBuilding CXX object CMakeFiles/planner.dir/src/publisher.cpp.o[0m
[0.894s] [01m[K/root/planner_ws/src/cpp_pubsub/src/feasible_region.cpp:[m[K In member function ‘[01m[Kdouble FeasibleRegion::SUpper(double) const[m[K’:
[0.894s] [01m[K/root/planner_ws/src/cpp_pubsub/src/feasible_region.cpp:12:1:[m[K [01;35m[Kwarning: [m[Kno return statement in function returning non-void [[01;35m[K-Wreturn-type[m[K]
[0.894s]    12 | [01;35m[K}[m[K
[0.894s]       | [01;35m[K^[m[K
[0.894s] [01m[K/root/planner_ws/src/cpp_pubsub/src/feasible_region.cpp:10:44:[m[K [01;35m[Kwarning: [m[Kunused parameter ‘[01m[Kt[m[K’ [[01;35m[K-Wunused-parameter[m[K]
[0.895s]    10 | double FeasibleRegion::SUpper([01;35m[Kconst double t[m[K) const
[0.895s]       |                               [01;35m[K~~~~~~~~~~~~~^[m[K
[0.895s] [01m[K/root/planner_ws/src/cpp_pubsub/src/feasible_region.cpp:[m[K In member function ‘[01m[Kdouble FeasibleRegion::SLower(double) const[m[K’:
[0.895s] [01m[K/root/planner_ws/src/cpp_pubsub/src/feasible_region.cpp:16:1:[m[K [01;35m[Kwarning: [m[Kno return statement in function returning non-void [[01;35m[K-Wreturn-type[m[K]
[0.895s]    16 | [01;35m[K}[m[K
[0.895s]       | [01;35m[K^[m[K
[0.895s] [01m[K/root/planner_ws/src/cpp_pubsub/src/feasible_region.cpp:14:44:[m[K [01;35m[Kwarning: [m[Kunused parameter ‘[01m[Kt[m[K’ [[01;35m[K-Wunused-parameter[m[K]
[0.895s]    14 | double FeasibleRegion::SLower([01;35m[Kconst double t[m[K) const
[0.895s]       |                               [01;35m[K~~~~~~~~~~~~~^[m[K
[0.895s] [01m[K/root/planner_ws/src/cpp_pubsub/src/feasible_region.cpp:[m[K In member function ‘[01m[Kdouble FeasibleRegion::VUpper(double) const[m[K’:
[0.895s] [01m[K/root/planner_ws/src/cpp_pubsub/src/feasible_region.cpp:20:1:[m[K [01;35m[Kwarning: [m[Kno return statement in function returning non-void [[01;35m[K-Wreturn-type[m[K]
[0.896s]    20 | [01;35m[K}[m[K
[0.896s]       | [01;35m[K^[m[K
[0.896s] [01m[K/root/planner_ws/src/cpp_pubsub/src/feasible_region.cpp:18:44:[m[K [01;35m[Kwarning: [m[Kunused parameter ‘[01m[Kt[m[K’ [[01;35m[K-Wunused-parameter[m[K]
[0.896s]    18 | double FeasibleRegion::VUpper([01;35m[Kconst double t[m[K) const
[0.896s]       |                               [01;35m[K~~~~~~~~~~~~~^[m[K
[0.896s] [01m[K/root/planner_ws/src/cpp_pubsub/src/feasible_region.cpp:[m[K In member function ‘[01m[Kdouble FeasibleRegion::VLower(double) const[m[K’:
[0.896s] [01m[K/root/planner_ws/src/cpp_pubsub/src/feasible_region.cpp:24:1:[m[K [01;35m[Kwarning: [m[Kno return statement in function returning non-void [[01;35m[K-Wreturn-type[m[K]
[0.896s]    24 | [01;35m[K}[m[K
[0.896s]       | [01;35m[K^[m[K
[0.896s] [01m[K/root/planner_ws/src/cpp_pubsub/src/feasible_region.cpp:22:44:[m[K [01;35m[Kwarning: [m[Kunused parameter ‘[01m[Kt[m[K’ [[01;35m[K-Wunused-parameter[m[K]
[0.897s]    22 | double FeasibleRegion::VLower([01;35m[Kconst double t[m[K) const
[0.897s]       |                               [01;35m[K~~~~~~~~~~~~~^[m[K
[0.897s] [01m[K/root/planner_ws/src/cpp_pubsub/src/feasible_region.cpp:[m[K In member function ‘[01m[Kdouble FeasibleRegion::TLower(double) const[m[K’:
[0.897s] [01m[K/root/planner_ws/src/cpp_pubsub/src/feasible_region.cpp:28:1:[m[K [01;35m[Kwarning: [m[Kno return statement in function returning non-void [[01;35m[K-Wreturn-type[m[K]
[0.897s]    28 | [01;35m[K}[m[K
[0.897s]       | [01;35m[K^[m[K
[0.897s] [01m[K/root/planner_ws/src/cpp_pubsub/src/feasible_region.cpp:26:44:[m[K [01;35m[Kwarning: [m[Kunused parameter ‘[01m[Ks[m[K’ [[01;35m[K-Wunused-parameter[m[K]
[0.897s]    26 | double FeasibleRegion::TLower([01;35m[Kconst double s[m[K) const
[0.897s]       |                               [01;35m[K~~~~~~~~~~~~~^[m[K
[0.974s] [01m[K/root/planner_ws/src/cpp_pubsub/src/end_condition_sampler.cpp:[m[K In member function ‘[01m[Kstd::vector<std::pair<std::array<double, 3>, double> > EndConditionSampler::SampleLonEndConditionsForCruising(double) const[m[K’:
[0.974s] [01m[K/root/planner_ws/src/cpp_pubsub/src/end_condition_sampler.cpp:41:1:[m[K [01;35m[Kwarning: [m[Kno return statement in function returning non-void [[01;35m[K-Wreturn-type[m[K]
[0.974s]    41 | [01;35m[K}[m[K
[0.975s]       | [01;35m[K^[m[K
[0.975s] [01m[K/root/planner_ws/src/cpp_pubsub/src/end_condition_sampler.cpp:[m[K In member function ‘[01m[Kstd::vector<std::pair<std::array<double, 3>, double> > EndConditionSampler::SampleLonEndConditionsForStopping(double) const[m[K’:
[0.975s] [01m[K/root/planner_ws/src/cpp_pubsub/src/end_condition_sampler.cpp:46:1:[m[K [01;35m[Kwarning: [m[Kno return statement in function returning non-void [[01;35m[K-Wreturn-type[m[K]
[0.975s]    46 | [01;35m[K}[m[K
[0.975s]       | [01;35m[K^[m[K
[0.975s] [01m[K/root/planner_ws/src/cpp_pubsub/src/end_condition_sampler.cpp:44:69:[m[K [01;35m[Kwarning: [m[Kunused parameter ‘[01m[Kref_stop_point[m[K’ [[01;35m[K-Wunused-parameter[m[K]
[0.975s]    44 | EndConditionSampler::SampleLonEndConditionsForStopping([01;35m[Kconst double ref_stop_point[m[K) const
[0.975s]       |                                                        [01;35m[K~~~~~~~~~~~~~^~~~~~~~~~~~~~[m[K
[0.975s] [01m[K/root/planner_ws/src/cpp_pubsub/src/end_condition_sampler.cpp:[m[K In member function ‘[01m[Kstd::vector<std::pair<std::array<double, 3>, double> > EndConditionSampler::SampleLonEndConditionsForLaneChange() const[m[K’:
[0.975s] [01m[K/root/planner_ws/src/cpp_pubsub/src/end_condition_sampler.cpp:51:1:[m[K [01;35m[Kwarning: [m[Kno return statement in function returning non-void [[01;35m[K-Wreturn-type[m[K]
[0.975s]    51 | [01;35m[K}[m[K
[0.976s]       | [01;35m[K^[m[K
[0.993s] [01m[K/root/planner_ws/src/cpp_pubsub/src/end_condition_sampler.cpp:[m[K In member function ‘[01m[Kstd::vector<std::pair<std::array<double, 3>, double> > EndConditionSampler::SampleLonEndConditionsForCruising(double) const[m[K’:
[0.993s] [01m[K/root/planner_ws/src/cpp_pubsub/src/end_condition_sampler.cpp:41:1:[m[K [01;35m[Kwarning: [m[Kno return statement in function returning non-void [[01;35m[K-Wreturn-type[m[K]
[0.994s]    41 | [01;35m[K}[m[K
[0.994s]       | [01;35m[K^[m[K
[0.994s] [01m[K/root/planner_ws/src/cpp_pubsub/src/end_condition_sampler.cpp:[m[K In member function ‘[01m[Kstd::vector<std::pair<std::array<double, 3>, double> > EndConditionSampler::SampleLonEndConditionsForStopping(double) const[m[K’:
[0.994s] [01m[K/root/planner_ws/src/cpp_pubsub/src/end_condition_sampler.cpp:46:1:[m[K [01;35m[Kwarning: [m[Kno return statement in function returning non-void [[01;35m[K-Wreturn-type[m[K]
[0.994s]    46 | [01;35m[K}[m[K
[0.994s]       | [01;35m[K^[m[K
[0.994s] [01m[K/root/planner_ws/src/cpp_pubsub/src/end_condition_sampler.cpp:44:69:[m[K [01;35m[Kwarning: [m[Kunused parameter ‘[01m[Kref_stop_point[m[K’ [[01;35m[K-Wunused-parameter[m[K]
[0.994s]    44 | EndConditionSampler::SampleLonEndConditionsForStopping([01;35m[Kconst double ref_stop_point[m[K) const
[0.994s]       |                                                        [01;35m[K~~~~~~~~~~~~~^~~~~~~~~~~~~~[m[K
[0.994s] [01m[K/root/planner_ws/src/cpp_pubsub/src/end_condition_sampler.cpp:[m[K In member function ‘[01m[Kstd::vector<std::pair<std::array<double, 3>, double> > EndConditionSampler::SampleLonEndConditionsForLaneChange() const[m[K’:
[0.994s] [01m[K/root/planner_ws/src/cpp_pubsub/src/end_condition_sampler.cpp:51:1:[m[K [01;35m[Kwarning: [m[Kno return statement in function returning non-void [[01;35m[K-Wreturn-type[m[K]
[0.994s]    51 | [01;35m[K}[m[K
[0.995s]       | [01;35m[K^[m[K
[1.124s] [01m[K/root/planner_ws/src/cpp_pubsub/src/Trajectory1dGenerator.cpp:[m[K In member function ‘[01m[Kvoid Trajectory1dGenerator::GenerateLongitudinalTrajectoryBundle(double, std::vector<LONspeed>&)[m[K’:
[1.125s] [01m[K/root/planner_ws/src/cpp_pubsub/src/Trajectory1dGenerator.cpp:64:73:[m[K [01;35m[Kwarning: [m[Kunused parameter ‘[01m[Ktargetspeed[m[K’ [[01;35m[K-Wunused-parameter[m[K]
[1.125s]    64 | void Trajectory1dGenerator::GenerateLongitudinalTrajectoryBundle([01;35m[Kdouble targetspeed[m[K,
[1.125s]       |                                                                  [01;35m[K~~~~~~~^~~~~~~~~~~[m[K
[1.125s] [01m[K/root/planner_ws/src/cpp_pubsub/src/Trajectory1dGenerator.cpp:65:84:[m[K [01;35m[Kwarning: [m[Kunused parameter ‘[01m[Kptr_lon_trajectory_bundle[m[K’ [[01;35m[K-Wunused-parameter[m[K]
[1.125s]    65 |                                                                  [01;35m[Kvector<LONspeed> &ptr_lon_trajectory_bundle[m[K)
[1.125s]       |                                                                  [01;35m[K~~~~~~~~~~~~~~~~~~^~~~~~~~~~~~~~~~~~~~~~~~~[m[K
[1.142s] [01m[K/root/planner_ws/src/cpp_pubsub/src/Trajectory1dGenerator.cpp:[m[K In member function ‘[01m[Kvoid Trajectory1dGenerator::GenerateLongitudinalTrajectoryBundle(double, std::vector<LONspeed>&)[m[K’:
[1.143s] [01m[K/root/planner_ws/src/cpp_pubsub/src/Trajectory1dGenerator.cpp:64:73:[m[K [01;35m[Kwarning: [m[Kunused parameter ‘[01m[Ktargetspeed[m[K’ [[01;35m[K-Wunused-parameter[m[K]
[1.143s]    64 | void Trajectory1dGenerator::GenerateLongitudinalTrajectoryBundle([01;35m[Kdouble targetspeed[m[K,
[1.143s]       |                                                                  [01;35m[K~~~~~~~^~~~~~~~~~~[m[K
[1.143s] [01m[K/root/planner_ws/src/cpp_pubsub/src/Trajectory1dGenerator.cpp:65:84:[m[K [01;35m[Kwarning: [m[Kunused parameter ‘[01m[Kptr_lon_trajectory_bundle[m[K’ [[01;35m[K-Wunused-parameter[m[K]
[1.143s]    65 |                                                                  [01;35m[Kvector<LONspeed> &ptr_lon_trajectory_bundle[m[K)
[1.143s]       |                                                                  [01;35m[K~~~~~~~~~~~~~~~~~~^~~~~~~~~~~~~~~~~~~~~~~~~[m[K
[2.118s] [01m[K/root/planner_ws/src/cpp_pubsub/src/manager.cpp:[m[K In member function ‘[01m[Kvoid Manage_Planner::planner()[m[K’:
[2.118s] [01m[K/root/planner_ws/src/cpp_pubsub/src/manager.cpp:197:42:[m[K [01;31m[Kerror: [m[Kconflicting declaration ‘[01m[Kstd::vector<std::pair<std::vector<double, std::allocator<double> >, double> > lon_end_conditions[m[K’
[2.118s]   197 |     vector<pair<vector<double>, double>> [01;31m[Klon_end_conditions[m[K;
[2.118s]       |                                          [01;31m[K^~~~~~~~~~~~~~~~~~[m[K
[2.118s] [01m[K/root/planner_ws/src/cpp_pubsub/src/manager.cpp:165:44:[m[K [01;36m[Knote: [m[Kprevious declaration as ‘[01m[Kstd::vector<std::pair<std::array<double, 3>, double> > lon_end_conditions[m[K’
[2.119s]   165 |     vector<pair<array<double, 3>, double>> [01;36m[Klon_end_conditions[m[K;
[2.119s]       |                                            [01;36m[K^~~~~~~~~~~~~~~~~~[m[K
[2.135s] [01m[K/root/planner_ws/src/cpp_pubsub/src/manager.cpp:[m[K In member function ‘[01m[Kvoid Manage_Planner::planner()[m[K’:
[2.135s] [01m[K/root/planner_ws/src/cpp_pubsub/src/manager.cpp:197:42:[m[K [01;31m[Kerror: [m[Kconflicting declaration ‘[01m[Kstd::vector<std::pair<std::vector<double, std::allocator<double> >, double> > lon_end_conditions[m[K’
[2.135s]   197 |     vector<pair<vector<double>, double>> [01;31m[Klon_end_conditions[m[K;
[2.135s]       |                                          [01;31m[K^~~~~~~~~~~~~~~~~~[m[K
[2.135s] [01m[K/root/planner_ws/src/cpp_pubsub/src/manager.cpp:165:44:[m[K [01;36m[Knote: [m[Kprevious declaration as ‘[01m[Kstd::vector<std::pair<std::array<double, 3>, double> > lon_end_conditions[m[K’
[2.135s]   165 |     vector<pair<array<double, 3>, double>> [01;36m[Klon_end_conditions[m[K;
[2.135s]       |                                            [01;36m[K^~~~~~~~~~~~~~~~~~[m[K
[2.366s] In file included from [01m[K/usr/include/x86_64-linux-gnu/c++/9/bits/c++allocator.h:33[m[K,
[2.367s]                  from [01m[K/usr/include/c++/9/bits/allocator.h:46[m[K,
[2.367s]                  from [01m[K/usr/include/c++/9/vector:64[m[K,
[2.367s]                  from [01m[K/root/planner_ws/src/cpp_pubsub/include/manager.hpp:4[m[K,
[2.367s]                  from [01m[K/root/planner_ws/src/cpp_pubsub/src/manager.cpp:1[m[K:
[2.367s] /usr/include/c++/9/ext/new_allocator.h: In instantiation of ‘[01m[Kvoid __gnu_cxx::new_allocator<_Tp>::construct(_Up*, _Args&& ...) [with _Up = std::pair<std::array<double, 3>, double>; _Args = {std::vector<double, std::allocator<double> >&, const double&}; _Tp = std::pair<std::array<double, 3>, double>][m[K’:
[2.367s] [01m[K/usr/include/c++/9/bits/alloc_traits.h:483:4:[m[K   required from ‘[01m[Kstatic void std::allocator_traits<std::allocator<_Tp1> >::construct(std::allocator_traits<std::allocator<_Tp1> >::allocator_type&, _Up*, _Args&& ...) [with _Up = std::pair<std::array<double, 3>, double>; _Args = {std::vector<double, std::allocator<double> >&, const double&}; _Tp = std::pair<std::array<double, 3>, double>; std::allocator_traits<std::allocator<_Tp1> >::allocator_type = std::allocator<std::pair<std::array<double, 3>, double> >][m[K’
[2.367s] [01m[K/usr/include/c++/9/bits/vector.tcc:115:30:[m[K   required from ‘[01m[Kvoid std::vector<_Tp, _Alloc>::emplace_back(_Args&& ...) [with _Args = {std::vector<double, std::allocator<double> >&, const double&}; _Tp = std::pair<std::array<double, 3>, double>; _Alloc = std::allocator<std::pair<std::array<double, 3>, double> >][m[K’
[2.367s] [01m[K/root/planner_ws/src/cpp_pubsub/src/manager.cpp:203:59:[m[K   required from here
[2.367s] [01m[K/usr/include/c++/9/ext/new_allocator.h:146:4:[m[K [01;31m[Kerror: [m[Kno matching function for call to ‘[01m[Kstd::pair<std::array<double, 3>, double>::pair(std::vector<double, std::allocator<double> >&, const double&)[m[K’
[2.367s]   146 |  { [01;31m[K::new((void *)__p) _Up(std::forward<_Args>(__args)...)[m[K; }
[2.368s]       |    [01;31m[K^~~~~~~~~~~~~~~~~~~~~~~~~~~~~~~~~~~~~~~~~~~~~~~~~~~~~~[m[K
[2.368s] In file included from [01m[K/usr/include/c++/9/bits/stl_algobase.h:64[m[K,
[2.368s]                  from [01m[K/usr/include/c++/9/vector:60[m[K,
[2.368s]                  from [01m[K/root/planner_ws/src/cpp_pubsub/include/manager.hpp:4[m[K,
[2.368s]                  from [01m[K/root/planner_ws/src/cpp_pubsub/src/manager.cpp:1[m[K:
[2.368s] [01m[K/usr/include/c++/9/bits/stl_pair.h:436:9:[m[K [01;36m[Knote: [m[Kcandidate: ‘[01m[Ktemplate<class ... _Args1, long unsigned int ..._Indexes1, class ... _Args2, long unsigned int ..._Indexes2> std::pair<_T1, _T2>::pair(std::tuple<_Args1 ...>&, std::tuple<_Args2 ...>&, std::_Index_tuple<_Indexes1 ...>, std::_Index_tuple<_Indexes2 ...>)[m[K’
[2.368s]   436 |         [01;36m[Kpair[m[K(tuple<_Args1...>&, tuple<_Args2...>&,
[2.368s]       |         [01;36m[K^~~~[m[K
[2.368s] [01m[K/usr/include/c++/9/bits/stl_pair.h:436:9:[m[K [01;36m[Knote: [m[K  template argument deduction/substitution failed:
[2.368s] In file included from [01m[K/usr/include/x86_64-linux-gnu/c++/9/bits/c++allocator.h:33[m[K,
[2.368s]                  from [01m[K/usr/include/c++/9/bits/allocator.h:46[m[K,
[2.368s]                  from [01m[K/usr/include/c++/9/vector:64[m[K,
[2.368s]                  from [01m[K/root/planner_ws/src/cpp_pubsub/include/manager.hpp:4[m[K,
[2.369s]                  from [01m[K/root/planner_ws/src/cpp_pubsub/src/manager.cpp:1[m[K:
[2.369s] [01m[K/usr/include/c++/9/ext/new_allocator.h:146:4:[m[K [01;36m[Knote: [m[K  ‘[01m[Kstd::vector<double, std::allocator<double> >[m[K’ is not derived from ‘[01m[Kstd::tuple<_Tps ...>[m[K’
[2.369s]   146 |  { [01;36m[K::new((void *)__p) _Up(std::forward<_Args>(__args)...)[m[K; }
[2.369s]       |    [01;36m[K^~~~~~~~~~~~~~~~~~~~~~~~~~~~~~~~~~~~~~~~~~~~~~~~~~~~~~[m[K
[2.369s] In file included from [01m[K/usr/include/c++/9/bits/stl_algobase.h:64[m[K,
[2.369s]                  from [01m[K/usr/include/c++/9/vector:60[m[K,
[2.369s]                  from [01m[K/root/planner_ws/src/cpp_pubsub/include/manager.hpp:4[m[K,
[2.369s]                  from [01m[K/root/planner_ws/src/cpp_pubsub/src/manager.cpp:1[m[K:
[2.369s] [01m[K/usr/include/c++/9/bits/stl_pair.h:375:9:[m[K [01;36m[Knote: [m[Kcandidate: ‘[01m[Ktemplate<class ... _Args1, class ... _Args2> std::pair<_T1, _T2>::pair(std::piecewise_construct_t, std::tuple<_Args1 ...>, std::tuple<_Args2 ...>)[m[K’
[2.370s]   375 |         [01;36m[Kpair[m[K(piecewise_construct_t, tuple<_Args1...>, tuple<_Args2...>);
[2.370s]       |         [01;36m[K^~~~[m[K
[2.370s] [01m[K/usr/include/c++/9/bits/stl_pair.h:375:9:[m[K [01;36m[Knote: [m[K  template argument deduction/substitution failed:
[2.370s] In file included from [01m[K/usr/include/x86_64-linux-gnu/c++/9/bits/c++allocator.h:33[m[K,
[2.370s]                  from [01m[K/usr/include/c++/9/bits/allocator.h:46[m[K,
[2.370s]                  from [01m[K/usr/include/c++/9/vector:64[m[K,
[2.370s]                  from [01m[K/root/planner_ws/src/cpp_pubsub/include/manager.hpp:4[m[K,
[2.370s]                  from [01m[K/root/planner_ws/src/cpp_pubsub/src/manager.cpp:1[m[K:
[2.370s] [01m[K/usr/include/c++/9/ext/new_allocator.h:146:4:[m[K [01;36m[Knote: [m[K  mismatched types ‘[01m[Kstd::tuple<_Tps ...>[m[K’ and ‘[01m[Kdouble[m[K’
[2.370s]   146 |  { [01;36m[K::new((void *)__p) _Up(std::forward<_Args>(__args)...)[m[K; }
[2.370s]       |    [01;36m[K^~~~~~~~~~~~~~~~~~~~~~~~~~~~~~~~~~~~~~~~~~~~~~~~~~~~~~[m[K
[2.370s] In file included from [01m[K/usr/include/c++/9/bits/stl_algobase.h:64[m[K,
[2.370s]                  from [01m[K/usr/include/c++/9/vector:60[m[K,
[2.370s]                  from [01m[K/root/planner_ws/src/cpp_pubsub/include/manager.hpp:4[m[K,
[2.370s]                  from [01m[K/root/planner_ws/src/cpp_pubsub/src/manager.cpp:1[m[K:
[2.370s] [01m[K/usr/include/c++/9/bits/stl_pair.h:370:21:[m[K [01;36m[Knote: [m[Kcandidate: ‘[01m[Ktemplate<class _U1, class _U2, typename std::enable_if<(std::_PCC<((! std::is_same<std::array<double, 3>, _U1>::value) || (! std::is_same<double, _U2>::value)), std::array<double, 3>, double>::_MoveConstructiblePair<_U1, _U2>() && (! std::_PCC<((! std::is_same<std::array<double, 3>, _U1>::value) || (! std::is_same<double, _U2>::value)), std::array<double, 3>, double>::_ImplicitlyMoveConvertiblePair<_U1, _U2>())), bool>::type <anonymous> > constexpr std::pair<_T1, _T2>::pair(std::pair<_U1, _U2>&&)[m[K’
[2.370s]   370 |  explicit constexpr [01;36m[Kpair[m[K(pair<_U1, _U2>&& __p)
[2.370s]       |                     [01;36m[K^~~~[m[K
[2.370s] [01m[K/usr/include/c++/9/bits/stl_pair.h:370:21:[m[K [01;36m[Knote: [m[K  template argument deduction/substitution failed:
[2.371s] In file included from [01m[K/usr/include/x86_64-linux-gnu/c++/9/bits/c++allocator.h:33[m[K,
[2.371s]                  from [01m[K/usr/include/c++/9/bits/allocator.h:46[m[K,
[2.371s]                  from [01m[K/usr/include/c++/9/vector:64[m[K,
[2.371s]                  from [01m[K/root/planner_ws/src/cpp_pubsub/include/manager.hpp:4[m[K,
[2.371s]                  from [01m[K/root/planner_ws/src/cpp_pubsub/src/manager.cpp:1[m[K:
[2.371s] [01m[K/usr/include/c++/9/ext/new_allocator.h:146:4:[m[K [01;36m[Knote: [m[K  ‘[01m[Kstd::vector<double, std::allocator<double> >[m[K’ is not derived from ‘[01m[Kstd::pair<_T1, _T2>[m[K’
[2.371s]   146 |  { [01;36m[K::new((void *)__p) _Up(std::forward<_Args>(__args)...)[m[K; }
[2.371s]       |    [01;36m[K^~~~~~~~~~~~~~~~~~~~~~~~~~~~~~~~~~~~~~~~~~~~~~~~~~~~~~[m[K
[2.371s] In file included from [01m[K/usr/include/c++/9/bits/stl_algobase.h:64[m[K,
[2.371s]                  from [01m[K/usr/include/c++/9/vector:60[m[K,
[2.371s]                  from [01m[K/root/planner_ws/src/cpp_pubsub/include/manager.hpp:4[m[K,
[2.371s]                  from [01m[K/root/planner_ws/src/cpp_pubsub/src/manager.cpp:1[m[K:
[2.371s] [01m[K/usr/include/c++/9/bits/stl_pair.h:360:12:[m[K [01;36m[Knote: [m[Kcandidate: ‘[01m[Ktemplate<class _U1, class _U2, typename std::enable_if<(std::_PCC<((! std::is_same<std::array<double, 3>, _U1>::value) || (! std::is_same<double, _U2>::value)), std::array<double, 3>, double>::_MoveConstructiblePair<_U1, _U2>() && std::_PCC<((! std::is_same<std::array<double, 3>, _U1>::value) || (! std::is_same<double, _U2>::value)), std::array<double, 3>, double>::_ImplicitlyMoveConvertiblePair<_U1, _U2>()), bool>::type <anonymous> > constexpr std::pair<_T1, _T2>::pair(std::pair<_U1, _U2>&&)[m[K’
[2.371s]   360 |  constexpr [01;36m[Kpair[m[K(pair<_U1, _U2>&& __p)
[2.371s]       |            [01;36m[K^~~~[m[K
[2.371s] [01m[K/usr/include/c++/9/bits/stl_pair.h:360:12:[m[K [01;36m[Knote: [m[K  template argument deduction/substitution failed:
[2.371s] In file included from [01m[K/usr/include/x86_64-linux-gnu/c++/9/bits/c++allocator.h:33[m[K,
[2.371s]                  from [01m[K/usr/include/c++/9/bits/allocator.h:46[m[K,
[2.371s]                  from [01m[K/usr/include/c++/9/vector:64[m[K,
[2.372s]                  from [01m[K/root/planner_ws/src/cpp_pubsub/include/manager.hpp:4[m[K,
[2.372s]                  from [01m[K/root/planner_ws/src/cpp_pubsub/src/manager.cpp:1[m[K:
[2.372s] [01m[K/usr/include/c++/9/ext/new_allocator.h:146:4:[m[K [01;36m[Knote: [m[K  ‘[01m[Kstd::vector<double, std::allocator<double> >[m[K’ is not derived from ‘[01m[Kstd::pair<_T1, _T2>[m[K’
[2.372s]   146 |  { [01;36m[K::new((void *)__p) _Up(std::forward<_Args>(__args)...)[m[K; }
[2.372s]       |    [01;36m[K^~~~~~~~~~~~~~~~~~~~~~~~~~~~~~~~~~~~~~~~~~~~~~~~~~~~~~[m[K
[2.372s] In file included from [01m[K/usr/include/c++/9/bits/stl_algobase.h:64[m[K,
[2.372s]                  from [01m[K/usr/include/c++/9/vector:60[m[K,
[2.372s]                  from [01m[K/root/planner_ws/src/cpp_pubsub/include/manager.hpp:4[m[K,
[2.372s]                  from [01m[K/root/planner_ws/src/cpp_pubsub/src/manager.cpp:1[m[K:
[2.372s] [01m[K/usr/include/c++/9/bits/stl_pair.h:350:21:[m[K [01;36m[Knote: [m[Kcandidate: ‘[01m[Ktemplate<class _U1, class _U2, typename std::enable_if<(_MoveConstructiblePair<_U1, _U2>() && (! _ImplicitlyMoveConvertiblePair<_U1, _U2>())), bool>::type <anonymous> > constexpr std::pair<_T1, _T2>::pair(_U1&&, _U2&&)[m[K’
[2.372s]   350 |  explicit constexpr [01;36m[Kpair[m[K(_U1&& __x, _U2&& __y)
[2.372s]       |                     [01;36m[K^~~~[m[K
[2.372s] [01m[K/usr/include/c++/9/bits/stl_pair.h:350:21:[m[K [01;36m[Knote: [m[K  template argument deduction/substitution failed:
[2.373s] [01m[K/usr/include/c++/9/bits/stl_pair.h:349:38:[m[K [01;31m[Kerror: [m[Kno type named ‘[01m[Ktype[m[K’ in ‘[01m[Kstruct std::enable_if<false, bool>[m[K’
[2.373s]   349 |                          bool>::type=[01;31m[Kfalse[m[K>
[2.373s]       |                                      [01;31m[K^~~~~[m[K
[2.373s] [01m[K/usr/include/c++/9/bits/stl_pair.h:341:12:[m[K [01;36m[Knote: [m[Kcandidate: ‘[01m[Ktemplate<class _U1, class _U2, typename std::enable_if<(_MoveConstructiblePair<_U1, _U2>() && _ImplicitlyMoveConvertiblePair<_U1, _U2>()), bool>::type <anonymous> > constexpr std::pair<_T1, _T2>::pair(_U1&&, _U2&&)[m[K’
[2.373s]   341 |  constexpr [01;36m[Kpair[m[K(_U1&& __x, _U2&& __y)
[2.373s]       |            [01;36m[K^~~~[m[K
[2.373s] [01m[K/usr/include/c++/9/bits/stl_pair.h:341:12:[m[K [01;36m[Knote: [m[K  template argument deduction/substitution failed:
[2.373s] [01m[K/usr/include/c++/9/bits/stl_pair.h:340:38:[m[K [01;31m[Kerror: [m[Kno type named ‘[01m[Ktype[m[K’ in ‘[01m[Kstruct std::enable_if<false, bool>[m[K’
[2.373s]   340 |                          bool>::type=[01;31m[Ktrue[m[K>
[2.373s]       |                                      [01;31m[K^~~~[m[K
[2.373s] [01m[K/usr/include/c++/9/bits/stl_pair.h:332:17:[m[K [01;36m[Knote: [m[Kcandidate: ‘[01m[Ktemplate<class _U2, typename std::enable_if<_CopyMovePair<false, std::array<double, 3>, _U2>(), bool>::type <anonymous> > std::pair<_T1, _T2>::pair(const _T1&, _U2&&)[m[K’
[2.373s]   332 |        explicit [01;36m[Kpair[m[K(const _T1& __x, _U2&& __y)
[2.374s]       |                 [01;36m[K^~~~[m[K
[2.374s] [01m[K/usr/include/c++/9/bits/stl_pair.h:332:17:[m[K [01;36m[Knote: [m[K  template argument deduction/substitution failed:
[2.374s] [01m[K/usr/include/c++/9/bits/stl_pair.h:331:38:[m[K [01;31m[Kerror: [m[Kno type named ‘[01m[Ktype[m[K’ in ‘[01m[Kstruct std::enable_if<false, bool>[m[K’
[2.374s]   331 |                          bool>::type=[01;31m[Kfalse[m[K>
[2.374s]       |                                      [01;31m[K^~~~~[m[K
[2.374s] [01m[K/usr/include/c++/9/bits/stl_pair.h:325:18:[m[K [01;36m[Knote: [m[Kcandidate: ‘[01m[Ktemplate<class _U2, typename std::enable_if<_CopyMovePair<true, std::array<double, 3>, _U2>(), bool>::type <anonymous> > constexpr std::pair<_T1, _T2>::pair(const _T1&, _U2&&)[m[K’
[2.374s]   325 |        constexpr [01;36m[Kpair[m[K(const _T1& __x, _U2&& __y)
[2.374s]       |                  [01;36m[K^~~~[m[K
[2.374s] [01m[K/usr/include/c++/9/bits/stl_pair.h:325:18:[m[K [01;36m[Knote: [m[K  template argument deduction/substitution failed:
[2.374s] In file included from [01m[K/usr/include/x86_64-linux-gnu/c++/9/bits/c++allocator.h:33[m[K,
[2.374s]                  from [01m[K/usr/include/c++/9/bits/allocator.h:46[m[K,
[2.374s]                  from [01m[K/usr/include/c++/9/vector:64[m[K,
[2.374s]                  from [01m[K/root/planner_ws/src/cpp_pubsub/include/manager.hpp:4[m[K,
[2.374s]                  from [01m[K/root/planner_ws/src/cpp_pubsub/src/manager.cpp:1[m[K:
[2.375s] [01m[K/usr/include/c++/9/ext/new_allocator.h:146:4:[m[K [01;36m[Knote: [m[K  cannot convert ‘[01m[Kstd::forward<std::vector<double, std::allocator<double> >&>((* & __args#0))[m[K’ (type ‘[01m[Kstd::vector<double, std::allocator<double> >[m[K’) to type ‘[01m[Kconst std::array<double, 3>&[m[K’
[2.375s]   146 |  { [01;36m[K::new((void *)__p) _Up(std::forward<_Args>(__args)...)[m[K; }
[2.375s]       |    [01;36m[K^~~~~~~~~~~~~~~~~~~~~~~~~~~~~~~~~~~~~~~~~~~~~~~~~~~~~~[m[K
[2.375s] In file included from [01m[K/usr/include/c++/9/bits/stl_algobase.h:64[m[K,
[2.375s]                  from [01m[K/usr/include/c++/9/vector:60[m[K,
[2.375s]                  from [01m[K/root/planner_ws/src/cpp_pubsub/include/manager.hpp:4[m[K,
[2.375s]                  from [01m[K/root/planner_ws/src/cpp_pubsub/src/manager.cpp:1[m[K:
[2.375s] [01m[K/usr/include/c++/9/bits/stl_pair.h:318:27:[m[K [01;36m[Knote: [m[Kcandidate: ‘[01m[Ktemplate<class _U1, typename std::enable_if<_MoveCopyPair<false, _U1, double>(), bool>::type <anonymous> > constexpr std::pair<_T1, _T2>::pair(_U1&&, const _T2&)[m[K’
[2.375s]   318 |        explicit constexpr [01;36m[Kpair[m[K(_U1&& __x, const _T2& __y)
[2.375s]       |                           [01;36m[K^~~~[m[K
[2.375s] [01m[K/usr/include/c++/9/bits/stl_pair.h:318:27:[m[K [01;36m[Knote: [m[K  template argument deduction/substitution failed:
[2.376s] [01m[K/usr/include/c++/9/bits/stl_pair.h:317:38:[m[K [01;31m[Kerror: [m[Kno type named ‘[01m[Ktype[m[K’ in ‘[01m[Kstruct std::enable_if<false, bool>[m[K’
[2.376s]   317 |                          bool>::type=[01;31m[Kfalse[m[K>
[2.376s]       |                                      [01;31m[K^~~~~[m[K
[2.376s] [01m[K/usr/include/c++/9/bits/stl_pair.h:311:18:[m[K [01;36m[Knote: [m[Kcandidate: ‘[01m[Ktemplate<class _U1, typename std::enable_if<_MoveCopyPair<true, _U1, double>(), bool>::type <anonymous> > constexpr std::pair<_T1, _T2>::pair(_U1&&, const _T2&)[m[K’
[2.376s]   311 |        constexpr [01;36m[Kpair[m[K(_U1&& __x, const _T2& __y)
[2.376s]       |                  [01;36m[K^~~~[m[K
[2.376s] [01m[K/usr/include/c++/9/bits/stl_pair.h:311:18:[m[K [01;36m[Knote: [m[K  template argument deduction/substitution failed:
[2.376s] [01m[K/usr/include/c++/9/bits/stl_pair.h:310:38:[m[K [01;31m[Kerror: [m[Kno type named ‘[01m[Ktype[m[K’ in ‘[01m[Kstruct std::enable_if<false, bool>[m[K’
[2.376s]   310 |                          bool>::type=[01;31m[Ktrue[m[K>
[2.376s]       |                                      [01;31m[K^~~~[m[K
[2.376s] [01m[K/usr/include/c++/9/bits/stl_pair.h:304:17:[m[K [01;36m[Knote: [m[Kcandidate: ‘[01m[Kconstexpr std::pair<_T1, _T2>::pair(std::pair<_T1, _T2>&&) [with _T1 = std::array<double, 3>; _T2 = double][m[K’
[2.376s]   304 |       constexpr [01;36m[Kpair[m[K(pair&&) = default;
[2.377s]       |                 [01;36m[K^~~~[m[K
[2.377s] [01m[K/usr/include/c++/9/bits/stl_pair.h:304:17:[m[K [01;36m[Knote: [m[K  candidate expects 1 argument, 2 provided
[2.377s] [01m[K/usr/include/c++/9/bits/stl_pair.h:303:17:[m[K [01;36m[Knote: [m[Kcandidate: ‘[01m[Kconstexpr std::pair<_T1, _T2>::pair(const std::pair<_T1, _T2>&) [with _T1 = std::array<double, 3>; _T2 = double][m[K’
[2.377s]   303 |       constexpr [01;36m[Kpair[m[K(const pair&) = default;
[2.377s]       |                 [01;36m[K^~~~[m[K
[2.377s] [01m[K/usr/include/c++/9/bits/stl_pair.h:303:17:[m[K [01;36m[Knote: [m[K  candidate expects 1 argument, 2 provided
[2.377s] [01m[K/usr/include/c++/9/bits/stl_pair.h:300:21:[m[K [01;36m[Knote: [m[Kcandidate: ‘[01m[Ktemplate<class _U1, class _U2, typename std::enable_if<(std::_PCC<((! std::is_same<std::array<double, 3>, _U1>::value) || (! std::is_same<double, _U2>::value)), std::array<double, 3>, double>::_ConstructiblePair<_U1, _U2>() && (! std::_PCC<((! std::is_same<std::array<double, 3>, _U1>::value) || (! std::is_same<double, _U2>::value)), std::array<double, 3>, double>::_ImplicitlyConvertiblePair<_U1, _U2>())), bool>::type <anonymous> > constexpr std::pair<_T1, _T2>::pair(const std::pair<_U1, _U2>&)[m[K’
[2.377s]   300 |  explicit constexpr [01;36m[Kpair[m[K(const pair<_U1, _U2>& __p)
[2.377s]       |                     [01;36m[K^~~~[m[K
[2.377s] [01m[K/usr/include/c++/9/bits/stl_pair.h:300:21:[m[K [01;36m[Knote: [m[K  template argument deduction/substitution failed:
[2.377s] In file included from [01m[K/usr/include/x86_64-linux-gnu/c++/9/bits/c++allocator.h:33[m[K,
[2.377s]                  from [01m[K/usr/include/c++/9/bits/allocator.h:46[m[K,
[2.377s]                  from [01m[K/usr/include/c++/9/vector:64[m[K,
[2.377s]                  from [01m[K/root/planner_ws/src/cpp_pubsub/include/manager.hpp:4[m[K,
[2.377s]                  from [01m[K/root/planner_ws/src/cpp_pubsub/src/manager.cpp:1[m[K:
[2.377s] [01m[K/usr/include/c++/9/ext/new_allocator.h:146:4:[m[K [01;36m[Knote: [m[K  ‘[01m[Kstd::vector<double, std::allocator<double> >[m[K’ is not derived from ‘[01m[Kconst std::pair<_T1, _T2>[m[K’
[2.378s]   146 |  { [01;36m[K::new((void *)__p) _Up(std::forward<_Args>(__args)...)[m[K; }
[2.378s]       |    [01;36m[K^~~~~~~~~~~~~~~~~~~~~~~~~~~~~~~~~~~~~~~~~~~~~~~~~~~~~~[m[K
[2.378s] In file included from [01m[K/usr/include/c++/9/bits/stl_algobase.h:64[m[K,
[2.378s]                  from [01m[K/usr/include/c++/9/vector:60[m[K,
[2.378s]                  from [01m[K/root/planner_ws/src/cpp_pubsub/include/manager.hpp:4[m[K,
[2.378s]                  from [01m[K/root/planner_ws/src/cpp_pubsub/src/manager.cpp:1[m[K:
[2.378s] [01m[K/usr/include/c++/9/bits/stl_pair.h:291:19:[m[K [01;36m[Knote: [m[Kcandidate: ‘[01m[Ktemplate<class _U1, class _U2, typename std::enable_if<(std::_PCC<((! std::is_same<std::array<double, 3>, _U1>::value) || (! std::is_same<double, _U2>::value)), std::array<double, 3>, double>::_ConstructiblePair<_U1, _U2>() && std::_PCC<((! std::is_same<std::array<double, 3>, _U1>::value) || (! std::is_same<double, _U2>::value)), std::array<double, 3>, double>::_ImplicitlyConvertiblePair<_U1, _U2>()), bool>::type <anonymous> > constexpr std::pair<_T1, _T2>::pair(const std::pair<_U1, _U2>&)[m[K’
[2.378s]   291 |         constexpr [01;36m[Kpair[m[K(const pair<_U1, _U2>& __p)
[2.378s]       |                   [01;36m[K^~~~[m[K
[2.378s] [01m[K/usr/include/c++/9/bits/stl_pair.h:291:19:[m[K [01;36m[Knote: [m[K  template argument deduction/substitution failed:
[2.378s] In file included from [01m[K/usr/include/x86_64-linux-gnu/c++/9/bits/c++allocator.h:33[m[K,
[2.378s]                  from [01m[K/usr/include/c++/9/bits/allocator.h:46[m[K,
[2.378s]                  from [01m[K/usr/include/c++/9/vector:64[m[K,
[2.378s]                  from [01m[K/root/planner_ws/src/cpp_pubsub/include/manager.hpp:4[m[K,
[2.378s]                  from [01m[K/root/planner_ws/src/cpp_pubsub/src/manager.cpp:1[m[K:
[2.378s] [01m[K/usr/include/c++/9/ext/new_allocator.h:146:4:[m[K [01;36m[Knote: [m[K  ‘[01m[Kstd::vector<double, std::allocator<double> >[m[K’ is not derived from ‘[01m[Kconst std::pair<_T1, _T2>[m[K’
[2.378s]   146 |  { [01;36m[K::new((void *)__p) _Up(std::forward<_Args>(__args)...)[m[K; }
[2.378s]       |    [01;36m[K^~~~~~~~~~~~~~~~~~~~~~~~~~~~~~~~~~~~~~~~~~~~~~~~~~~~~~[m[K
[2.379s] In file included from [01m[K/usr/include/c++/9/bits/stl_algobase.h:64[m[K,
[2.379s]                  from [01m[K/usr/include/c++/9/vector:60[m[K,
[2.379s]                  from [01m[K/root/planner_ws/src/cpp_pubsub/include/manager.hpp:4[m[K,
[2.379s]                  from [01m[K/root/planner_ws/src/cpp_pubsub/src/manager.cpp:1[m[K:
[2.379s] [01m[K/usr/include/c++/9/bits/stl_pair.h:269:26:[m[K [01;36m[Knote: [m[Kcandidate: ‘[01m[Ktemplate<class _U1, class _U2, typename std::enable_if<(_ConstructiblePair<_U1, _U2>() && (! _ImplicitlyConvertiblePair<_U1, _U2>())), bool>::type <anonymous> > constexpr std::pair<_T1, _T2>::pair(const _T1&, const _T2&)[m[K’
[2.379s]   269 |       explicit constexpr [01;36m[Kpair[m[K(const _T1& __a, const _T2& __b)
[2.379s]       |                          [01;36m[K^~~~[m[K
[2.379s] [01m[K/usr/include/c++/9/bits/stl_pair.h:269:26:[m[K [01;36m[Knote: [m[K  template argument deduction/substitution failed:
[2.379s] [01m[K/usr/include/c++/9/bits/stl_pair.h:268:38:[m[K [01;31m[Kerror: [m[Kno type named ‘[01m[Ktype[m[K’ in ‘[01m[Kstruct std::enable_if<false, bool>[m[K’
[2.379s]   268 |                          bool>::type=[01;31m[Kfalse[m[K>
[2.379s]       |                                      [01;31m[K^~~~~[m[K
[2.380s] [01m[K/usr/include/c++/9/bits/stl_pair.h:260:17:[m[K [01;36m[Knote: [m[Kcandidate: ‘[01m[Ktemplate<class _U1, class _U2, typename std::enable_if<(_ConstructiblePair<_U1, _U2>() && _ImplicitlyConvertiblePair<_U1, _U2>()), bool>::type <anonymous> > constexpr std::pair<_T1, _T2>::pair(const _T1&, const _T2&)[m[K’
[2.380s]   260 |       constexpr [01;36m[Kpair[m[K(const _T1& __a, const _T2& __b)
[2.380s]       |                 [01;36m[K^~~~[m[K
[2.380s] [01m[K/usr/include/c++/9/bits/stl_pair.h:260:17:[m[K [01;36m[Knote: [m[K  template argument deduction/substitution failed:
[2.380s] In file included from [01m[K/usr/include/x86_64-linux-gnu/c++/9/bits/c++allocator.h:33[m[K,
[2.380s]                  from [01m[K/usr/include/c++/9/bits/allocator.h:46[m[K,
[2.380s]                  from [01m[K/usr/include/c++/9/vector:64[m[K,
[2.380s]                  from [01m[K/root/planner_ws/src/cpp_pubsub/include/manager.hpp:4[m[K,
[2.380s]                  from [01m[K/root/planner_ws/src/cpp_pubsub/src/manager.cpp:1[m[K:
[2.380s] [01m[K/usr/include/c++/9/ext/new_allocator.h:146:4:[m[K [01;36m[Knote: [m[K  cannot convert ‘[01m[Kstd::forward<std::vector<double, std::allocator<double> >&>((* & __args#0))[m[K’ (type ‘[01m[Kstd::vector<double, std::allocator<double> >[m[K’) to type ‘[01m[Kconst std::array<double, 3>&[m[K’
[2.380s]   146 |  { [01;36m[K::new((void *)__p) _Up(std::forward<_Args>(__args)...)[m[K; }
[2.380s]       |    [01;36m[K^~~~~~~~~~~~~~~~~~~~~~~~~~~~~~~~~~~~~~~~~~~~~~~~~~~~~~[m[K
[2.380s] In file included from [01m[K/usr/include/c++/9/bits/stl_algobase.h:64[m[K,
[2.381s]                  from [01m[K/usr/include/c++/9/vector:60[m[K,
[2.381s]                  from [01m[K/root/planner_ws/src/cpp_pubsub/include/manager.hpp:4[m[K,
[2.381s]                  from [01m[K/root/planner_ws/src/cpp_pubsub/src/manager.cpp:1[m[K:
[2.381s] [01m[K/usr/include/c++/9/bits/stl_pair.h:242:26:[m[K [01;36m[Knote: [m[Kcandidate: ‘[01m[Ktemplate<class _U1, class _U2, typename std::enable_if<std::__and_<std::is_default_constructible<_Tp>, std::is_default_constructible<_Dp>, std::__not_<std::__and_<std::__is_implicitly_default_constructible<_U1>, std::__is_implicitly_default_constructible<_U2> > > >::value, bool>::type <anonymous> > constexpr std::pair<_T1, _T2>::pair()[m[K’
[2.381s]   242 |       explicit constexpr [01;36m[Kpair[m[K()
[2.381s]       |                          [01;36m[K^~~~[m[K
[2.381s] [01m[K/usr/include/c++/9/bits/stl_pair.h:242:26:[m[K [01;36m[Knote: [m[K  template argument deduction/substitution failed:
[2.381s] In file included from [01m[K/usr/include/x86_64-linux-gnu/c++/9/bits/c++allocator.h:33[m[K,
[2.381s]                  from [01m[K/usr/include/c++/9/bits/allocator.h:46[m[K,
[2.381s]                  from [01m[K/usr/include/c++/9/vector:64[m[K,
[2.381s]                  from [01m[K/root/planner_ws/src/cpp_pubsub/include/manager.hpp:4[m[K,
[2.382s]                  from [01m[K/root/planner_ws/src/cpp_pubsub/src/manager.cpp:1[m[K:
[2.382s] [01m[K/usr/include/c++/9/ext/new_allocator.h:146:4:[m[K [01;36m[Knote: [m[K  candidate expects 0 arguments, 2 provided
[2.382s]   146 |  { [01;36m[K::new((void *)__p) _Up(std::forward<_Args>(__args)...)[m[K; }
[2.382s]       |    [01;36m[K^~~~~~~~~~~~~~~~~~~~~~~~~~~~~~~~~~~~~~~~~~~~~~~~~~~~~~[m[K
[2.382s] In file included from [01m[K/usr/include/c++/9/bits/stl_algobase.h:64[m[K,
[2.382s]                  from [01m[K/usr/include/c++/9/vector:60[m[K,
[2.383s]                  from [01m[K/root/planner_ws/src/cpp_pubsub/include/manager.hpp:4[m[K,
[2.383s]                  from [01m[K/root/planner_ws/src/cpp_pubsub/src/manager.cpp:1[m[K:
[2.383s] [01m[K/usr/include/c++/9/bits/stl_pair.h:229:26:[m[K [01;36m[Knote: [m[Kcandidate: ‘[01m[Ktemplate<class _U1, class _U2, typename std::enable_if<std::__and_<std::__is_implicitly_default_constructible<_U1>, std::__is_implicitly_default_constructible<_U2> >::value, bool>::type <anonymous> > constexpr std::pair<_T1, _T2>::pair()[m[K’
[2.383s]   229 |       _GLIBCXX_CONSTEXPR [01;36m[Kpair[m[K()
[2.383s]       |                          [01;36m[K^~~~[m[K
[2.383s] [01m[K/usr/include/c++/9/bits/stl_pair.h:229:26:[m[K [01;36m[Knote: [m[K  template argument deduction/substitution failed:
[2.383s] In file included from [01m[K/usr/include/x86_64-linux-gnu/c++/9/bits/c++allocator.h:33[m[K,
[2.383s]                  from [01m[K/usr/include/c++/9/bits/allocator.h:46[m[K,
[2.383s]                  from [01m[K/usr/include/c++/9/vector:64[m[K,
[2.384s]                  from [01m[K/root/planner_ws/src/cpp_pubsub/include/manager.hpp:4[m[K,
[2.384s]                  from [01m[K/root/planner_ws/src/cpp_pubsub/src/manager.cpp:1[m[K:
[2.384s] [01m[K/usr/include/c++/9/ext/new_allocator.h:146:4:[m[K [01;36m[Knote: [m[K  candidate expects 0 arguments, 2 provided
[2.384s]   146 |  { [01;36m[K::new((void *)__p) _Up(std::forward<_Args>(__args)...)[m[K; }
[2.384s]       |    [01;36m[K^~~~~~~~~~~~~~~~~~~~~~~~~~~~~~~~~~~~~~~~~~~~~~~~~~~~~~[m[K
[2.386s] In file included from [01m[K/usr/include/x86_64-linux-gnu/c++/9/bits/c++allocator.h:33[m[K,
[2.386s]                  from [01m[K/usr/include/c++/9/bits/allocator.h:46[m[K,
[2.386s]                  from [01m[K/usr/include/c++/9/vector:64[m[K,
[2.386s]                  from [01m[K/root/planner_ws/src/cpp_pubsub/include/manager.hpp:4[m[K,
[2.386s]                  from [01m[K/root/planner_ws/src/cpp_pubsub/src/manager.cpp:1[m[K:
[2.386s] /usr/include/c++/9/ext/new_allocator.h: In instantiation of ‘[01m[Kvoid __gnu_cxx::new_allocator<_Tp>::construct(_Up*, _Args&& ...) [with _Up = std::pair<std::array<double, 3>, double>; _Args = {std::vector<double, std::allocator<double> >&, const double&}; _Tp = std::pair<std::array<double, 3>, double>][m[K’:
[2.387s] [01m[K/usr/include/c++/9/bits/alloc_traits.h:483:4:[m[K   required from ‘[01m[Kstatic void std::allocator_traits<std::allocator<_Tp1> >::construct(std::allocator_traits<std::allocator<_Tp1> >::allocator_type&, _Up*, _Args&& ...) [with _Up = std::pair<std::array<double, 3>, double>; _Args = {std::vector<double, std::allocator<double> >&, const double&}; _Tp = std::pair<std::array<double, 3>, double>; std::allocator_traits<std::allocator<_Tp1> >::allocator_type = std::allocator<std::pair<std::array<double, 3>, double> >][m[K’
[2.387s] [01m[K/usr/include/c++/9/bits/vector.tcc:115:30:[m[K   required from ‘[01m[Kvoid std::vector<_Tp, _Alloc>::emplace_back(_Args&& ...) [with _Args = {std::vector<double, std::allocator<double> >&, const double&}; _Tp = std::pair<std::array<double, 3>, double>; _Alloc = std::allocator<std::pair<std::array<double, 3>, double> >][m[K’
[2.387s] [01m[K/root/planner_ws/src/cpp_pubsub/src/manager.cpp:203:59:[m[K   required from here
[2.387s] [01m[K/usr/include/c++/9/ext/new_allocator.h:146:4:[m[K [01;31m[Kerror: [m[Kno matching function for call to ‘[01m[Kstd::pair<std::array<double, 3>, double>::pair(std::vector<double, std::allocator<double> >&, const double&)[m[K’
[2.388s]   146 |  { [01;31m[K::new((void *)__p) _Up(std::forward<_Args>(__args)...)[m[K; }
[2.388s]       |    [01;31m[K^~~~~~~~~~~~~~~~~~~~~~~~~~~~~~~~~~~~~~~~~~~~~~~~~~~~~~[m[K
[2.388s] In file included from [01m[K/usr/include/c++/9/bits/stl_algobase.h:64[m[K,
[2.388s]                  from [01m[K/usr/include/c++/9/vector:60[m[K,
[2.388s]                  from [01m[K/root/planner_ws/src/cpp_pubsub/include/manager.hpp:4[m[K,
[2.388s]                  from [01m[K/root/planner_ws/src/cpp_pubsub/src/manager.cpp:1[m[K:
[2.388s] [01m[K/usr/include/c++/9/bits/stl_pair.h:436:9:[m[K [01;36m[Knote: [m[Kcandidate: ‘[01m[Ktemplate<class ... _Args1, long unsigned int ..._Indexes1, class ... _Args2, long unsigned int ..._Indexes2> std::pair<_T1, _T2>::pair(std::tuple<_Args1 ...>&, std::tuple<_Args2 ...>&, std::_Index_tuple<_Indexes1 ...>, std::_Index_tuple<_Indexes2 ...>)[m[K’
[2.388s]   436 |         [01;36m[Kpair[m[K(tuple<_Args1...>&, tuple<_Args2...>&,
[2.388s]       |         [01;36m[K^~~~[m[K
[2.388s] [01m[K/usr/include/c++/9/bits/stl_pair.h:436:9:[m[K [01;36m[Knote: [m[K  template argument deduction/substitution failed:
[2.388s] In file included from [01m[K/usr/include/x86_64-linux-gnu/c++/9/bits/c++allocator.h:33[m[K,
[2.388s]                  from [01m[K/usr/include/c++/9/bits/allocator.h:46[m[K,
[2.388s]                  from [01m[K/usr/include/c++/9/vector:64[m[K,
[2.388s]                  from [01m[K/root/planner_ws/src/cpp_pubsub/include/manager.hpp:4[m[K,
[2.388s]                  from [01m[K/root/planner_ws/src/cpp_pubsub/src/manager.cpp:1[m[K:
[2.389s] [01m[K/usr/include/c++/9/ext/new_allocator.h:146:4:[m[K [01;36m[Knote: [m[K  ‘[01m[Kstd::vector<double, std::allocator<double> >[m[K’ is not derived from ‘[01m[Kstd::tuple<_Tps ...>[m[K’
[2.389s]   146 |  { [01;36m[K::new((void *)__p) _Up(std::forward<_Args>(__args)...)[m[K; }
[2.389s]       |    [01;36m[K^~~~~~~~~~~~~~~~~~~~~~~~~~~~~~~~~~~~~~~~~~~~~~~~~~~~~~[m[K
[2.389s] In file included from [01m[K/usr/include/c++/9/bits/stl_algobase.h:64[m[K,
[2.389s]                  from [01m[K/usr/include/c++/9/vector:60[m[K,
[2.389s]                  from [01m[K/root/planner_ws/src/cpp_pubsub/include/manager.hpp:4[m[K,
[2.389s]                  from [01m[K/root/planner_ws/src/cpp_pubsub/src/manager.cpp:1[m[K:
[2.389s] [01m[K/usr/include/c++/9/bits/stl_pair.h:375:9:[m[K [01;36m[Knote: [m[Kcandidate: ‘[01m[Ktemplate<class ... _Args1, class ... _Args2> std::pair<_T1, _T2>::pair(std::piecewise_construct_t, std::tuple<_Args1 ...>, std::tuple<_Args2 ...>)[m[K’
[2.389s]   375 |         [01;36m[Kpair[m[K(piecewise_construct_t, tuple<_Args1...>, tuple<_Args2...>);
[2.389s]       |         [01;36m[K^~~~[m[K
[2.389s] [01m[K/usr/include/c++/9/bits/stl_pair.h:375:9:[m[K [01;36m[Knote: [m[K  template argument deduction/substitution failed:
[2.389s] In file included from [01m[K/usr/include/x86_64-linux-gnu/c++/9/bits/c++allocator.h:33[m[K,
[2.389s]                  from [01m[K/usr/include/c++/9/bits/allocator.h:46[m[K,
[2.389s]                  from [01m[K/usr/include/c++/9/vector:64[m[K,
[2.389s]                  from [01m[K/root/planner_ws/src/cpp_pubsub/include/manager.hpp:4[m[K,
[2.389s]                  from [01m[K/root/planner_ws/src/cpp_pubsub/src/manager.cpp:1[m[K:
[2.389s] [01m[K/usr/include/c++/9/ext/new_allocator.h:146:4:[m[K [01;36m[Knote: [m[K  mismatched types ‘[01m[Kstd::tuple<_Tps ...>[m[K’ and ‘[01m[Kdouble[m[K’
[2.389s]   146 |  { [01;36m[K::new((void *)__p) _Up(std::forward<_Args>(__args)...)[m[K; }
[2.389s]       |    [01;36m[K^~~~~~~~~~~~~~~~~~~~~~~~~~~~~~~~~~~~~~~~~~~~~~~~~~~~~~[m[K
[2.389s] In file included from [01m[K/usr/include/c++/9/bits/stl_algobase.h:64[m[K,
[2.390s]                  from [01m[K/usr/include/c++/9/vector:60[m[K,
[2.390s]                  from [01m[K/root/planner_ws/src/cpp_pubsub/include/manager.hpp:4[m[K,
[2.390s]                  from [01m[K/root/planner_ws/src/cpp_pubsub/src/manager.cpp:1[m[K:
[2.390s] [01m[K/usr/include/c++/9/bits/stl_pair.h:370:21:[m[K [01;36m[Knote: [m[Kcandidate: ‘[01m[Ktemplate<class _U1, class _U2, typename std::enable_if<(std::_PCC<((! std::is_same<std::array<double, 3>, _U1>::value) || (! std::is_same<double, _U2>::value)), std::array<double, 3>, double>::_MoveConstructiblePair<_U1, _U2>() && (! std::_PCC<((! std::is_same<std::array<double, 3>, _U1>::value) || (! std::is_same<double, _U2>::value)), std::array<double, 3>, double>::_ImplicitlyMoveConvertiblePair<_U1, _U2>())), bool>::type <anonymous> > constexpr std::pair<_T1, _T2>::pair(std::pair<_U1, _U2>&&)[m[K’
[2.390s]   370 |  explicit constexpr [01;36m[Kpair[m[K(pair<_U1, _U2>&& __p)
[2.390s]       |                     [01;36m[K^~~~[m[K
[2.390s] [01m[K/usr/include/c++/9/bits/stl_pair.h:370:21:[m[K [01;36m[Knote: [m[K  template argument deduction/substitution failed:
[2.390s] In file included from [01m[K/usr/include/x86_64-linux-gnu/c++/9/bits/c++allocator.h:33[m[K,
[2.390s]                  from [01m[K/usr/include/c++/9/bits/allocator.h:46[m[K,
[2.390s]                  from [01m[K/usr/include/c++/9/vector:64[m[K,
[2.390s]                  from [01m[K/root/planner_ws/src/cpp_pubsub/include/manager.hpp:4[m[K,
[2.390s]                  from [01m[K/root/planner_ws/src/cpp_pubsub/src/manager.cpp:1[m[K:
[2.390s] [01m[K/usr/include/c++/9/ext/new_allocator.h:146:4:[m[K [01;36m[Knote: [m[K  ‘[01m[Kstd::vector<double, std::allocator<double> >[m[K’ is not derived from ‘[01m[Kstd::pair<_T1, _T2>[m[K’
[2.390s]   146 |  { [01;36m[K::new((void *)__p) _Up(std::forward<_Args>(__args)...)[m[K; }
[2.390s]       |    [01;36m[K^~~~~~~~~~~~~~~~~~~~~~~~~~~~~~~~~~~~~~~~~~~~~~~~~~~~~~[m[K
[2.390s] In file included from [01m[K/usr/include/c++/9/bits/stl_algobase.h:64[m[K,
[2.390s]                  from [01m[K/usr/include/c++/9/vector:60[m[K,
[2.390s]                  from [01m[K/root/planner_ws/src/cpp_pubsub/include/manager.hpp:4[m[K,
[2.390s]                  from [01m[K/root/planner_ws/src/cpp_pubsub/src/manager.cpp:1[m[K:
[2.391s] [01m[K/usr/include/c++/9/bits/stl_pair.h:360:12:[m[K [01;36m[Knote: [m[Kcandidate: ‘[01m[Ktemplate<class _U1, class _U2, typename std::enable_if<(std::_PCC<((! std::is_same<std::array<double, 3>, _U1>::value) || (! std::is_same<double, _U2>::value)), std::array<double, 3>, double>::_MoveConstructiblePair<_U1, _U2>() && std::_PCC<((! std::is_same<std::array<double, 3>, _U1>::value) || (! std::is_same<double, _U2>::value)), std::array<double, 3>, double>::_ImplicitlyMoveConvertiblePair<_U1, _U2>()), bool>::type <anonymous> > constexpr std::pair<_T1, _T2>::pair(std::pair<_U1, _U2>&&)[m[K’
[2.391s]   360 |  constexpr [01;36m[Kpair[m[K(pair<_U1, _U2>&& __p)
[2.391s]       |            [01;36m[K^~~~[m[K
[2.391s] [01m[K/usr/include/c++/9/bits/stl_pair.h:360:12:[m[K [01;36m[Knote: [m[K  template argument deduction/substitution failed:
[2.391s] In file included from [01m[K/usr/include/x86_64-linux-gnu/c++/9/bits/c++allocator.h:33[m[K,
[2.391s]                  from [01m[K/usr/include/c++/9/bits/allocator.h:46[m[K,
[2.391s]                  from [01m[K/usr/include/c++/9/vector:64[m[K,
[2.391s]                  from [01m[K/root/planner_ws/src/cpp_pubsub/include/manager.hpp:4[m[K,
[2.391s]                  from [01m[K/root/planner_ws/src/cpp_pubsub/src/manager.cpp:1[m[K:
[2.391s] [01m[K/usr/include/c++/9/ext/new_allocator.h:146:4:[m[K [01;36m[Knote: [m[K  ‘[01m[Kstd::vector<double, std::allocator<double> >[m[K’ is not derived from ‘[01m[Kstd::pair<_T1, _T2>[m[K’
[2.391s]   146 |  { [01;36m[K::new((void *)__p) _Up(std::forward<_Args>(__args)...)[m[K; }
[2.391s]       |    [01;36m[K^~~~~~~~~~~~~~~~~~~~~~~~~~~~~~~~~~~~~~~~~~~~~~~~~~~~~~[m[K
[2.391s] In file included from [01m[K/usr/include/c++/9/bits/stl_algobase.h:64[m[K,
[2.391s]                  from [01m[K/usr/include/c++/9/vector:60[m[K,
[2.392s]                  from [01m[K/root/planner_ws/src/cpp_pubsub/include/manager.hpp:4[m[K,
[2.392s]                  from [01m[K/root/planner_ws/src/cpp_pubsub/src/manager.cpp:1[m[K:
[2.392s] [01m[K/usr/include/c++/9/bits/stl_pair.h:350:21:[m[K [01;36m[Knote: [m[Kcandidate: ‘[01m[Ktemplate<class _U1, class _U2, typename std::enable_if<(_MoveConstructiblePair<_U1, _U2>() && (! _ImplicitlyMoveConvertiblePair<_U1, _U2>())), bool>::type <anonymous> > constexpr std::pair<_T1, _T2>::pair(_U1&&, _U2&&)[m[K’
[2.392s]   350 |  explicit constexpr [01;36m[Kpair[m[K(_U1&& __x, _U2&& __y)
[2.392s]       |                     [01;36m[K^~~~[m[K
[2.392s] [01m[K/usr/include/c++/9/bits/stl_pair.h:350:21:[m[K [01;36m[Knote: [m[K  template argument deduction/substitution failed:
[2.392s] [01m[K/usr/include/c++/9/bits/stl_pair.h:349:38:[m[K [01;31m[Kerror: [m[Kno type named ‘[01m[Ktype[m[K’ in ‘[01m[Kstruct std::enable_if<false, bool>[m[K’
[2.392s]   349 |                          bool>::type=[01;31m[Kfalse[m[K>
[2.392s]       |                                      [01;31m[K^~~~~[m[K
[2.392s] [01m[K/usr/include/c++/9/bits/stl_pair.h:341:12:[m[K [01;36m[Knote: [m[Kcandidate: ‘[01m[Ktemplate<class _U1, class _U2, typename std::enable_if<(_MoveConstructiblePair<_U1, _U2>() && _ImplicitlyMoveConvertiblePair<_U1, _U2>()), bool>::type <anonymous> > constexpr std::pair<_T1, _T2>::pair(_U1&&, _U2&&)[m[K’
[2.392s]   341 |  constexpr [01;36m[Kpair[m[K(_U1&& __x, _U2&& __y)
[2.392s]       |            [01;36m[K^~~~[m[K
[2.392s] [01m[K/usr/include/c++/9/bits/stl_pair.h:341:12:[m[K [01;36m[Knote: [m[K  template argument deduction/substitution failed:
[2.393s] [01m[K/usr/include/c++/9/bits/stl_pair.h:340:38:[m[K [01;31m[Kerror: [m[Kno type named ‘[01m[Ktype[m[K’ in ‘[01m[Kstruct std::enable_if<false, bool>[m[K’
[2.393s]   340 |                          bool>::type=[01;31m[Ktrue[m[K>
[2.393s]       |                                      [01;31m[K^~~~[m[K
[2.393s] [01m[K/usr/include/c++/9/bits/stl_pair.h:332:17:[m[K [01;36m[Knote: [m[Kcandidate: ‘[01m[Ktemplate<class _U2, typename std::enable_if<_CopyMovePair<false, std::array<double, 3>, _U2>(), bool>::type <anonymous> > std::pair<_T1, _T2>::pair(const _T1&, _U2&&)[m[K’
[2.393s]   332 |        explicit [01;36m[Kpair[m[K(const _T1& __x, _U2&& __y)
[2.393s]       |                 [01;36m[K^~~~[m[K
[2.393s] [01m[K/usr/include/c++/9/bits/stl_pair.h:332:17:[m[K [01;36m[Knote: [m[K  template argument deduction/substitution failed:
[2.393s] [01m[K/usr/include/c++/9/bits/stl_pair.h:331:38:[m[K [01;31m[Kerror: [m[Kno type named ‘[01m[Ktype[m[K’ in ‘[01m[Kstruct std::enable_if<false, bool>[m[K’
[2.393s]   331 |                          bool>::type=[01;31m[Kfalse[m[K>
[2.393s]       |                                      [01;31m[K^~~~~[m[K
[2.393s] [01m[K/usr/include/c++/9/bits/stl_pair.h:325:18:[m[K [01;36m[Knote: [m[Kcandidate: ‘[01m[Ktemplate<class _U2, typename std::enable_if<_CopyMovePair<true, std::array<double, 3>, _U2>(), bool>::type <anonymous> > constexpr std::pair<_T1, _T2>::pair(const _T1&, _U2&&)[m[K’
[2.393s]   325 |        constexpr [01;36m[Kpair[m[K(const _T1& __x, _U2&& __y)
[2.394s]       |                  [01;36m[K^~~~[m[K
[2.394s] [01m[K/usr/include/c++/9/bits/stl_pair.h:325:18:[m[K [01;36m[Knote: [m[K  template argument deduction/substitution failed:
[2.394s] In file included from [01m[K/usr/include/x86_64-linux-gnu/c++/9/bits/c++allocator.h:33[m[K,
[2.394s]                  from [01m[K/usr/include/c++/9/bits/allocator.h:46[m[K,
[2.394s]                  from [01m[K/usr/include/c++/9/vector:64[m[K,
[2.394s]                  from [01m[K/root/planner_ws/src/cpp_pubsub/include/manager.hpp:4[m[K,
[2.394s]                  from [01m[K/root/planner_ws/src/cpp_pubsub/src/manager.cpp:1[m[K:
[2.394s] [01m[K/usr/include/c++/9/ext/new_allocator.h:146:4:[m[K [01;36m[Knote: [m[K  cannot convert ‘[01m[Kstd::forward<std::vector<double, std::allocator<double> >&>((* & __args#0))[m[K’ (type ‘[01m[Kstd::vector<double, std::allocator<double> >[m[K’) to type ‘[01m[Kconst std::array<double, 3>&[m[K’
[2.394s]   146 |  { [01;36m[K::new((void *)__p) _Up(std::forward<_Args>(__args)...)[m[K; }
[2.394s]       |    [01;36m[K^~~~~~~~~~~~~~~~~~~~~~~~~~~~~~~~~~~~~~~~~~~~~~~~~~~~~~[m[K
[2.394s] In file included from [01m[K/usr/include/c++/9/bits/stl_algobase.h:64[m[K,
[2.394s]                  from [01m[K/usr/include/c++/9/vector:60[m[K,
[2.395s]                  from [01m[K/root/planner_ws/src/cpp_pubsub/include/manager.hpp:4[m[K,
[2.395s]                  from [01m[K/root/planner_ws/src/cpp_pubsub/src/manager.cpp:1[m[K:
[2.395s] [01m[K/usr/include/c++/9/bits/stl_pair.h:318:27:[m[K [01;36m[Knote: [m[Kcandidate: ‘[01m[Ktemplate<class _U1, typename std::enable_if<_MoveCopyPair<false, _U1, double>(), bool>::type <anonymous> > constexpr std::pair<_T1, _T2>::pair(_U1&&, const _T2&)[m[K’
[2.395s]   318 |        explicit constexpr [01;36m[Kpair[m[K(_U1&& __x, const _T2& __y)
[2.395s]       |                           [01;36m[K^~~~[m[K
[2.395s] [01m[K/usr/include/c++/9/bits/stl_pair.h:318:27:[m[K [01;36m[Knote: [m[K  template argument deduction/substitution failed:
[2.395s] [01m[K/usr/include/c++/9/bits/stl_pair.h:317:38:[m[K [01;31m[Kerror: [m[Kno type named ‘[01m[Ktype[m[K’ in ‘[01m[Kstruct std::enable_if<false, bool>[m[K’
[2.395s]   317 |                          bool>::type=[01;31m[Kfalse[m[K>
[2.395s]       |                                      [01;31m[K^~~~~[m[K
[2.395s] [01m[K/usr/include/c++/9/bits/stl_pair.h:311:18:[m[K [01;36m[Knote: [m[Kcandidate: ‘[01m[Ktemplate<class _U1, typename std::enable_if<_MoveCopyPair<true, _U1, double>(), bool>::type <anonymous> > constexpr std::pair<_T1, _T2>::pair(_U1&&, const _T2&)[m[K’
[2.395s]   311 |        constexpr [01;36m[Kpair[m[K(_U1&& __x, const _T2& __y)
[2.395s]       |                  [01;36m[K^~~~[m[K
[2.395s] [01m[K/usr/include/c++/9/bits/stl_pair.h:311:18:[m[K [01;36m[Knote: [m[K  template argument deduction/substitution failed:
[2.396s] [01m[K/usr/include/c++/9/bits/stl_pair.h:310:38:[m[K [01;31m[Kerror: [m[Kno type named ‘[01m[Ktype[m[K’ in ‘[01m[Kstruct std::enable_if<false, bool>[m[K’
[2.396s]   310 |                          bool>::type=[01;31m[Ktrue[m[K>
[2.396s]       |                                      [01;31m[K^~~~[m[K
[2.396s] [01m[K/usr/include/c++/9/bits/stl_pair.h:304:17:[m[K [01;36m[Knote: [m[Kcandidate: ‘[01m[Kconstexpr std::pair<_T1, _T2>::pair(std::pair<_T1, _T2>&&) [with _T1 = std::array<double, 3>; _T2 = double][m[K’
[2.396s]   304 |       constexpr [01;36m[Kpair[m[K(pair&&) = default;
[2.396s]       |                 [01;36m[K^~~~[m[K
[2.396s] [01m[K/usr/include/c++/9/bits/stl_pair.h:304:17:[m[K [01;36m[Knote: [m[K  candidate expects 1 argument, 2 provided
[2.396s] [01m[K/usr/include/c++/9/bits/stl_pair.h:303:17:[m[K [01;36m[Knote: [m[Kcandidate: ‘[01m[Kconstexpr std::pair<_T1, _T2>::pair(const std::pair<_T1, _T2>&) [with _T1 = std::array<double, 3>; _T2 = double][m[K’
[2.396s]   303 |       constexpr [01;36m[Kpair[m[K(const pair&) = default;
[2.396s]       |                 [01;36m[K^~~~[m[K
[2.396s] [01m[K/usr/include/c++/9/bits/stl_pair.h:303:17:[m[K [01;36m[Knote: [m[K  candidate expects 1 argument, 2 provided
[2.396s] [01m[K/usr/include/c++/9/bits/stl_pair.h:300:21:[m[K [01;36m[Knote: [m[Kcandidate: ‘[01m[Ktemplate<class _U1, class _U2, typename std::enable_if<(std::_PCC<((! std::is_same<std::array<double, 3>, _U1>::value) || (! std::is_same<double, _U2>::value)), std::array<double, 3>, double>::_ConstructiblePair<_U1, _U2>() && (! std::_PCC<((! std::is_same<std::array<double, 3>, _U1>::value) || (! std::is_same<double, _U2>::value)), std::array<double, 3>, double>::_ImplicitlyConvertiblePair<_U1, _U2>())), bool>::type <anonymous> > constexpr std::pair<_T1, _T2>::pair(const std::pair<_U1, _U2>&)[m[K’
[2.397s]   300 |  explicit constexpr [01;36m[Kpair[m[K(const pair<_U1, _U2>& __p)
[2.397s]       |                     [01;36m[K^~~~[m[K
[2.397s] [01m[K/usr/include/c++/9/bits/stl_pair.h:300:21:[m[K [01;36m[Knote: [m[K  template argument deduction/substitution failed:
[2.397s] In file included from [01m[K/usr/include/x86_64-linux-gnu/c++/9/bits/c++allocator.h:33[m[K,
[2.397s]                  from [01m[K/usr/include/c++/9/bits/allocator.h:46[m[K,
[2.397s]                  from [01m[K/usr/include/c++/9/vector:64[m[K,
[2.397s]                  from [01m[K/root/planner_ws/src/cpp_pubsub/include/manager.hpp:4[m[K,
[2.397s]                  from [01m[K/root/planner_ws/src/cpp_pubsub/src/manager.cpp:1[m[K:
[2.397s] [01m[K/usr/include/c++/9/ext/new_allocator.h:146:4:[m[K [01;36m[Knote: [m[K  ‘[01m[Kstd::vector<double, std::allocator<double> >[m[K’ is not derived from ‘[01m[Kconst std::pair<_T1, _T2>[m[K’
[2.397s]   146 |  { [01;36m[K::new((void *)__p) _Up(std::forward<_Args>(__args)...)[m[K; }
[2.397s]       |    [01;36m[K^~~~~~~~~~~~~~~~~~~~~~~~~~~~~~~~~~~~~~~~~~~~~~~~~~~~~~[m[K
[2.397s] In file included from [01m[K/usr/include/c++/9/bits/stl_algobase.h:64[m[K,
[2.397s]                  from [01m[K/usr/include/c++/9/vector:60[m[K,
[2.398s]                  from [01m[K/root/planner_ws/src/cpp_pubsub/include/manager.hpp:4[m[K,
[2.398s]                  from [01m[K/root/planner_ws/src/cpp_pubsub/src/manager.cpp:1[m[K:
[2.398s] [01m[K/usr/include/c++/9/bits/stl_pair.h:291:19:[m[K [01;36m[Knote: [m[Kcandidate: ‘[01m[Ktemplate<class _U1, class _U2, typename std::enable_if<(std::_PCC<((! std::is_same<std::array<double, 3>, _U1>::value) || (! std::is_same<double, _U2>::value)), std::array<double, 3>, double>::_ConstructiblePair<_U1, _U2>() && std::_PCC<((! std::is_same<std::array<double, 3>, _U1>::value) || (! std::is_same<double, _U2>::value)), std::array<double, 3>, double>::_ImplicitlyConvertiblePair<_U1, _U2>()), bool>::type <anonymous> > constexpr std::pair<_T1, _T2>::pair(const std::pair<_U1, _U2>&)[m[K’
[2.398s]   291 |         constexpr [01;36m[Kpair[m[K(const pair<_U1, _U2>& __p)
[2.398s]       |                   [01;36m[K^~~~[m[K
[2.398s] [01m[K/usr/include/c++/9/bits/stl_pair.h:291:19:[m[K [01;36m[Knote: [m[K  template argument deduction/substitution failed:
[2.398s] In file included from [01m[K/usr/include/x86_64-linux-gnu/c++/9/bits/c++allocator.h:33[m[K,
[2.398s]                  from [01m[K/usr/include/c++/9/bits/allocator.h:46[m[K,
[2.398s]                  from [01m[K/usr/include/c++/9/vector:64[m[K,
[2.398s]                  from [01m[K/root/planner_ws/src/cpp_pubsub/include/manager.hpp:4[m[K,
[2.398s]                  from [01m[K/root/planner_ws/src/cpp_pubsub/src/manager.cpp:1[m[K:
[2.398s] [01m[K/usr/include/c++/9/ext/new_allocator.h:146:4:[m[K [01;36m[Knote: [m[K  ‘[01m[Kstd::vector<double, std::allocator<double> >[m[K’ is not derived from ‘[01m[Kconst std::pair<_T1, _T2>[m[K’
[2.398s]   146 |  { [01;36m[K::new((void *)__p) _Up(std::forward<_Args>(__args)...)[m[K; }
[2.398s]       |    [01;36m[K^~~~~~~~~~~~~~~~~~~~~~~~~~~~~~~~~~~~~~~~~~~~~~~~~~~~~~[m[K
[2.398s] In file included from [01m[K/usr/include/c++/9/bits/stl_algobase.h:64[m[K,
[2.398s]                  from [01m[K/usr/include/c++/9/vector:60[m[K,
[2.398s]                  from [01m[K/root/planner_ws/src/cpp_pubsub/include/manager.hpp:4[m[K,
[2.398s]                  from [01m[K/root/planner_ws/src/cpp_pubsub/src/manager.cpp:1[m[K:
[2.399s] [01m[K/usr/include/c++/9/bits/stl_pair.h:269:26:[m[K [01;36m[Knote: [m[Kcandidate: ‘[01m[Ktemplate<class _U1, class _U2, typename std::enable_if<(_ConstructiblePair<_U1, _U2>() && (! _ImplicitlyConvertiblePair<_U1, _U2>())), bool>::type <anonymous> > constexpr std::pair<_T1, _T2>::pair(const _T1&, const _T2&)[m[K’
[2.399s]   269 |       explicit constexpr [01;36m[Kpair[m[K(const _T1& __a, const _T2& __b)
[2.399s]       |                          [01;36m[K^~~~[m[K
[2.399s] [01m[K/usr/include/c++/9/bits/stl_pair.h:269:26:[m[K [01;36m[Knote: [m[K  template argument deduction/substitution failed:
[2.399s] [01m[K/usr/include/c++/9/bits/stl_pair.h:268:38:[m[K [01;31m[Kerror: [m[Kno type named ‘[01m[Ktype[m[K’ in ‘[01m[Kstruct std::enable_if<false, bool>[m[K’
[2.399s]   268 |                          bool>::type=[01;31m[Kfalse[m[K>
[2.399s]       |                                      [01;31m[K^~~~~[m[K
[2.399s] [01m[K/usr/include/c++/9/bits/stl_pair.h:260:17:[m[K [01;36m[Knote: [m[Kcandidate: ‘[01m[Ktemplate<class _U1, class _U2, typename std::enable_if<(_ConstructiblePair<_U1, _U2>() && _ImplicitlyConvertiblePair<_U1, _U2>()), bool>::type <anonymous> > constexpr std::pair<_T1, _T2>::pair(const _T1&, const _T2&)[m[K’
[2.399s]   260 |       constexpr [01;36m[Kpair[m[K(const _T1& __a, const _T2& __b)
[2.399s]       |                 [01;36m[K^~~~[m[K
[2.399s] [01m[K/usr/include/c++/9/bits/stl_pair.h:260:17:[m[K [01;36m[Knote: [m[K  template argument deduction/substitution failed:
[2.399s] In file included from [01m[K/usr/include/x86_64-linux-gnu/c++/9/bits/c++allocator.h:33[m[K,
[2.399s]                  from [01m[K/usr/include/c++/9/bits/allocator.h:46[m[K,
[2.399s]                  from [01m[K/usr/include/c++/9/vector:64[m[K,
[2.399s]                  from [01m[K/root/planner_ws/src/cpp_pubsub/include/manager.hpp:4[m[K,
[2.399s]                  from [01m[K/root/planner_ws/src/cpp_pubsub/src/manager.cpp:1[m[K:
[2.400s] [01m[K/usr/include/c++/9/ext/new_allocator.h:146:4:[m[K [01;36m[Knote: [m[K  cannot convert ‘[01m[Kstd::forward<std::vector<double, std::allocator<double> >&>((* & __args#0))[m[K’ (type ‘[01m[Kstd::vector<double, std::allocator<double> >[m[K’) to type ‘[01m[Kconst std::array<double, 3>&[m[K’
[2.400s]   146 |  { [01;36m[K::new((void *)__p) _Up(std::forward<_Args>(__args)...)[m[K; }
[2.400s]       |    [01;36m[K^~~~~~~~~~~~~~~~~~~~~~~~~~~~~~~~~~~~~~~~~~~~~~~~~~~~~~[m[K
[2.400s] In file included from [01m[K/usr/include/c++/9/bits/stl_algobase.h:64[m[K,
[2.400s]                  from [01m[K/usr/include/c++/9/vector:60[m[K,
[2.400s]                  from [01m[K/root/planner_ws/src/cpp_pubsub/include/manager.hpp:4[m[K,
[2.400s]                  from [01m[K/root/planner_ws/src/cpp_pubsub/src/manager.cpp:1[m[K:
[2.400s] [01m[K/usr/include/c++/9/bits/stl_pair.h:242:26:[m[K [01;36m[Knote: [m[Kcandidate: ‘[01m[Ktemplate<class _U1, class _U2, typename std::enable_if<std::__and_<std::is_default_constructible<_Tp>, std::is_default_constructible<_Dp>, std::__not_<std::__and_<std::__is_implicitly_default_constructible<_U1>, std::__is_implicitly_default_constructible<_U2> > > >::value, bool>::type <anonymous> > constexpr std::pair<_T1, _T2>::pair()[m[K’
[2.400s]   242 |       explicit constexpr [01;36m[Kpair[m[K()
[2.401s]       |                          [01;36m[K^~~~[m[K
[2.401s] [01m[K/usr/include/c++/9/bits/stl_pair.h:242:26:[m[K [01;36m[Knote: [m[K  template argument deduction/substitution failed:
[2.401s] In file included from [01m[K/usr/include/x86_64-linux-gnu/c++/9/bits/c++allocator.h:33[m[K,
[2.401s]                  from [01m[K/usr/include/c++/9/bits/allocator.h:46[m[K,
[2.401s]                  from [01m[K/usr/include/c++/9/vector:64[m[K,
[2.401s]                  from [01m[K/root/planner_ws/src/cpp_pubsub/include/manager.hpp:4[m[K,
[2.401s]                  from [01m[K/root/planner_ws/src/cpp_pubsub/src/manager.cpp:1[m[K:
[2.401s] [01m[K/usr/include/c++/9/ext/new_allocator.h:146:4:[m[K [01;36m[Knote: [m[K  candidate expects 0 arguments, 2 provided
[2.401s]   146 |  { [01;36m[K::new((void *)__p) _Up(std::forward<_Args>(__args)...)[m[K; }
[2.401s]       |    [01;36m[K^~~~~~~~~~~~~~~~~~~~~~~~~~~~~~~~~~~~~~~~~~~~~~~~~~~~~~[m[K
[2.401s] In file included from [01m[K/usr/include/c++/9/bits/stl_algobase.h:64[m[K,
[2.401s]                  from [01m[K/usr/include/c++/9/vector:60[m[K,
[2.401s]                  from [01m[K/root/planner_ws/src/cpp_pubsub/include/manager.hpp:4[m[K,
[2.401s]                  from [01m[K/root/planner_ws/src/cpp_pubsub/src/manager.cpp:1[m[K:
[2.401s] [01m[K/usr/include/c++/9/bits/stl_pair.h:229:26:[m[K [01;36m[Knote: [m[Kcandidate: ‘[01m[Ktemplate<class _U1, class _U2, typename std::enable_if<std::__and_<std::__is_implicitly_default_constructible<_U1>, std::__is_implicitly_default_constructible<_U2> >::value, bool>::type <anonymous> > constexpr std::pair<_T1, _T2>::pair()[m[K’
[2.401s]   229 |       _GLIBCXX_CONSTEXPR [01;36m[Kpair[m[K()
[2.402s]       |                          [01;36m[K^~~~[m[K
[2.402s] [01m[K/usr/include/c++/9/bits/stl_pair.h:229:26:[m[K [01;36m[Knote: [m[K  template argument deduction/substitution failed:
[2.402s] In file included from [01m[K/usr/include/x86_64-linux-gnu/c++/9/bits/c++allocator.h:33[m[K,
[2.402s]                  from [01m[K/usr/include/c++/9/bits/allocator.h:46[m[K,
[2.402s]                  from [01m[K/usr/include/c++/9/vector:64[m[K,
[2.402s]                  from [01m[K/root/planner_ws/src/cpp_pubsub/include/manager.hpp:4[m[K,
[2.402s]                  from [01m[K/root/planner_ws/src/cpp_pubsub/src/manager.cpp:1[m[K:
[2.402s] [01m[K/usr/include/c++/9/ext/new_allocator.h:146:4:[m[K [01;36m[Knote: [m[K  candidate expects 0 arguments, 2 provided
[2.402s]   146 |  { [01;36m[K::new((void *)__p) _Up(std::forward<_Args>(__args)...)[m[K; }
[2.402s]       |    [01;36m[K^~~~~~~~~~~~~~~~~~~~~~~~~~~~~~~~~~~~~~~~~~~~~~~~~~~~~~[m[K
[2.547s] make[2]: *** [CMakeFiles/planner.dir/build.make:89: CMakeFiles/planner.dir/src/manager.cpp.o] Error 1
[2.547s] make[2]: *** Waiting for unfinished jobs....
[2.569s] make[2]: *** [CMakeFiles/cpp_pubsub.dir/build.make:76: CMakeFiles/cpp_pubsub.dir/src/manager.cpp.o] Error 1
[2.569s] make[1]: *** [CMakeFiles/Makefile2:80: CMakeFiles/cpp_pubsub.dir/all] Error 2
[2.569s] make[1]: *** Waiting for unfinished jobs....
[4.086s] make[1]: *** [CMakeFiles/Makefile2:107: CMakeFiles/planner.dir/all] Error 2
[4.086s] make: *** [Makefile:141: all] Error 2
[4.090s] Invoked command in '/root/planner_ws/build/cpp_pubsub' returned '2': CMAKE_PREFIX_PATH=/opt/ros/foxy /usr/bin/cmake --build /root/planner_ws/build/cpp_pubsub -- -j12 -l12
