[0.025s] Invoking command in '/root/planner_ws/build/cpp_pubsub': CMAKE_PREFIX_PATH=${CMAKE_PREFIX_PATH}:/opt/ros/foxy /usr/bin/cmake --build /root/planner_ws/build/cpp_pubsub -- -j12 -l12
[0.044s] -- Found ament_cmake_auto: 0.9.11 (/opt/ros/foxy/share/ament_cmake_auto/cmake)
[0.062s] -- Using PYTHON_EXECUTABLE: /usr/bin/python3
[0.255s] -- Using all available rosidl_typesupport_c: rosidl_typesupport_fastrtps_c;rosidl_typesupport_introspection_c
[0.257s] -- Found rosidl_adapter: 1.3.0 (/opt/ros/foxy/share/rosidl_adapter/cmake)
[0.355s] -- Using all available rosidl_typesupport_cpp: rosidl_typesupport_fastrtps_cpp;rosidl_typesupport_introspection_cpp
[0.392s] -- Found rmw_implementation_cmake: 1.0.4 (/opt/ros/foxy/share/rmw_implementation_cmake/cmake)
[0.393s] -- Using RMW implementation 'rmw_fastrtps_cpp' as default
[0.603s] -- Configuring done
[0.620s] -- Generating done
[0.622s] -- Build files have been written to: /root/planner_ws/build/cpp_pubsub
[0.650s] [35m[1mScanning dependencies of target planner[0m
[0.677s] [ 48%] Built target cpp_pubsub
[0.681s] [ 51%] [32mBuilding CXX object CMakeFiles/planner.dir/src/feasible_region.cpp.o[0m
[0.774s] [01m[K/root/planner_ws/src/cpp_pubsub/src/feasible_region.cpp:[m[K In member function ‘[01m[Kdouble FeasibleRegion::SUpper(double) const[m[K’:
[0.774s] [01m[K/root/planner_ws/src/cpp_pubsub/src/feasible_region.cpp:24:1:[m[K [01;35m[Kwarning: [m[Kno return statement in function returning non-void [[01;35m[K-Wreturn-type[m[K]
[0.774s]    24 | [01;35m[K}[m[K
[0.775s]       | [01;35m[K^[m[K
[0.775s] [01m[K/root/planner_ws/src/cpp_pubsub/src/feasible_region.cpp:22:44:[m[K [01;35m[Kwarning: [m[Kunused parameter ‘[01m[Kt[m[K’ [[01;35m[K-Wunused-parameter[m[K]
[0.775s]    22 | double FeasibleRegion::SUpper([01;35m[Kconst double t[m[K) const
[0.775s]       |                               [01;35m[K~~~~~~~~~~~~~^[m[K
[0.775s] [01m[K/root/planner_ws/src/cpp_pubsub/src/feasible_region.cpp:[m[K In member function ‘[01m[Kdouble FeasibleRegion::SLower(double) const[m[K’:
[0.775s] [01m[K/root/planner_ws/src/cpp_pubsub/src/feasible_region.cpp:28:1:[m[K [01;35m[Kwarning: [m[Kno return statement in function returning non-void [[01;35m[K-Wreturn-type[m[K]
[0.775s]    28 | [01;35m[K}[m[K
[0.775s]       | [01;35m[K^[m[K
[0.775s] [01m[K/root/planner_ws/src/cpp_pubsub/src/feasible_region.cpp:26:44:[m[K [01;35m[Kwarning: [m[Kunused parameter ‘[01m[Kt[m[K’ [[01;35m[K-Wunused-parameter[m[K]
[0.775s]    26 | double FeasibleRegion::SLower([01;35m[Kconst double t[m[K) const
[0.775s]       |                               [01;35m[K~~~~~~~~~~~~~^[m[K
[0.775s] [01m[K/root/planner_ws/src/cpp_pubsub/src/feasible_region.cpp:[m[K In member function ‘[01m[Kdouble FeasibleRegion::VUpper(double) const[m[K’:
[0.775s] [01m[K/root/planner_ws/src/cpp_pubsub/src/feasible_region.cpp:32:1:[m[K [01;35m[Kwarning: [m[Kno return statement in function returning non-void [[01;35m[K-Wreturn-type[m[K]
[0.775s]    32 | [01;35m[K}[m[K
[0.775s]       | [01;35m[K^[m[K
[0.775s] [01m[K/root/planner_ws/src/cpp_pubsub/src/feasible_region.cpp:30:44:[m[K [01;35m[Kwarning: [m[Kunused parameter ‘[01m[Kt[m[K’ [[01;35m[K-Wunused-parameter[m[K]
[0.775s]    30 | double FeasibleRegion::VUpper([01;35m[Kconst double t[m[K) const
[0.775s]       |                               [01;35m[K~~~~~~~~~~~~~^[m[K
[0.775s] [01m[K/root/planner_ws/src/cpp_pubsub/src/feasible_region.cpp:[m[K In member function ‘[01m[Kdouble FeasibleRegion::VLower(double) const[m[K’:
[0.775s] [01m[K/root/planner_ws/src/cpp_pubsub/src/feasible_region.cpp:36:1:[m[K [01;35m[Kwarning: [m[Kno return statement in function returning non-void [[01;35m[K-Wreturn-type[m[K]
[0.776s]    36 | [01;35m[K}[m[K
[0.776s]       | [01;35m[K^[m[K
[0.776s] [01m[K/root/planner_ws/src/cpp_pubsub/src/feasible_region.cpp:34:44:[m[K [01;35m[Kwarning: [m[Kunused parameter ‘[01m[Kt[m[K’ [[01;35m[K-Wunused-parameter[m[K]
[0.776s]    34 | double FeasibleRegion::VLower([01;35m[Kconst double t[m[K) const
[0.776s]       |                               [01;35m[K~~~~~~~~~~~~~^[m[K
[0.776s] [01m[K/root/planner_ws/src/cpp_pubsub/src/feasible_region.cpp:[m[K In member function ‘[01m[Kdouble FeasibleRegion::TLower(double) const[m[K’:
[0.776s] [01m[K/root/planner_ws/src/cpp_pubsub/src/feasible_region.cpp:40:1:[m[K [01;35m[Kwarning: [m[Kno return statement in function returning non-void [[01;35m[K-Wreturn-type[m[K]
[0.776s]    40 | [01;35m[K}[m[K
[0.776s]       | [01;35m[K^[m[K
[0.776s] [01m[K/root/planner_ws/src/cpp_pubsub/src/feasible_region.cpp:38:44:[m[K [01;35m[Kwarning: [m[Kunused parameter ‘[01m[Ks[m[K’ [[01;35m[K-Wunused-parameter[m[K]
[0.776s]    38 | double FeasibleRegion::TLower([01;35m[Kconst double s[m[K) const
[0.776s]       |                               [01;35m[K~~~~~~~~~~~~~^[m[K
[0.817s] [ 55%] [32m[1mLinking CXX executable planner[0m
[0.986s] [100%] Built target planner
[0.995s] Invoked command in '/root/planner_ws/build/cpp_pubsub' returned '0': CMAKE_PREFIX_PATH=${CMAKE_PREFIX_PATH}:/opt/ros/foxy /usr/bin/cmake --build /root/planner_ws/build/cpp_pubsub -- -j12 -l12
[1.044s] Invoking command in '/root/planner_ws/build/cpp_pubsub': CMAKE_PREFIX_PATH=${CMAKE_PREFIX_PATH}:/opt/ros/foxy /usr/bin/cmake --install /root/planner_ws/build/cpp_pubsub
[1.050s] -- Install configuration: ""
[1.050s] -- Up-to-date: /root/planner_ws/install/cpp_pubsub/include
[1.050s] -- Up-to-date: /root/planner_ws/install/cpp_pubsub/include/cartesian_frenet_converter.hpp
[1.050s] -- Up-to-date: /root/planner_ws/install/cpp_pubsub/include/collisionchecker.hpp
[1.050s] -- Up-to-date: /root/planner_ws/install/cpp_pubsub/include/latpath1d.hpp
[1.051s] -- Installing: /root/planner_ws/install/cpp_pubsub/include/end_condition_sampler.hpp
[1.051s] -- Up-to-date: /root/planner_ws/install/cpp_pubsub/include/constans.hpp
[1.051s] -- Up-to-date: /root/planner_ws/install/cpp_pubsub/include/trajectory_evaluator.hpp
[1.051s] -- Up-to-date: /root/planner_ws/install/cpp_pubsub/include/obstacle.hpp
[1.051s] -- Up-to-date: /root/planner_ws/install/cpp_pubsub/include/liner_interpolation.hpp
[1.051s] -- Installing: /root/planner_ws/install/cpp_pubsub/include/Trajectory1dGenerator.hpp
[1.052s] -- Up-to-date: /root/planner_ws/install/cpp_pubsub/include/lonspeed1d.hpp
[1.052s] -- Up-to-date: /root/planner_ws/install/cpp_pubsub/include/matplotlibcpp.h
[1.052s] -- Up-to-date: /root/planner_ws/install/cpp_pubsub/include/referenceline.hpp
[1.052s] -- Installing: /root/planner_ws/install/cpp_pubsub/include/manager.hpp
[1.052s] -- Up-to-date: /root/planner_ws/install/cpp_pubsub/include/plotfigure.hpp
[1.052s] -- Up-to-date: /root/planner_ws/install/cpp_pubsub/include/pathpoint.hpp
[1.053s] -- Up-to-date: /root/planner_ws/install/cpp_pubsub/include/constraint_checker1d.hpp
[1.053s] -- Installing: /root/planner_ws/install/cpp_pubsub/include/feasible_region.hpp
[1.053s] -- Up-to-date: /root/planner_ws/install/cpp_pubsub/include/path_matcher.hpp
[1.053s] -- Up-to-date: /root/planner_ws/install/cpp_pubsub/include/SLPoint.hpp
[1.053s] -- Up-to-date: /root/planner_ws/install/cpp_pubsub/include/test.hpp
[1.054s] -- Up-to-date: /root/planner_ws/install/cpp_pubsub/include/STpoint.hpp
[1.054s] -- Up-to-date: /root/planner_ws/install/cpp_pubsub/include/TrajectoryPoint.hpp
[1.054s] -- Up-to-date: /root/planner_ws/install/cpp_pubsub/share/cpp_pubsub/environment/library_path.sh
[1.054s] -- Installing: /root/planner_ws/install/cpp_pubsub/share/cpp_pubsub/environment/library_path.dsv
[1.054s] -- Installing: /root/planner_ws/install/cpp_pubsub/lib/libcpp_pubsub.so
[1.054s] -- Set runtime path of "/root/planner_ws/install/cpp_pubsub/lib/libcpp_pubsub.so" to ""
[1.055s] -- Installing: /root/planner_ws/install/cpp_pubsub/lib/cpp_pubsub/planner
[1.055s] -- Set runtime path of "/root/planner_ws/install/cpp_pubsub/lib/cpp_pubsub/planner" to ""
[1.055s] -- Up-to-date: /root/planner_ws/install/cpp_pubsub/share/ament_index/resource_index/package_run_dependencies/cpp_pubsub
[1.055s] -- Installing: /root/planner_ws/install/cpp_pubsub/share/ament_index/resource_index/parent_prefix_path/cpp_pubsub
[1.056s] -- Up-to-date: /root/planner_ws/install/cpp_pubsub/share/cpp_pubsub/environment/ament_prefix_path.sh
[1.056s] -- Installing: /root/planner_ws/install/cpp_pubsub/share/cpp_pubsub/environment/ament_prefix_path.dsv
[1.056s] -- Up-to-date: /root/planner_ws/install/cpp_pubsub/share/cpp_pubsub/environment/path.sh
[1.057s] -- Installing: /root/planner_ws/install/cpp_pubsub/share/cpp_pubsub/environment/path.dsv
[1.057s] -- Up-to-date: /root/planner_ws/install/cpp_pubsub/share/cpp_pubsub/local_setup.bash
[1.057s] -- Up-to-date: /root/planner_ws/install/cpp_pubsub/share/cpp_pubsub/local_setup.sh
[1.057s] -- Up-to-date: /root/planner_ws/install/cpp_pubsub/share/cpp_pubsub/local_setup.zsh
[1.057s] -- Installing: /root/planner_ws/install/cpp_pubsub/share/cpp_pubsub/local_setup.dsv
[1.058s] -- Installing: /root/planner_ws/install/cpp_pubsub/share/cpp_pubsub/package.dsv
[1.058s] -- Up-to-date: /root/planner_ws/install/cpp_pubsub/share/ament_index/resource_index/packages/cpp_pubsub
[1.058s] -- Up-to-date: /root/planner_ws/install/cpp_pubsub/share/cpp_pubsub/cmake/ament_cmake_export_dependencies-extras.cmake
[1.058s] -- Up-to-date: /root/planner_ws/install/cpp_pubsub/share/cpp_pubsub/cmake/ament_cmake_export_include_directories-extras.cmake
[1.058s] -- Up-to-date: /root/planner_ws/install/cpp_pubsub/share/cpp_pubsub/cmake/ament_cmake_export_libraries-extras.cmake
[1.059s] -- Up-to-date: /root/planner_ws/install/cpp_pubsub/share/cpp_pubsub/cmake/cpp_pubsubConfig.cmake
[1.059s] -- Up-to-date: /root/planner_ws/install/cpp_pubsub/share/cpp_pubsub/cmake/cpp_pubsubConfig-version.cmake
[1.059s] -- Up-to-date: /root/planner_ws/install/cpp_pubsub/share/cpp_pubsub/package.xml
[1.059s] Invoked command in '/root/planner_ws/build/cpp_pubsub' returned '0': CMAKE_PREFIX_PATH=${CMAKE_PREFIX_PATH}:/opt/ros/foxy /usr/bin/cmake --install /root/planner_ws/build/cpp_pubsub
