[0.028s] Invoking command in '/root/planner_ws/build/cpp_pubsub': CMAKE_PREFIX_PATH=${CMAKE_PREFIX_PATH}:/opt/ros/foxy /usr/bin/cmake --build /root/planner_ws/build/cpp_pubsub -- -j12 -l12
[0.065s] [35m[1mScanning dependencies of target planner[0m
[0.066s] [35m[1mScanning dependencies of target cpp_pubsub[0m
[0.086s] [  6%] [32mBuilding CXX object CMakeFiles/cpp_pubsub.dir/src/end_condition_sampler.cpp.o[0m
[0.087s] [  6%] [32mBuilding CXX object CMakeFiles/planner.dir/src/end_condition_sampler.cpp.o[0m
[0.440s] [01m[K/root/planner_ws/src/cpp_pubsub/src/end_condition_sampler.cpp:[m[K In function ‘[01m[Kstd::vector<SamplePoint> QueryPathTimeObstacleSamplePoints(const std::vector<STBoundaryPoint>&, double, double)[m[K’:
[0.440s] [01m[K/root/planner_ws/src/cpp_pubsub/src/end_condition_sampler.cpp:165:29:[m[K [01;35m[Kwarning: [m[Kunused variable ‘[01m[Ksamplepoint[m[K’ [[01;35m[K-Wunused-variable[m[K]
[0.440s]   165 |                 SamplePoint [01;35m[Ksamplepoint[m[K;
[0.440s]       |                             [01;35m[K^~~~~~~~~~~[m[K
[0.440s] [01m[K/root/planner_ws/src/cpp_pubsub/src/end_condition_sampler.cpp:162:20:[m[K [01;35m[Kwarning: [m[Kunused variable ‘[01m[Ks_gap[m[K’ [[01;35m[K-Wunused-variable[m[K]
[0.440s]   162 |             double [01;35m[Ks_gap[m[K = (s_upper - s_lower) / sample_s_num;
[0.440s]       |                    [01;35m[K^~~~~[m[K
[0.449s] [01m[K/root/planner_ws/src/cpp_pubsub/src/end_condition_sampler.cpp:[m[K In function ‘[01m[Kstd::vector<SamplePoint> QueryPathTimeObstacleSamplePoints(const std::vector<STBoundaryPoint>&, double, double)[m[K’:
[0.449s] [01m[K/root/planner_ws/src/cpp_pubsub/src/end_condition_sampler.cpp:165:29:[m[K [01;35m[Kwarning: [m[Kunused variable ‘[01m[Ksamplepoint[m[K’ [[01;35m[K-Wunused-variable[m[K]
[0.449s]   165 |                 SamplePoint [01;35m[Ksamplepoint[m[K;
[0.449s]       |                             [01;35m[K^~~~~~~~~~~[m[K
[0.449s] [01m[K/root/planner_ws/src/cpp_pubsub/src/end_condition_sampler.cpp:162:20:[m[K [01;35m[Kwarning: [m[Kunused variable ‘[01m[Ks_gap[m[K’ [[01;35m[K-Wunused-variable[m[K]
[0.449s]   162 |             double [01;35m[Ks_gap[m[K = (s_upper - s_lower) / sample_s_num;
[0.449s]       |                    [01;35m[K^~~~~[m[K
[0.698s] [  9%] [32m[1mLinking CXX executable planner[0m
[0.703s] [ 12%] [32m[1mLinking CXX shared library libcpp_pubsub.so[0m
[0.833s] [ 54%] Built target cpp_pubsub
[0.926s] [100%] Built target planner
[0.938s] Invoked command in '/root/planner_ws/build/cpp_pubsub' returned '0': CMAKE_PREFIX_PATH=${CMAKE_PREFIX_PATH}:/opt/ros/foxy /usr/bin/cmake --build /root/planner_ws/build/cpp_pubsub -- -j12 -l12
[0.996s] Invoking command in '/root/planner_ws/build/cpp_pubsub': CMAKE_PREFIX_PATH=${CMAKE_PREFIX_PATH}:/opt/ros/foxy /usr/bin/cmake --install /root/planner_ws/build/cpp_pubsub
[1.003s] -- Install configuration: ""
[1.003s] -- Up-to-date: /root/planner_ws/install/cpp_pubsub/include
[1.004s] -- Up-to-date: /root/planner_ws/install/cpp_pubsub/include/STBoundaryPoint.hpp
[1.004s] -- Up-to-date: /root/planner_ws/install/cpp_pubsub/include/cartesian_frenet_converter.hpp
[1.004s] -- Up-to-date: /root/planner_ws/install/cpp_pubsub/include/collisionchecker.hpp
[1.004s] -- Up-to-date: /root/planner_ws/install/cpp_pubsub/include/latpath1d.hpp
[1.004s] -- Up-to-date: /root/planner_ws/install/cpp_pubsub/include/end_condition_sampler.hpp
[1.004s] -- Up-to-date: /root/planner_ws/install/cpp_pubsub/include/constans.hpp
[1.004s] -- Up-to-date: /root/planner_ws/install/cpp_pubsub/include/trajectory_evaluator.hpp
[1.004s] -- Up-to-date: /root/planner_ws/install/cpp_pubsub/include/obstacle.hpp
[1.005s] -- Up-to-date: /root/planner_ws/install/cpp_pubsub/include/path_time_graph.hpp
[1.005s] -- Up-to-date: /root/planner_ws/install/cpp_pubsub/include/liner_interpolation.hpp
[1.005s] -- Up-to-date: /root/planner_ws/install/cpp_pubsub/include/Trajectory1dGenerator.hpp
[1.005s] -- Up-to-date: /root/planner_ws/install/cpp_pubsub/include/lonspeed1d.hpp
[1.005s] -- Up-to-date: /root/planner_ws/install/cpp_pubsub/include/matplotlibcpp.h
[1.005s] -- Up-to-date: /root/planner_ws/install/cpp_pubsub/include/obs.hpp
[1.005s] -- Up-to-date: /root/planner_ws/install/cpp_pubsub/include/referenceline.hpp
[1.005s] -- Up-to-date: /root/planner_ws/install/cpp_pubsub/include/manager.hpp
[1.005s] -- Up-to-date: /root/planner_ws/install/cpp_pubsub/include/plotfigure.hpp
[1.005s] -- Up-to-date: /root/planner_ws/install/cpp_pubsub/include/pathpoint.hpp
[1.006s] -- Up-to-date: /root/planner_ws/install/cpp_pubsub/include/constraint_checker1d.hpp
[1.006s] -- Up-to-date: /root/planner_ws/install/cpp_pubsub/include/feasible_region.hpp
[1.006s] -- Up-to-date: /root/planner_ws/install/cpp_pubsub/include/path_matcher.hpp
[1.006s] -- Up-to-date: /root/planner_ws/install/cpp_pubsub/include/SLPoint.hpp
[1.006s] -- Up-to-date: /root/planner_ws/install/cpp_pubsub/include/test.hpp
[1.006s] -- Up-to-date: /root/planner_ws/install/cpp_pubsub/include/STpoint.hpp
[1.006s] -- Up-to-date: /root/planner_ws/install/cpp_pubsub/include/TrajectoryPoint.hpp
[1.006s] -- Up-to-date: /root/planner_ws/install/cpp_pubsub/share/cpp_pubsub/environment/library_path.sh
[1.006s] -- Up-to-date: /root/planner_ws/install/cpp_pubsub/share/cpp_pubsub/environment/library_path.dsv
[1.006s] -- Installing: /root/planner_ws/install/cpp_pubsub/lib/libcpp_pubsub.so
[1.007s] -- Set runtime path of "/root/planner_ws/install/cpp_pubsub/lib/libcpp_pubsub.so" to ""
[1.007s] -- Installing: /root/planner_ws/install/cpp_pubsub/lib/cpp_pubsub/planner
[1.007s] -- Set runtime path of "/root/planner_ws/install/cpp_pubsub/lib/cpp_pubsub/planner" to ""
[1.007s] -- Up-to-date: /root/planner_ws/install/cpp_pubsub/share/ament_index/resource_index/package_run_dependencies/cpp_pubsub
[1.007s] -- Up-to-date: /root/planner_ws/install/cpp_pubsub/share/ament_index/resource_index/parent_prefix_path/cpp_pubsub
[1.007s] -- Up-to-date: /root/planner_ws/install/cpp_pubsub/share/cpp_pubsub/environment/ament_prefix_path.sh
[1.007s] -- Up-to-date: /root/planner_ws/install/cpp_pubsub/share/cpp_pubsub/environment/ament_prefix_path.dsv
[1.008s] -- Up-to-date: /root/planner_ws/install/cpp_pubsub/share/cpp_pubsub/environment/path.sh
[1.008s] -- Up-to-date: /root/planner_ws/install/cpp_pubsub/share/cpp_pubsub/environment/path.dsv
[1.008s] -- Up-to-date: /root/planner_ws/install/cpp_pubsub/share/cpp_pubsub/local_setup.bash
[1.008s] -- Up-to-date: /root/planner_ws/install/cpp_pubsub/share/cpp_pubsub/local_setup.sh
[1.008s] -- Up-to-date: /root/planner_ws/install/cpp_pubsub/share/cpp_pubsub/local_setup.zsh
[1.008s] -- Up-to-date: /root/planner_ws/install/cpp_pubsub/share/cpp_pubsub/local_setup.dsv
[1.008s] -- Installing: /root/planner_ws/install/cpp_pubsub/share/cpp_pubsub/package.dsv
[1.008s] -- Up-to-date: /root/planner_ws/install/cpp_pubsub/share/ament_index/resource_index/packages/cpp_pubsub
[1.009s] -- Up-to-date: /root/planner_ws/install/cpp_pubsub/share/cpp_pubsub/cmake/ament_cmake_export_dependencies-extras.cmake
[1.009s] -- Up-to-date: /root/planner_ws/install/cpp_pubsub/share/cpp_pubsub/cmake/ament_cmake_export_include_directories-extras.cmake
[1.009s] -- Up-to-date: /root/planner_ws/install/cpp_pubsub/share/cpp_pubsub/cmake/ament_cmake_export_libraries-extras.cmake
[1.009s] -- Up-to-date: /root/planner_ws/install/cpp_pubsub/share/cpp_pubsub/cmake/cpp_pubsubConfig.cmake
[1.009s] -- Up-to-date: /root/planner_ws/install/cpp_pubsub/share/cpp_pubsub/cmake/cpp_pubsubConfig-version.cmake
[1.009s] -- Up-to-date: /root/planner_ws/install/cpp_pubsub/share/cpp_pubsub/package.xml
[1.011s] Invoked command in '/root/planner_ws/build/cpp_pubsub' returned '0': CMAKE_PREFIX_PATH=${CMAKE_PREFIX_PATH}:/opt/ros/foxy /usr/bin/cmake --install /root/planner_ws/build/cpp_pubsub
