[01m[K/root/planner_ws/src/cpp_pubsub/src/end_condition_sampler.cpp:[m[K In member function ‘[01m[Kstd::vector<std::pair<std::vector<double>, double> > EndConditionSampler::SampleLonEndConditionsForCruising(double) const[m[K’:
[01m[K/root/planner_ws/src/cpp_pubsub/src/end_condition_sampler.cpp:41:1:[m[K [01;35m[Kwarning: [m[Kno return statement in function returning non-void [[01;35m[K-Wreturn-type[m[K]
   41 | [01;35m[K}[m[K
      | [01;35m[K^[m[K
[01m[K/root/planner_ws/src/cpp_pubsub/src/end_condition_sampler.cpp:[m[K In member function ‘[01m[Kstd::vector<std::pair<std::vector<double>, double> > EndConditionSampler::SampleLonEndConditionsForStopping(double) const[m[K’:
[01m[K/root/planner_ws/src/cpp_pubsub/src/end_condition_sampler.cpp:46:1:[m[K [01;35m[Kwarning: [m[Kno return statement in function returning non-void [[01;35m[K-Wreturn-type[m[K]
   46 | [01;35m[K}[m[K
      | [01;35m[K^[m[K
[01m[K/root/planner_ws/src/cpp_pubsub/src/end_condition_sampler.cpp:44:69:[m[K [01;35m[Kwarning: [m[Kunused parameter ‘[01m[Kref_stop_point[m[K’ [[01;35m[K-Wunused-parameter[m[K]
   44 | EndConditionSampler::SampleLonEndConditionsForStopping([01;35m[Kconst double ref_stop_point[m[K) const
      |                                                        [01;35m[K~~~~~~~~~~~~~^~~~~~~~~~~~~~[m[K
[01m[K/root/planner_ws/src/cpp_pubsub/src/end_condition_sampler.cpp:[m[K In member function ‘[01m[Kstd::vector<std::pair<std::vector<double>, double> > EndConditionSampler::SampleLonEndConditionsForLaneChange() const[m[K’:
[01m[K/root/planner_ws/src/cpp_pubsub/src/end_condition_sampler.cpp:51:1:[m[K [01;35m[Kwarning: [m[Kno return statement in function returning non-void [[01;35m[K-Wreturn-type[m[K]
   51 | [01;35m[K}[m[K
      | [01;35m[K^[m[K
[01m[K/root/planner_ws/src/cpp_pubsub/src/end_condition_sampler.cpp:[m[K In member function ‘[01m[Kstd::vector<std::pair<std::vector<double>, double> > EndConditionSampler::SampleLonEndConditionsForCruising(double) const[m[K’:
[01m[K/root/planner_ws/src/cpp_pubsub/src/end_condition_sampler.cpp:41:1:[m[K [01;35m[Kwarning: [m[Kno return statement in function returning non-void [[01;35m[K-Wreturn-type[m[K]
   41 | [01;35m[K}[m[K
      | [01;35m[K^[m[K
[01m[K/root/planner_ws/src/cpp_pubsub/src/end_condition_sampler.cpp:[m[K In member function ‘[01m[Kstd::vector<std::pair<std::vector<double>, double> > EndConditionSampler::SampleLonEndConditionsForStopping(double) const[m[K’:
[01m[K/root/planner_ws/src/cpp_pubsub/src/end_condition_sampler.cpp:46:1:[m[K [01;35m[Kwarning: [m[Kno return statement in function returning non-void [[01;35m[K-Wreturn-type[m[K]
   46 | [01;35m[K}[m[K
      | [01;35m[K^[m[K
[01m[K/root/planner_ws/src/cpp_pubsub/src/end_condition_sampler.cpp:44:69:[m[K [01;35m[Kwarning: [m[Kunused parameter ‘[01m[Kref_stop_point[m[K’ [[01;35m[K-Wunused-parameter[m[K]
   44 | EndConditionSampler::SampleLonEndConditionsForStopping([01;35m[Kconst double ref_stop_point[m[K) const
      |                                                        [01;35m[K~~~~~~~~~~~~~^~~~~~~~~~~~~~[m[K
[01m[K/root/planner_ws/src/cpp_pubsub/src/end_condition_sampler.cpp:[m[K In member function ‘[01m[Kstd::vector<std::pair<std::vector<double>, double> > EndConditionSampler::SampleLonEndConditionsForLaneChange() const[m[K’:
[01m[K/root/planner_ws/src/cpp_pubsub/src/end_condition_sampler.cpp:51:1:[m[K [01;35m[Kwarning: [m[Kno return statement in function returning non-void [[01;35m[K-Wreturn-type[m[K]
   51 | [01;35m[K}[m[K
      | [01;35m[K^[m[K
