[0.019s] Invoking command in '/root/planner_ws/build/cpp_pubsub': CMAKE_PREFIX_PATH=${CMAKE_PREFIX_PATH}:/opt/ros/foxy /usr/bin/cmake --build /root/planner_ws/build/cpp_pubsub -- -j12 -l12
[0.060s] [35m[1mScanning dependencies of target cpp_pubsub[0m
[0.060s] [35m[1mScanning dependencies of target planner[0m
[0.085s] [  3%] [32mBuilding CXX object CMakeFiles/cpp_pubsub.dir/src/end_condition_sampler.cpp.o[0m
[0.085s] [  6%] [32mBuilding CXX object CMakeFiles/cpp_pubsub.dir/src/path_time_graph.cpp.o[0m
[0.085s] [  9%] [32mBuilding CXX object CMakeFiles/cpp_pubsub.dir/src/manager.cpp.o[0m
[0.093s] [ 12%] [32mBuilding CXX object CMakeFiles/planner.dir/src/manager.cpp.o[0m
[0.095s] [ 19%] [32mBuilding CXX object CMakeFiles/planner.dir/src/end_condition_sampler.cpp.o[0m
[0.095s] [ 19%] [32mBuilding CXX object CMakeFiles/planner.dir/src/publisher.cpp.o[0m
[0.095s] [ 22%] [32mBuilding CXX object CMakeFiles/planner.dir/src/path_time_graph.cpp.o[0m
[0.260s] [01m[K/root/planner_ws/src/cpp_pubsub/src/path_time_graph.cpp:[m[K In member function ‘[01m[Kvoid PathTimeGraph::Init(const std::vector<std::vector<double> >&, const std::vector<PathPoint>&, double, double, double, double, const std::array<double, 3>&)[m[K’:
[0.260s] [01m[K/root/planner_ws/src/cpp_pubsub/src/path_time_graph.cpp:20:27:[m[K [01;35m[Kwarning: [m[Kcomparison of integer expressions of different signedness: ‘[01m[Kint[m[K’ and ‘[01m[Kstd::vector<std::vector<double> >::size_type[m[K’ {aka ‘[01m[Klong unsigned int[m[K’} [[01;35m[K-Wsign-compare[m[K]
[0.260s]    20 |         for (int i = 0; [01;35m[Ki < dynamic_obstacle_sl.size()[m[K; i++)
[0.260s]       |                         [01;35m[K~~^~~~~~~~~~~~~~~~~~~~~~~~~~~~[m[K
[0.260s] [01m[K/root/planner_ws/src/cpp_pubsub/src/path_time_graph.cpp:24:20:[m[K [01;35m[Kwarning: [m[Kunused variable ‘[01m[Kobs_heading[m[K’ [[01;35m[K-Wunused-variable[m[K]
[0.260s]    24 |             double [01;35m[Kobs_heading[m[K = dynamic_obstacle_sl[i][2];
[0.261s]       |                    [01;35m[K^~~~~~~~~~~[m[K
[0.261s] [01m[K/root/planner_ws/src/cpp_pubsub/src/path_time_graph.cpp:25:20:[m[K [01;35m[Kwarning: [m[Kunused variable ‘[01m[Kobs_velocity[m[K’ [[01;35m[K-Wunused-variable[m[K]
[0.261s]    25 |             double [01;35m[Kobs_velocity[m[K = dynamic_obstacle_sl[i][3];
[0.261s]       |                    [01;35m[K^~~~~~~~~~~~[m[K
[0.261s] [01m[K/root/planner_ws/src/cpp_pubsub/src/path_time_graph.cpp:81:23:[m[K [01;35m[Kwarning: [m[Kstatement has no effect [[01;35m[K-Wunused-value[m[K]
[0.261s]    81 |                 [01;35m[Kst.su == predicte_s[m[K;
[0.262s]       |                 [01;35m[K~~~~~~^~~~~~~~~~~~~[m[K
[0.262s] [01m[K/root/planner_ws/src/cpp_pubsub/src/path_time_graph.cpp:94:23:[m[K [01;35m[Kwarning: [m[Kstatement has no effect [[01;35m[K-Wunused-value[m[K]
[0.262s]    94 |                 [01;35m[Kst.sl == predicte_s[m[K;
[0.262s]       |                 [01;35m[K~~~~~~^~~~~~~~~~~~~[m[K
[0.262s] [01m[K/root/planner_ws/src/cpp_pubsub/src/path_time_graph.cpp:5:102:[m[K [01;35m[Kwarning: [m[Kunused parameter ‘[01m[Kreferenceline[m[K’ [[01;35m[K-Wunused-parameter[m[K]
[0.262s]     5 | void PathTimeGraph::Init(const vector<vector<double>> &dynamic_obstacle_sl, [01;35m[Kconst vector<PathPoint> &referenceline[m[K,
[0.262s]       |                                                                             [01;35m[K~~~~~~~~~~~~~~~~~~~~~~~~~^~~~~~~~~~~~~[m[K
[0.262s] [01m[K/root/planner_ws/src/cpp_pubsub/src/path_time_graph.cpp:7:70:[m[K [01;35m[Kwarning: [m[Kunused parameter ‘[01m[Kinit_d[m[K’ [[01;35m[K-Wunused-parameter[m[K]
[0.262s]     7 |                          const double t_end, [01;35m[Kconst array<double, 3> &init_d[m[K)
[0.262s]       |                                              [01;35m[K~~~~~~~~~~~~~~~~~~~~~~~~^~~~~~[m[K
[0.266s] [01m[K/root/planner_ws/src/cpp_pubsub/src/path_time_graph.cpp:[m[K In member function ‘[01m[Kvoid PathTimeGraph::Init(const std::vector<std::vector<double> >&, const std::vector<PathPoint>&, double, double, double, double, const std::array<double, 3>&)[m[K’:
[0.266s] [01m[K/root/planner_ws/src/cpp_pubsub/src/path_time_graph.cpp:20:27:[m[K [01;35m[Kwarning: [m[Kcomparison of integer expressions of different signedness: ‘[01m[Kint[m[K’ and ‘[01m[Kstd::vector<std::vector<double> >::size_type[m[K’ {aka ‘[01m[Klong unsigned int[m[K’} [[01;35m[K-Wsign-compare[m[K]
[0.266s]    20 |         for (int i = 0; [01;35m[Ki < dynamic_obstacle_sl.size()[m[K; i++)
[0.267s]       |                         [01;35m[K~~^~~~~~~~~~~~~~~~~~~~~~~~~~~~[m[K
[0.267s] [01m[K/root/planner_ws/src/cpp_pubsub/src/path_time_graph.cpp:24:20:[m[K [01;35m[Kwarning: [m[Kunused variable ‘[01m[Kobs_heading[m[K’ [[01;35m[K-Wunused-variable[m[K]
[0.267s]    24 |             double [01;35m[Kobs_heading[m[K = dynamic_obstacle_sl[i][2];
[0.267s]       |                    [01;35m[K^~~~~~~~~~~[m[K
[0.267s] [01m[K/root/planner_ws/src/cpp_pubsub/src/path_time_graph.cpp:25:20:[m[K [01;35m[Kwarning: [m[Kunused variable ‘[01m[Kobs_velocity[m[K’ [[01;35m[K-Wunused-variable[m[K]
[0.267s]    25 |             double [01;35m[Kobs_velocity[m[K = dynamic_obstacle_sl[i][3];
[0.267s]       |                    [01;35m[K^~~~~~~~~~~~[m[K
[0.268s] [01m[K/root/planner_ws/src/cpp_pubsub/src/path_time_graph.cpp:81:23:[m[K [01;35m[Kwarning: [m[Kstatement has no effect [[01;35m[K-Wunused-value[m[K]
[0.268s]    81 |                 [01;35m[Kst.su == predicte_s[m[K;
[0.268s]       |                 [01;35m[K~~~~~~^~~~~~~~~~~~~[m[K
[0.268s] [01m[K/root/planner_ws/src/cpp_pubsub/src/path_time_graph.cpp:94:23:[m[K [01;35m[Kwarning: [m[Kstatement has no effect [[01;35m[K-Wunused-value[m[K]
[0.268s]    94 |                 [01;35m[Kst.sl == predicte_s[m[K;
[0.269s]       |                 [01;35m[K~~~~~~^~~~~~~~~~~~~[m[K
[0.269s] [01m[K/root/planner_ws/src/cpp_pubsub/src/path_time_graph.cpp:5:102:[m[K [01;35m[Kwarning: [m[Kunused parameter ‘[01m[Kreferenceline[m[K’ [[01;35m[K-Wunused-parameter[m[K]
[0.269s]     5 | void PathTimeGraph::Init(const vector<vector<double>> &dynamic_obstacle_sl, [01;35m[Kconst vector<PathPoint> &referenceline[m[K,
[0.269s]       |                                                                             [01;35m[K~~~~~~~~~~~~~~~~~~~~~~~~~^~~~~~~~~~~~~[m[K
[0.269s] [01m[K/root/planner_ws/src/cpp_pubsub/src/path_time_graph.cpp:7:70:[m[K [01;35m[Kwarning: [m[Kunused parameter ‘[01m[Kinit_d[m[K’ [[01;35m[K-Wunused-parameter[m[K]
[0.269s]     7 |                          const double t_end, [01;35m[Kconst array<double, 3> &init_d[m[K)
[0.269s]       |                                              [01;35m[K~~~~~~~~~~~~~~~~~~~~~~~~^~~~~~[m[K
[0.339s] [01m[K/root/planner_ws/src/cpp_pubsub/src/end_condition_sampler.cpp:[m[K In member function ‘[01m[Kstd::vector<std::pair<std::vector<double>, double> > EndConditionSampler::SampleLonEndConditionsForLaneChange(int) const[m[K’:
[0.339s] [01m[K/root/planner_ws/src/cpp_pubsub/src/end_condition_sampler.cpp:115:68:[m[K [01;35m[Kwarning: [m[Kunused parameter ‘[01m[KLC_mode[m[K’ [[01;35m[K-Wunused-parameter[m[K]
[0.339s]   115 | EndConditionSampler::SampleLonEndConditionsForLaneChange([01;35m[Kconst int LC_mode[m[K) const
[0.339s]       |                                                          [01;35m[K~~~~~~~~~~^~~~~~~[m[K
[0.343s] [01m[K/root/planner_ws/src/cpp_pubsub/src/end_condition_sampler.cpp:[m[K In member function ‘[01m[Kstd::vector<std::pair<std::vector<double>, double> > EndConditionSampler::SampleLonEndConditionsForLaneChange(int) const[m[K’:
[0.343s] [01m[K/root/planner_ws/src/cpp_pubsub/src/end_condition_sampler.cpp:115:68:[m[K [01;35m[Kwarning: [m[Kunused parameter ‘[01m[KLC_mode[m[K’ [[01;35m[K-Wunused-parameter[m[K]
[0.343s]   115 | EndConditionSampler::SampleLonEndConditionsForLaneChange([01;35m[Kconst int LC_mode[m[K) const
[0.343s]       |                                                          [01;35m[K~~~~~~~~~~^~~~~~~[m[K
[1.979s] [01m[K/root/planner_ws/src/cpp_pubsub/src/manager.cpp:[m[K In member function ‘[01m[Kvoid Manage_Planner::planner()[m[K’:
[1.979s] [01m[K/root/planner_ws/src/cpp_pubsub/src/manager.cpp:207:85:[m[K [01;35m[Kwarning: [m[K‘[01m[KLC_mode[m[K’ may be used uninitialized in this function [[01;35m[K-Wmaybe-uninitialized[m[K]
[1.979s]   207 |         lon_end_conditions = [01;35m[Kendconditionsampler.SampleLonEndConditionsForLaneChange(LC_mode)[m[K;
[1.979s]       |                              [01;35m[K~~~~~~~~~~~~~~~~~~~~~~~~~~~~~~~~~~~~~~~~~~~~~~~~~~~~~~~^~~~~~~~~[m[K
[1.996s] [01m[K/root/planner_ws/src/cpp_pubsub/src/manager.cpp:[m[K In member function ‘[01m[Kvoid Manage_Planner::planner()[m[K’:
[1.997s] [01m[K/root/planner_ws/src/cpp_pubsub/src/manager.cpp:207:85:[m[K [01;35m[Kwarning: [m[K‘[01m[KLC_mode[m[K’ may be used uninitialized in this function [[01;35m[K-Wmaybe-uninitialized[m[K]
[1.997s]   207 |         lon_end_conditions = [01;35m[Kendconditionsampler.SampleLonEndConditionsForLaneChange(LC_mode)[m[K;
[1.997s]       |                              [01;35m[K~~~~~~~~~~~~~~~~~~~~~~~~~~~~~~~~~~~~~~~~~~~~~~~~~~~~~~~^~~~~~~~~[m[K
[2.265s] [ 25%] [32m[1mLinking CXX shared library libcpp_pubsub.so[0m
[2.377s] [ 61%] Built target cpp_pubsub
[3.602s] [ 64%] [32m[1mLinking CXX executable planner[0m
[3.798s] [100%] Built target planner
[3.807s] Invoked command in '/root/planner_ws/build/cpp_pubsub' returned '0': CMAKE_PREFIX_PATH=${CMAKE_PREFIX_PATH}:/opt/ros/foxy /usr/bin/cmake --build /root/planner_ws/build/cpp_pubsub -- -j12 -l12
[3.858s] Invoking command in '/root/planner_ws/build/cpp_pubsub': CMAKE_PREFIX_PATH=${CMAKE_PREFIX_PATH}:/opt/ros/foxy /usr/bin/cmake --install /root/planner_ws/build/cpp_pubsub
[3.865s] -- Install configuration: ""
[3.865s] -- Up-to-date: /root/planner_ws/install/cpp_pubsub/include
[3.866s] -- Up-to-date: /root/planner_ws/install/cpp_pubsub/include/STBoundaryPoint.hpp
[3.866s] -- Up-to-date: /root/planner_ws/install/cpp_pubsub/include/cartesian_frenet_converter.hpp
[3.866s] -- Up-to-date: /root/planner_ws/install/cpp_pubsub/include/collisionchecker.hpp
[3.866s] -- Up-to-date: /root/planner_ws/install/cpp_pubsub/include/latpath1d.hpp
[3.866s] -- Up-to-date: /root/planner_ws/install/cpp_pubsub/include/end_condition_sampler.hpp
[3.866s] -- Up-to-date: /root/planner_ws/install/cpp_pubsub/include/constans.hpp
[3.866s] -- Up-to-date: /root/planner_ws/install/cpp_pubsub/include/trajectory_evaluator.hpp
[3.866s] -- Up-to-date: /root/planner_ws/install/cpp_pubsub/include/obstacle.hpp
[3.866s] -- Installing: /root/planner_ws/install/cpp_pubsub/include/path_time_graph.hpp
[3.866s] -- Up-to-date: /root/planner_ws/install/cpp_pubsub/include/liner_interpolation.hpp
[3.866s] -- Up-to-date: /root/planner_ws/install/cpp_pubsub/include/Trajectory1dGenerator.hpp
[3.867s] -- Up-to-date: /root/planner_ws/install/cpp_pubsub/include/lonspeed1d.hpp
[3.867s] -- Up-to-date: /root/planner_ws/install/cpp_pubsub/include/matplotlibcpp.h
[3.867s] -- Up-to-date: /root/planner_ws/install/cpp_pubsub/include/obs.hpp
[3.867s] -- Up-to-date: /root/planner_ws/install/cpp_pubsub/include/referenceline.hpp
[3.867s] -- Up-to-date: /root/planner_ws/install/cpp_pubsub/include/manager.hpp
[3.867s] -- Up-to-date: /root/planner_ws/install/cpp_pubsub/include/plotfigure.hpp
[3.867s] -- Up-to-date: /root/planner_ws/install/cpp_pubsub/include/pathpoint.hpp
[3.867s] -- Up-to-date: /root/planner_ws/install/cpp_pubsub/include/constraint_checker1d.hpp
[3.867s] -- Up-to-date: /root/planner_ws/install/cpp_pubsub/include/feasible_region.hpp
[3.868s] -- Up-to-date: /root/planner_ws/install/cpp_pubsub/include/path_matcher.hpp
[3.868s] -- Up-to-date: /root/planner_ws/install/cpp_pubsub/include/SLPoint.hpp
[3.868s] -- Up-to-date: /root/planner_ws/install/cpp_pubsub/include/test.hpp
[3.868s] -- Up-to-date: /root/planner_ws/install/cpp_pubsub/include/STpoint.hpp
[3.868s] -- Up-to-date: /root/planner_ws/install/cpp_pubsub/include/TrajectoryPoint.hpp
[3.868s] -- Up-to-date: /root/planner_ws/install/cpp_pubsub/share/cpp_pubsub/environment/library_path.sh
[3.868s] -- Up-to-date: /root/planner_ws/install/cpp_pubsub/share/cpp_pubsub/environment/library_path.dsv
[3.868s] -- Installing: /root/planner_ws/install/cpp_pubsub/lib/libcpp_pubsub.so
[3.868s] -- Set runtime path of "/root/planner_ws/install/cpp_pubsub/lib/libcpp_pubsub.so" to ""
[3.868s] -- Installing: /root/planner_ws/install/cpp_pubsub/lib/cpp_pubsub/planner
[3.870s] -- Set runtime path of "/root/planner_ws/install/cpp_pubsub/lib/cpp_pubsub/planner" to ""
[3.870s] -- Up-to-date: /root/planner_ws/install/cpp_pubsub/share/ament_index/resource_index/package_run_dependencies/cpp_pubsub
[3.870s] -- Up-to-date: /root/planner_ws/install/cpp_pubsub/share/ament_index/resource_index/parent_prefix_path/cpp_pubsub
[3.870s] -- Up-to-date: /root/planner_ws/install/cpp_pubsub/share/cpp_pubsub/environment/ament_prefix_path.sh
[3.871s] -- Up-to-date: /root/planner_ws/install/cpp_pubsub/share/cpp_pubsub/environment/ament_prefix_path.dsv
[3.871s] -- Up-to-date: /root/planner_ws/install/cpp_pubsub/share/cpp_pubsub/environment/path.sh
[3.871s] -- Up-to-date: /root/planner_ws/install/cpp_pubsub/share/cpp_pubsub/environment/path.dsv
[3.871s] -- Up-to-date: /root/planner_ws/install/cpp_pubsub/share/cpp_pubsub/local_setup.bash
[3.871s] -- Up-to-date: /root/planner_ws/install/cpp_pubsub/share/cpp_pubsub/local_setup.sh
[3.871s] -- Up-to-date: /root/planner_ws/install/cpp_pubsub/share/cpp_pubsub/local_setup.zsh
[3.871s] -- Up-to-date: /root/planner_ws/install/cpp_pubsub/share/cpp_pubsub/local_setup.dsv
[3.871s] -- Installing: /root/planner_ws/install/cpp_pubsub/share/cpp_pubsub/package.dsv
[3.871s] -- Up-to-date: /root/planner_ws/install/cpp_pubsub/share/ament_index/resource_index/packages/cpp_pubsub
[3.871s] -- Up-to-date: /root/planner_ws/install/cpp_pubsub/share/cpp_pubsub/cmake/ament_cmake_export_dependencies-extras.cmake
[3.872s] -- Up-to-date: /root/planner_ws/install/cpp_pubsub/share/cpp_pubsub/cmake/ament_cmake_export_include_directories-extras.cmake
[3.872s] -- Up-to-date: /root/planner_ws/install/cpp_pubsub/share/cpp_pubsub/cmake/ament_cmake_export_libraries-extras.cmake
[3.872s] -- Up-to-date: /root/planner_ws/install/cpp_pubsub/share/cpp_pubsub/cmake/cpp_pubsubConfig.cmake
[3.872s] -- Up-to-date: /root/planner_ws/install/cpp_pubsub/share/cpp_pubsub/cmake/cpp_pubsubConfig-version.cmake
[3.872s] -- Up-to-date: /root/planner_ws/install/cpp_pubsub/share/cpp_pubsub/package.xml
[3.874s] Invoked command in '/root/planner_ws/build/cpp_pubsub' returned '0': CMAKE_PREFIX_PATH=${CMAKE_PREFIX_PATH}:/opt/ros/foxy /usr/bin/cmake --install /root/planner_ws/build/cpp_pubsub
