[0.022s] Invoking command in '/root/planner_ws/build/cpp_pubsub': CMAKE_PREFIX_PATH=${CMAKE_PREFIX_PATH}:/opt/ros/foxy /usr/bin/cmake --build /root/planner_ws/build/cpp_pubsub -- -j12 -l12
[0.057s] [35m[1mScanning dependencies of target cpp_pubsub[0m
[0.058s] [35m[1mScanning dependencies of target planner[0m
[0.084s] [  4%] [32mBuilding CXX object CMakeFiles/cpp_pubsub.dir/src/Trajectory1dGenerator.cpp.o[0m
[0.084s] [  8%] [32mBuilding CXX object CMakeFiles/cpp_pubsub.dir/src/manager.cpp.o[0m
[0.086s] [ 12%] [32mBuilding CXX object CMakeFiles/planner.dir/src/manager.cpp.o[0m
[0.086s] [ 16%] [32mBuilding CXX object CMakeFiles/planner.dir/src/Trajectory1dGenerator.cpp.o[0m
[0.383s] [01m[K/root/planner_ws/src/cpp_pubsub/src/Trajectory1dGenerator.cpp:[m[K In member function ‘[01m[Kvoid Trajectory1dGenerator::GenerateLongitudinalTrajectoryBundle(double, std::vector<LONspeed>&)[m[K’:
[0.383s] [01m[K/root/planner_ws/src/cpp_pubsub/src/Trajectory1dGenerator.cpp:64:73:[m[K [01;35m[Kwarning: [m[Kunused parameter ‘[01m[Ktargetspeed[m[K’ [[01;35m[K-Wunused-parameter[m[K]
[0.383s]    64 | void Trajectory1dGenerator::GenerateLongitudinalTrajectoryBundle([01;35m[Kdouble targetspeed[m[K,
[0.383s]       |                                                                  [01;35m[K~~~~~~~^~~~~~~~~~~[m[K
[0.383s] [01m[K/root/planner_ws/src/cpp_pubsub/src/Trajectory1dGenerator.cpp:65:84:[m[K [01;35m[Kwarning: [m[Kunused parameter ‘[01m[Kptr_lon_trajectory_bundle[m[K’ [[01;35m[K-Wunused-parameter[m[K]
[0.383s]    65 |                                                                  [01;35m[Kvector<LONspeed> &ptr_lon_trajectory_bundle[m[K)
[0.383s]       |                                                                  [01;35m[K~~~~~~~~~~~~~~~~~~^~~~~~~~~~~~~~~~~~~~~~~~~[m[K
[0.383s] [01m[K/root/planner_ws/src/cpp_pubsub/src/Trajectory1dGenerator.cpp:[m[K In member function ‘[01m[Kvoid Trajectory1dGenerator::GenerateLongitudinalTrajectoryBundle(double, std::vector<LONspeed>&)[m[K’:
[0.383s] [01m[K/root/planner_ws/src/cpp_pubsub/src/Trajectory1dGenerator.cpp:64:73:[m[K [01;35m[Kwarning: [m[Kunused parameter ‘[01m[Ktargetspeed[m[K’ [[01;35m[K-Wunused-parameter[m[K]
[0.383s]    64 | void Trajectory1dGenerator::GenerateLongitudinalTrajectoryBundle([01;35m[Kdouble targetspeed[m[K,
[0.383s]       |                                                                  [01;35m[K~~~~~~~^~~~~~~~~~~[m[K
[0.383s] [01m[K/root/planner_ws/src/cpp_pubsub/src/Trajectory1dGenerator.cpp:65:84:[m[K [01;35m[Kwarning: [m[Kunused parameter ‘[01m[Kptr_lon_trajectory_bundle[m[K’ [[01;35m[K-Wunused-parameter[m[K]
[0.383s]    65 |                                                                  [01;35m[Kvector<LONspeed> &ptr_lon_trajectory_bundle[m[K)
[0.383s]       |                                                                  [01;35m[K~~~~~~~~~~~~~~~~~~^~~~~~~~~~~~~~~~~~~~~~~~~[m[K
[1.578s] [01m[K/root/planner_ws/src/cpp_pubsub/src/manager.cpp:[m[K In member function ‘[01m[Kvoid Manage_Planner::planner()[m[K’:
[1.578s] [01m[K/root/planner_ws/src/cpp_pubsub/src/manager.cpp:183:20:[m[K [01;31m[Kerror: [m[Kredeclaration of ‘[01m[Kstd::vector<double, std::allocator<double> > end_t_candidates[m[K’
[1.578s]   183 |     vector<double> [01;31m[Kend_t_candidates[m[K = {8};
[1.578s]       |                    [01;31m[K^~~~~~~~~~~~~~~~[m[K
[1.578s] [01m[K/root/planner_ws/src/cpp_pubsub/src/manager.cpp:182:20:[m[K [01;36m[Knote: [m[K‘[01m[Kstd::vector<double, std::allocator<double> > end_t_candidates[m[K’ previously declared here
[1.578s]   182 |     vector<double> [01;36m[Kend_t_candidates[m[K = {1, 2, 3, 4, 5, 6, 7, 8};
[1.578s]       |                    [01;36m[K^~~~~~~~~~~~~~~~[m[K
[1.578s] [01m[K/root/planner_ws/src/cpp_pubsub/src/manager.cpp:[m[K In member function ‘[01m[Kvoid Manage_Planner::planner()[m[K’:
[1.578s] [01m[K/root/planner_ws/src/cpp_pubsub/src/manager.cpp:183:20:[m[K [01;31m[Kerror: [m[Kredeclaration of ‘[01m[Kstd::vector<double, std::allocator<double> > end_t_candidates[m[K’
[1.578s]   183 |     vector<double> [01;31m[Kend_t_candidates[m[K = {8};
[1.578s]       |                    [01;31m[K^~~~~~~~~~~~~~~~[m[K
[1.579s] [01m[K/root/planner_ws/src/cpp_pubsub/src/manager.cpp:182:20:[m[K [01;36m[Knote: [m[K‘[01m[Kstd::vector<double, std::allocator<double> > end_t_candidates[m[K’ previously declared here
[1.579s]   182 |     vector<double> [01;36m[Kend_t_candidates[m[K = {1, 2, 3, 4, 5, 6, 7, 8};
[1.579s]       |                    [01;36m[K^~~~~~~~~~~~~~~~[m[K
[1.985s] make[2]: *** [CMakeFiles/planner.dir/build.make:89: CMakeFiles/planner.dir/src/manager.cpp.o] Error 1
[1.986s] make[1]: *** [CMakeFiles/Makefile2:107: CMakeFiles/planner.dir/all] Error 2
[1.986s] make[1]: *** Waiting for unfinished jobs....
[1.987s] make[2]: *** [CMakeFiles/cpp_pubsub.dir/build.make:76: CMakeFiles/cpp_pubsub.dir/src/manager.cpp.o] Error 1
[1.987s] make[1]: *** [CMakeFiles/Makefile2:80: CMakeFiles/cpp_pubsub.dir/all] Error 2
[1.987s] make: *** [Makefile:141: all] Error 2
[1.989s] Invoked command in '/root/planner_ws/build/cpp_pubsub' returned '2': CMAKE_PREFIX_PATH=${CMAKE_PREFIX_PATH}:/opt/ros/foxy /usr/bin/cmake --build /root/planner_ws/build/cpp_pubsub -- -j12 -l12
