[35m[1mScanning dependencies of target cpp_pubsub[0m
[35m[1mScanning dependencies of target planner[0m
[  3%] [32mBuilding CXX object CMakeFiles/cpp_pubsub.dir/src/trajectory_evaluator.cpp.o[0m
[  6%] [32mBuilding CXX object CMakeFiles/cpp_pubsub.dir/src/collisionchecker.cpp.o[0m
[  9%] [32mBuilding CXX object CMakeFiles/cpp_pubsub.dir/src/manager.cpp.o[0m
[ 12%] [32mBuilding CXX object CMakeFiles/cpp_pubsub.dir/src/constraint_checker1d.cpp.o[0m
[ 16%] [32mBuilding CXX object CMakeFiles/planner.dir/src/publisher.cpp.o[0m
[ 19%] [32mBuilding CXX object CMakeFiles/cpp_pubsub.dir/src/feasible_region.cpp.o[0m
[ 22%] [32mBuilding CXX object CMakeFiles/cpp_pubsub.dir/src/path_time_graph.cpp.o[0m
[ 25%] [32mBuilding CXX object CMakeFiles/cpp_pubsub.dir/src/end_condition_sampler.cpp.o[0m
[ 29%] [32mBuilding CXX object CMakeFiles/planner.dir/src/manager.cpp.o[0m
[ 32%] [32mBuilding CXX object CMakeFiles/planner.dir/src/trajectory_evaluator.cpp.o[0m
[ 35%] [32mBuilding CXX object CMakeFiles/planner.dir/src/collisionchecker.cpp.o[0m
[ 38%] [32mBuilding CXX object CMakeFiles/planner.dir/src/constraint_checker1d.cpp.o[0m
[01m[K/root/planner_ws/src/cpp_pubsub/src/collisionchecker.cpp:[m[K In member function ‘[01m[Kbool Collision_Checker::InCollision(const std::vector<std::vector<double> >&, const LATpath&, double, double, const std::array<double, 3>&)[m[K’:
[01m[K/root/planner_ws/src/cpp_pubsub/src/collisionchecker.cpp:19:17:[m[K [01;35m[Kwarning: [m[Kunused variable ‘[01m[Kpointnum[m[K’ [[01;35m[K-Wunused-variable[m[K]
   19 |             int [01;35m[Kpointnum[m[K = 30;
      |                 [01;35m[K^~~~~~~~[m[K
[01m[K/root/planner_ws/src/cpp_pubsub/src/collisionchecker.cpp:5:74:[m[K [01;35m[Kwarning: [m[Kunused parameter ‘[01m[Kobs_length[m[K’ [[01;35m[K-Wunused-parameter[m[K]
    5 |                                     const double obs_width, [01;35m[Kconst double obs_length[m[K, const std::array<double, 3> &init_s)
      |                                                             [01;35m[K~~~~~~~~~~~~~^~~~~~~~~~[m[K
[01m[K/root/planner_ws/src/cpp_pubsub/src/path_time_graph.cpp:[m[K In member function ‘[01m[Kvoid PathTimeGraph::Init(const std::vector<std::vector<double> >&, const std::vector<PathPoint>&, double, double, double, double, const std::array<double, 3>&, const std::array<double, 3>&)[m[K’:
[01m[K/root/planner_ws/src/cpp_pubsub/src/path_time_graph.cpp:21:27:[m[K [01;35m[Kwarning: [m[Kcomparison of integer expressions of different signedness: ‘[01m[Kint[m[K’ and ‘[01m[Kstd::vector<std::vector<double> >::size_type[m[K’ {aka ‘[01m[Klong unsigned int[m[K’} [[01;35m[K-Wsign-compare[m[K]
   21 |         for (int i = 0; [01;35m[Ki < dynamic_obstacle_sl.size()[m[K; i++)
      |                         [01;35m[K~~^~~~~~~~~~~~~~~~~~~~~~~~~~~~[m[K
[01m[K/root/planner_ws/src/cpp_pubsub/src/path_time_graph.cpp:5:102:[m[K [01;35m[Kwarning: [m[Kunused parameter ‘[01m[Kreferenceline[m[K’ [[01;35m[K-Wunused-parameter[m[K]
    5 | void PathTimeGraph::Init(const vector<vector<double>> &dynamic_obstacle_sl, [01;35m[Kconst vector<PathPoint> &referenceline[m[K,
      |                                                                             [01;35m[K~~~~~~~~~~~~~~~~~~~~~~~~~^~~~~~~~~~~~~[m[K
[01m[K/root/planner_ws/src/cpp_pubsub/src/path_time_graph.cpp:7:70:[m[K [01;35m[Kwarning: [m[Kunused parameter ‘[01m[Kinit_d[m[K’ [[01;35m[K-Wunused-parameter[m[K]
    7 |                          const double t_end, [01;35m[Kconst array<double, 3> &init_d[m[K,const array<double, 3> &init_s)
      |                                              [01;35m[K~~~~~~~~~~~~~~~~~~~~~~~~^~~~~~[m[K
[01m[K/root/planner_ws/src/cpp_pubsub/src/trajectory_evaluator.cpp:[m[K In member function ‘[01m[Kvoid Trajectory_Evaluator::TrajectoryEvaluator(const std::array<double, 3>&, const std::vector<LONspeed>&, const std::vector<LATpath>&, const std::vector<PathPoint>&)[m[K’:
[01m[K/root/planner_ws/src/cpp_pubsub/src/trajectory_evaluator.cpp:9:34:[m[K [01;35m[Kwarning: [m[Kunused parameter ‘[01m[Klon_trajectories[m[K’ [[01;35m[K-Wunused-parameter[m[K]
    9 |     [01;35m[Kconst std::vector<LONspeed> &lon_trajectories[m[K,
      |     [01;35m[K~~~~~~~~~~~~~~~~~~~~~~~~~~~~~^~~~~~~~~~~~~~~~[m[K
[01m[K/root/planner_ws/src/cpp_pubsub/src/trajectory_evaluator.cpp:11:35:[m[K [01;35m[Kwarning: [m[Kunused parameter ‘[01m[Kreference_line[m[K’ [[01;35m[K-Wunused-parameter[m[K]
   11 |     [01;35m[Kconst std::vector<PathPoint> &reference_line[m[K)
      |     [01;35m[K~~~~~~~~~~~~~~~~~~~~~~~~~~~~~~^~~~~~~~~~~~~~[m[K
[01m[K/root/planner_ws/src/cpp_pubsub/src/trajectory_evaluator.cpp:[m[K In member function ‘[01m[Kdouble Trajectory_Evaluator::LatComfortCost(const std::vector<double>&, const LATpath&) const[m[K’:
[01m[K/root/planner_ws/src/cpp_pubsub/src/trajectory_evaluator.cpp:44:60:[m[K [01;35m[Kwarning: [m[Kunused parameter ‘[01m[Klat_trajectory[m[K’ [[01;35m[K-Wunused-parameter[m[K]
   44 |                                             [01;35m[Kconst LATpath &lat_trajectory[m[K) const
      |                                             [01;35m[K~~~~~~~~~~~~~~~^~~~~~~~~~~~~~[m[K
[01m[K/root/planner_ws/src/cpp_pubsub/src/trajectory_evaluator.cpp:[m[K In member function ‘[01m[Kdouble Trajectory_Evaluator::LatOffsetCost(const LATpath&, const std::vector<double>&) const[m[K’:
[01m[K/root/planner_ws/src/cpp_pubsub/src/trajectory_evaluator.cpp:62:20:[m[K [01;35m[Kwarning: [m[Kunused parameter ‘[01m[Klat_trajectory[m[K’ [[01;35m[K-Wunused-parameter[m[K]
   62 |     [01;35m[Kconst LATpath &lat_trajectory[m[K,
      |     [01;35m[K~~~~~~~~~~~~~~~^~~~~~~~~~~~~~[m[K
[01m[K/root/planner_ws/src/cpp_pubsub/src/collisionchecker.cpp:[m[K In member function ‘[01m[Kbool Collision_Checker::InCollision(const std::vector<std::vector<double> >&, const LATpath&, double, double, const std::array<double, 3>&)[m[K’:
[01m[K/root/planner_ws/src/cpp_pubsub/src/collisionchecker.cpp:19:17:[m[K [01;35m[Kwarning: [m[Kunused variable ‘[01m[Kpointnum[m[K’ [[01;35m[K-Wunused-variable[m[K]
   19 |             int [01;35m[Kpointnum[m[K = 30;
      |                 [01;35m[K^~~~~~~~[m[K
[01m[K/root/planner_ws/src/cpp_pubsub/src/collisionchecker.cpp:5:74:[m[K [01;35m[Kwarning: [m[Kunused parameter ‘[01m[Kobs_length[m[K’ [[01;35m[K-Wunused-parameter[m[K]
    5 |                                     const double obs_width, [01;35m[Kconst double obs_length[m[K, const std::array<double, 3> &init_s)
      |                                                             [01;35m[K~~~~~~~~~~~~~^~~~~~~~~~[m[K
[01m[K/root/planner_ws/src/cpp_pubsub/src/trajectory_evaluator.cpp:[m[K In member function ‘[01m[Kvoid Trajectory_Evaluator::TrajectoryEvaluator(const std::array<double, 3>&, const std::vector<LONspeed>&, const std::vector<LATpath>&, const std::vector<PathPoint>&)[m[K’:
[01m[K/root/planner_ws/src/cpp_pubsub/src/trajectory_evaluator.cpp:9:34:[m[K [01;35m[Kwarning: [m[Kunused parameter ‘[01m[Klon_trajectories[m[K’ [[01;35m[K-Wunused-parameter[m[K]
    9 |     [01;35m[Kconst std::vector<LONspeed> &lon_trajectories[m[K,
      |     [01;35m[K~~~~~~~~~~~~~~~~~~~~~~~~~~~~~^~~~~~~~~~~~~~~~[m[K
[01m[K/root/planner_ws/src/cpp_pubsub/src/trajectory_evaluator.cpp:11:35:[m[K [01;35m[Kwarning: [m[Kunused parameter ‘[01m[Kreference_line[m[K’ [[01;35m[K-Wunused-parameter[m[K]
   11 |     [01;35m[Kconst std::vector<PathPoint> &reference_line[m[K)
      |     [01;35m[K~~~~~~~~~~~~~~~~~~~~~~~~~~~~~~^~~~~~~~~~~~~~[m[K
[ 41%] [32mBuilding CXX object CMakeFiles/planner.dir/src/end_condition_sampler.cpp.o[0m
[01m[K/root/planner_ws/src/cpp_pubsub/src/trajectory_evaluator.cpp:[m[K In member function ‘[01m[Kdouble Trajectory_Evaluator::LatComfortCost(const std::vector<double>&, const LATpath&) const[m[K’:
[01m[K/root/planner_ws/src/cpp_pubsub/src/trajectory_evaluator.cpp:44:60:[m[K [01;35m[Kwarning: [m[Kunused parameter ‘[01m[Klat_trajectory[m[K’ [[01;35m[K-Wunused-parameter[m[K]
   44 |                                             [01;35m[Kconst LATpath &lat_trajectory[m[K) const
      |                                             [01;35m[K~~~~~~~~~~~~~~~^~~~~~~~~~~~~~[m[K
[01m[K/root/planner_ws/src/cpp_pubsub/src/trajectory_evaluator.cpp:[m[K In member function ‘[01m[Kdouble Trajectory_Evaluator::LatOffsetCost(const LATpath&, const std::vector<double>&) const[m[K’:
[01m[K/root/planner_ws/src/cpp_pubsub/src/trajectory_evaluator.cpp:62:20:[m[K [01;35m[Kwarning: [m[Kunused parameter ‘[01m[Klat_trajectory[m[K’ [[01;35m[K-Wunused-parameter[m[K]
   62 |     [01;35m[Kconst LATpath &lat_trajectory[m[K,
      |     [01;35m[K~~~~~~~~~~~~~~~^~~~~~~~~~~~~~[m[K
[ 45%] [32mBuilding CXX object CMakeFiles/planner.dir/src/feasible_region.cpp.o[0m
[01m[K/root/planner_ws/src/cpp_pubsub/src/end_condition_sampler.cpp:[m[K In member function ‘[01m[Kstd::vector<std::pair<std::vector<double>, double> > EndConditionSampler::SampleLonEndConditionsForLaneChange(const std::vector<STBoundaryPoint>&) const[m[K’:
[01m[K/root/planner_ws/src/cpp_pubsub/src/end_condition_sampler.cpp:118:132:[m[K [01;31m[Kerror: [m[K‘[01m[Kconstants[m[K’ was not declared in this scope; did you mean ‘[01m[Kconstans[m[K’?
  118 |     vector<SamplePoint> sample_points = QueryPathTimeObstacleSamplePoints(stboundarypoint , constans.FLAGS_vehicle_config_length , [01;31m[Kconstants[m[K.FLAGS_trajectory_sample_s_num);
      |                                                                                                                                    [01;31m[K^~~~~~~~~[m[K
      |                                                                                                                                    [32m[Kconstans[m[K
[01m[K/root/planner_ws/src/cpp_pubsub/src/end_condition_sampler.cpp:121:26:[m[K [01;31m[Kerror: [m[K‘[01m[Kconst struct SamplePoint[m[K’ has no member named ‘[01m[Kpath_time_point[m[K’
  121 |         if (sample_point.[01;31m[Kpath_time_point[m[K.t < constans.FLAGS_polynomial_minimal_param)
      |                          [01;31m[K^~~~~~~~~~~~~~~[m[K
[01m[K/root/planner_ws/src/cpp_pubsub/src/end_condition_sampler.cpp:125:33:[m[K [01;31m[Kerror: [m[K‘[01m[Kconst struct SamplePoint[m[K’ has no member named ‘[01m[Kpath_time_point[m[K’
  125 |         double s = sample_point.[01;31m[Kpath_time_point[m[K.s;
      |                                 [01;31m[K^~~~~~~~~~~~~~~[m[K
[01m[K/root/planner_ws/src/cpp_pubsub/src/end_condition_sampler.cpp:127:33:[m[K [01;31m[Kerror: [m[K‘[01m[Kconst struct SamplePoint[m[K’ has no member named ‘[01m[Kpath_time_point[m[K’
  127 |         double t = sample_point.[01;31m[Kpath_time_point[m[K.t;
      |                                 [01;31m[K^~~~~~~~~~~~~~~[m[K
[01m[K/root/planner_ws/src/cpp_pubsub/src/end_condition_sampler.cpp:[m[K In function ‘[01m[Kstd::vector<SamplePoint> QueryPathTimeObstacleSamplePoints(const std::vector<STBoundaryPoint>&, double, double)[m[K’:
[01m[K/root/planner_ws/src/cpp_pubsub/src/end_condition_sampler.cpp:162:20:[m[K [01;35m[Kwarning: [m[Kunused variable ‘[01m[Ks_gap[m[K’ [[01;35m[K-Wunused-variable[m[K]
  162 |             double [01;35m[Ks_gap[m[K = (s_upper - s_lower) / sample_s_num;
      |                    [01;35m[K^~~~~[m[K
[ 48%] [32mBuilding CXX object CMakeFiles/planner.dir/src/path_time_graph.cpp.o[0m
make[2]: *** [CMakeFiles/cpp_pubsub.dir/build.make:206: CMakeFiles/cpp_pubsub.dir/src/end_condition_sampler.cpp.o] Error 1
make[2]: *** Waiting for unfinished jobs....
[01m[K/root/planner_ws/src/cpp_pubsub/src/path_time_graph.cpp:[m[K In member function ‘[01m[Kvoid PathTimeGraph::Init(const std::vector<std::vector<double> >&, const std::vector<PathPoint>&, double, double, double, double, const std::array<double, 3>&, const std::array<double, 3>&)[m[K’:
[01m[K/root/planner_ws/src/cpp_pubsub/src/path_time_graph.cpp:21:27:[m[K [01;35m[Kwarning: [m[Kcomparison of integer expressions of different signedness: ‘[01m[Kint[m[K’ and ‘[01m[Kstd::vector<std::vector<double> >::size_type[m[K’ {aka ‘[01m[Klong unsigned int[m[K’} [[01;35m[K-Wsign-compare[m[K]
   21 |         for (int i = 0; [01;35m[Ki < dynamic_obstacle_sl.size()[m[K; i++)
      |                         [01;35m[K~~^~~~~~~~~~~~~~~~~~~~~~~~~~~~[m[K
[01m[K/root/planner_ws/src/cpp_pubsub/src/path_time_graph.cpp:5:102:[m[K [01;35m[Kwarning: [m[Kunused parameter ‘[01m[Kreferenceline[m[K’ [[01;35m[K-Wunused-parameter[m[K]
    5 | void PathTimeGraph::Init(const vector<vector<double>> &dynamic_obstacle_sl, [01;35m[Kconst vector<PathPoint> &referenceline[m[K,
      |                                                                             [01;35m[K~~~~~~~~~~~~~~~~~~~~~~~~~^~~~~~~~~~~~~[m[K
[01m[K/root/planner_ws/src/cpp_pubsub/src/path_time_graph.cpp:7:70:[m[K [01;35m[Kwarning: [m[Kunused parameter ‘[01m[Kinit_d[m[K’ [[01;35m[K-Wunused-parameter[m[K]
    7 |                          const double t_end, [01;35m[Kconst array<double, 3> &init_d[m[K,const array<double, 3> &init_s)
      |                                              [01;35m[K~~~~~~~~~~~~~~~~~~~~~~~~^~~~~~[m[K
[01m[K/root/planner_ws/src/cpp_pubsub/src/end_condition_sampler.cpp:[m[K In member function ‘[01m[Kstd::vector<std::pair<std::vector<double>, double> > EndConditionSampler::SampleLonEndConditionsForLaneChange(const std::vector<STBoundaryPoint>&) const[m[K’:
[01m[K/root/planner_ws/src/cpp_pubsub/src/end_condition_sampler.cpp:118:132:[m[K [01;31m[Kerror: [m[K‘[01m[Kconstants[m[K’ was not declared in this scope; did you mean ‘[01m[Kconstans[m[K’?
  118 |     vector<SamplePoint> sample_points = QueryPathTimeObstacleSamplePoints(stboundarypoint , constans.FLAGS_vehicle_config_length , [01;31m[Kconstants[m[K.FLAGS_trajectory_sample_s_num);
      |                                                                                                                                    [01;31m[K^~~~~~~~~[m[K
      |                                                                                                                                    [32m[Kconstans[m[K
[01m[K/root/planner_ws/src/cpp_pubsub/src/end_condition_sampler.cpp:121:26:[m[K [01;31m[Kerror: [m[K‘[01m[Kconst struct SamplePoint[m[K’ has no member named ‘[01m[Kpath_time_point[m[K’
  121 |         if (sample_point.[01;31m[Kpath_time_point[m[K.t < constans.FLAGS_polynomial_minimal_param)
      |                          [01;31m[K^~~~~~~~~~~~~~~[m[K
[01m[K/root/planner_ws/src/cpp_pubsub/src/end_condition_sampler.cpp:125:33:[m[K [01;31m[Kerror: [m[K‘[01m[Kconst struct SamplePoint[m[K’ has no member named ‘[01m[Kpath_time_point[m[K’
  125 |         double s = sample_point.[01;31m[Kpath_time_point[m[K.s;
      |                                 [01;31m[K^~~~~~~~~~~~~~~[m[K
[01m[K/root/planner_ws/src/cpp_pubsub/src/end_condition_sampler.cpp:127:33:[m[K [01;31m[Kerror: [m[K‘[01m[Kconst struct SamplePoint[m[K’ has no member named ‘[01m[Kpath_time_point[m[K’
  127 |         double t = sample_point.[01;31m[Kpath_time_point[m[K.t;
      |                                 [01;31m[K^~~~~~~~~~~~~~~[m[K
[01m[K/root/planner_ws/src/cpp_pubsub/src/end_condition_sampler.cpp:[m[K In function ‘[01m[Kstd::vector<SamplePoint> QueryPathTimeObstacleSamplePoints(const std::vector<STBoundaryPoint>&, double, double)[m[K’:
[01m[K/root/planner_ws/src/cpp_pubsub/src/end_condition_sampler.cpp:162:20:[m[K [01;35m[Kwarning: [m[Kunused variable ‘[01m[Ks_gap[m[K’ [[01;35m[K-Wunused-variable[m[K]
  162 |             double [01;35m[Ks_gap[m[K = (s_upper - s_lower) / sample_s_num;
      |                    [01;35m[K^~~~~[m[K
make[2]: *** [CMakeFiles/planner.dir/build.make:219: CMakeFiles/planner.dir/src/end_condition_sampler.cpp.o] Error 1
make[2]: *** Waiting for unfinished jobs....
make[1]: *** [CMakeFiles/Makefile2:80: CMakeFiles/cpp_pubsub.dir/all] Error 2
make[1]: *** Waiting for unfinished jobs....
make[1]: *** [CMakeFiles/Makefile2:107: CMakeFiles/planner.dir/all] Error 2
make: *** [Makefile:141: all] Error 2
