[0.028s] Invoking command in '/root/planner_ws/build/cpp_pubsub': CMAKE_PREFIX_PATH=${CMAKE_PREFIX_PATH}:/opt/ros/foxy /usr/bin/cmake --build /root/planner_ws/build/cpp_pubsub -- -j12 -l12
[0.095s] [35m[1mScanning dependencies of target cpp_pubsub[0m
[0.096s] [35m[1mScanning dependencies of target planner[0m
[0.133s] [  3%] [32mBuilding CXX object CMakeFiles/cpp_pubsub.dir/src/trajectory_evaluator.cpp.o[0m
[0.135s] [  6%] [32mBuilding CXX object CMakeFiles/cpp_pubsub.dir/src/collisionchecker.cpp.o[0m
[0.135s] [  9%] [32mBuilding CXX object CMakeFiles/cpp_pubsub.dir/src/manager.cpp.o[0m
[0.136s] [ 12%] [32mBuilding CXX object CMakeFiles/cpp_pubsub.dir/src/constraint_checker1d.cpp.o[0m
[0.136s] [ 16%] [32mBuilding CXX object CMakeFiles/planner.dir/src/publisher.cpp.o[0m
[0.136s] [ 19%] [32mBuilding CXX object CMakeFiles/cpp_pubsub.dir/src/feasible_region.cpp.o[0m
[0.137s] [ 22%] [32mBuilding CXX object CMakeFiles/cpp_pubsub.dir/src/path_time_graph.cpp.o[0m
[0.137s] [ 25%] [32mBuilding CXX object CMakeFiles/cpp_pubsub.dir/src/end_condition_sampler.cpp.o[0m
[0.138s] [ 29%] [32mBuilding CXX object CMakeFiles/planner.dir/src/manager.cpp.o[0m
[0.141s] [ 32%] [32mBuilding CXX object CMakeFiles/planner.dir/src/trajectory_evaluator.cpp.o[0m
[0.145s] [ 35%] [32mBuilding CXX object CMakeFiles/planner.dir/src/collisionchecker.cpp.o[0m
[0.146s] [ 38%] [32mBuilding CXX object CMakeFiles/planner.dir/src/constraint_checker1d.cpp.o[0m
[0.472s] [01m[K/root/planner_ws/src/cpp_pubsub/src/collisionchecker.cpp:[m[K In member function ‘[01m[Kbool Collision_Checker::InCollision(const std::vector<std::vector<double> >&, const LATpath&, double, double, const std::array<double, 3>&)[m[K’:
[0.473s] [01m[K/root/planner_ws/src/cpp_pubsub/src/collisionchecker.cpp:19:17:[m[K [01;35m[Kwarning: [m[Kunused variable ‘[01m[Kpointnum[m[K’ [[01;35m[K-Wunused-variable[m[K]
[0.473s]    19 |             int [01;35m[Kpointnum[m[K = 30;
[0.473s]       |                 [01;35m[K^~~~~~~~[m[K
[0.473s] [01m[K/root/planner_ws/src/cpp_pubsub/src/collisionchecker.cpp:5:74:[m[K [01;35m[Kwarning: [m[Kunused parameter ‘[01m[Kobs_length[m[K’ [[01;35m[K-Wunused-parameter[m[K]
[0.474s]     5 |                                     const double obs_width, [01;35m[Kconst double obs_length[m[K, const std::array<double, 3> &init_s)
[0.474s]       |                                                             [01;35m[K~~~~~~~~~~~~~^~~~~~~~~~[m[K
[0.523s] [01m[K/root/planner_ws/src/cpp_pubsub/src/path_time_graph.cpp:[m[K In member function ‘[01m[Kvoid PathTimeGraph::Init(const std::vector<std::vector<double> >&, const std::vector<PathPoint>&, double, double, double, double, const std::array<double, 3>&, const std::array<double, 3>&)[m[K’:
[0.523s] [01m[K/root/planner_ws/src/cpp_pubsub/src/path_time_graph.cpp:21:27:[m[K [01;35m[Kwarning: [m[Kcomparison of integer expressions of different signedness: ‘[01m[Kint[m[K’ and ‘[01m[Kstd::vector<std::vector<double> >::size_type[m[K’ {aka ‘[01m[Klong unsigned int[m[K’} [[01;35m[K-Wsign-compare[m[K]
[0.524s]    21 |         for (int i = 0; [01;35m[Ki < dynamic_obstacle_sl.size()[m[K; i++)
[0.524s]       |                         [01;35m[K~~^~~~~~~~~~~~~~~~~~~~~~~~~~~~[m[K
[0.530s] [01m[K/root/planner_ws/src/cpp_pubsub/src/path_time_graph.cpp:5:102:[m[K [01;35m[Kwarning: [m[Kunused parameter ‘[01m[Kreferenceline[m[K’ [[01;35m[K-Wunused-parameter[m[K]
[0.530s]     5 | void PathTimeGraph::Init(const vector<vector<double>> &dynamic_obstacle_sl, [01;35m[Kconst vector<PathPoint> &referenceline[m[K,
[0.530s]       |                                                                             [01;35m[K~~~~~~~~~~~~~~~~~~~~~~~~~^~~~~~~~~~~~~[m[K
[0.530s] [01m[K/root/planner_ws/src/cpp_pubsub/src/path_time_graph.cpp:7:70:[m[K [01;35m[Kwarning: [m[Kunused parameter ‘[01m[Kinit_d[m[K’ [[01;35m[K-Wunused-parameter[m[K]
[0.530s]     7 |                          const double t_end, [01;35m[Kconst array<double, 3> &init_d[m[K,const array<double, 3> &init_s)
[0.530s]       |                                              [01;35m[K~~~~~~~~~~~~~~~~~~~~~~~~^~~~~~[m[K
[0.534s] [01m[K/root/planner_ws/src/cpp_pubsub/src/trajectory_evaluator.cpp:[m[K In member function ‘[01m[Kvoid Trajectory_Evaluator::TrajectoryEvaluator(const std::array<double, 3>&, const std::vector<LONspeed>&, const std::vector<LATpath>&, const std::vector<PathPoint>&)[m[K’:
[0.534s] [01m[K/root/planner_ws/src/cpp_pubsub/src/trajectory_evaluator.cpp:9:34:[m[K [01;35m[Kwarning: [m[Kunused parameter ‘[01m[Klon_trajectories[m[K’ [[01;35m[K-Wunused-parameter[m[K]
[0.534s]     9 |     [01;35m[Kconst std::vector<LONspeed> &lon_trajectories[m[K,
[0.534s]       |     [01;35m[K~~~~~~~~~~~~~~~~~~~~~~~~~~~~~^~~~~~~~~~~~~~~~[m[K
[0.535s] [01m[K/root/planner_ws/src/cpp_pubsub/src/trajectory_evaluator.cpp:11:35:[m[K [01;35m[Kwarning: [m[Kunused parameter ‘[01m[Kreference_line[m[K’ [[01;35m[K-Wunused-parameter[m[K]
[0.535s]    11 |     [01;35m[Kconst std::vector<PathPoint> &reference_line[m[K)
[0.535s]       |     [01;35m[K~~~~~~~~~~~~~~~~~~~~~~~~~~~~~~^~~~~~~~~~~~~~[m[K
[0.540s] [01m[K/root/planner_ws/src/cpp_pubsub/src/trajectory_evaluator.cpp:[m[K In member function ‘[01m[Kdouble Trajectory_Evaluator::LatComfortCost(const std::vector<double>&, const LATpath&) const[m[K’:
[0.540s] [01m[K/root/planner_ws/src/cpp_pubsub/src/trajectory_evaluator.cpp:44:60:[m[K [01;35m[Kwarning: [m[Kunused parameter ‘[01m[Klat_trajectory[m[K’ [[01;35m[K-Wunused-parameter[m[K]
[0.541s]    44 |                                             [01;35m[Kconst LATpath &lat_trajectory[m[K) const
[0.541s]       |                                             [01;35m[K~~~~~~~~~~~~~~~^~~~~~~~~~~~~~[m[K
[0.541s] [01m[K/root/planner_ws/src/cpp_pubsub/src/trajectory_evaluator.cpp:[m[K In member function ‘[01m[Kdouble Trajectory_Evaluator::LatOffsetCost(const LATpath&, const std::vector<double>&) const[m[K’:
[0.541s] [01m[K/root/planner_ws/src/cpp_pubsub/src/trajectory_evaluator.cpp:62:20:[m[K [01;35m[Kwarning: [m[Kunused parameter ‘[01m[Klat_trajectory[m[K’ [[01;35m[K-Wunused-parameter[m[K]
[0.541s]    62 |     [01;35m[Kconst LATpath &lat_trajectory[m[K,
[0.541s]       |     [01;35m[K~~~~~~~~~~~~~~~^~~~~~~~~~~~~~[m[K
[0.543s] [01m[K/root/planner_ws/src/cpp_pubsub/src/collisionchecker.cpp:[m[K In member function ‘[01m[Kbool Collision_Checker::InCollision(const std::vector<std::vector<double> >&, const LATpath&, double, double, const std::array<double, 3>&)[m[K’:
[0.543s] [01m[K/root/planner_ws/src/cpp_pubsub/src/collisionchecker.cpp:19:17:[m[K [01;35m[Kwarning: [m[Kunused variable ‘[01m[Kpointnum[m[K’ [[01;35m[K-Wunused-variable[m[K]
[0.544s]    19 |             int [01;35m[Kpointnum[m[K = 30;
[0.544s]       |                 [01;35m[K^~~~~~~~[m[K
[0.545s] [01m[K/root/planner_ws/src/cpp_pubsub/src/collisionchecker.cpp:5:74:[m[K [01;35m[Kwarning: [m[Kunused parameter ‘[01m[Kobs_length[m[K’ [[01;35m[K-Wunused-parameter[m[K]
[0.545s]     5 |                                     const double obs_width, [01;35m[Kconst double obs_length[m[K, const std::array<double, 3> &init_s)
[0.545s]       |                                                             [01;35m[K~~~~~~~~~~~~~^~~~~~~~~~[m[K
[0.594s] [01m[K/root/planner_ws/src/cpp_pubsub/src/trajectory_evaluator.cpp:[m[K In member function ‘[01m[Kvoid Trajectory_Evaluator::TrajectoryEvaluator(const std::array<double, 3>&, const std::vector<LONspeed>&, const std::vector<LATpath>&, const std::vector<PathPoint>&)[m[K’:
[0.594s] [01m[K/root/planner_ws/src/cpp_pubsub/src/trajectory_evaluator.cpp:9:34:[m[K [01;35m[Kwarning: [m[Kunused parameter ‘[01m[Klon_trajectories[m[K’ [[01;35m[K-Wunused-parameter[m[K]
[0.594s]     9 |     [01;35m[Kconst std::vector<LONspeed> &lon_trajectories[m[K,
[0.594s]       |     [01;35m[K~~~~~~~~~~~~~~~~~~~~~~~~~~~~~^~~~~~~~~~~~~~~~[m[K
[0.595s] [01m[K/root/planner_ws/src/cpp_pubsub/src/trajectory_evaluator.cpp:11:35:[m[K [01;35m[Kwarning: [m[Kunused parameter ‘[01m[Kreference_line[m[K’ [[01;35m[K-Wunused-parameter[m[K]
[0.595s]    11 |     [01;35m[Kconst std::vector<PathPoint> &reference_line[m[K)
[0.595s]       |     [01;35m[K~~~~~~~~~~~~~~~~~~~~~~~~~~~~~~^~~~~~~~~~~~~~[m[K
[0.603s] [ 41%] [32mBuilding CXX object CMakeFiles/planner.dir/src/end_condition_sampler.cpp.o[0m
[0.604s] [01m[K/root/planner_ws/src/cpp_pubsub/src/trajectory_evaluator.cpp:[m[K In member function ‘[01m[Kdouble Trajectory_Evaluator::LatComfortCost(const std::vector<double>&, const LATpath&) const[m[K’:
[0.604s] [01m[K/root/planner_ws/src/cpp_pubsub/src/trajectory_evaluator.cpp:44:60:[m[K [01;35m[Kwarning: [m[Kunused parameter ‘[01m[Klat_trajectory[m[K’ [[01;35m[K-Wunused-parameter[m[K]
[0.604s]    44 |                                             [01;35m[Kconst LATpath &lat_trajectory[m[K) const
[0.604s]       |                                             [01;35m[K~~~~~~~~~~~~~~~^~~~~~~~~~~~~~[m[K
[0.605s] [01m[K/root/planner_ws/src/cpp_pubsub/src/trajectory_evaluator.cpp:[m[K In member function ‘[01m[Kdouble Trajectory_Evaluator::LatOffsetCost(const LATpath&, const std::vector<double>&) const[m[K’:
[0.605s] [01m[K/root/planner_ws/src/cpp_pubsub/src/trajectory_evaluator.cpp:62:20:[m[K [01;35m[Kwarning: [m[Kunused parameter ‘[01m[Klat_trajectory[m[K’ [[01;35m[K-Wunused-parameter[m[K]
[0.605s]    62 |     [01;35m[Kconst LATpath &lat_trajectory[m[K,
[0.605s]       |     [01;35m[K~~~~~~~~~~~~~~~^~~~~~~~~~~~~~[m[K
[0.658s] [ 45%] [32mBuilding CXX object CMakeFiles/planner.dir/src/feasible_region.cpp.o[0m
[0.668s] [01m[K/root/planner_ws/src/cpp_pubsub/src/end_condition_sampler.cpp:[m[K In member function ‘[01m[Kstd::vector<std::pair<std::vector<double>, double> > EndConditionSampler::SampleLonEndConditionsForLaneChange(const std::vector<STBoundaryPoint>&) const[m[K’:
[0.669s] [01m[K/root/planner_ws/src/cpp_pubsub/src/end_condition_sampler.cpp:118:132:[m[K [01;31m[Kerror: [m[K‘[01m[Kconstants[m[K’ was not declared in this scope; did you mean ‘[01m[Kconstans[m[K’?
[0.669s]   118 |     vector<SamplePoint> sample_points = QueryPathTimeObstacleSamplePoints(stboundarypoint , constans.FLAGS_vehicle_config_length , [01;31m[Kconstants[m[K.FLAGS_trajectory_sample_s_num);
[0.669s]       |                                                                                                                                    [01;31m[K^~~~~~~~~[m[K
[0.669s]       |                                                                                                                                    [32m[Kconstans[m[K
[0.674s] [01m[K/root/planner_ws/src/cpp_pubsub/src/end_condition_sampler.cpp:121:26:[m[K [01;31m[Kerror: [m[K‘[01m[Kconst struct SamplePoint[m[K’ has no member named ‘[01m[Kpath_time_point[m[K’
[0.674s]   121 |         if (sample_point.[01;31m[Kpath_time_point[m[K.t < constans.FLAGS_polynomial_minimal_param)
[0.675s]       |                          [01;31m[K^~~~~~~~~~~~~~~[m[K
[0.675s] [01m[K/root/planner_ws/src/cpp_pubsub/src/end_condition_sampler.cpp:125:33:[m[K [01;31m[Kerror: [m[K‘[01m[Kconst struct SamplePoint[m[K’ has no member named ‘[01m[Kpath_time_point[m[K’
[0.675s]   125 |         double s = sample_point.[01;31m[Kpath_time_point[m[K.s;
[0.675s]       |                                 [01;31m[K^~~~~~~~~~~~~~~[m[K
[0.675s] [01m[K/root/planner_ws/src/cpp_pubsub/src/end_condition_sampler.cpp:127:33:[m[K [01;31m[Kerror: [m[K‘[01m[Kconst struct SamplePoint[m[K’ has no member named ‘[01m[Kpath_time_point[m[K’
[0.676s]   127 |         double t = sample_point.[01;31m[Kpath_time_point[m[K.t;
[0.676s]       |                                 [01;31m[K^~~~~~~~~~~~~~~[m[K
[0.676s] [01m[K/root/planner_ws/src/cpp_pubsub/src/end_condition_sampler.cpp:[m[K In function ‘[01m[Kstd::vector<SamplePoint> QueryPathTimeObstacleSamplePoints(const std::vector<STBoundaryPoint>&, double, double)[m[K’:
[0.676s] [01m[K/root/planner_ws/src/cpp_pubsub/src/end_condition_sampler.cpp:162:20:[m[K [01;35m[Kwarning: [m[Kunused variable ‘[01m[Ks_gap[m[K’ [[01;35m[K-Wunused-variable[m[K]
[0.677s]   162 |             double [01;35m[Ks_gap[m[K = (s_upper - s_lower) / sample_s_num;
[0.678s]       |                    [01;35m[K^~~~~[m[K
[0.678s] [ 48%] [32mBuilding CXX object CMakeFiles/planner.dir/src/path_time_graph.cpp.o[0m
[0.857s] make[2]: *** [CMakeFiles/cpp_pubsub.dir/build.make:206: CMakeFiles/cpp_pubsub.dir/src/end_condition_sampler.cpp.o] Error 1
[0.857s] make[2]: *** Waiting for unfinished jobs....
[1.051s] [01m[K/root/planner_ws/src/cpp_pubsub/src/path_time_graph.cpp:[m[K In member function ‘[01m[Kvoid PathTimeGraph::Init(const std::vector<std::vector<double> >&, const std::vector<PathPoint>&, double, double, double, double, const std::array<double, 3>&, const std::array<double, 3>&)[m[K’:
[1.051s] [01m[K/root/planner_ws/src/cpp_pubsub/src/path_time_graph.cpp:21:27:[m[K [01;35m[Kwarning: [m[Kcomparison of integer expressions of different signedness: ‘[01m[Kint[m[K’ and ‘[01m[Kstd::vector<std::vector<double> >::size_type[m[K’ {aka ‘[01m[Klong unsigned int[m[K’} [[01;35m[K-Wsign-compare[m[K]
[1.051s]    21 |         for (int i = 0; [01;35m[Ki < dynamic_obstacle_sl.size()[m[K; i++)
[1.051s]       |                         [01;35m[K~~^~~~~~~~~~~~~~~~~~~~~~~~~~~~[m[K
[1.054s] [01m[K/root/planner_ws/src/cpp_pubsub/src/path_time_graph.cpp:5:102:[m[K [01;35m[Kwarning: [m[Kunused parameter ‘[01m[Kreferenceline[m[K’ [[01;35m[K-Wunused-parameter[m[K]
[1.054s]     5 | void PathTimeGraph::Init(const vector<vector<double>> &dynamic_obstacle_sl, [01;35m[Kconst vector<PathPoint> &referenceline[m[K,
[1.054s]       |                                                                             [01;35m[K~~~~~~~~~~~~~~~~~~~~~~~~~^~~~~~~~~~~~~[m[K
[1.054s] [01m[K/root/planner_ws/src/cpp_pubsub/src/path_time_graph.cpp:7:70:[m[K [01;35m[Kwarning: [m[Kunused parameter ‘[01m[Kinit_d[m[K’ [[01;35m[K-Wunused-parameter[m[K]
[1.054s]     7 |                          const double t_end, [01;35m[Kconst array<double, 3> &init_d[m[K,const array<double, 3> &init_s)
[1.054s]       |                                              [01;35m[K~~~~~~~~~~~~~~~~~~~~~~~~^~~~~~[m[K
[1.155s] [01m[K/root/planner_ws/src/cpp_pubsub/src/end_condition_sampler.cpp:[m[K In member function ‘[01m[Kstd::vector<std::pair<std::vector<double>, double> > EndConditionSampler::SampleLonEndConditionsForLaneChange(const std::vector<STBoundaryPoint>&) const[m[K’:
[1.156s] [01m[K/root/planner_ws/src/cpp_pubsub/src/end_condition_sampler.cpp:118:132:[m[K [01;31m[Kerror: [m[K‘[01m[Kconstants[m[K’ was not declared in this scope; did you mean ‘[01m[Kconstans[m[K’?
[1.156s]   118 |     vector<SamplePoint> sample_points = QueryPathTimeObstacleSamplePoints(stboundarypoint , constans.FLAGS_vehicle_config_length , [01;31m[Kconstants[m[K.FLAGS_trajectory_sample_s_num);
[1.156s]       |                                                                                                                                    [01;31m[K^~~~~~~~~[m[K
[1.156s]       |                                                                                                                                    [32m[Kconstans[m[K
[1.156s] [01m[K/root/planner_ws/src/cpp_pubsub/src/end_condition_sampler.cpp:121:26:[m[K [01;31m[Kerror: [m[K‘[01m[Kconst struct SamplePoint[m[K’ has no member named ‘[01m[Kpath_time_point[m[K’
[1.157s]   121 |         if (sample_point.[01;31m[Kpath_time_point[m[K.t < constans.FLAGS_polynomial_minimal_param)
[1.157s]       |                          [01;31m[K^~~~~~~~~~~~~~~[m[K
[1.157s] [01m[K/root/planner_ws/src/cpp_pubsub/src/end_condition_sampler.cpp:125:33:[m[K [01;31m[Kerror: [m[K‘[01m[Kconst struct SamplePoint[m[K’ has no member named ‘[01m[Kpath_time_point[m[K’
[1.157s]   125 |         double s = sample_point.[01;31m[Kpath_time_point[m[K.s;
[1.157s]       |                                 [01;31m[K^~~~~~~~~~~~~~~[m[K
[1.157s] [01m[K/root/planner_ws/src/cpp_pubsub/src/end_condition_sampler.cpp:127:33:[m[K [01;31m[Kerror: [m[K‘[01m[Kconst struct SamplePoint[m[K’ has no member named ‘[01m[Kpath_time_point[m[K’
[1.157s]   127 |         double t = sample_point.[01;31m[Kpath_time_point[m[K.t;
[1.157s]       |                                 [01;31m[K^~~~~~~~~~~~~~~[m[K
[1.157s] [01m[K/root/planner_ws/src/cpp_pubsub/src/end_condition_sampler.cpp:[m[K In function ‘[01m[Kstd::vector<SamplePoint> QueryPathTimeObstacleSamplePoints(const std::vector<STBoundaryPoint>&, double, double)[m[K’:
[1.157s] [01m[K/root/planner_ws/src/cpp_pubsub/src/end_condition_sampler.cpp:162:20:[m[K [01;35m[Kwarning: [m[Kunused variable ‘[01m[Ks_gap[m[K’ [[01;35m[K-Wunused-variable[m[K]
[1.158s]   162 |             double [01;35m[Ks_gap[m[K = (s_upper - s_lower) / sample_s_num;
[1.158s]       |                    [01;35m[K^~~~~[m[K
[1.250s] make[2]: *** [CMakeFiles/planner.dir/build.make:219: CMakeFiles/planner.dir/src/end_condition_sampler.cpp.o] Error 1
[1.250s] make[2]: *** Waiting for unfinished jobs....
[3.101s] make[1]: *** [CMakeFiles/Makefile2:80: CMakeFiles/cpp_pubsub.dir/all] Error 2
[3.101s] make[1]: *** Waiting for unfinished jobs....
[4.916s] make[1]: *** [CMakeFiles/Makefile2:107: CMakeFiles/planner.dir/all] Error 2
[4.916s] make: *** [Makefile:141: all] Error 2
[4.919s] Invoked command in '/root/planner_ws/build/cpp_pubsub' returned '2': CMAKE_PREFIX_PATH=${CMAKE_PREFIX_PATH}:/opt/ros/foxy /usr/bin/cmake --build /root/planner_ws/build/cpp_pubsub -- -j12 -l12
