[0.028s] Invoking command in '/root/planner_ws/build/cpp_pubsub': CMAKE_PREFIX_PATH=${CMAKE_PREFIX_PATH}:/opt/ros/foxy /usr/bin/cmake --build /root/planner_ws/build/cpp_pubsub -- -j12 -l12
[0.069s] [35m[1mScanning dependencies of target cpp_pubsub[0m
[0.069s] [35m[1mScanning dependencies of target planner[0m
[0.095s] [  3%] [32mBuilding CXX object CMakeFiles/cpp_pubsub.dir/src/end_condition_sampler.cpp.o[0m
[0.095s] [  6%] [32mBuilding CXX object CMakeFiles/cpp_pubsub.dir/src/manager.cpp.o[0m
[0.096s] [  9%] [32mBuilding CXX object CMakeFiles/cpp_pubsub.dir/src/obstacle.cpp.o[0m
[0.096s] [ 12%] [32mBuilding CXX object CMakeFiles/cpp_pubsub.dir/src/path_time_graph.cpp.o[0m
[0.104s] [ 16%] [32mBuilding CXX object CMakeFiles/planner.dir/src/publisher.cpp.o[0m
[0.105s] [ 19%] [32mBuilding CXX object CMakeFiles/planner.dir/src/end_condition_sampler.cpp.o[0m
[0.105s] [ 25%] [32mBuilding CXX object CMakeFiles/planner.dir/src/path_time_graph.cpp.o[0m
[0.105s] [ 25%] [32mBuilding CXX object CMakeFiles/planner.dir/src/manager.cpp.o[0m
[0.106s] [ 29%] [32mBuilding CXX object CMakeFiles/planner.dir/src/obstacle.cpp.o[0m
[0.353s] [01m[K/root/planner_ws/src/cpp_pubsub/src/path_time_graph.cpp:[m[K In member function ‘[01m[Kvoid PathTimeGraph::Init(const std::vector<std::vector<double> >&, const std::vector<PathPoint>&, double, double, double, double, const std::array<double, 3>&)[m[K’:
[0.353s] [01m[K/root/planner_ws/src/cpp_pubsub/src/path_time_graph.cpp:20:27:[m[K [01;35m[Kwarning: [m[Kcomparison of integer expressions of different signedness: ‘[01m[Kint[m[K’ and ‘[01m[Kstd::vector<std::vector<double> >::size_type[m[K’ {aka ‘[01m[Klong unsigned int[m[K’} [[01;35m[K-Wsign-compare[m[K]
[0.353s]    20 |         for (int i = 0; [01;35m[Ki < dynamic_obstacle_sl.size()[m[K; i++)
[0.353s]       |                         [01;35m[K~~^~~~~~~~~~~~~~~~~~~~~~~~~~~~[m[K
[0.353s] [01m[K/root/planner_ws/src/cpp_pubsub/src/path_time_graph.cpp:24:20:[m[K [01;35m[Kwarning: [m[Kunused variable ‘[01m[Kobs_heading[m[K’ [[01;35m[K-Wunused-variable[m[K]
[0.353s]    24 |             double [01;35m[Kobs_heading[m[K = dynamic_obstacle_sl[i][2];
[0.353s]       |                    [01;35m[K^~~~~~~~~~~[m[K
[0.354s] [01m[K/root/planner_ws/src/cpp_pubsub/src/path_time_graph.cpp:25:20:[m[K [01;35m[Kwarning: [m[Kunused variable ‘[01m[Kobs_velocity[m[K’ [[01;35m[K-Wunused-variable[m[K]
[0.354s]    25 |             double [01;35m[Kobs_velocity[m[K = dynamic_obstacle_sl[i][3];
[0.354s]       |                    [01;35m[K^~~~~~~~~~~~[m[K
[0.354s] [01m[K/root/planner_ws/src/cpp_pubsub/src/path_time_graph.cpp:5:102:[m[K [01;35m[Kwarning: [m[Kunused parameter ‘[01m[Kreferenceline[m[K’ [[01;35m[K-Wunused-parameter[m[K]
[0.354s]     5 | void PathTimeGraph::Init(const vector<vector<double>> &dynamic_obstacle_sl, [01;35m[Kconst vector<PathPoint> &referenceline[m[K,
[0.354s]       |                                                                             [01;35m[K~~~~~~~~~~~~~~~~~~~~~~~~~^~~~~~~~~~~~~[m[K
[0.354s] [01m[K/root/planner_ws/src/cpp_pubsub/src/path_time_graph.cpp:6:61:[m[K [01;35m[Kwarning: [m[Kunused parameter ‘[01m[Ks_end[m[K’ [[01;35m[K-Wunused-parameter[m[K]
[0.354s]     6 |                          const double s_start, [01;35m[Kconst double s_end[m[K, const double t_start,
[0.354s]       |                                                [01;35m[K~~~~~~~~~~~~~^~~~~[m[K
[0.354s] [01m[K/root/planner_ws/src/cpp_pubsub/src/path_time_graph.cpp:6:81:[m[K [01;35m[Kwarning: [m[Kunused parameter ‘[01m[Kt_start[m[K’ [[01;35m[K-Wunused-parameter[m[K]
[0.354s]     6 |                          const double s_start, const double s_end, [01;35m[Kconst double t_start[m[K,
[0.354s]       |                                                                    [01;35m[K~~~~~~~~~~~~~^~~~~~~[m[K
[0.354s] [01m[K/root/planner_ws/src/cpp_pubsub/src/path_time_graph.cpp:7:39:[m[K [01;35m[Kwarning: [m[Kunused parameter ‘[01m[Kt_end[m[K’ [[01;35m[K-Wunused-parameter[m[K]
[0.354s]     7 |                          [01;35m[Kconst double t_end[m[K, const array<double, 3> &init_d)
[0.355s]       |                          [01;35m[K~~~~~~~~~~~~~^~~~~[m[K
[0.355s] [01m[K/root/planner_ws/src/cpp_pubsub/src/path_time_graph.cpp:7:70:[m[K [01;35m[Kwarning: [m[Kunused parameter ‘[01m[Kinit_d[m[K’ [[01;35m[K-Wunused-parameter[m[K]
[0.355s]     7 |                          const double t_end, [01;35m[Kconst array<double, 3> &init_d[m[K)
[0.355s]       |                                              [01;35m[K~~~~~~~~~~~~~~~~~~~~~~~~^~~~~~[m[K
[0.355s] [01m[K/root/planner_ws/src/cpp_pubsub/src/path_time_graph.cpp:[m[K In member function ‘[01m[Kvoid PathTimeGraph::Init(const std::vector<std::vector<double> >&, const std::vector<PathPoint>&, double, double, double, double, const std::array<double, 3>&)[m[K’:
[0.355s] [01m[K/root/planner_ws/src/cpp_pubsub/src/path_time_graph.cpp:20:27:[m[K [01;35m[Kwarning: [m[Kcomparison of integer expressions of different signedness: ‘[01m[Kint[m[K’ and ‘[01m[Kstd::vector<std::vector<double> >::size_type[m[K’ {aka ‘[01m[Klong unsigned int[m[K’} [[01;35m[K-Wsign-compare[m[K]
[0.355s]    20 |         for (int i = 0; [01;35m[Ki < dynamic_obstacle_sl.size()[m[K; i++)
[0.355s]       |                         [01;35m[K~~^~~~~~~~~~~~~~~~~~~~~~~~~~~~[m[K
[0.355s] [01m[K/root/planner_ws/src/cpp_pubsub/src/path_time_graph.cpp:24:20:[m[K [01;35m[Kwarning: [m[Kunused variable ‘[01m[Kobs_heading[m[K’ [[01;35m[K-Wunused-variable[m[K]
[0.355s]    24 |             double [01;35m[Kobs_heading[m[K = dynamic_obstacle_sl[i][2];
[0.355s]       |                    [01;35m[K^~~~~~~~~~~[m[K
[0.356s] [01m[K/root/planner_ws/src/cpp_pubsub/src/path_time_graph.cpp:25:20:[m[K [01;35m[Kwarning: [m[Kunused variable ‘[01m[Kobs_velocity[m[K’ [[01;35m[K-Wunused-variable[m[K]
[0.356s]    25 |             double [01;35m[Kobs_velocity[m[K = dynamic_obstacle_sl[i][3];
[0.356s]       |                    [01;35m[K^~~~~~~~~~~~[m[K
[0.356s] [01m[K/root/planner_ws/src/cpp_pubsub/src/path_time_graph.cpp:5:102:[m[K [01;35m[Kwarning: [m[Kunused parameter ‘[01m[Kreferenceline[m[K’ [[01;35m[K-Wunused-parameter[m[K]
[0.356s]     5 | void PathTimeGraph::Init(const vector<vector<double>> &dynamic_obstacle_sl, [01;35m[Kconst vector<PathPoint> &referenceline[m[K,
[0.356s]       |                                                                             [01;35m[K~~~~~~~~~~~~~~~~~~~~~~~~~^~~~~~~~~~~~~[m[K
[0.356s] [01m[K/root/planner_ws/src/cpp_pubsub/src/path_time_graph.cpp:6:61:[m[K [01;35m[Kwarning: [m[Kunused parameter ‘[01m[Ks_end[m[K’ [[01;35m[K-Wunused-parameter[m[K]
[0.356s]     6 |                          const double s_start, [01;35m[Kconst double s_end[m[K, const double t_start,
[0.356s]       |                                                [01;35m[K~~~~~~~~~~~~~^~~~~[m[K
[0.356s] [01m[K/root/planner_ws/src/cpp_pubsub/src/path_time_graph.cpp:6:81:[m[K [01;35m[Kwarning: [m[Kunused parameter ‘[01m[Kt_start[m[K’ [[01;35m[K-Wunused-parameter[m[K]
[0.356s]     6 |                          const double s_start, const double s_end, [01;35m[Kconst double t_start[m[K,
[0.356s]       |                                                                    [01;35m[K~~~~~~~~~~~~~^~~~~~~[m[K
[0.356s] [01m[K/root/planner_ws/src/cpp_pubsub/src/path_time_graph.cpp:7:39:[m[K [01;35m[Kwarning: [m[Kunused parameter ‘[01m[Kt_end[m[K’ [[01;35m[K-Wunused-parameter[m[K]
[0.356s]     7 |                          [01;35m[Kconst double t_end[m[K, const array<double, 3> &init_d)
[0.357s]       |                          [01;35m[K~~~~~~~~~~~~~^~~~~[m[K
[0.357s] [01m[K/root/planner_ws/src/cpp_pubsub/src/path_time_graph.cpp:7:70:[m[K [01;35m[Kwarning: [m[Kunused parameter ‘[01m[Kinit_d[m[K’ [[01;35m[K-Wunused-parameter[m[K]
[0.357s]     7 |                          const double t_end, [01;35m[Kconst array<double, 3> &init_d[m[K)
[0.357s]       |                                              [01;35m[K~~~~~~~~~~~~~~~~~~~~~~~~^~~~~~[m[K
[0.435s] [01m[K/root/planner_ws/src/cpp_pubsub/src/end_condition_sampler.cpp:[m[K In member function ‘[01m[Kstd::vector<std::pair<std::vector<double>, double> > EndConditionSampler::SampleLonEndConditionsForLaneChange(int) const[m[K’:
[0.435s] [01m[K/root/planner_ws/src/cpp_pubsub/src/end_condition_sampler.cpp:115:68:[m[K [01;35m[Kwarning: [m[Kunused parameter ‘[01m[KLC_mode[m[K’ [[01;35m[K-Wunused-parameter[m[K]
[0.435s]   115 | EndConditionSampler::SampleLonEndConditionsForLaneChange([01;35m[Kconst int LC_mode[m[K) const
[0.435s]       |                                                          [01;35m[K~~~~~~~~~~^~~~~~~[m[K
[0.438s] [01m[K/root/planner_ws/src/cpp_pubsub/src/end_condition_sampler.cpp:[m[K In member function ‘[01m[Kstd::vector<std::pair<std::vector<double>, double> > EndConditionSampler::SampleLonEndConditionsForLaneChange(int) const[m[K’:
[0.439s] [01m[K/root/planner_ws/src/cpp_pubsub/src/end_condition_sampler.cpp:115:68:[m[K [01;35m[Kwarning: [m[Kunused parameter ‘[01m[KLC_mode[m[K’ [[01;35m[K-Wunused-parameter[m[K]
[0.439s]   115 | EndConditionSampler::SampleLonEndConditionsForLaneChange([01;35m[Kconst int LC_mode[m[K) const
[0.439s]       |                                                          [01;35m[K~~~~~~~~~~^~~~~~~[m[K
[2.478s] [01m[K/root/planner_ws/src/cpp_pubsub/src/manager.cpp:[m[K In member function ‘[01m[Kvoid Manage_Planner::planner()[m[K’:
[2.478s] [01m[K/root/planner_ws/src/cpp_pubsub/src/manager.cpp:207:85:[m[K [01;35m[Kwarning: [m[K‘[01m[KLC_mode[m[K’ may be used uninitialized in this function [[01;35m[K-Wmaybe-uninitialized[m[K]
[2.478s]   207 |         lon_end_conditions = [01;35m[Kendconditionsampler.SampleLonEndConditionsForLaneChange(LC_mode)[m[K;
[2.478s]       |                              [01;35m[K~~~~~~~~~~~~~~~~~~~~~~~~~~~~~~~~~~~~~~~~~~~~~~~~~~~~~~~^~~~~~~~~[m[K
[2.513s] [01m[K/root/planner_ws/src/cpp_pubsub/src/manager.cpp:[m[K In member function ‘[01m[Kvoid Manage_Planner::planner()[m[K’:
[2.513s] [01m[K/root/planner_ws/src/cpp_pubsub/src/manager.cpp:207:85:[m[K [01;35m[Kwarning: [m[K‘[01m[KLC_mode[m[K’ may be used uninitialized in this function [[01;35m[K-Wmaybe-uninitialized[m[K]
[2.513s]   207 |         lon_end_conditions = [01;35m[Kendconditionsampler.SampleLonEndConditionsForLaneChange(LC_mode)[m[K;
[2.513s]       |                              [01;35m[K~~~~~~~~~~~~~~~~~~~~~~~~~~~~~~~~~~~~~~~~~~~~~~~~~~~~~~~^~~~~~~~~[m[K
[2.780s] [ 32%] [32m[1mLinking CXX shared library libcpp_pubsub.so[0m
[2.891s] [ 64%] Built target cpp_pubsub
[4.320s] [ 67%] [32m[1mLinking CXX executable planner[0m
[4.515s] [100%] Built target planner
[4.528s] Invoked command in '/root/planner_ws/build/cpp_pubsub' returned '0': CMAKE_PREFIX_PATH=${CMAKE_PREFIX_PATH}:/opt/ros/foxy /usr/bin/cmake --build /root/planner_ws/build/cpp_pubsub -- -j12 -l12
[4.580s] Invoking command in '/root/planner_ws/build/cpp_pubsub': CMAKE_PREFIX_PATH=${CMAKE_PREFIX_PATH}:/opt/ros/foxy /usr/bin/cmake --install /root/planner_ws/build/cpp_pubsub
[4.587s] -- Install configuration: ""
[4.587s] -- Up-to-date: /root/planner_ws/install/cpp_pubsub/include
[4.587s] -- Installing: /root/planner_ws/install/cpp_pubsub/include/STBoundaryPoint.hpp
[4.587s] -- Up-to-date: /root/planner_ws/install/cpp_pubsub/include/cartesian_frenet_converter.hpp
[4.588s] -- Up-to-date: /root/planner_ws/install/cpp_pubsub/include/collisionchecker.hpp
[4.588s] -- Up-to-date: /root/planner_ws/install/cpp_pubsub/include/latpath1d.hpp
[4.588s] -- Up-to-date: /root/planner_ws/install/cpp_pubsub/include/end_condition_sampler.hpp
[4.588s] -- Up-to-date: /root/planner_ws/install/cpp_pubsub/include/constans.hpp
[4.588s] -- Up-to-date: /root/planner_ws/install/cpp_pubsub/include/trajectory_evaluator.hpp
[4.588s] -- Installing: /root/planner_ws/install/cpp_pubsub/include/obstacle.hpp
[4.588s] -- Installing: /root/planner_ws/install/cpp_pubsub/include/path_time_graph.hpp
[4.588s] -- Up-to-date: /root/planner_ws/install/cpp_pubsub/include/liner_interpolation.hpp
[4.588s] -- Up-to-date: /root/planner_ws/install/cpp_pubsub/include/Trajectory1dGenerator.hpp
[4.588s] -- Up-to-date: /root/planner_ws/install/cpp_pubsub/include/lonspeed1d.hpp
[4.588s] -- Up-to-date: /root/planner_ws/install/cpp_pubsub/include/matplotlibcpp.h
[4.589s] -- Up-to-date: /root/planner_ws/install/cpp_pubsub/include/obs.hpp
[4.589s] -- Up-to-date: /root/planner_ws/install/cpp_pubsub/include/referenceline.hpp
[4.589s] -- Up-to-date: /root/planner_ws/install/cpp_pubsub/include/manager.hpp
[4.589s] -- Up-to-date: /root/planner_ws/install/cpp_pubsub/include/plotfigure.hpp
[4.589s] -- Up-to-date: /root/planner_ws/install/cpp_pubsub/include/pathpoint.hpp
[4.589s] -- Up-to-date: /root/planner_ws/install/cpp_pubsub/include/constraint_checker1d.hpp
[4.589s] -- Up-to-date: /root/planner_ws/install/cpp_pubsub/include/feasible_region.hpp
[4.589s] -- Up-to-date: /root/planner_ws/install/cpp_pubsub/include/path_matcher.hpp
[4.589s] -- Up-to-date: /root/planner_ws/install/cpp_pubsub/include/SLPoint.hpp
[4.589s] -- Up-to-date: /root/planner_ws/install/cpp_pubsub/include/test.hpp
[4.589s] -- Installing: /root/planner_ws/install/cpp_pubsub/include/STpoint.hpp
[4.589s] -- Up-to-date: /root/planner_ws/install/cpp_pubsub/include/TrajectoryPoint.hpp
[4.589s] -- Up-to-date: /root/planner_ws/install/cpp_pubsub/share/cpp_pubsub/environment/library_path.sh
[4.589s] -- Up-to-date: /root/planner_ws/install/cpp_pubsub/share/cpp_pubsub/environment/library_path.dsv
[4.589s] -- Installing: /root/planner_ws/install/cpp_pubsub/lib/libcpp_pubsub.so
[4.589s] -- Set runtime path of "/root/planner_ws/install/cpp_pubsub/lib/libcpp_pubsub.so" to ""
[4.589s] -- Installing: /root/planner_ws/install/cpp_pubsub/lib/cpp_pubsub/planner
[4.591s] -- Set runtime path of "/root/planner_ws/install/cpp_pubsub/lib/cpp_pubsub/planner" to ""
[4.591s] -- Up-to-date: /root/planner_ws/install/cpp_pubsub/share/ament_index/resource_index/package_run_dependencies/cpp_pubsub
[4.591s] -- Up-to-date: /root/planner_ws/install/cpp_pubsub/share/ament_index/resource_index/parent_prefix_path/cpp_pubsub
[4.591s] -- Up-to-date: /root/planner_ws/install/cpp_pubsub/share/cpp_pubsub/environment/ament_prefix_path.sh
[4.591s] -- Up-to-date: /root/planner_ws/install/cpp_pubsub/share/cpp_pubsub/environment/ament_prefix_path.dsv
[4.591s] -- Up-to-date: /root/planner_ws/install/cpp_pubsub/share/cpp_pubsub/environment/path.sh
[4.592s] -- Up-to-date: /root/planner_ws/install/cpp_pubsub/share/cpp_pubsub/environment/path.dsv
[4.592s] -- Up-to-date: /root/planner_ws/install/cpp_pubsub/share/cpp_pubsub/local_setup.bash
[4.592s] -- Up-to-date: /root/planner_ws/install/cpp_pubsub/share/cpp_pubsub/local_setup.sh
[4.592s] -- Up-to-date: /root/planner_ws/install/cpp_pubsub/share/cpp_pubsub/local_setup.zsh
[4.592s] -- Up-to-date: /root/planner_ws/install/cpp_pubsub/share/cpp_pubsub/local_setup.dsv
[4.592s] -- Installing: /root/planner_ws/install/cpp_pubsub/share/cpp_pubsub/package.dsv
[4.592s] -- Up-to-date: /root/planner_ws/install/cpp_pubsub/share/ament_index/resource_index/packages/cpp_pubsub
[4.592s] -- Up-to-date: /root/planner_ws/install/cpp_pubsub/share/cpp_pubsub/cmake/ament_cmake_export_dependencies-extras.cmake
[4.592s] -- Up-to-date: /root/planner_ws/install/cpp_pubsub/share/cpp_pubsub/cmake/ament_cmake_export_include_directories-extras.cmake
[4.592s] -- Up-to-date: /root/planner_ws/install/cpp_pubsub/share/cpp_pubsub/cmake/ament_cmake_export_libraries-extras.cmake
[4.592s] -- Up-to-date: /root/planner_ws/install/cpp_pubsub/share/cpp_pubsub/cmake/cpp_pubsubConfig.cmake
[4.592s] -- Up-to-date: /root/planner_ws/install/cpp_pubsub/share/cpp_pubsub/cmake/cpp_pubsubConfig-version.cmake
[4.592s] -- Up-to-date: /root/planner_ws/install/cpp_pubsub/share/cpp_pubsub/package.xml
[4.594s] Invoked command in '/root/planner_ws/build/cpp_pubsub' returned '0': CMAKE_PREFIX_PATH=${CMAKE_PREFIX_PATH}:/opt/ros/foxy /usr/bin/cmake --install /root/planner_ws/build/cpp_pubsub
