[0.022s] Invoking command in '/root/planner_ws/build/cpp_pubsub': CMAKE_PREFIX_PATH=${CMAKE_PREFIX_PATH}:/opt/ros/foxy /usr/bin/cmake --build /root/planner_ws/build/cpp_pubsub -- -j12 -l12
[0.059s] [35m[1mScanning dependencies of target cpp_pubsub[0m
[0.060s] [35m[1mScanning dependencies of target planner[0m
[0.088s] [  3%] [32mBuilding CXX object CMakeFiles/cpp_pubsub.dir/src/manager.cpp.o[0m
[0.091s] [  7%] [32mBuilding CXX object CMakeFiles/planner.dir/src/manager.cpp.o[0m
[1.373s] [01m[K/root/planner_ws/src/cpp_pubsub/src/manager.cpp:[m[K In member function ‘[01m[Kvoid Manage_Planner::planner()[m[K’:
[1.373s] [01m[K/root/planner_ws/src/cpp_pubsub/src/manager.cpp:172:12:[m[K [01;35m[Kwarning: [m[Kvariable ‘[01m[Kv_upper[m[K’ set but not used [[01;35m[K-Wunused-but-set-variable[m[K]
[1.373s]   172 |     double [01;35m[Kv_upper[m[K; // 道路限速
[1.373s]       |            [01;35m[K^~~~~~~[m[K
[1.374s] [01m[K/root/planner_ws/src/cpp_pubsub/src/manager.cpp:[m[K In member function ‘[01m[Kvoid Manage_Planner::planner()[m[K’:
[1.374s] [01m[K/root/planner_ws/src/cpp_pubsub/src/manager.cpp:172:12:[m[K [01;35m[Kwarning: [m[Kvariable ‘[01m[Kv_upper[m[K’ set but not used [[01;35m[K-Wunused-but-set-variable[m[K]
[1.374s]   172 |     double [01;35m[Kv_upper[m[K; // 道路限速
[1.374s]       |            [01;35m[K^~~~~~~[m[K
[1.763s] [01m[K/root/planner_ws/src/cpp_pubsub/src/manager.cpp:189:83:[m[K [01;35m[Kwarning: [m[K‘[01m[Kstop_point[m[K’ may be used uninitialized in this function [[01;35m[K-Wmaybe-uninitialized[m[K]
[1.763s]   189 |         lon_end_conditions = [01;35m[Kendconditionsampler.SampleLonEndConditionsForStopping(stop_point)[m[K;
[1.763s]       |                              [01;35m[K~~~~~~~~~~~~~~~~~~~~~~~~~~~~~~~~~~~~~~~~~~~~~~~~~~~~~^~~~~~~~~~~~[m[K
[1.767s] [01m[K/root/planner_ws/src/cpp_pubsub/src/manager.cpp:189:83:[m[K [01;35m[Kwarning: [m[K‘[01m[Kstop_point[m[K’ may be used uninitialized in this function [[01;35m[K-Wmaybe-uninitialized[m[K]
[1.767s]   189 |         lon_end_conditions = [01;35m[Kendconditionsampler.SampleLonEndConditionsForStopping(stop_point)[m[K;
[1.767s]       |                              [01;35m[K~~~~~~~~~~~~~~~~~~~~~~~~~~~~~~~~~~~~~~~~~~~~~~~~~~~~~^~~~~~~~~~~~[m[K
[2.013s] [ 14%] [32m[1mLinking CXX executable planner[0m
[2.013s] [ 14%] [32m[1mLinking CXX shared library libcpp_pubsub.so[0m
[2.114s] [ 57%] Built target cpp_pubsub
[2.191s] [100%] Built target planner
[2.201s] Invoked command in '/root/planner_ws/build/cpp_pubsub' returned '0': CMAKE_PREFIX_PATH=${CMAKE_PREFIX_PATH}:/opt/ros/foxy /usr/bin/cmake --build /root/planner_ws/build/cpp_pubsub -- -j12 -l12
[2.249s] Invoking command in '/root/planner_ws/build/cpp_pubsub': CMAKE_PREFIX_PATH=${CMAKE_PREFIX_PATH}:/opt/ros/foxy /usr/bin/cmake --install /root/planner_ws/build/cpp_pubsub
[2.254s] -- Install configuration: ""
[2.254s] -- Up-to-date: /root/planner_ws/install/cpp_pubsub/include
[2.254s] -- Up-to-date: /root/planner_ws/install/cpp_pubsub/include/cartesian_frenet_converter.hpp
[2.255s] -- Up-to-date: /root/planner_ws/install/cpp_pubsub/include/collisionchecker.hpp
[2.255s] -- Up-to-date: /root/planner_ws/install/cpp_pubsub/include/latpath1d.hpp
[2.255s] -- Up-to-date: /root/planner_ws/install/cpp_pubsub/include/end_condition_sampler.hpp
[2.255s] -- Up-to-date: /root/planner_ws/install/cpp_pubsub/include/constans.hpp
[2.255s] -- Up-to-date: /root/planner_ws/install/cpp_pubsub/include/trajectory_evaluator.hpp
[2.255s] -- Up-to-date: /root/planner_ws/install/cpp_pubsub/include/obstacle.hpp
[2.255s] -- Up-to-date: /root/planner_ws/install/cpp_pubsub/include/liner_interpolation.hpp
[2.255s] -- Up-to-date: /root/planner_ws/install/cpp_pubsub/include/Trajectory1dGenerator.hpp
[2.256s] -- Up-to-date: /root/planner_ws/install/cpp_pubsub/include/lonspeed1d.hpp
[2.256s] -- Up-to-date: /root/planner_ws/install/cpp_pubsub/include/matplotlibcpp.h
[2.256s] -- Up-to-date: /root/planner_ws/install/cpp_pubsub/include/referenceline.hpp
[2.256s] -- Up-to-date: /root/planner_ws/install/cpp_pubsub/include/manager.hpp
[2.256s] -- Up-to-date: /root/planner_ws/install/cpp_pubsub/include/plotfigure.hpp
[2.256s] -- Up-to-date: /root/planner_ws/install/cpp_pubsub/include/pathpoint.hpp
[2.256s] -- Up-to-date: /root/planner_ws/install/cpp_pubsub/include/constraint_checker1d.hpp
[2.256s] -- Up-to-date: /root/planner_ws/install/cpp_pubsub/include/feasible_region.hpp
[2.256s] -- Up-to-date: /root/planner_ws/install/cpp_pubsub/include/path_matcher.hpp
[2.256s] -- Up-to-date: /root/planner_ws/install/cpp_pubsub/include/SLPoint.hpp
[2.256s] -- Up-to-date: /root/planner_ws/install/cpp_pubsub/include/test.hpp
[2.257s] -- Up-to-date: /root/planner_ws/install/cpp_pubsub/include/STpoint.hpp
[2.257s] -- Up-to-date: /root/planner_ws/install/cpp_pubsub/include/TrajectoryPoint.hpp
[2.257s] -- Up-to-date: /root/planner_ws/install/cpp_pubsub/share/cpp_pubsub/environment/library_path.sh
[2.257s] -- Up-to-date: /root/planner_ws/install/cpp_pubsub/share/cpp_pubsub/environment/library_path.dsv
[2.257s] -- Installing: /root/planner_ws/install/cpp_pubsub/lib/libcpp_pubsub.so
[2.257s] -- Set runtime path of "/root/planner_ws/install/cpp_pubsub/lib/libcpp_pubsub.so" to ""
[2.257s] -- Installing: /root/planner_ws/install/cpp_pubsub/lib/cpp_pubsub/planner
[2.258s] -- Set runtime path of "/root/planner_ws/install/cpp_pubsub/lib/cpp_pubsub/planner" to ""
[2.258s] -- Up-to-date: /root/planner_ws/install/cpp_pubsub/share/ament_index/resource_index/package_run_dependencies/cpp_pubsub
[2.258s] -- Up-to-date: /root/planner_ws/install/cpp_pubsub/share/ament_index/resource_index/parent_prefix_path/cpp_pubsub
[2.258s] -- Up-to-date: /root/planner_ws/install/cpp_pubsub/share/cpp_pubsub/environment/ament_prefix_path.sh
[2.258s] -- Up-to-date: /root/planner_ws/install/cpp_pubsub/share/cpp_pubsub/environment/ament_prefix_path.dsv
[2.258s] -- Up-to-date: /root/planner_ws/install/cpp_pubsub/share/cpp_pubsub/environment/path.sh
[2.258s] -- Up-to-date: /root/planner_ws/install/cpp_pubsub/share/cpp_pubsub/environment/path.dsv
[2.258s] -- Up-to-date: /root/planner_ws/install/cpp_pubsub/share/cpp_pubsub/local_setup.bash
[2.258s] -- Up-to-date: /root/planner_ws/install/cpp_pubsub/share/cpp_pubsub/local_setup.sh
[2.259s] -- Up-to-date: /root/planner_ws/install/cpp_pubsub/share/cpp_pubsub/local_setup.zsh
[2.259s] -- Up-to-date: /root/planner_ws/install/cpp_pubsub/share/cpp_pubsub/local_setup.dsv
[2.259s] -- Installing: /root/planner_ws/install/cpp_pubsub/share/cpp_pubsub/package.dsv
[2.259s] -- Up-to-date: /root/planner_ws/install/cpp_pubsub/share/ament_index/resource_index/packages/cpp_pubsub
[2.259s] -- Up-to-date: /root/planner_ws/install/cpp_pubsub/share/cpp_pubsub/cmake/ament_cmake_export_dependencies-extras.cmake
[2.260s] -- Up-to-date: /root/planner_ws/install/cpp_pubsub/share/cpp_pubsub/cmake/ament_cmake_export_include_directories-extras.cmake
[2.260s] -- Up-to-date: /root/planner_ws/install/cpp_pubsub/share/cpp_pubsub/cmake/ament_cmake_export_libraries-extras.cmake
[2.260s] -- Up-to-date: /root/planner_ws/install/cpp_pubsub/share/cpp_pubsub/cmake/cpp_pubsubConfig.cmake
[2.260s] -- Up-to-date: /root/planner_ws/install/cpp_pubsub/share/cpp_pubsub/cmake/cpp_pubsubConfig-version.cmake
[2.260s] -- Up-to-date: /root/planner_ws/install/cpp_pubsub/share/cpp_pubsub/package.xml
[2.261s] Invoked command in '/root/planner_ws/build/cpp_pubsub' returned '0': CMAKE_PREFIX_PATH=${CMAKE_PREFIX_PATH}:/opt/ros/foxy /usr/bin/cmake --install /root/planner_ws/build/cpp_pubsub
