[0.023s] Invoking command in '/root/planner_ws/build/cpp_pubsub': CMAKE_PREFIX_PATH=${CMAKE_PREFIX_PATH}:/opt/ros/foxy /usr/bin/cmake /root/planner_ws/src/cpp_pubsub -DCMAKE_INSTALL_PREFIX=/root/planner_ws/install/cpp_pubsub
[0.123s] -- The C compiler identification is GNU 9.4.0
[0.167s] -- The CXX compiler identification is GNU 9.4.0
[0.173s] -- Check for working C compiler: /usr/bin/cc
[0.236s] -- Check for working C compiler: /usr/bin/cc -- works
[0.236s] -- Detecting C compiler ABI info
[0.292s] -- Detecting C compiler ABI info - done
[0.300s] -- Detecting C compile features
[0.301s] -- Detecting C compile features - done
[0.303s] -- Check for working CXX compiler: /usr/bin/c++
[0.370s] -- Check for working CXX compiler: /usr/bin/c++ -- works
[0.371s] -- Detecting CXX compiler ABI info
[0.438s] -- Detecting CXX compiler ABI info - done
[0.446s] -- Detecting CXX compile features
[0.446s] -- Detecting CXX compile features - done
[0.450s] -- Found ament_cmake_auto: 0.9.11 (/opt/ros/foxy/share/ament_cmake_auto/cmake)
[0.475s] -- Found PythonInterp: /usr/bin/python3 (found suitable version "3.8.10", minimum required is "3") 
[0.476s] -- Using PYTHON_EXECUTABLE: /usr/bin/python3
[0.779s] -- Using all available rosidl_typesupport_c: rosidl_typesupport_fastrtps_c;rosidl_typesupport_introspection_c
[0.786s] -- Found rosidl_adapter: 1.3.0 (/opt/ros/foxy/share/rosidl_adapter/cmake)
[0.878s] -- Found OpenSSL: /usr/lib/x86_64-linux-gnu/libcrypto.so (found version "1.1.1f")  
[0.907s] -- Found FastRTPS: /opt/ros/foxy/include  
[0.984s] -- Using all available rosidl_typesupport_cpp: rosidl_typesupport_fastrtps_cpp;rosidl_typesupport_introspection_cpp
[1.047s] -- Found rmw_implementation_cmake: 1.0.4 (/opt/ros/foxy/share/rmw_implementation_cmake/cmake)
[1.048s] -- Using RMW implementation 'rmw_fastrtps_cpp' as default
[1.049s] -- Looking for pthread.h
[1.125s] -- Looking for pthread.h - found
[1.125s] -- Performing Test CMAKE_HAVE_LIBC_PTHREAD
[1.196s] -- Performing Test CMAKE_HAVE_LIBC_PTHREAD - Failed
[1.197s] -- Looking for pthread_create in pthreads
[1.250s] -- Looking for pthread_create in pthreads - not found
[1.251s] -- Looking for pthread_create in pthread
[1.305s] -- Looking for pthread_create in pthread - found
[1.306s] -- Found Threads: TRUE  
[1.545s] -- Configuring done
[1.560s] -- Generating done
[1.561s] -- Build files have been written to: /root/planner_ws/build/cpp_pubsub
[1.569s] Invoked command in '/root/planner_ws/build/cpp_pubsub' returned '0': CMAKE_PREFIX_PATH=${CMAKE_PREFIX_PATH}:/opt/ros/foxy /usr/bin/cmake /root/planner_ws/src/cpp_pubsub -DCMAKE_INSTALL_PREFIX=/root/planner_ws/install/cpp_pubsub
[1.572s] Invoking command in '/root/planner_ws/build/cpp_pubsub': CMAKE_PREFIX_PATH=${CMAKE_PREFIX_PATH}:/opt/ros/foxy /usr/bin/cmake --build /root/planner_ws/build/cpp_pubsub -- -j12 -l12
[1.603s] [35m[1mScanning dependencies of target planner[0m
[1.604s] [35m[1mScanning dependencies of target cpp_pubsub[0m
[1.642s] [  8%] [32mBuilding CXX object CMakeFiles/cpp_pubsub.dir/src/test.cpp.o[0m
[1.642s] [  8%] [32mBuilding CXX object CMakeFiles/cpp_pubsub.dir/src/manager.cpp.o[0m
[1.642s] [ 12%] [32mBuilding CXX object CMakeFiles/cpp_pubsub.dir/src/referenceline.cpp.o[0m
[1.643s] [ 24%] [32mBuilding CXX object CMakeFiles/cpp_pubsub.dir/src/obstacle.cpp.o[0m
[1.644s] [ 24%] [32mBuilding CXX object CMakeFiles/cpp_pubsub.dir/src/Trajectory1dGenerator.cpp.o[0m
[1.644s] [ 24%] [32mBuilding CXX object CMakeFiles/cpp_pubsub.dir/src/cartesian_frenet_converter.cpp.o[0m
[1.644s] [ 28%] [32mBuilding CXX object CMakeFiles/cpp_pubsub.dir/src/path_matcher.cpp.o[0m
[1.644s] [ 32%] [32mBuilding CXX object CMakeFiles/cpp_pubsub.dir/src/liner_interpolation.cpp.o[0m
[1.646s] [ 36%] [32mBuilding CXX object CMakeFiles/cpp_pubsub.dir/src/trajectory_evaluator.cpp.o[0m
[1.650s] [ 40%] [32mBuilding CXX object CMakeFiles/planner.dir/src/publisher.cpp.o[0m
[1.651s] [ 44%] [32mBuilding CXX object CMakeFiles/cpp_pubsub.dir/src/constraint_checker1d.cpp.o[0m
[1.652s] [ 48%] [32mBuilding CXX object CMakeFiles/cpp_pubsub.dir/src/collisionchecker.cpp.o[0m
[1.930s] [01m[K/root/planner_ws/src/cpp_pubsub/src/cartesian_frenet_converter.cpp:[m[K In static member function ‘[01m[Kstatic void Cartesian_Frenet_Converter::frenet_to_cartesian(double, double, double, double, double, double, const std::array<double, 3>&, const std::array<double, 3>&, double*, double*, double*, double*, double*, double*)[m[K’:
[1.930s] [01m[K/root/planner_ws/src/cpp_pubsub/src/cartesian_frenet_converter.cpp:72:18:[m[K [01;35m[Kwarning: [m[Kunused parameter ‘[01m[Krs[m[K’ [[01;35m[K-Wunused-parameter[m[K]
[1.931s]    72 |     [01;35m[Kconst double rs[m[K, const double rx, const double ry, const double rtheta,
[1.931s]       |     [01;35m[K~~~~~~~~~~~~~^~[m[K
[1.964s] [01m[K/root/planner_ws/src/cpp_pubsub/src/trajectory_evaluator.cpp:[m[K In member function ‘[01m[Kvoid Trajectory_Evaluator::TrajectoryEvaluator(const std::array<double, 3>&, const std::vector<LONspeed>&, const std::vector<LATpath>&, const std::vector<PathPoint>&)[m[K’:
[1.965s] [01m[K/root/planner_ws/src/cpp_pubsub/src/trajectory_evaluator.cpp:9:34:[m[K [01;35m[Kwarning: [m[Kunused parameter ‘[01m[Klon_trajectories[m[K’ [[01;35m[K-Wunused-parameter[m[K]
[1.965s]     9 |     [01;35m[Kconst std::vector<LONspeed> &lon_trajectories[m[K,
[1.965s]       |     [01;35m[K~~~~~~~~~~~~~~~~~~~~~~~~~~~~~^~~~~~~~~~~~~~~~[m[K
[1.965s] [01m[K/root/planner_ws/src/cpp_pubsub/src/trajectory_evaluator.cpp:11:35:[m[K [01;35m[Kwarning: [m[Kunused parameter ‘[01m[Kreference_line[m[K’ [[01;35m[K-Wunused-parameter[m[K]
[1.965s]    11 |     [01;35m[Kconst std::vector<PathPoint> &reference_line[m[K)
[1.965s]       |     [01;35m[K~~~~~~~~~~~~~~~~~~~~~~~~~~~~~~^~~~~~~~~~~~~~[m[K
[1.966s] [01m[K/root/planner_ws/src/cpp_pubsub/src/trajectory_evaluator.cpp:[m[K In member function ‘[01m[Kdouble Trajectory_Evaluator::LatComfortCost(const std::vector<double>&, const LATpath&) const[m[K’:
[1.966s] [01m[K/root/planner_ws/src/cpp_pubsub/src/trajectory_evaluator.cpp:44:60:[m[K [01;35m[Kwarning: [m[Kunused parameter ‘[01m[Klat_trajectory[m[K’ [[01;35m[K-Wunused-parameter[m[K]
[1.966s]    44 |                                             [01;35m[Kconst LATpath &lat_trajectory[m[K) const
[1.966s]       |                                             [01;35m[K~~~~~~~~~~~~~~~^~~~~~~~~~~~~~[m[K
[1.966s] [01m[K/root/planner_ws/src/cpp_pubsub/src/trajectory_evaluator.cpp:[m[K In member function ‘[01m[Kdouble Trajectory_Evaluator::LatOffsetCost(const LATpath&, const std::vector<double>&) const[m[K’:
[1.966s] [01m[K/root/planner_ws/src/cpp_pubsub/src/trajectory_evaluator.cpp:62:20:[m[K [01;35m[Kwarning: [m[Kunused parameter ‘[01m[Klat_trajectory[m[K’ [[01;35m[K-Wunused-parameter[m[K]
[1.966s]    62 |     [01;35m[Kconst LATpath &lat_trajectory[m[K,
[1.967s]       |     [01;35m[K~~~~~~~~~~~~~~~^~~~~~~~~~~~~~[m[K
[2.052s] [ 52%] [32mBuilding CXX object CMakeFiles/planner.dir/src/test.cpp.o[0m
[2.063s] [ 56%] [32mBuilding CXX object CMakeFiles/planner.dir/src/manager.cpp.o[0m
[2.096s] [ 60%] [32mBuilding CXX object CMakeFiles/planner.dir/src/referenceline.cpp.o[0m
[2.099s] [01m[K/root/planner_ws/src/cpp_pubsub/src/Trajectory1dGenerator.cpp:[m[K In member function ‘[01m[Kvoid Trajectory1dGenerator::GenerateLongitudinalTrajectoryBundle(double, std::vector<LONspeed>&)[m[K’:
[2.099s] [01m[K/root/planner_ws/src/cpp_pubsub/src/Trajectory1dGenerator.cpp:64:73:[m[K [01;35m[Kwarning: [m[Kunused parameter ‘[01m[Ktargetspeed[m[K’ [[01;35m[K-Wunused-parameter[m[K]
[2.099s]    64 | void Trajectory1dGenerator::GenerateLongitudinalTrajectoryBundle([01;35m[Kdouble targetspeed[m[K,
[2.099s]       |                                                                  [01;35m[K~~~~~~~^~~~~~~~~~~[m[K
[2.100s] [01m[K/root/planner_ws/src/cpp_pubsub/src/Trajectory1dGenerator.cpp:65:84:[m[K [01;35m[Kwarning: [m[Kunused parameter ‘[01m[Kptr_lon_trajectory_bundle[m[K’ [[01;35m[K-Wunused-parameter[m[K]
[2.100s]    65 |                                                                  [01;35m[Kvector<LONspeed> &ptr_lon_trajectory_bundle[m[K)
[2.100s]       |                                                                  [01;35m[K~~~~~~~~~~~~~~~~~~^~~~~~~~~~~~~~~~~~~~~~~~~[m[K
[2.114s] [01m[K/root/planner_ws/src/cpp_pubsub/src/collisionchecker.cpp:[m[K In member function ‘[01m[Kbool Collision_Checker::InCollision(const std::vector<std::vector<double> >&, const LATpath&, double, double, const std::array<double, 3>&)[m[K’:
[2.114s] [01m[K/root/planner_ws/src/cpp_pubsub/src/collisionchecker.cpp:19:17:[m[K [01;35m[Kwarning: [m[Kunused variable ‘[01m[Kpointnum[m[K’ [[01;35m[K-Wunused-variable[m[K]
[2.114s]    19 |             int [01;35m[Kpointnum[m[K = 30;
[2.114s]       |                 [01;35m[K^~~~~~~~[m[K
[2.114s] [01m[K/root/planner_ws/src/cpp_pubsub/src/collisionchecker.cpp:5:74:[m[K [01;35m[Kwarning: [m[Kunused parameter ‘[01m[Kobs_length[m[K’ [[01;35m[K-Wunused-parameter[m[K]
[2.114s]     5 |                                     const double obs_width, [01;35m[Kconst double obs_length[m[K, const std::array<double, 3> &init_s)
[2.114s]       |                                                             [01;35m[K~~~~~~~~~~~~~^~~~~~~~~~[m[K
[2.167s] [ 64%] [32mBuilding CXX object CMakeFiles/planner.dir/src/cartesian_frenet_converter.cpp.o[0m
[2.217s] [ 68%] [32mBuilding CXX object CMakeFiles/planner.dir/src/path_matcher.cpp.o[0m
[2.247s] [ 72%] [32mBuilding CXX object CMakeFiles/planner.dir/src/Trajectory1dGenerator.cpp.o[0m
[2.350s] [ 76%] [32mBuilding CXX object CMakeFiles/planner.dir/src/liner_interpolation.cpp.o[0m
[2.380s] [ 80%] [32mBuilding CXX object CMakeFiles/planner.dir/src/obstacle.cpp.o[0m
[2.405s] [ 84%] [32mBuilding CXX object CMakeFiles/planner.dir/src/trajectory_evaluator.cpp.o[0m
[2.488s] [01m[K/root/planner_ws/src/cpp_pubsub/src/cartesian_frenet_converter.cpp:[m[K In static member function ‘[01m[Kstatic void Cartesian_Frenet_Converter::frenet_to_cartesian(double, double, double, double, double, double, const std::array<double, 3>&, const std::array<double, 3>&, double*, double*, double*, double*, double*, double*)[m[K’:
[2.488s] [01m[K/root/planner_ws/src/cpp_pubsub/src/cartesian_frenet_converter.cpp:72:18:[m[K [01;35m[Kwarning: [m[Kunused parameter ‘[01m[Krs[m[K’ [[01;35m[K-Wunused-parameter[m[K]
[2.488s]    72 |     [01;35m[Kconst double rs[m[K, const double rx, const double ry, const double rtheta,
[2.488s]       |     [01;35m[K~~~~~~~~~~~~~^~[m[K
[2.630s] [ 88%] [32mBuilding CXX object CMakeFiles/planner.dir/src/constraint_checker1d.cpp.o[0m
[2.734s] [01m[K/root/planner_ws/src/cpp_pubsub/src/trajectory_evaluator.cpp:[m[K In member function ‘[01m[Kvoid Trajectory_Evaluator::TrajectoryEvaluator(const std::array<double, 3>&, const std::vector<LONspeed>&, const std::vector<LATpath>&, const std::vector<PathPoint>&)[m[K’:
[2.734s] [01m[K/root/planner_ws/src/cpp_pubsub/src/trajectory_evaluator.cpp:9:34:[m[K [01;35m[Kwarning: [m[Kunused parameter ‘[01m[Klon_trajectories[m[K’ [[01;35m[K-Wunused-parameter[m[K]
[2.734s]     9 |     [01;35m[Kconst std::vector<LONspeed> &lon_trajectories[m[K,
[2.734s]       |     [01;35m[K~~~~~~~~~~~~~~~~~~~~~~~~~~~~~^~~~~~~~~~~~~~~~[m[K
[2.736s] [01m[K/root/planner_ws/src/cpp_pubsub/src/trajectory_evaluator.cpp:11:35:[m[K [01;35m[Kwarning: [m[Kunused parameter ‘[01m[Kreference_line[m[K’ [[01;35m[K-Wunused-parameter[m[K]
[2.736s]    11 |     [01;35m[Kconst std::vector<PathPoint> &reference_line[m[K)
[2.736s]       |     [01;35m[K~~~~~~~~~~~~~~~~~~~~~~~~~~~~~~^~~~~~~~~~~~~~[m[K
[2.740s] [01m[K/root/planner_ws/src/cpp_pubsub/src/trajectory_evaluator.cpp:[m[K In member function ‘[01m[Kdouble Trajectory_Evaluator::LatComfortCost(const std::vector<double>&, const LATpath&) const[m[K’:
[2.740s] [01m[K/root/planner_ws/src/cpp_pubsub/src/trajectory_evaluator.cpp:44:60:[m[K [01;35m[Kwarning: [m[Kunused parameter ‘[01m[Klat_trajectory[m[K’ [[01;35m[K-Wunused-parameter[m[K]
[2.740s]    44 |                                             [01;35m[Kconst LATpath &lat_trajectory[m[K) const
[2.740s]       |                                             [01;35m[K~~~~~~~~~~~~~~~^~~~~~~~~~~~~~[m[K
[2.743s] [01m[K/root/planner_ws/src/cpp_pubsub/src/trajectory_evaluator.cpp:[m[K In member function ‘[01m[Kdouble Trajectory_Evaluator::LatOffsetCost(const LATpath&, const std::vector<double>&) const[m[K’:
[2.744s] [01m[K/root/planner_ws/src/cpp_pubsub/src/trajectory_evaluator.cpp:62:20:[m[K [01;35m[Kwarning: [m[Kunused parameter ‘[01m[Klat_trajectory[m[K’ [[01;35m[K-Wunused-parameter[m[K]
[2.744s]    62 |     [01;35m[Kconst LATpath &lat_trajectory[m[K,
[2.744s]       |     [01;35m[K~~~~~~~~~~~~~~~^~~~~~~~~~~~~~[m[K
[2.750s] [ 92%] [32mBuilding CXX object CMakeFiles/planner.dir/src/collisionchecker.cpp.o[0m
[2.829s] [01m[K/root/planner_ws/src/cpp_pubsub/src/Trajectory1dGenerator.cpp:[m[K In member function ‘[01m[Kvoid Trajectory1dGenerator::GenerateLongitudinalTrajectoryBundle(double, std::vector<LONspeed>&)[m[K’:
[2.829s] [01m[K/root/planner_ws/src/cpp_pubsub/src/Trajectory1dGenerator.cpp:64:73:[m[K [01;35m[Kwarning: [m[Kunused parameter ‘[01m[Ktargetspeed[m[K’ [[01;35m[K-Wunused-parameter[m[K]
[2.830s]    64 | void Trajectory1dGenerator::GenerateLongitudinalTrajectoryBundle([01;35m[Kdouble targetspeed[m[K,
[2.830s]       |                                                                  [01;35m[K~~~~~~~^~~~~~~~~~~[m[K
[2.831s] [01m[K/root/planner_ws/src/cpp_pubsub/src/Trajectory1dGenerator.cpp:65:84:[m[K [01;35m[Kwarning: [m[Kunused parameter ‘[01m[Kptr_lon_trajectory_bundle[m[K’ [[01;35m[K-Wunused-parameter[m[K]
[2.831s]    65 |                                                                  [01;35m[Kvector<LONspeed> &ptr_lon_trajectory_bundle[m[K)
[2.831s]       |                                                                  [01;35m[K~~~~~~~~~~~~~~~~~~^~~~~~~~~~~~~~~~~~~~~~~~~[m[K
[3.018s] [01m[K/root/planner_ws/src/cpp_pubsub/src/collisionchecker.cpp:[m[K In member function ‘[01m[Kbool Collision_Checker::InCollision(const std::vector<std::vector<double> >&, const LATpath&, double, double, const std::array<double, 3>&)[m[K’:
[3.019s] [01m[K/root/planner_ws/src/cpp_pubsub/src/collisionchecker.cpp:19:17:[m[K [01;35m[Kwarning: [m[Kunused variable ‘[01m[Kpointnum[m[K’ [[01;35m[K-Wunused-variable[m[K]
[3.019s]    19 |             int [01;35m[Kpointnum[m[K = 30;
[3.019s]       |                 [01;35m[K^~~~~~~~[m[K
[3.019s] [01m[K/root/planner_ws/src/cpp_pubsub/src/collisionchecker.cpp:5:74:[m[K [01;35m[Kwarning: [m[Kunused parameter ‘[01m[Kobs_length[m[K’ [[01;35m[K-Wunused-parameter[m[K]
[3.019s]     5 |                                     const double obs_width, [01;35m[Kconst double obs_length[m[K, const std::array<double, 3> &init_s)
[3.019s]       |                                                             [01;35m[K~~~~~~~~~~~~~^~~~~~~~~~[m[K
[4.478s] [ 96%] [32m[1mLinking CXX shared library libcpp_pubsub.so[0m
[4.591s] [ 96%] Built target cpp_pubsub
[5.853s] [100%] [32m[1mLinking CXX executable planner[0m
[6.039s] [100%] Built target planner
[6.050s] Invoked command in '/root/planner_ws/build/cpp_pubsub' returned '0': CMAKE_PREFIX_PATH=${CMAKE_PREFIX_PATH}:/opt/ros/foxy /usr/bin/cmake --build /root/planner_ws/build/cpp_pubsub -- -j12 -l12
[6.100s] Invoking command in '/root/planner_ws/build/cpp_pubsub': CMAKE_PREFIX_PATH=${CMAKE_PREFIX_PATH}:/opt/ros/foxy /usr/bin/cmake --install /root/planner_ws/build/cpp_pubsub
[6.107s] -- Install configuration: ""
[6.107s] -- Installing: /root/planner_ws/install/cpp_pubsub/include
[6.107s] -- Installing: /root/planner_ws/install/cpp_pubsub/include/cartesian_frenet_converter.hpp
[6.107s] -- Installing: /root/planner_ws/install/cpp_pubsub/include/collisionchecker.hpp
[6.108s] -- Installing: /root/planner_ws/install/cpp_pubsub/include/latpath1d.hpp
[6.108s] -- Installing: /root/planner_ws/install/cpp_pubsub/include/constans.hpp
[6.108s] -- Installing: /root/planner_ws/install/cpp_pubsub/include/trajectory_evaluator.hpp
[6.108s] -- Installing: /root/planner_ws/install/cpp_pubsub/include/obstacle.hpp
[6.108s] -- Installing: /root/planner_ws/install/cpp_pubsub/include/liner_interpolation.hpp
[6.108s] -- Installing: /root/planner_ws/install/cpp_pubsub/include/Trajectory1dGenerator.hpp
[6.108s] -- Installing: /root/planner_ws/install/cpp_pubsub/include/lonspeed1d.hpp
[6.108s] -- Installing: /root/planner_ws/install/cpp_pubsub/include/matplotlibcpp.h
[6.109s] -- Installing: /root/planner_ws/install/cpp_pubsub/include/referenceline.hpp
[6.109s] -- Installing: /root/planner_ws/install/cpp_pubsub/include/manager.hpp
[6.109s] -- Installing: /root/planner_ws/install/cpp_pubsub/include/plotfigure.hpp
[6.109s] -- Installing: /root/planner_ws/install/cpp_pubsub/include/pathpoint.hpp
[6.109s] -- Installing: /root/planner_ws/install/cpp_pubsub/include/constraint_checker1d.hpp
[6.109s] -- Installing: /root/planner_ws/install/cpp_pubsub/include/path_matcher.hpp
[6.109s] -- Installing: /root/planner_ws/install/cpp_pubsub/include/SLPoint.hpp
[6.109s] -- Installing: /root/planner_ws/install/cpp_pubsub/include/test.hpp
[6.109s] -- Installing: /root/planner_ws/install/cpp_pubsub/include/TrajectoryPoint.hpp
[6.110s] -- Installing: /root/planner_ws/install/cpp_pubsub/share/cpp_pubsub/environment/library_path.sh
[6.110s] -- Installing: /root/planner_ws/install/cpp_pubsub/share/cpp_pubsub/environment/library_path.dsv
[6.110s] -- Installing: /root/planner_ws/install/cpp_pubsub/lib/libcpp_pubsub.so
[6.111s] -- Set runtime path of "/root/planner_ws/install/cpp_pubsub/lib/libcpp_pubsub.so" to ""
[6.111s] -- Installing: /root/planner_ws/install/cpp_pubsub/lib/cpp_pubsub/planner
[6.112s] -- Set runtime path of "/root/planner_ws/install/cpp_pubsub/lib/cpp_pubsub/planner" to ""
[6.113s] -- Installing: /root/planner_ws/install/cpp_pubsub/share/ament_index/resource_index/package_run_dependencies/cpp_pubsub
[6.113s] -- Installing: /root/planner_ws/install/cpp_pubsub/share/ament_index/resource_index/parent_prefix_path/cpp_pubsub
[6.113s] -- Installing: /root/planner_ws/install/cpp_pubsub/share/cpp_pubsub/environment/ament_prefix_path.sh
[6.113s] -- Installing: /root/planner_ws/install/cpp_pubsub/share/cpp_pubsub/environment/ament_prefix_path.dsv
[6.113s] -- Installing: /root/planner_ws/install/cpp_pubsub/share/cpp_pubsub/environment/path.sh
[6.114s] -- Installing: /root/planner_ws/install/cpp_pubsub/share/cpp_pubsub/environment/path.dsv
[6.114s] -- Installing: /root/planner_ws/install/cpp_pubsub/share/cpp_pubsub/local_setup.bash
[6.114s] -- Installing: /root/planner_ws/install/cpp_pubsub/share/cpp_pubsub/local_setup.sh
[6.114s] -- Installing: /root/planner_ws/install/cpp_pubsub/share/cpp_pubsub/local_setup.zsh
[6.114s] -- Installing: /root/planner_ws/install/cpp_pubsub/share/cpp_pubsub/local_setup.dsv
[6.114s] -- Installing: /root/planner_ws/install/cpp_pubsub/share/cpp_pubsub/package.dsv
[6.114s] -- Installing: /root/planner_ws/install/cpp_pubsub/share/ament_index/resource_index/packages/cpp_pubsub
[6.115s] -- Installing: /root/planner_ws/install/cpp_pubsub/share/cpp_pubsub/cmake/ament_cmake_export_dependencies-extras.cmake
[6.115s] -- Installing: /root/planner_ws/install/cpp_pubsub/share/cpp_pubsub/cmake/ament_cmake_export_include_directories-extras.cmake
[6.115s] -- Installing: /root/planner_ws/install/cpp_pubsub/share/cpp_pubsub/cmake/ament_cmake_export_libraries-extras.cmake
[6.115s] -- Installing: /root/planner_ws/install/cpp_pubsub/share/cpp_pubsub/cmake/cpp_pubsubConfig.cmake
[6.115s] -- Installing: /root/planner_ws/install/cpp_pubsub/share/cpp_pubsub/cmake/cpp_pubsubConfig-version.cmake
[6.115s] -- Installing: /root/planner_ws/install/cpp_pubsub/share/cpp_pubsub/package.xml
[6.120s] Invoked command in '/root/planner_ws/build/cpp_pubsub' returned '0': CMAKE_PREFIX_PATH=${CMAKE_PREFIX_PATH}:/opt/ros/foxy /usr/bin/cmake --install /root/planner_ws/build/cpp_pubsub
