[0.023s] Invoking command in '/root/planner_ws/build/cpp_pubsub': CMAKE_PREFIX_PATH=${CMAKE_PREFIX_PATH}:/opt/ros/foxy /usr/bin/cmake --build /root/planner_ws/build/cpp_pubsub -- -j12 -l12
[0.056s] [35m[1mScanning dependencies of target cpp_pubsub[0m
[0.072s] [  3%] [32mBuilding CXX object CMakeFiles/cpp_pubsub.dir/src/feasible_region.cpp.o[0m
[0.074s] [  7%] [32m[1mLinking CXX executable planner[0m
[0.175s] [01m[K/root/planner_ws/src/cpp_pubsub/src/feasible_region.cpp:[m[K In member function ‘[01m[Kdouble FeasibleRegion::SUpper(double) const[m[K’:
[0.175s] [01m[K/root/planner_ws/src/cpp_pubsub/src/feasible_region.cpp:24:1:[m[K [01;35m[Kwarning: [m[Kno return statement in function returning non-void [[01;35m[K-Wreturn-type[m[K]
[0.175s]    24 | [01;35m[K}[m[K
[0.175s]       | [01;35m[K^[m[K
[0.175s] [01m[K/root/planner_ws/src/cpp_pubsub/src/feasible_region.cpp:22:44:[m[K [01;35m[Kwarning: [m[Kunused parameter ‘[01m[Kt[m[K’ [[01;35m[K-Wunused-parameter[m[K]
[0.175s]    22 | double FeasibleRegion::SUpper([01;35m[Kconst double t[m[K) const
[0.175s]       |                               [01;35m[K~~~~~~~~~~~~~^[m[K
[0.175s] [01m[K/root/planner_ws/src/cpp_pubsub/src/feasible_region.cpp:[m[K In member function ‘[01m[Kdouble FeasibleRegion::SLower(double) const[m[K’:
[0.175s] [01m[K/root/planner_ws/src/cpp_pubsub/src/feasible_region.cpp:28:1:[m[K [01;35m[Kwarning: [m[Kno return statement in function returning non-void [[01;35m[K-Wreturn-type[m[K]
[0.176s]    28 | [01;35m[K}[m[K
[0.176s]       | [01;35m[K^[m[K
[0.176s] [01m[K/root/planner_ws/src/cpp_pubsub/src/feasible_region.cpp:26:44:[m[K [01;35m[Kwarning: [m[Kunused parameter ‘[01m[Kt[m[K’ [[01;35m[K-Wunused-parameter[m[K]
[0.176s]    26 | double FeasibleRegion::SLower([01;35m[Kconst double t[m[K) const
[0.176s]       |                               [01;35m[K~~~~~~~~~~~~~^[m[K
[0.176s] [01m[K/root/planner_ws/src/cpp_pubsub/src/feasible_region.cpp:[m[K In member function ‘[01m[Kdouble FeasibleRegion::VUpper(double) const[m[K’:
[0.176s] [01m[K/root/planner_ws/src/cpp_pubsub/src/feasible_region.cpp:32:1:[m[K [01;35m[Kwarning: [m[Kno return statement in function returning non-void [[01;35m[K-Wreturn-type[m[K]
[0.176s]    32 | [01;35m[K}[m[K
[0.176s]       | [01;35m[K^[m[K
[0.176s] [01m[K/root/planner_ws/src/cpp_pubsub/src/feasible_region.cpp:30:44:[m[K [01;35m[Kwarning: [m[Kunused parameter ‘[01m[Kt[m[K’ [[01;35m[K-Wunused-parameter[m[K]
[0.176s]    30 | double FeasibleRegion::VUpper([01;35m[Kconst double t[m[K) const
[0.176s]       |                               [01;35m[K~~~~~~~~~~~~~^[m[K
[0.176s] [01m[K/root/planner_ws/src/cpp_pubsub/src/feasible_region.cpp:[m[K In member function ‘[01m[Kdouble FeasibleRegion::VLower(double) const[m[K’:
[0.176s] [01m[K/root/planner_ws/src/cpp_pubsub/src/feasible_region.cpp:36:1:[m[K [01;35m[Kwarning: [m[Kno return statement in function returning non-void [[01;35m[K-Wreturn-type[m[K]
[0.176s]    36 | [01;35m[K}[m[K
[0.176s]       | [01;35m[K^[m[K
[0.176s] [01m[K/root/planner_ws/src/cpp_pubsub/src/feasible_region.cpp:34:44:[m[K [01;35m[Kwarning: [m[Kunused parameter ‘[01m[Kt[m[K’ [[01;35m[K-Wunused-parameter[m[K]
[0.176s]    34 | double FeasibleRegion::VLower([01;35m[Kconst double t[m[K) const
[0.176s]       |                               [01;35m[K~~~~~~~~~~~~~^[m[K
[0.176s] [01m[K/root/planner_ws/src/cpp_pubsub/src/feasible_region.cpp:[m[K In member function ‘[01m[Kdouble FeasibleRegion::TLower(double) const[m[K’:
[0.177s] [01m[K/root/planner_ws/src/cpp_pubsub/src/feasible_region.cpp:40:1:[m[K [01;35m[Kwarning: [m[Kno return statement in function returning non-void [[01;35m[K-Wreturn-type[m[K]
[0.177s]    40 | [01;35m[K}[m[K
[0.177s]       | [01;35m[K^[m[K
[0.177s] [01m[K/root/planner_ws/src/cpp_pubsub/src/feasible_region.cpp:38:44:[m[K [01;35m[Kwarning: [m[Kunused parameter ‘[01m[Ks[m[K’ [[01;35m[K-Wunused-parameter[m[K]
[0.177s]    38 | double FeasibleRegion::TLower([01;35m[Kconst double s[m[K) const
[0.177s]       |                               [01;35m[K~~~~~~~~~~~~~^[m[K
[0.215s] [ 10%] [32m[1mLinking CXX shared library libcpp_pubsub.so[0m
[0.264s] /usr/bin/ld: CMakeFiles/planner.dir/src/manager.cpp.o: in function `EndConditionSampler::Init(std::array<double, 3ul> const&, std::array<double, 3ul> const&)':
[0.264s] manager.cpp:(.text._ZN19EndConditionSampler4InitERKSt5arrayIdLm3EES3_[_ZN19EndConditionSampler4InitERKSt5arrayIdLm3EES3_]+0x77): undefined reference to `FeasibleRegion::Init(std::array<double, 3ul> const&)'
[0.265s] collect2: error: ld returned 1 exit status
[0.266s] make[2]: *** [CMakeFiles/planner.dir/build.make:321: planner] Error 1
[0.266s] make[1]: *** [CMakeFiles/Makefile2:107: CMakeFiles/planner.dir/all] Error 2
[0.266s] make[1]: *** Waiting for unfinished jobs....
[0.318s] [ 53%] Built target cpp_pubsub
[0.319s] make: *** [Makefile:141: all] Error 2
[0.321s] Invoked command in '/root/planner_ws/build/cpp_pubsub' returned '2': CMAKE_PREFIX_PATH=${CMAKE_PREFIX_PATH}:/opt/ros/foxy /usr/bin/cmake --build /root/planner_ws/build/cpp_pubsub -- -j12 -l12
