[0.022s] Invoking command in '/root/planner_ws/build/cpp_pubsub': CMAKE_PREFIX_PATH=${CMAKE_PREFIX_PATH}:/opt/ros/foxy /usr/bin/cmake --build /root/planner_ws/build/cpp_pubsub -- -j12 -l12
[0.055s] [35m[1mScanning dependencies of target cpp_pubsub[0m
[0.055s] [35m[1mScanning dependencies of target planner[0m
[0.081s] [  3%] [32mBuilding CXX object CMakeFiles/cpp_pubsub.dir/src/manager.cpp.o[0m
[0.081s] [  6%] [32mBuilding CXX object CMakeFiles/cpp_pubsub.dir/src/obstacle.cpp.o[0m
[0.087s] [ 10%] [32mBuilding CXX object CMakeFiles/planner.dir/src/obstacle.cpp.o[0m
[0.088s] [ 13%] [32mBuilding CXX object CMakeFiles/planner.dir/src/manager.cpp.o[0m
[0.088s] [ 17%] [32mBuilding CXX object CMakeFiles/planner.dir/src/publisher.cpp.o[0m
[2.009s] [01m[K/root/planner_ws/src/cpp_pubsub/src/manager.cpp:[m[K In member function ‘[01m[Kvoid Manage_Planner::planner()[m[K’:
[2.009s] [01m[K/root/planner_ws/src/cpp_pubsub/src/manager.cpp:191:85:[m[K [01;35m[Kwarning: [m[K‘[01m[KLC_mode[m[K’ may be used uninitialized in this function [[01;35m[K-Wmaybe-uninitialized[m[K]
[2.009s]   191 |         lon_end_conditions = [01;35m[Kendconditionsampler.SampleLonEndConditionsForLaneChange(LC_mode)[m[K;
[2.009s]       |                              [01;35m[K~~~~~~~~~~~~~~~~~~~~~~~~~~~~~~~~~~~~~~~~~~~~~~~~~~~~~~~^~~~~~~~~[m[K
[2.069s] [01m[K/root/planner_ws/src/cpp_pubsub/src/manager.cpp:[m[K In member function ‘[01m[Kvoid Manage_Planner::planner()[m[K’:
[2.069s] [01m[K/root/planner_ws/src/cpp_pubsub/src/manager.cpp:191:85:[m[K [01;35m[Kwarning: [m[K‘[01m[KLC_mode[m[K’ may be used uninitialized in this function [[01;35m[K-Wmaybe-uninitialized[m[K]
[2.069s]   191 |         lon_end_conditions = [01;35m[Kendconditionsampler.SampleLonEndConditionsForLaneChange(LC_mode)[m[K;
[2.069s]       |                              [01;35m[K~~~~~~~~~~~~~~~~~~~~~~~~~~~~~~~~~~~~~~~~~~~~~~~~~~~~~~~^~~~~~~~~[m[K
[2.285s] [ 20%] [32m[1mLinking CXX shared library libcpp_pubsub.so[0m
[2.395s] [ 58%] Built target cpp_pubsub
[3.728s] [ 62%] [32m[1mLinking CXX executable planner[0m
[3.910s] [100%] Built target planner
[3.920s] Invoked command in '/root/planner_ws/build/cpp_pubsub' returned '0': CMAKE_PREFIX_PATH=${CMAKE_PREFIX_PATH}:/opt/ros/foxy /usr/bin/cmake --build /root/planner_ws/build/cpp_pubsub -- -j12 -l12
[3.968s] Invoking command in '/root/planner_ws/build/cpp_pubsub': CMAKE_PREFIX_PATH=${CMAKE_PREFIX_PATH}:/opt/ros/foxy /usr/bin/cmake --install /root/planner_ws/build/cpp_pubsub
[3.974s] -- Install configuration: ""
[3.974s] -- Up-to-date: /root/planner_ws/install/cpp_pubsub/include
[3.974s] -- Up-to-date: /root/planner_ws/install/cpp_pubsub/include/cartesian_frenet_converter.hpp
[3.974s] -- Up-to-date: /root/planner_ws/install/cpp_pubsub/include/collisionchecker.hpp
[3.974s] -- Up-to-date: /root/planner_ws/install/cpp_pubsub/include/latpath1d.hpp
[3.974s] -- Up-to-date: /root/planner_ws/install/cpp_pubsub/include/end_condition_sampler.hpp
[3.975s] -- Up-to-date: /root/planner_ws/install/cpp_pubsub/include/constans.hpp
[3.975s] -- Up-to-date: /root/planner_ws/install/cpp_pubsub/include/trajectory_evaluator.hpp
[3.975s] -- Installing: /root/planner_ws/install/cpp_pubsub/include/obstacle.hpp
[3.975s] -- Up-to-date: /root/planner_ws/install/cpp_pubsub/include/liner_interpolation.hpp
[3.975s] -- Up-to-date: /root/planner_ws/install/cpp_pubsub/include/Trajectory1dGenerator.hpp
[3.975s] -- Up-to-date: /root/planner_ws/install/cpp_pubsub/include/lonspeed1d.hpp
[3.975s] -- Up-to-date: /root/planner_ws/install/cpp_pubsub/include/matplotlibcpp.h
[3.975s] -- Up-to-date: /root/planner_ws/install/cpp_pubsub/include/referenceline.hpp
[3.976s] -- Up-to-date: /root/planner_ws/install/cpp_pubsub/include/manager.hpp
[3.976s] -- Up-to-date: /root/planner_ws/install/cpp_pubsub/include/plotfigure.hpp
[3.976s] -- Up-to-date: /root/planner_ws/install/cpp_pubsub/include/pathpoint.hpp
[3.976s] -- Up-to-date: /root/planner_ws/install/cpp_pubsub/include/constraint_checker1d.hpp
[3.976s] -- Up-to-date: /root/planner_ws/install/cpp_pubsub/include/feasible_region.hpp
[3.976s] -- Up-to-date: /root/planner_ws/install/cpp_pubsub/include/path_matcher.hpp
[3.977s] -- Up-to-date: /root/planner_ws/install/cpp_pubsub/include/SLPoint.hpp
[3.977s] -- Up-to-date: /root/planner_ws/install/cpp_pubsub/include/test.hpp
[3.977s] -- Up-to-date: /root/planner_ws/install/cpp_pubsub/include/STpoint.hpp
[3.977s] -- Up-to-date: /root/planner_ws/install/cpp_pubsub/include/TrajectoryPoint.hpp
[3.977s] -- Up-to-date: /root/planner_ws/install/cpp_pubsub/share/cpp_pubsub/environment/library_path.sh
[3.977s] -- Up-to-date: /root/planner_ws/install/cpp_pubsub/share/cpp_pubsub/environment/library_path.dsv
[3.977s] -- Installing: /root/planner_ws/install/cpp_pubsub/lib/libcpp_pubsub.so
[3.978s] -- Set runtime path of "/root/planner_ws/install/cpp_pubsub/lib/libcpp_pubsub.so" to ""
[3.978s] -- Installing: /root/planner_ws/install/cpp_pubsub/lib/cpp_pubsub/planner
[3.978s] -- Set runtime path of "/root/planner_ws/install/cpp_pubsub/lib/cpp_pubsub/planner" to ""
[3.978s] -- Up-to-date: /root/planner_ws/install/cpp_pubsub/share/ament_index/resource_index/package_run_dependencies/cpp_pubsub
[3.978s] -- Up-to-date: /root/planner_ws/install/cpp_pubsub/share/ament_index/resource_index/parent_prefix_path/cpp_pubsub
[3.978s] -- Up-to-date: /root/planner_ws/install/cpp_pubsub/share/cpp_pubsub/environment/ament_prefix_path.sh
[3.978s] -- Up-to-date: /root/planner_ws/install/cpp_pubsub/share/cpp_pubsub/environment/ament_prefix_path.dsv
[3.978s] -- Up-to-date: /root/planner_ws/install/cpp_pubsub/share/cpp_pubsub/environment/path.sh
[3.978s] -- Up-to-date: /root/planner_ws/install/cpp_pubsub/share/cpp_pubsub/environment/path.dsv
[3.979s] -- Up-to-date: /root/planner_ws/install/cpp_pubsub/share/cpp_pubsub/local_setup.bash
[3.979s] -- Up-to-date: /root/planner_ws/install/cpp_pubsub/share/cpp_pubsub/local_setup.sh
[3.979s] -- Up-to-date: /root/planner_ws/install/cpp_pubsub/share/cpp_pubsub/local_setup.zsh
[3.979s] -- Up-to-date: /root/planner_ws/install/cpp_pubsub/share/cpp_pubsub/local_setup.dsv
[3.979s] -- Installing: /root/planner_ws/install/cpp_pubsub/share/cpp_pubsub/package.dsv
[3.980s] -- Up-to-date: /root/planner_ws/install/cpp_pubsub/share/ament_index/resource_index/packages/cpp_pubsub
[3.980s] -- Up-to-date: /root/planner_ws/install/cpp_pubsub/share/cpp_pubsub/cmake/ament_cmake_export_dependencies-extras.cmake
[3.980s] -- Up-to-date: /root/planner_ws/install/cpp_pubsub/share/cpp_pubsub/cmake/ament_cmake_export_include_directories-extras.cmake
[3.980s] -- Up-to-date: /root/planner_ws/install/cpp_pubsub/share/cpp_pubsub/cmake/ament_cmake_export_libraries-extras.cmake
[3.980s] -- Up-to-date: /root/planner_ws/install/cpp_pubsub/share/cpp_pubsub/cmake/cpp_pubsubConfig.cmake
[3.980s] -- Up-to-date: /root/planner_ws/install/cpp_pubsub/share/cpp_pubsub/cmake/cpp_pubsubConfig-version.cmake
[3.981s] -- Up-to-date: /root/planner_ws/install/cpp_pubsub/share/cpp_pubsub/package.xml
[3.982s] Invoked command in '/root/planner_ws/build/cpp_pubsub' returned '0': CMAKE_PREFIX_PATH=${CMAKE_PREFIX_PATH}:/opt/ros/foxy /usr/bin/cmake --install /root/planner_ws/build/cpp_pubsub
