[01m[K/root/planner_ws/src/cpp_pubsub/src/feasible_region.cpp:[m[K In constructor ‘[01m[KFeasibleRegion::FeasibleRegion(const std::array<double, 3>&)[m[K’:
[01m[K/root/planner_ws/src/cpp_pubsub/src/feasible_region.cpp:6:12:[m[K [01;35m[Kwarning: [m[Kunused variable ‘[01m[Kv[m[K’ [[01;35m[K-Wunused-variable[m[K]
    6 |     double [01;35m[Kv[m[K = init_s[1];
      |            [01;35m[K^[m[K
[01m[K/root/planner_ws/src/cpp_pubsub/src/feasible_region.cpp:[m[K In member function ‘[01m[Kdouble FeasibleRegion::SUpper(double) const[m[K’:
[01m[K/root/planner_ws/src/cpp_pubsub/src/feasible_region.cpp:15:1:[m[K [01;35m[Kwarning: [m[Kno return statement in function returning non-void [[01;35m[K-Wreturn-type[m[K]
   15 | [01;35m[K}[m[K
      | [01;35m[K^[m[K
[01m[K/root/planner_ws/src/cpp_pubsub/src/feasible_region.cpp:13:44:[m[K [01;35m[Kwarning: [m[Kunused parameter ‘[01m[Kt[m[K’ [[01;35m[K-Wunused-parameter[m[K]
   13 | double FeasibleRegion::SUpper([01;35m[Kconst double t[m[K) const
      |                               [01;35m[K~~~~~~~~~~~~~^[m[K
[01m[K/root/planner_ws/src/cpp_pubsub/src/feasible_region.cpp:[m[K In member function ‘[01m[Kdouble FeasibleRegion::SLower(double) const[m[K’:
[01m[K/root/planner_ws/src/cpp_pubsub/src/feasible_region.cpp:19:1:[m[K [01;35m[Kwarning: [m[Kno return statement in function returning non-void [[01;35m[K-Wreturn-type[m[K]
   19 | [01;35m[K}[m[K
      | [01;35m[K^[m[K
[01m[K/root/planner_ws/src/cpp_pubsub/src/feasible_region.cpp:17:44:[m[K [01;35m[Kwarning: [m[Kunused parameter ‘[01m[Kt[m[K’ [[01;35m[K-Wunused-parameter[m[K]
   17 | double FeasibleRegion::SLower([01;35m[Kconst double t[m[K) const
      |                               [01;35m[K~~~~~~~~~~~~~^[m[K
[01m[K/root/planner_ws/src/cpp_pubsub/src/feasible_region.cpp:[m[K In member function ‘[01m[Kdouble FeasibleRegion::VUpper(double) const[m[K’:
[01m[K/root/planner_ws/src/cpp_pubsub/src/feasible_region.cpp:23:1:[m[K [01;35m[Kwarning: [m[Kno return statement in function returning non-void [[01;35m[K-Wreturn-type[m[K]
   23 | [01;35m[K}[m[K
      | [01;35m[K^[m[K
[01m[K/root/planner_ws/src/cpp_pubsub/src/feasible_region.cpp:21:44:[m[K [01;35m[Kwarning: [m[Kunused parameter ‘[01m[Kt[m[K’ [[01;35m[K-Wunused-parameter[m[K]
   21 | double FeasibleRegion::VUpper([01;35m[Kconst double t[m[K) const
      |                               [01;35m[K~~~~~~~~~~~~~^[m[K
[01m[K/root/planner_ws/src/cpp_pubsub/src/feasible_region.cpp:[m[K In member function ‘[01m[Kdouble FeasibleRegion::VLower(double) const[m[K’:
[01m[K/root/planner_ws/src/cpp_pubsub/src/feasible_region.cpp:27:1:[m[K [01;35m[Kwarning: [m[Kno return statement in function returning non-void [[01;35m[K-Wreturn-type[m[K]
   27 | [01;35m[K}[m[K
      | [01;35m[K^[m[K
[01m[K/root/planner_ws/src/cpp_pubsub/src/feasible_region.cpp:25:44:[m[K [01;35m[Kwarning: [m[Kunused parameter ‘[01m[Kt[m[K’ [[01;35m[K-Wunused-parameter[m[K]
   25 | double FeasibleRegion::VLower([01;35m[Kconst double t[m[K) const
      |                               [01;35m[K~~~~~~~~~~~~~^[m[K
[01m[K/root/planner_ws/src/cpp_pubsub/src/feasible_region.cpp:[m[K In member function ‘[01m[Kdouble FeasibleRegion::TLower(double) const[m[K’:
[01m[K/root/planner_ws/src/cpp_pubsub/src/feasible_region.cpp:31:1:[m[K [01;35m[Kwarning: [m[Kno return statement in function returning non-void [[01;35m[K-Wreturn-type[m[K]
   31 | [01;35m[K}[m[K
      | [01;35m[K^[m[K
[01m[K/root/planner_ws/src/cpp_pubsub/src/feasible_region.cpp:29:44:[m[K [01;35m[Kwarning: [m[Kunused parameter ‘[01m[Ks[m[K’ [[01;35m[K-Wunused-parameter[m[K]
   29 | double FeasibleRegion::TLower([01;35m[Kconst double s[m[K) const
      |                               [01;35m[K~~~~~~~~~~~~~^[m[K
