[0.022s] Invoking command in '/root/planner_ws/build/cpp_pubsub': CMAKE_PREFIX_PATH=${CMAKE_PREFIX_PATH}:/opt/ros/foxy /usr/bin/cmake --build /root/planner_ws/build/cpp_pubsub -- -j12 -l12
[0.051s] [35m[1mScanning dependencies of target cpp_pubsub[0m
[0.052s] [35m[1mScanning dependencies of target planner[0m
[0.076s] [  3%] [32mBuilding CXX object CMakeFiles/cpp_pubsub.dir/src/manager.cpp.o[0m
[0.079s] [  7%] [32mBuilding CXX object CMakeFiles/planner.dir/src/publisher.cpp.o[0m
[0.081s] [ 11%] [32mBuilding CXX object CMakeFiles/planner.dir/src/manager.cpp.o[0m
[1.413s] [01m[K/root/planner_ws/src/cpp_pubsub/src/manager.cpp:[m[K In constructor ‘[01m[KManage_Planner::Manage_Planner()[m[K’:
[1.414s] [01m[K/root/planner_ws/src/cpp_pubsub/src/manager.cpp:2:32:[m[K [01;31m[Kerror: [m[Kno matching function for call to ‘[01m[KEndConditionSampler::EndConditionSampler()[m[K’
[1.414s]     2 | Manage_Planner::Manage_Planner([01;31m[K)[m[K {}
[1.414s]       |                                [01;31m[K^[m[K
[1.414s] In file included from [01m[K/root/planner_ws/src/cpp_pubsub/include/manager.hpp:24[m[K,
[1.414s]                  from [01m[K/root/planner_ws/src/cpp_pubsub/src/manager.cpp:1[m[K:
[1.414s] [01m[K/root/planner_ws/src/cpp_pubsub/include/end_condition_sampler.hpp:15:5:[m[K [01;36m[Knote: [m[Kcandidate: ‘[01m[KEndConditionSampler::EndConditionSampler(const std::array<double, 3>&, const std::array<double, 3>&)[m[K’
[1.414s]    15 |     [01;36m[KEndConditionSampler[m[K(
[1.414s]       |     [01;36m[K^~~~~~~~~~~~~~~~~~~[m[K
[1.414s] [01m[K/root/planner_ws/src/cpp_pubsub/include/end_condition_sampler.hpp:15:5:[m[K [01;36m[Knote: [m[K  candidate expects 2 arguments, 0 provided
[1.414s] [01m[K/root/planner_ws/src/cpp_pubsub/include/end_condition_sampler.hpp:11:7:[m[K [01;36m[Knote: [m[Kcandidate: ‘[01m[Kconstexpr EndConditionSampler::EndConditionSampler(const EndConditionSampler&)[m[K’
[1.414s]    11 | class [01;36m[KEndConditionSampler[m[K
[1.414s]       |       [01;36m[K^~~~~~~~~~~~~~~~~~~[m[K
[1.414s] [01m[K/root/planner_ws/src/cpp_pubsub/include/end_condition_sampler.hpp:11:7:[m[K [01;36m[Knote: [m[K  candidate expects 1 argument, 0 provided
[1.425s] [01m[K/root/planner_ws/src/cpp_pubsub/src/manager.cpp:[m[K In constructor ‘[01m[KManage_Planner::Manage_Planner()[m[K’:
[1.425s] [01m[K/root/planner_ws/src/cpp_pubsub/src/manager.cpp:2:32:[m[K [01;31m[Kerror: [m[Kno matching function for call to ‘[01m[KEndConditionSampler::EndConditionSampler()[m[K’
[1.425s]     2 | Manage_Planner::Manage_Planner([01;31m[K)[m[K {}
[1.425s]       |                                [01;31m[K^[m[K
[1.425s] In file included from [01m[K/root/planner_ws/src/cpp_pubsub/include/manager.hpp:24[m[K,
[1.425s]                  from [01m[K/root/planner_ws/src/cpp_pubsub/src/manager.cpp:1[m[K:
[1.425s] [01m[K/root/planner_ws/src/cpp_pubsub/include/end_condition_sampler.hpp:15:5:[m[K [01;36m[Knote: [m[Kcandidate: ‘[01m[KEndConditionSampler::EndConditionSampler(const std::array<double, 3>&, const std::array<double, 3>&)[m[K’
[1.425s]    15 |     [01;36m[KEndConditionSampler[m[K(
[1.425s]       |     [01;36m[K^~~~~~~~~~~~~~~~~~~[m[K
[1.425s] [01m[K/root/planner_ws/src/cpp_pubsub/include/end_condition_sampler.hpp:15:5:[m[K [01;36m[Knote: [m[K  candidate expects 2 arguments, 0 provided
[1.425s] [01m[K/root/planner_ws/src/cpp_pubsub/include/end_condition_sampler.hpp:11:7:[m[K [01;36m[Knote: [m[Kcandidate: ‘[01m[Kconstexpr EndConditionSampler::EndConditionSampler(const EndConditionSampler&)[m[K’
[1.425s]    11 | class [01;36m[KEndConditionSampler[m[K
[1.425s]       |       [01;36m[K^~~~~~~~~~~~~~~~~~~[m[K
[1.425s] [01m[K/root/planner_ws/src/cpp_pubsub/include/end_condition_sampler.hpp:11:7:[m[K [01;36m[Knote: [m[K  candidate expects 1 argument, 0 provided
[1.861s] make[2]: *** [CMakeFiles/planner.dir/build.make:89: CMakeFiles/planner.dir/src/manager.cpp.o] Error 1
[1.861s] make[2]: *** Waiting for unfinished jobs....
[1.899s] make[2]: *** [CMakeFiles/cpp_pubsub.dir/build.make:76: CMakeFiles/cpp_pubsub.dir/src/manager.cpp.o] Error 1
[1.899s] make[1]: *** [CMakeFiles/Makefile2:80: CMakeFiles/cpp_pubsub.dir/all] Error 2
[1.900s] make[1]: *** Waiting for unfinished jobs....
[3.391s] make[1]: *** [CMakeFiles/Makefile2:107: CMakeFiles/planner.dir/all] Error 2
[3.391s] make: *** [Makefile:141: all] Error 2
[3.393s] Invoked command in '/root/planner_ws/build/cpp_pubsub' returned '2': CMAKE_PREFIX_PATH=${CMAKE_PREFIX_PATH}:/opt/ros/foxy /usr/bin/cmake --build /root/planner_ws/build/cpp_pubsub -- -j12 -l12
