[0.023s] Invoking command in '/root/planner_ws/build/cpp_pubsub': CMAKE_PREFIX_PATH=${CMAKE_PREFIX_PATH}:/opt/ros/foxy /usr/bin/cmake --build /root/planner_ws/build/cpp_pubsub -- -j12 -l12
[0.059s] [35m[1mScanning dependencies of target cpp_pubsub[0m
[0.061s] [35m[1mScanning dependencies of target planner[0m
[0.086s] [  6%] [32mBuilding CXX object CMakeFiles/cpp_pubsub.dir/src/feasible_region.cpp.o[0m
[0.086s] [  6%] [32mBuilding CXX object CMakeFiles/cpp_pubsub.dir/src/manager.cpp.o[0m
[0.086s] [ 10%] [32mBuilding CXX object CMakeFiles/cpp_pubsub.dir/src/end_condition_sampler.cpp.o[0m
[0.097s] [ 20%] [32mBuilding CXX object CMakeFiles/planner.dir/src/manager.cpp.o[0m
[0.097s] [ 20%] [32mBuilding CXX object CMakeFiles/planner.dir/src/end_condition_sampler.cpp.o[0m
[0.098s] [ 24%] [32mBuilding CXX object CMakeFiles/planner.dir/src/publisher.cpp.o[0m
[0.098s] [ 24%] [32mBuilding CXX object CMakeFiles/planner.dir/src/feasible_region.cpp.o[0m
[0.359s] [01m[K/root/planner_ws/src/cpp_pubsub/src/end_condition_sampler.cpp:[m[K In member function ‘[01m[Kstd::vector<std::pair<std::vector<double>, double> > EndConditionSampler::SampleLonEndConditionsForStopping(double) const[m[K’:
[0.359s] [01m[K/root/planner_ws/src/cpp_pubsub/src/end_condition_sampler.cpp:47:1:[m[K [01;35m[Kwarning: [m[Kno return statement in function returning non-void [[01;35m[K-Wreturn-type[m[K]
[0.359s]    47 | [01;35m[K}[m[K
[0.359s]       | [01;35m[K^[m[K
[0.359s] [01m[K/root/planner_ws/src/cpp_pubsub/src/end_condition_sampler.cpp:45:69:[m[K [01;35m[Kwarning: [m[Kunused parameter ‘[01m[Kref_stop_point[m[K’ [[01;35m[K-Wunused-parameter[m[K]
[0.359s]    45 | EndConditionSampler::SampleLonEndConditionsForStopping([01;35m[Kconst double ref_stop_point[m[K) const
[0.359s]       |                                                        [01;35m[K~~~~~~~~~~~~~^~~~~~~~~~~~~~[m[K
[0.359s] [01m[K/root/planner_ws/src/cpp_pubsub/src/end_condition_sampler.cpp:[m[K In member function ‘[01m[Kstd::vector<std::pair<std::vector<double>, double> > EndConditionSampler::SampleLonEndConditionsForLaneChange() const[m[K’:
[0.360s] [01m[K/root/planner_ws/src/cpp_pubsub/src/end_condition_sampler.cpp:52:1:[m[K [01;35m[Kwarning: [m[Kno return statement in function returning non-void [[01;35m[K-Wreturn-type[m[K]
[0.360s]    52 | [01;35m[K}[m[K
[0.360s]       | [01;35m[K^[m[K
[0.360s] [01m[K/root/planner_ws/src/cpp_pubsub/src/end_condition_sampler.cpp:[m[K In member function ‘[01m[Kstd::vector<std::pair<std::vector<double>, double> > EndConditionSampler::SampleLonEndConditionsForStopping(double) const[m[K’:
[0.360s] [01m[K/root/planner_ws/src/cpp_pubsub/src/end_condition_sampler.cpp:47:1:[m[K [01;35m[Kwarning: [m[Kno return statement in function returning non-void [[01;35m[K-Wreturn-type[m[K]
[0.360s]    47 | [01;35m[K}[m[K
[0.360s]       | [01;35m[K^[m[K
[0.361s] [01m[K/root/planner_ws/src/cpp_pubsub/src/end_condition_sampler.cpp:45:69:[m[K [01;35m[Kwarning: [m[Kunused parameter ‘[01m[Kref_stop_point[m[K’ [[01;35m[K-Wunused-parameter[m[K]
[0.361s]    45 | EndConditionSampler::SampleLonEndConditionsForStopping([01;35m[Kconst double ref_stop_point[m[K) const
[0.361s]       |                                                        [01;35m[K~~~~~~~~~~~~~^~~~~~~~~~~~~~[m[K
[0.361s] [01m[K/root/planner_ws/src/cpp_pubsub/src/end_condition_sampler.cpp:[m[K In member function ‘[01m[Kstd::vector<std::pair<std::vector<double>, double> > EndConditionSampler::SampleLonEndConditionsForLaneChange() const[m[K’:
[0.361s] [01m[K/root/planner_ws/src/cpp_pubsub/src/end_condition_sampler.cpp:52:1:[m[K [01;35m[Kwarning: [m[Kno return statement in function returning non-void [[01;35m[K-Wreturn-type[m[K]
[0.361s]    52 | [01;35m[K}[m[K
[0.361s]       | [01;35m[K^[m[K
[2.212s] [ 27%] [32m[1mLinking CXX shared library libcpp_pubsub.so[0m
[2.322s] [ 62%] Built target cpp_pubsub
[3.696s] [ 65%] [32m[1mLinking CXX executable planner[0m
[3.882s] [100%] Built target planner
[3.893s] Invoked command in '/root/planner_ws/build/cpp_pubsub' returned '0': CMAKE_PREFIX_PATH=${CMAKE_PREFIX_PATH}:/opt/ros/foxy /usr/bin/cmake --build /root/planner_ws/build/cpp_pubsub -- -j12 -l12
[3.944s] Invoking command in '/root/planner_ws/build/cpp_pubsub': CMAKE_PREFIX_PATH=${CMAKE_PREFIX_PATH}:/opt/ros/foxy /usr/bin/cmake --install /root/planner_ws/build/cpp_pubsub
[3.951s] -- Install configuration: ""
[3.951s] -- Up-to-date: /root/planner_ws/install/cpp_pubsub/include
[3.951s] -- Up-to-date: /root/planner_ws/install/cpp_pubsub/include/cartesian_frenet_converter.hpp
[3.952s] -- Up-to-date: /root/planner_ws/install/cpp_pubsub/include/collisionchecker.hpp
[3.952s] -- Up-to-date: /root/planner_ws/install/cpp_pubsub/include/latpath1d.hpp
[3.952s] -- Up-to-date: /root/planner_ws/install/cpp_pubsub/include/end_condition_sampler.hpp
[3.952s] -- Up-to-date: /root/planner_ws/install/cpp_pubsub/include/constans.hpp
[3.952s] -- Up-to-date: /root/planner_ws/install/cpp_pubsub/include/trajectory_evaluator.hpp
[3.952s] -- Up-to-date: /root/planner_ws/install/cpp_pubsub/include/obstacle.hpp
[3.952s] -- Up-to-date: /root/planner_ws/install/cpp_pubsub/include/liner_interpolation.hpp
[3.952s] -- Up-to-date: /root/planner_ws/install/cpp_pubsub/include/Trajectory1dGenerator.hpp
[3.952s] -- Up-to-date: /root/planner_ws/install/cpp_pubsub/include/lonspeed1d.hpp
[3.952s] -- Up-to-date: /root/planner_ws/install/cpp_pubsub/include/matplotlibcpp.h
[3.953s] -- Up-to-date: /root/planner_ws/install/cpp_pubsub/include/referenceline.hpp
[3.953s] -- Up-to-date: /root/planner_ws/install/cpp_pubsub/include/manager.hpp
[3.953s] -- Up-to-date: /root/planner_ws/install/cpp_pubsub/include/plotfigure.hpp
[3.953s] -- Up-to-date: /root/planner_ws/install/cpp_pubsub/include/pathpoint.hpp
[3.953s] -- Up-to-date: /root/planner_ws/install/cpp_pubsub/include/constraint_checker1d.hpp
[3.953s] -- Installing: /root/planner_ws/install/cpp_pubsub/include/feasible_region.hpp
[3.953s] -- Up-to-date: /root/planner_ws/install/cpp_pubsub/include/path_matcher.hpp
[3.953s] -- Up-to-date: /root/planner_ws/install/cpp_pubsub/include/SLPoint.hpp
[3.954s] -- Up-to-date: /root/planner_ws/install/cpp_pubsub/include/test.hpp
[3.954s] -- Up-to-date: /root/planner_ws/install/cpp_pubsub/include/STpoint.hpp
[3.954s] -- Up-to-date: /root/planner_ws/install/cpp_pubsub/include/TrajectoryPoint.hpp
[3.954s] -- Up-to-date: /root/planner_ws/install/cpp_pubsub/share/cpp_pubsub/environment/library_path.sh
[3.954s] -- Up-to-date: /root/planner_ws/install/cpp_pubsub/share/cpp_pubsub/environment/library_path.dsv
[3.954s] -- Installing: /root/planner_ws/install/cpp_pubsub/lib/libcpp_pubsub.so
[3.955s] -- Set runtime path of "/root/planner_ws/install/cpp_pubsub/lib/libcpp_pubsub.so" to ""
[3.955s] -- Installing: /root/planner_ws/install/cpp_pubsub/lib/cpp_pubsub/planner
[3.955s] -- Set runtime path of "/root/planner_ws/install/cpp_pubsub/lib/cpp_pubsub/planner" to ""
[3.955s] -- Up-to-date: /root/planner_ws/install/cpp_pubsub/share/ament_index/resource_index/package_run_dependencies/cpp_pubsub
[3.956s] -- Up-to-date: /root/planner_ws/install/cpp_pubsub/share/ament_index/resource_index/parent_prefix_path/cpp_pubsub
[3.956s] -- Up-to-date: /root/planner_ws/install/cpp_pubsub/share/cpp_pubsub/environment/ament_prefix_path.sh
[3.956s] -- Up-to-date: /root/planner_ws/install/cpp_pubsub/share/cpp_pubsub/environment/ament_prefix_path.dsv
[3.956s] -- Up-to-date: /root/planner_ws/install/cpp_pubsub/share/cpp_pubsub/environment/path.sh
[3.956s] -- Up-to-date: /root/planner_ws/install/cpp_pubsub/share/cpp_pubsub/environment/path.dsv
[3.956s] -- Up-to-date: /root/planner_ws/install/cpp_pubsub/share/cpp_pubsub/local_setup.bash
[3.956s] -- Up-to-date: /root/planner_ws/install/cpp_pubsub/share/cpp_pubsub/local_setup.sh
[3.956s] -- Up-to-date: /root/planner_ws/install/cpp_pubsub/share/cpp_pubsub/local_setup.zsh
[3.956s] -- Up-to-date: /root/planner_ws/install/cpp_pubsub/share/cpp_pubsub/local_setup.dsv
[3.957s] -- Installing: /root/planner_ws/install/cpp_pubsub/share/cpp_pubsub/package.dsv
[3.957s] -- Up-to-date: /root/planner_ws/install/cpp_pubsub/share/ament_index/resource_index/packages/cpp_pubsub
[3.958s] -- Up-to-date: /root/planner_ws/install/cpp_pubsub/share/cpp_pubsub/cmake/ament_cmake_export_dependencies-extras.cmake
[3.958s] -- Up-to-date: /root/planner_ws/install/cpp_pubsub/share/cpp_pubsub/cmake/ament_cmake_export_include_directories-extras.cmake
[3.958s] -- Up-to-date: /root/planner_ws/install/cpp_pubsub/share/cpp_pubsub/cmake/ament_cmake_export_libraries-extras.cmake
[3.958s] -- Up-to-date: /root/planner_ws/install/cpp_pubsub/share/cpp_pubsub/cmake/cpp_pubsubConfig.cmake
[3.958s] -- Up-to-date: /root/planner_ws/install/cpp_pubsub/share/cpp_pubsub/cmake/cpp_pubsubConfig-version.cmake
[3.958s] -- Up-to-date: /root/planner_ws/install/cpp_pubsub/share/cpp_pubsub/package.xml
[3.959s] Invoked command in '/root/planner_ws/build/cpp_pubsub' returned '0': CMAKE_PREFIX_PATH=${CMAKE_PREFIX_PATH}:/opt/ros/foxy /usr/bin/cmake --install /root/planner_ws/build/cpp_pubsub
