[0.026s] Invoking command in '/root/planner_ws/build/cpp_pubsub': CMAKE_PREFIX_PATH=${CMAKE_PREFIX_PATH}:/opt/ros/foxy /usr/bin/cmake --build /root/planner_ws/build/cpp_pubsub -- -j12 -l12
[0.113s] [35m[1mScanning dependencies of target cpp_pubsub[0m
[0.115s] [35m[1mScanning dependencies of target planner[0m
[0.148s] [  3%] [32mBuilding CXX object CMakeFiles/cpp_pubsub.dir/src/manager.cpp.o[0m
[0.148s] [  9%] [32mBuilding CXX object CMakeFiles/cpp_pubsub.dir/src/trajectory_evaluator.cpp.o[0m
[0.148s] [  9%] [32mBuilding CXX object CMakeFiles/cpp_pubsub.dir/src/constraint_checker1d.cpp.o[0m
[0.150s] [ 12%] [32mBuilding CXX object CMakeFiles/cpp_pubsub.dir/src/path_time_graph.cpp.o[0m
[0.150s] [ 19%] [32mBuilding CXX object CMakeFiles/cpp_pubsub.dir/src/feasible_region.cpp.o[0m
[0.150s] [ 19%] [32mBuilding CXX object CMakeFiles/cpp_pubsub.dir/src/collisionchecker.cpp.o[0m
[0.150s] [ 22%] [32mBuilding CXX object CMakeFiles/cpp_pubsub.dir/src/end_condition_sampler.cpp.o[0m
[0.154s] [ 29%] [32mBuilding CXX object CMakeFiles/planner.dir/src/manager.cpp.o[0m
[0.154s] [ 29%] [32mBuilding CXX object CMakeFiles/planner.dir/src/publisher.cpp.o[0m
[0.158s] [ 32%] [32mBuilding CXX object CMakeFiles/planner.dir/src/trajectory_evaluator.cpp.o[0m
[0.159s] [ 35%] [32mBuilding CXX object CMakeFiles/planner.dir/src/collisionchecker.cpp.o[0m
[0.159s] [ 38%] [32mBuilding CXX object CMakeFiles/planner.dir/src/constraint_checker1d.cpp.o[0m
[0.550s] [01m[K/root/planner_ws/src/cpp_pubsub/src/path_time_graph.cpp:[m[K In member function ‘[01m[Kvoid PathTimeGraph::Init(const std::vector<std::vector<double> >&, const std::vector<PathPoint>&, double, double, double, double, const std::array<double, 3>&)[m[K’:
[0.550s] [01m[K/root/planner_ws/src/cpp_pubsub/src/path_time_graph.cpp:12:16:[m[K [01;35m[Kwarning: [m[Kunused variable ‘[01m[Kobs_l[m[K’ [[01;35m[K-Wunused-variable[m[K]
[0.550s]    12 |         double [01;35m[Kobs_l[m[K = dy_obs[1];
[0.550s]       |                [01;35m[K^~~~~[m[K
[0.550s] [01m[K/root/planner_ws/src/cpp_pubsub/src/path_time_graph.cpp:13:16:[m[K [01;35m[Kwarning: [m[Kunused variable ‘[01m[Kobs_s[m[K’ [[01;35m[K-Wunused-variable[m[K]
[0.551s]    13 |         double [01;35m[Kobs_s[m[K = dy_obs[0];
[0.551s]       |                [01;35m[K^~~~~[m[K
[0.551s] [01m[K/root/planner_ws/src/cpp_pubsub/src/path_time_graph.cpp:5:102:[m[K [01;35m[Kwarning: [m[Kunused parameter ‘[01m[Kreferenceline[m[K’ [[01;35m[K-Wunused-parameter[m[K]
[0.551s]     5 | void PathTimeGraph::Init(const vector<vector<double>> &dynamic_obstacle_sl, [01;35m[Kconst vector<PathPoint> &referenceline[m[K,
[0.551s]       |                                                                             [01;35m[K~~~~~~~~~~~~~~~~~~~~~~~~~^~~~~~~~~~~~~[m[K
[0.551s] [01m[K/root/planner_ws/src/cpp_pubsub/src/path_time_graph.cpp:6:39:[m[K [01;35m[Kwarning: [m[Kunused parameter ‘[01m[Ks_start[m[K’ [[01;35m[K-Wunused-parameter[m[K]
[0.551s]     6 |                          [01;35m[Kconst double s_start[m[K, const double s_end, const double t_start,
[0.551s]       |                          [01;35m[K~~~~~~~~~~~~~^~~~~~~[m[K
[0.551s] [01m[K/root/planner_ws/src/cpp_pubsub/src/path_time_graph.cpp:6:61:[m[K [01;35m[Kwarning: [m[Kunused parameter ‘[01m[Ks_end[m[K’ [[01;35m[K-Wunused-parameter[m[K]
[0.552s]     6 |                          const double s_start, [01;35m[Kconst double s_end[m[K, const double t_start,
[0.552s]       |                                                [01;35m[K~~~~~~~~~~~~~^~~~~[m[K
[0.552s] [01m[K/root/planner_ws/src/cpp_pubsub/src/path_time_graph.cpp:6:81:[m[K [01;35m[Kwarning: [m[Kunused parameter ‘[01m[Kt_start[m[K’ [[01;35m[K-Wunused-parameter[m[K]
[0.552s]     6 |                          const double s_start, const double s_end, [01;35m[Kconst double t_start[m[K,
[0.552s]       |                                                                    [01;35m[K~~~~~~~~~~~~~^~~~~~~[m[K
[0.552s] [01m[K/root/planner_ws/src/cpp_pubsub/src/path_time_graph.cpp:7:39:[m[K [01;35m[Kwarning: [m[Kunused parameter ‘[01m[Kt_end[m[K’ [[01;35m[K-Wunused-parameter[m[K]
[0.552s]     7 |                          [01;35m[Kconst double t_end[m[K, const array<double, 3> &init_d)
[0.552s]       |                          [01;35m[K~~~~~~~~~~~~~^~~~~[m[K
[0.553s] [01m[K/root/planner_ws/src/cpp_pubsub/src/path_time_graph.cpp:7:70:[m[K [01;35m[Kwarning: [m[Kunused parameter ‘[01m[Kinit_d[m[K’ [[01;35m[K-Wunused-parameter[m[K]
[0.553s]     7 |                          const double t_end, [01;35m[Kconst array<double, 3> &init_d[m[K)
[0.553s]       |                                              [01;35m[K~~~~~~~~~~~~~~~~~~~~~~~~^~~~~~[m[K
[0.577s] [01m[K/root/planner_ws/src/cpp_pubsub/src/trajectory_evaluator.cpp:[m[K In member function ‘[01m[Kvoid Trajectory_Evaluator::TrajectoryEvaluator(const std::array<double, 3>&, const std::vector<LONspeed>&, const std::vector<LATpath>&, const std::vector<PathPoint>&)[m[K’:
[0.577s] [01m[K/root/planner_ws/src/cpp_pubsub/src/trajectory_evaluator.cpp:9:34:[m[K [01;35m[Kwarning: [m[Kunused parameter ‘[01m[Klon_trajectories[m[K’ [[01;35m[K-Wunused-parameter[m[K]
[0.577s]     9 |     [01;35m[Kconst std::vector<LONspeed> &lon_trajectories[m[K,
[0.577s]       |     [01;35m[K~~~~~~~~~~~~~~~~~~~~~~~~~~~~~^~~~~~~~~~~~~~~~[m[K
[0.577s] [01m[K/root/planner_ws/src/cpp_pubsub/src/trajectory_evaluator.cpp:11:35:[m[K [01;35m[Kwarning: [m[Kunused parameter ‘[01m[Kreference_line[m[K’ [[01;35m[K-Wunused-parameter[m[K]
[0.578s]    11 |     [01;35m[Kconst std::vector<PathPoint> &reference_line[m[K)
[0.578s]       |     [01;35m[K~~~~~~~~~~~~~~~~~~~~~~~~~~~~~~^~~~~~~~~~~~~~[m[K
[0.579s] [01m[K/root/planner_ws/src/cpp_pubsub/src/trajectory_evaluator.cpp:[m[K In member function ‘[01m[Kdouble Trajectory_Evaluator::LatComfortCost(const std::vector<double>&, const LATpath&) const[m[K’:
[0.579s] [01m[K/root/planner_ws/src/cpp_pubsub/src/trajectory_evaluator.cpp:44:60:[m[K [01;35m[Kwarning: [m[Kunused parameter ‘[01m[Klat_trajectory[m[K’ [[01;35m[K-Wunused-parameter[m[K]
[0.579s]    44 |                                             [01;35m[Kconst LATpath &lat_trajectory[m[K) const
[0.579s]       |                                             [01;35m[K~~~~~~~~~~~~~~~^~~~~~~~~~~~~~[m[K
[0.579s] [01m[K/root/planner_ws/src/cpp_pubsub/src/trajectory_evaluator.cpp:[m[K In member function ‘[01m[Kdouble Trajectory_Evaluator::LatOffsetCost(const LATpath&, const std::vector<double>&) const[m[K’:
[0.580s] [01m[K/root/planner_ws/src/cpp_pubsub/src/trajectory_evaluator.cpp:62:20:[m[K [01;35m[Kwarning: [m[Kunused parameter ‘[01m[Klat_trajectory[m[K’ [[01;35m[K-Wunused-parameter[m[K]
[0.580s]    62 |     [01;35m[Kconst LATpath &lat_trajectory[m[K,
[0.580s]       |     [01;35m[K~~~~~~~~~~~~~~~^~~~~~~~~~~~~~[m[K
[0.593s] [01m[K/root/planner_ws/src/cpp_pubsub/src/collisionchecker.cpp:[m[K In member function ‘[01m[Kbool Collision_Checker::InCollision(const std::vector<std::vector<double> >&, const LATpath&, double, double, const std::array<double, 3>&)[m[K’:
[0.596s] [01m[K/root/planner_ws/src/cpp_pubsub/src/collisionchecker.cpp:19:17:[m[K [01;35m[Kwarning: [m[Kunused variable ‘[01m[Kpointnum[m[K’ [[01;35m[K-Wunused-variable[m[K]
[0.596s]    19 |             int [01;35m[Kpointnum[m[K = 30;
[0.596s]       |                 [01;35m[K^~~~~~~~[m[K
[0.596s] [01m[K/root/planner_ws/src/cpp_pubsub/src/collisionchecker.cpp:5:74:[m[K [01;35m[Kwarning: [m[Kunused parameter ‘[01m[Kobs_length[m[K’ [[01;35m[K-Wunused-parameter[m[K]
[0.596s]     5 |                                     const double obs_width, [01;35m[Kconst double obs_length[m[K, const std::array<double, 3> &init_s)
[0.596s]       |                                                             [01;35m[K~~~~~~~~~~~~~^~~~~~~~~~[m[K
[0.633s] [01m[K/root/planner_ws/src/cpp_pubsub/src/collisionchecker.cpp:[m[K In member function ‘[01m[Kbool Collision_Checker::InCollision(const std::vector<std::vector<double> >&, const LATpath&, double, double, const std::array<double, 3>&)[m[K’:
[0.633s] [01m[K/root/planner_ws/src/cpp_pubsub/src/collisionchecker.cpp:19:17:[m[K [01;35m[Kwarning: [m[Kunused variable ‘[01m[Kpointnum[m[K’ [[01;35m[K-Wunused-variable[m[K]
[0.633s]    19 |             int [01;35m[Kpointnum[m[K = 30;
[0.633s]       |                 [01;35m[K^~~~~~~~[m[K
[0.633s] [01m[K/root/planner_ws/src/cpp_pubsub/src/collisionchecker.cpp:5:74:[m[K [01;35m[Kwarning: [m[Kunused parameter ‘[01m[Kobs_length[m[K’ [[01;35m[K-Wunused-parameter[m[K]
[0.633s]     5 |                                     const double obs_width, [01;35m[Kconst double obs_length[m[K, const std::array<double, 3> &init_s)
[0.633s]       |                                                             [01;35m[K~~~~~~~~~~~~~^~~~~~~~~~[m[K
[0.657s] In file included from [01m[K/root/planner_ws/src/cpp_pubsub/src/end_condition_sampler.cpp:1[m[K:
[0.658s] [01m[K/root/planner_ws/src/cpp_pubsub/include/end_condition_sampler.hpp:[m[K In member function ‘[01m[Kvoid EndConditionSampler::Init(const std::array<double, 3>&, const std::array<double, 3>&)[m[K’:
[0.658s] [01m[K/root/planner_ws/src/cpp_pubsub/include/end_condition_sampler.hpp:27:28:[m[K [01;31m[Kerror: [m[Kno matching function for call to ‘[01m[KPathTimeGraph::Init()[m[K’
[0.658s]    27 |         pathtimegraph.Init([01;31m[K)[m[K;
[0.659s]       |                            [01;31m[K^[m[K
[0.659s] In file included from [01m[K/root/planner_ws/src/cpp_pubsub/include/end_condition_sampler.hpp:8[m[K,
[0.660s]                  from [01m[K/root/planner_ws/src/cpp_pubsub/src/end_condition_sampler.cpp:1[m[K:
[0.661s] [01m[K/root/planner_ws/src/cpp_pubsub/include/path_time_graph.hpp:17:10:[m[K [01;36m[Knote: [m[Kcandidate: ‘[01m[Kvoid PathTimeGraph::Init(const std::vector<std::vector<double> >&, const std::vector<PathPoint>&, double, double, double, double, const std::array<double, 3>&)[m[K’
[0.661s]    17 |     void [01;36m[KInit[m[K(const vector<vector<double>> &dynamic_obstacle_sl, const vector<PathPoint> &referencelineconst,
[0.662s]       |          [01;36m[K^~~~[m[K
[0.663s] [01m[K/root/planner_ws/src/cpp_pubsub/include/path_time_graph.hpp:17:10:[m[K [01;36m[Knote: [m[K  candidate expects 7 arguments, 0 provided
[0.703s] [01m[K/root/planner_ws/src/cpp_pubsub/src/trajectory_evaluator.cpp:[m[K In member function ‘[01m[Kvoid Trajectory_Evaluator::TrajectoryEvaluator(const std::array<double, 3>&, const std::vector<LONspeed>&, const std::vector<LATpath>&, const std::vector<PathPoint>&)[m[K’:
[0.704s] [01m[K/root/planner_ws/src/cpp_pubsub/src/trajectory_evaluator.cpp:9:34:[m[K [01;35m[Kwarning: [m[Kunused parameter ‘[01m[Klon_trajectories[m[K’ [[01;35m[K-Wunused-parameter[m[K]
[0.704s]     9 |     [01;35m[Kconst std::vector<LONspeed> &lon_trajectories[m[K,
[0.704s]       |     [01;35m[K~~~~~~~~~~~~~~~~~~~~~~~~~~~~~^~~~~~~~~~~~~~~~[m[K
[0.704s] [01m[K/root/planner_ws/src/cpp_pubsub/src/trajectory_evaluator.cpp:11:35:[m[K [01;35m[Kwarning: [m[Kunused parameter ‘[01m[Kreference_line[m[K’ [[01;35m[K-Wunused-parameter[m[K]
[0.704s]    11 |     [01;35m[Kconst std::vector<PathPoint> &reference_line[m[K)
[0.704s]       |     [01;35m[K~~~~~~~~~~~~~~~~~~~~~~~~~~~~~~^~~~~~~~~~~~~~[m[K
[0.704s] [01m[K/root/planner_ws/src/cpp_pubsub/src/end_condition_sampler.cpp:[m[K In member function ‘[01m[Kstd::vector<std::pair<std::vector<double>, double> > EndConditionSampler::SampleLonEndConditionsForLaneChange(int) const[m[K’:
[0.705s] [01m[K/root/planner_ws/src/cpp_pubsub/src/end_condition_sampler.cpp:115:41:[m[K [01;31m[Kerror: [m[K‘[01m[KQueryPathTimeObstacleSamplePoints[m[K’ was not declared in this scope
[0.705s]   115 |     vector<SamplePoint> sample_points = [01;31m[KQueryPathTimeObstacleSamplePoints[m[K();
[0.705s]       |                                         [01;31m[K^~~~~~~~~~~~~~~~~~~~~~~~~~~~~~~~~[m[K
[0.706s] [01m[K/root/planner_ws/src/cpp_pubsub/src/end_condition_sampler.cpp:112:68:[m[K [01;35m[Kwarning: [m[Kunused parameter ‘[01m[KLC_mode[m[K’ [[01;35m[K-Wunused-parameter[m[K]
[0.706s]   112 | EndConditionSampler::SampleLonEndConditionsForLaneChange([01;35m[Kconst int LC_mode[m[K) const
[0.706s]       |                                                          [01;35m[K~~~~~~~~~~^~~~~~~[m[K
[0.706s] [01m[K/root/planner_ws/src/cpp_pubsub/src/end_condition_sampler.cpp:[m[K At global scope:
[0.706s] [01m[K/root/planner_ws/src/cpp_pubsub/src/end_condition_sampler.cpp:136:1:[m[K [01;31m[Kerror: [m[Kno declaration matches ‘[01m[Kstd::vector<SamplePoint> EndConditionSampler::QueryPathTimeObstacleSamplePoints() const[m[K’
[0.706s]   136 | [01;31m[KEndConditionSampler[m[K::QueryPathTimeObstacleSamplePoints() const
[0.706s]       | [01;31m[K^~~~~~~~~~~~~~~~~~~[m[K
[0.706s] [01m[K/root/planner_ws/src/cpp_pubsub/src/end_condition_sampler.cpp:136:1:[m[K [01;36m[Knote: [m[Kno functions named ‘[01m[Kstd::vector<SamplePoint> EndConditionSampler::QueryPathTimeObstacleSamplePoints() const[m[K’
[0.706s] In file included from [01m[K/root/planner_ws/src/cpp_pubsub/src/end_condition_sampler.cpp:1[m[K:
[0.706s] [01m[K/root/planner_ws/src/cpp_pubsub/include/end_condition_sampler.hpp:14:7:[m[K [01;36m[Knote: [m[K‘[01m[Kclass EndConditionSampler[m[K’ defined here
[0.707s]    14 | class [01;36m[KEndConditionSampler[m[K
[0.707s]       |       [01;36m[K^~~~~~~~~~~~~~~~~~~[m[K
[0.709s] [01m[K/root/planner_ws/src/cpp_pubsub/src/trajectory_evaluator.cpp:[m[K In member function ‘[01m[Kdouble Trajectory_Evaluator::LatComfortCost(const std::vector<double>&, const LATpath&) const[m[K’:
[0.712s] [01m[K/root/planner_ws/src/cpp_pubsub/src/trajectory_evaluator.cpp:44:60:[m[K [01;35m[Kwarning: [m[Kunused parameter ‘[01m[Klat_trajectory[m[K’ [[01;35m[K-Wunused-parameter[m[K]
[0.712s]    44 |                                             [01;35m[Kconst LATpath &lat_trajectory[m[K) const
[0.712s]       |                                             [01;35m[K~~~~~~~~~~~~~~~^~~~~~~~~~~~~~[m[K
[0.713s] [01m[K/root/planner_ws/src/cpp_pubsub/src/trajectory_evaluator.cpp:[m[K In member function ‘[01m[Kdouble Trajectory_Evaluator::LatOffsetCost(const LATpath&, const std::vector<double>&) const[m[K’:
[0.714s] [01m[K/root/planner_ws/src/cpp_pubsub/src/trajectory_evaluator.cpp:62:20:[m[K [01;35m[Kwarning: [m[Kunused parameter ‘[01m[Klat_trajectory[m[K’ [[01;35m[K-Wunused-parameter[m[K]
[0.714s]    62 |     [01;35m[Kconst LATpath &lat_trajectory[m[K,
[0.714s]       |     [01;35m[K~~~~~~~~~~~~~~~^~~~~~~~~~~~~~[m[K
[0.783s] [ 41%] [32mBuilding CXX object CMakeFiles/planner.dir/src/feasible_region.cpp.o[0m
[0.792s] [ 45%] [32mBuilding CXX object CMakeFiles/planner.dir/src/end_condition_sampler.cpp.o[0m
[0.806s] [ 48%] [32mBuilding CXX object CMakeFiles/planner.dir/src/path_time_graph.cpp.o[0m
[0.853s] make[2]: *** [CMakeFiles/cpp_pubsub.dir/build.make:206: CMakeFiles/cpp_pubsub.dir/src/end_condition_sampler.cpp.o] Error 1
[0.854s] make[2]: *** Waiting for unfinished jobs....
[1.010s] [01m[K/root/planner_ws/src/cpp_pubsub/src/path_time_graph.cpp:[m[K In member function ‘[01m[Kvoid PathTimeGraph::Init(const std::vector<std::vector<double> >&, const std::vector<PathPoint>&, double, double, double, double, const std::array<double, 3>&)[m[K’:
[1.010s] [01m[K/root/planner_ws/src/cpp_pubsub/src/path_time_graph.cpp:12:16:[m[K [01;35m[Kwarning: [m[Kunused variable ‘[01m[Kobs_l[m[K’ [[01;35m[K-Wunused-variable[m[K]
[1.010s]    12 |         double [01;35m[Kobs_l[m[K = dy_obs[1];
[1.010s]       |                [01;35m[K^~~~~[m[K
[1.010s] [01m[K/root/planner_ws/src/cpp_pubsub/src/path_time_graph.cpp:13:16:[m[K [01;35m[Kwarning: [m[Kunused variable ‘[01m[Kobs_s[m[K’ [[01;35m[K-Wunused-variable[m[K]
[1.010s]    13 |         double [01;35m[Kobs_s[m[K = dy_obs[0];
[1.010s]       |                [01;35m[K^~~~~[m[K
[1.010s] [01m[K/root/planner_ws/src/cpp_pubsub/src/path_time_graph.cpp:5:102:[m[K [01;35m[Kwarning: [m[Kunused parameter ‘[01m[Kreferenceline[m[K’ [[01;35m[K-Wunused-parameter[m[K]
[1.011s]     5 | void PathTimeGraph::Init(const vector<vector<double>> &dynamic_obstacle_sl, [01;35m[Kconst vector<PathPoint> &referenceline[m[K,
[1.011s]       |                                                                             [01;35m[K~~~~~~~~~~~~~~~~~~~~~~~~~^~~~~~~~~~~~~[m[K
[1.011s] [01m[K/root/planner_ws/src/cpp_pubsub/src/path_time_graph.cpp:6:39:[m[K [01;35m[Kwarning: [m[Kunused parameter ‘[01m[Ks_start[m[K’ [[01;35m[K-Wunused-parameter[m[K]
[1.011s]     6 |                          [01;35m[Kconst double s_start[m[K, const double s_end, const double t_start,
[1.011s]       |                          [01;35m[K~~~~~~~~~~~~~^~~~~~~[m[K
[1.011s] [01m[K/root/planner_ws/src/cpp_pubsub/src/path_time_graph.cpp:6:61:[m[K [01;35m[Kwarning: [m[Kunused parameter ‘[01m[Ks_end[m[K’ [[01;35m[K-Wunused-parameter[m[K]
[1.011s]     6 |                          const double s_start, [01;35m[Kconst double s_end[m[K, const double t_start,
[1.011s]       |                                                [01;35m[K~~~~~~~~~~~~~^~~~~[m[K
[1.011s] [01m[K/root/planner_ws/src/cpp_pubsub/src/path_time_graph.cpp:6:81:[m[K [01;35m[Kwarning: [m[Kunused parameter ‘[01m[Kt_start[m[K’ [[01;35m[K-Wunused-parameter[m[K]
[1.012s]     6 |                          const double s_start, const double s_end, [01;35m[Kconst double t_start[m[K,
[1.012s]       |                                                                    [01;35m[K~~~~~~~~~~~~~^~~~~~~[m[K
[1.012s] [01m[K/root/planner_ws/src/cpp_pubsub/src/path_time_graph.cpp:7:39:[m[K [01;35m[Kwarning: [m[Kunused parameter ‘[01m[Kt_end[m[K’ [[01;35m[K-Wunused-parameter[m[K]
[1.012s]     7 |                          [01;35m[Kconst double t_end[m[K, const array<double, 3> &init_d)
[1.012s]       |                          [01;35m[K~~~~~~~~~~~~~^~~~~[m[K
[1.012s] [01m[K/root/planner_ws/src/cpp_pubsub/src/path_time_graph.cpp:7:70:[m[K [01;35m[Kwarning: [m[Kunused parameter ‘[01m[Kinit_d[m[K’ [[01;35m[K-Wunused-parameter[m[K]
[1.012s]     7 |                          const double t_end, [01;35m[Kconst array<double, 3> &init_d[m[K)
[1.012s]       |                                              [01;35m[K~~~~~~~~~~~~~~~~~~~~~~~~^~~~~~[m[K
[1.063s] In file included from [01m[K/root/planner_ws/src/cpp_pubsub/src/end_condition_sampler.cpp:1[m[K:
[1.063s] [01m[K/root/planner_ws/src/cpp_pubsub/include/end_condition_sampler.hpp:[m[K In member function ‘[01m[Kvoid EndConditionSampler::Init(const std::array<double, 3>&, const std::array<double, 3>&)[m[K’:
[1.063s] [01m[K/root/planner_ws/src/cpp_pubsub/include/end_condition_sampler.hpp:27:28:[m[K [01;31m[Kerror: [m[Kno matching function for call to ‘[01m[KPathTimeGraph::Init()[m[K’
[1.063s]    27 |         pathtimegraph.Init([01;31m[K)[m[K;
[1.064s]       |                            [01;31m[K^[m[K
[1.064s] In file included from [01m[K/root/planner_ws/src/cpp_pubsub/include/end_condition_sampler.hpp:8[m[K,
[1.064s]                  from [01m[K/root/planner_ws/src/cpp_pubsub/src/end_condition_sampler.cpp:1[m[K:
[1.064s] [01m[K/root/planner_ws/src/cpp_pubsub/include/path_time_graph.hpp:17:10:[m[K [01;36m[Knote: [m[Kcandidate: ‘[01m[Kvoid PathTimeGraph::Init(const std::vector<std::vector<double> >&, const std::vector<PathPoint>&, double, double, double, double, const std::array<double, 3>&)[m[K’
[1.064s]    17 |     void [01;36m[KInit[m[K(const vector<vector<double>> &dynamic_obstacle_sl, const vector<PathPoint> &referencelineconst,
[1.064s]       |          [01;36m[K^~~~[m[K
[1.064s] [01m[K/root/planner_ws/src/cpp_pubsub/include/path_time_graph.hpp:17:10:[m[K [01;36m[Knote: [m[K  candidate expects 7 arguments, 0 provided
[1.077s] [01m[K/root/planner_ws/src/cpp_pubsub/src/end_condition_sampler.cpp:[m[K In member function ‘[01m[Kstd::vector<std::pair<std::vector<double>, double> > EndConditionSampler::SampleLonEndConditionsForLaneChange(int) const[m[K’:
[1.078s] [01m[K/root/planner_ws/src/cpp_pubsub/src/end_condition_sampler.cpp:115:41:[m[K [01;31m[Kerror: [m[K‘[01m[KQueryPathTimeObstacleSamplePoints[m[K’ was not declared in this scope
[1.078s]   115 |     vector<SamplePoint> sample_points = [01;31m[KQueryPathTimeObstacleSamplePoints[m[K();
[1.078s]       |                                         [01;31m[K^~~~~~~~~~~~~~~~~~~~~~~~~~~~~~~~~[m[K
[1.079s] [01m[K/root/planner_ws/src/cpp_pubsub/src/end_condition_sampler.cpp:112:68:[m[K [01;35m[Kwarning: [m[Kunused parameter ‘[01m[KLC_mode[m[K’ [[01;35m[K-Wunused-parameter[m[K]
[1.079s]   112 | EndConditionSampler::SampleLonEndConditionsForLaneChange([01;35m[Kconst int LC_mode[m[K) const
[1.079s]       |                                                          [01;35m[K~~~~~~~~~~^~~~~~~[m[K
[1.079s] [01m[K/root/planner_ws/src/cpp_pubsub/src/end_condition_sampler.cpp:[m[K At global scope:
[1.079s] [01m[K/root/planner_ws/src/cpp_pubsub/src/end_condition_sampler.cpp:136:1:[m[K [01;31m[Kerror: [m[Kno declaration matches ‘[01m[Kstd::vector<SamplePoint> EndConditionSampler::QueryPathTimeObstacleSamplePoints() const[m[K’
[1.079s]   136 | [01;31m[KEndConditionSampler[m[K::QueryPathTimeObstacleSamplePoints() const
[1.079s]       | [01;31m[K^~~~~~~~~~~~~~~~~~~[m[K
[1.079s] [01m[K/root/planner_ws/src/cpp_pubsub/src/end_condition_sampler.cpp:136:1:[m[K [01;36m[Knote: [m[Kno functions named ‘[01m[Kstd::vector<SamplePoint> EndConditionSampler::QueryPathTimeObstacleSamplePoints() const[m[K’
[1.079s] In file included from [01m[K/root/planner_ws/src/cpp_pubsub/src/end_condition_sampler.cpp:1[m[K:
[1.079s] [01m[K/root/planner_ws/src/cpp_pubsub/include/end_condition_sampler.hpp:14:7:[m[K [01;36m[Knote: [m[K‘[01m[Kclass EndConditionSampler[m[K’ defined here
[1.079s]    14 | class [01;36m[KEndConditionSampler[m[K
[1.079s]       |       [01;36m[K^~~~~~~~~~~~~~~~~~~[m[K
[1.143s] make[2]: *** [CMakeFiles/planner.dir/build.make:219: CMakeFiles/planner.dir/src/end_condition_sampler.cpp.o] Error 1
[1.143s] make[2]: *** Waiting for unfinished jobs....
[1.901s] In file included from [01m[K/root/planner_ws/src/cpp_pubsub/include/manager.hpp:24[m[K,
[1.901s]                  from [01m[K/root/planner_ws/src/cpp_pubsub/src/manager.cpp:1[m[K:
[1.901s] [01m[K/root/planner_ws/src/cpp_pubsub/include/end_condition_sampler.hpp:[m[K In member function ‘[01m[Kvoid EndConditionSampler::Init(const std::array<double, 3>&, const std::array<double, 3>&)[m[K’:
[1.901s] [01m[K/root/planner_ws/src/cpp_pubsub/include/end_condition_sampler.hpp:27:28:[m[K [01;31m[Kerror: [m[Kno matching function for call to ‘[01m[KPathTimeGraph::Init()[m[K’
[1.901s]    27 |         pathtimegraph.Init([01;31m[K)[m[K;
[1.901s]       |                            [01;31m[K^[m[K
[1.901s] In file included from [01m[K/root/planner_ws/src/cpp_pubsub/include/end_condition_sampler.hpp:8[m[K,
[1.901s]                  from [01m[K/root/planner_ws/src/cpp_pubsub/include/manager.hpp:24[m[K,
[1.901s]                  from [01m[K/root/planner_ws/src/cpp_pubsub/src/manager.cpp:1[m[K:
[1.902s] [01m[K/root/planner_ws/src/cpp_pubsub/include/path_time_graph.hpp:17:10:[m[K [01;36m[Knote: [m[Kcandidate: ‘[01m[Kvoid PathTimeGraph::Init(const std::vector<std::vector<double, std::allocator<double> > >&, const std::vector<PathPoint>&, double, double, double, double, const std::array<double, 3>&)[m[K’
[1.902s]    17 |     void [01;36m[KInit[m[K(const vector<vector<double>> &dynamic_obstacle_sl, const vector<PathPoint> &referencelineconst,
[1.902s]       |          [01;36m[K^~~~[m[K
[1.902s] [01m[K/root/planner_ws/src/cpp_pubsub/include/path_time_graph.hpp:17:10:[m[K [01;36m[Knote: [m[K  candidate expects 7 arguments, 0 provided
[1.928s] In file included from [01m[K/root/planner_ws/src/cpp_pubsub/include/manager.hpp:24[m[K,
[1.928s]                  from [01m[K/root/planner_ws/src/cpp_pubsub/src/publisher.cpp:10[m[K:
[1.928s] [01m[K/root/planner_ws/src/cpp_pubsub/include/end_condition_sampler.hpp:[m[K In member function ‘[01m[Kvoid EndConditionSampler::Init(const std::array<double, 3>&, const std::array<double, 3>&)[m[K’:
[1.928s] [01m[K/root/planner_ws/src/cpp_pubsub/include/end_condition_sampler.hpp:27:28:[m[K [01;31m[Kerror: [m[Kno matching function for call to ‘[01m[KPathTimeGraph::Init()[m[K’
[1.928s]    27 |         pathtimegraph.Init([01;31m[K)[m[K;
[1.928s]       |                            [01;31m[K^[m[K
[1.928s] In file included from [01m[K/root/planner_ws/src/cpp_pubsub/include/end_condition_sampler.hpp:8[m[K,
[1.929s]                  from [01m[K/root/planner_ws/src/cpp_pubsub/include/manager.hpp:24[m[K,
[1.929s]                  from [01m[K/root/planner_ws/src/cpp_pubsub/src/publisher.cpp:10[m[K:
[1.929s] [01m[K/root/planner_ws/src/cpp_pubsub/include/path_time_graph.hpp:17:10:[m[K [01;36m[Knote: [m[Kcandidate: ‘[01m[Kvoid PathTimeGraph::Init(const std::vector<std::vector<double, std::allocator<double> > >&, const std::vector<PathPoint>&, double, double, double, double, const std::array<double, 3>&)[m[K’
[1.929s]    17 |     void [01;36m[KInit[m[K(const vector<vector<double>> &dynamic_obstacle_sl, const vector<PathPoint> &referencelineconst,
[1.929s]       |          [01;36m[K^~~~[m[K
[1.929s] [01m[K/root/planner_ws/src/cpp_pubsub/include/path_time_graph.hpp:17:10:[m[K [01;36m[Knote: [m[K  candidate expects 7 arguments, 0 provided
[1.931s] In file included from [01m[K/root/planner_ws/src/cpp_pubsub/include/manager.hpp:24[m[K,
[1.932s]                  from [01m[K/root/planner_ws/src/cpp_pubsub/src/manager.cpp:1[m[K:
[1.932s] [01m[K/root/planner_ws/src/cpp_pubsub/include/end_condition_sampler.hpp:[m[K In member function ‘[01m[Kvoid EndConditionSampler::Init(const std::array<double, 3>&, const std::array<double, 3>&)[m[K’:
[1.932s] [01m[K/root/planner_ws/src/cpp_pubsub/include/end_condition_sampler.hpp:27:28:[m[K [01;31m[Kerror: [m[Kno matching function for call to ‘[01m[KPathTimeGraph::Init()[m[K’
[1.932s]    27 |         pathtimegraph.Init([01;31m[K)[m[K;
[1.932s]       |                            [01;31m[K^[m[K
[1.932s] In file included from [01m[K/root/planner_ws/src/cpp_pubsub/include/end_condition_sampler.hpp:8[m[K,
[1.932s]                  from [01m[K/root/planner_ws/src/cpp_pubsub/include/manager.hpp:24[m[K,
[1.932s]                  from [01m[K/root/planner_ws/src/cpp_pubsub/src/manager.cpp:1[m[K:
[1.932s] [01m[K/root/planner_ws/src/cpp_pubsub/include/path_time_graph.hpp:17:10:[m[K [01;36m[Knote: [m[Kcandidate: ‘[01m[Kvoid PathTimeGraph::Init(const std::vector<std::vector<double, std::allocator<double> > >&, const std::vector<PathPoint>&, double, double, double, double, const std::array<double, 3>&)[m[K’
[1.932s]    17 |     void [01;36m[KInit[m[K(const vector<vector<double>> &dynamic_obstacle_sl, const vector<PathPoint> &referencelineconst,
[1.932s]       |          [01;36m[K^~~~[m[K
[1.932s] [01m[K/root/planner_ws/src/cpp_pubsub/include/path_time_graph.hpp:17:10:[m[K [01;36m[Knote: [m[K  candidate expects 7 arguments, 0 provided
[2.529s] make[2]: *** [CMakeFiles/cpp_pubsub.dir/build.make:76: CMakeFiles/cpp_pubsub.dir/src/manager.cpp.o] Error 1
[2.529s] make[1]: *** [CMakeFiles/Makefile2:80: CMakeFiles/cpp_pubsub.dir/all] Error 2
[2.529s] make[1]: *** Waiting for unfinished jobs....
[2.556s] make[2]: *** [CMakeFiles/planner.dir/build.make:89: CMakeFiles/planner.dir/src/manager.cpp.o] Error 1
[3.704s] make[2]: *** [CMakeFiles/planner.dir/build.make:63: CMakeFiles/planner.dir/src/publisher.cpp.o] Error 1
[3.704s] make[1]: *** [CMakeFiles/Makefile2:107: CMakeFiles/planner.dir/all] Error 2
[3.704s] make: *** [Makefile:141: all] Error 2
[3.707s] Invoked command in '/root/planner_ws/build/cpp_pubsub' returned '2': CMAKE_PREFIX_PATH=${CMAKE_PREFIX_PATH}:/opt/ros/foxy /usr/bin/cmake --build /root/planner_ws/build/cpp_pubsub -- -j12 -l12
