[0.021s] Invoking command in '/root/planner_ws/src/build/my_msgs': CMAKE_PREFIX_PATH=/opt/ros/foxy /usr/bin/cmake /root/planner_ws/src/my_msgs -DCMAKE_INSTALL_PREFIX=/root/planner_ws/src/install/my_msgs
[0.031s] -- Found ament_cmake: 0.9.11 (/opt/ros/foxy/share/ament_cmake/cmake)
[0.047s] -- Using PYTHON_EXECUTABLE: /usr/bin/python3
[0.184s] -- Found builtin_interfaces: 1.0.0 (/opt/ros/foxy/share/builtin_interfaces/cmake)
[0.198s] -- Using all available rosidl_typesupport_c: rosidl_typesupport_fastrtps_c;rosidl_typesupport_introspection_c
[0.200s] -- Found rosidl_adapter: 1.3.0 (/opt/ros/foxy/share/rosidl_adapter/cmake)
[0.304s] -- Using all available rosidl_typesupport_cpp: rosidl_typesupport_fastrtps_cpp;rosidl_typesupport_introspection_cpp
[0.330s] -- Found geometry_msgs: 2.0.5 (/opt/ros/foxy/share/geometry_msgs/cmake)
[0.385s] -- Found rosidl_default_generators: 1.0.1 (/opt/ros/foxy/share/rosidl_default_generators/cmake)
[0.412s] -- Found PythonInterp: /usr/bin/python3 (found version "3.8.10") 
[0.562s] -- Found ament_cmake_cppcheck: 0.9.8 (/opt/ros/foxy/share/ament_cmake_cppcheck/cmake)
[0.564s] -- Found ament_cmake_cpplint: 0.9.8 (/opt/ros/foxy/share/ament_cmake_cpplint/cmake)
[0.566s] -- Found ament_cmake_uncrustify: 0.9.8 (/opt/ros/foxy/share/ament_cmake_uncrustify/cmake)
[0.569s] -- Found ament_cmake_ros: 0.9.2 (/opt/ros/foxy/share/ament_cmake_ros/cmake)
[0.774s] -- Using all available rosidl_typesupport_c: rosidl_typesupport_fastrtps_c;rosidl_typesupport_introspection_c
[0.875s] -- Using all available rosidl_typesupport_cpp: rosidl_typesupport_fastrtps_cpp;rosidl_typesupport_introspection_cpp
[0.896s] -- Found PythonInterp: /usr/bin/python3 (found suitable version "3.8.10", minimum required is "3.5") 
[0.897s] -- Found python_cmake_module: 0.8.1 (/opt/ros/foxy/share/python_cmake_module/cmake)
[0.919s] -- Found PythonLibs: /usr/lib/x86_64-linux-gnu/libpython3.8.so (found suitable version "3.8.10", minimum required is "3.5") 
[0.919s] -- Using PYTHON_EXECUTABLE: /usr/bin/python3
[0.919s] -- Using PYTHON_INCLUDE_DIRS: /usr/include/python3.8
[0.919s] -- Using PYTHON_LIBRARIES: /usr/lib/x86_64-linux-gnu/libpython3.8.so
[0.936s] -- Found PythonExtra: .so  
[0.998s] -- Found ament_cmake_flake8: 0.9.8 (/opt/ros/foxy/share/ament_cmake_flake8/cmake)
[1.000s] -- Found ament_cmake_pep257: 0.9.8 (/opt/ros/foxy/share/ament_cmake_pep257/cmake)
[1.002s] -- Found ament_lint_auto: 0.9.8 (/opt/ros/foxy/share/ament_lint_auto/cmake)
[1.015s] -- Added test 'copyright' to check source files copyright and LICENSE
[1.015s] -- Added test 'lint_cmake' to check CMake code style
[1.016s] -- Added test 'xmllint' to check XML markup files
[1.020s] -- Configuring done
[1.066s] -- Generating done
[1.069s] -- Build files have been written to: /root/planner_ws/src/build/my_msgs
[1.081s] Invoked command in '/root/planner_ws/src/build/my_msgs' returned '0': CMAKE_PREFIX_PATH=/opt/ros/foxy /usr/bin/cmake /root/planner_ws/src/my_msgs -DCMAKE_INSTALL_PREFIX=/root/planner_ws/src/install/my_msgs
[1.083s] Invoking command in '/root/planner_ws/src/build/my_msgs': CMAKE_PREFIX_PATH=/opt/ros/foxy /usr/bin/cmake --build /root/planner_ws/src/build/my_msgs -- -j12 -l12
[1.114s] [35m[1mScanning dependencies of target my_msgs__cpp[0m
[1.114s] [  3%] [34m[1mGenerating C code for ROS interfaces[0m
[1.122s] [  6%] [34m[1mGenerating C++ code for ROS interfaces[0m
[1.347s] [  6%] Built target my_msgs__cpp
[1.349s] [35m[1mScanning dependencies of target my_msgs__rosidl_generator_c[0m
[1.357s] [  9%] [34m[1mGenerating C++ type support for eProsima Fast-RTPS[0m
[1.357s] [ 12%] [34m[1mGenerating C++ type support dispatch for ROS interfaces[0m
[1.358s] [ 16%] [34m[1mGenerating C++ introspection for ROS interfaces[0m
[1.362s] [ 19%] [32mBuilding C object CMakeFiles/my_msgs__rosidl_generator_c.dir/rosidl_generator_c/my_msgs/msg/detail/referenceline__functions.c.o[0m
[1.398s] [ 22%] [32m[1mLinking C shared library libmy_msgs__rosidl_generator_c.so[0m
[1.431s] [ 22%] Built target my_msgs__rosidl_generator_c
[1.441s] [ 25%] [34m[1mGenerating C type support dispatch for ROS interfaces[0m
[1.443s] [ 29%] [34m[1mGenerating C introspection for ROS interfaces[0m
[1.581s] [35m[1mScanning dependencies of target my_msgs__rosidl_typesupport_cpp[0m
[1.582s] [35m[1mScanning dependencies of target my_msgs__rosidl_typesupport_introspection_cpp[0m
[1.594s] [ 32%] [32mBuilding CXX object CMakeFiles/my_msgs__rosidl_typesupport_cpp.dir/rosidl_typesupport_cpp/my_msgs/msg/referenceline__type_support.cpp.o[0m
[1.595s] [ 35%] [32mBuilding CXX object CMakeFiles/my_msgs__rosidl_typesupport_introspection_cpp.dir/rosidl_typesupport_introspection_cpp/my_msgs/msg/detail/referenceline__type_support.cpp.o[0m
[1.600s] [35m[1mScanning dependencies of target my_msgs__rosidl_typesupport_fastrtps_cpp[0m
[1.616s] [ 38%] [32mBuilding CXX object CMakeFiles/my_msgs__rosidl_typesupport_fastrtps_cpp.dir/rosidl_typesupport_fastrtps_cpp/my_msgs/msg/detail/dds_fastrtps/referenceline__type_support.cpp.o[0m
[1.668s] [35m[1mScanning dependencies of target my_msgs__rosidl_typesupport_c[0m
[1.675s] [35m[1mScanning dependencies of target my_msgs__rosidl_typesupport_introspection_c[0m
[1.682s] [ 41%] [32mBuilding CXX object CMakeFiles/my_msgs__rosidl_typesupport_c.dir/rosidl_typesupport_c/my_msgs/msg/referenceline__type_support.cpp.o[0m
[1.688s] [ 45%] [32mBuilding C object CMakeFiles/my_msgs__rosidl_typesupport_introspection_c.dir/rosidl_typesupport_introspection_c/my_msgs/msg/detail/referenceline__type_support.c.o[0m
[1.710s] [ 48%] [32m[1mLinking CXX shared library libmy_msgs__rosidl_typesupport_c.so[0m
[1.723s] [ 51%] [32m[1mLinking C shared library libmy_msgs__rosidl_typesupport_introspection_c.so[0m
[1.751s] [ 51%] Built target my_msgs__rosidl_typesupport_c
[1.752s] [ 51%] Built target my_msgs__rosidl_typesupport_introspection_c
[1.870s] [ 54%] [32m[1mLinking CXX shared library libmy_msgs__rosidl_typesupport_cpp.so[0m
[1.903s] [ 54%] Built target my_msgs__rosidl_typesupport_cpp
[1.924s] [ 58%] [32m[1mLinking CXX shared library libmy_msgs__rosidl_typesupport_introspection_cpp.so[0m
[1.983s] [ 58%] Built target my_msgs__rosidl_typesupport_introspection_cpp
[2.051s] [ 61%] [32m[1mLinking CXX shared library libmy_msgs__rosidl_typesupport_fastrtps_cpp.so[0m
[2.121s] [ 61%] Built target my_msgs__rosidl_typesupport_fastrtps_cpp
[2.129s] [ 64%] [34m[1mGenerating C type support for eProsima Fast-RTPS[0m
[2.327s] [35m[1mScanning dependencies of target my_msgs__rosidl_typesupport_fastrtps_c[0m
[2.342s] [ 67%] [32mBuilding CXX object CMakeFiles/my_msgs__rosidl_typesupport_fastrtps_c.dir/rosidl_typesupport_fastrtps_c/my_msgs/msg/detail/referenceline__type_support_c.cpp.o[0m
[2.647s] [ 70%] [32m[1mLinking CXX shared library libmy_msgs__rosidl_typesupport_fastrtps_c.so[0m
[2.726s] [ 70%] Built target my_msgs__rosidl_typesupport_fastrtps_c
[2.735s] [35m[1mScanning dependencies of target my_msgs[0m
[2.745s] [ 70%] Built target my_msgs
[2.754s] [35m[1mScanning dependencies of target my_msgs__py[0m
[2.763s] [ 74%] [34m[1mGenerating Python code for ROS interfaces[0m
[3.136s] [ 74%] Built target my_msgs__py
[3.145s] [35m[1mScanning dependencies of target my_msgs__python[0m
[3.161s] [ 77%] [32mBuilding C object CMakeFiles/my_msgs__python.dir/rosidl_generator_py/my_msgs/msg/_referenceline_s.c.o[0m
[3.231s] [ 80%] [32m[1mLinking C shared library rosidl_generator_py/my_msgs/libmy_msgs__python.so[0m
[3.273s] [ 80%] Built target my_msgs__python
[3.281s] [35m[1mScanning dependencies of target my_msgs__rosidl_typesupport_c__pyext[0m
[3.282s] [35m[1mScanning dependencies of target my_msgs__rosidl_typesupport_introspection_c__pyext[0m
[3.283s] [35m[1mScanning dependencies of target my_msgs__rosidl_typesupport_fastrtps_c__pyext[0m
[3.295s] [ 83%] [32mBuilding C object CMakeFiles/my_msgs__rosidl_typesupport_c__pyext.dir/rosidl_generator_py/my_msgs/_my_msgs_s.ep.rosidl_typesupport_c.c.o[0m
[3.302s] [ 87%] [32mBuilding C object CMakeFiles/my_msgs__rosidl_typesupport_introspection_c__pyext.dir/rosidl_generator_py/my_msgs/_my_msgs_s.ep.rosidl_typesupport_introspection_c.c.o[0m
[3.302s] [ 90%] [32mBuilding C object CMakeFiles/my_msgs__rosidl_typesupport_fastrtps_c__pyext.dir/rosidl_generator_py/my_msgs/_my_msgs_s.ep.rosidl_typesupport_fastrtps_c.c.o[0m
[3.373s] [ 96%] [32m[1mLinking C shared library rosidl_generator_py/my_msgs/my_msgs_s__rosidl_typesupport_c.cpython-38-x86_64-linux-gnu.so[0m
[3.373s] [ 96%] [32m[1mLinking CXX shared library rosidl_generator_py/my_msgs/my_msgs_s__rosidl_typesupport_fastrtps_c.cpython-38-x86_64-linux-gnu.so[0m
[3.376s] [100%] [32m[1mLinking C shared library rosidl_generator_py/my_msgs/my_msgs_s__rosidl_typesupport_introspection_c.cpython-38-x86_64-linux-gnu.so[0m
[3.407s] [100%] Built target my_msgs__rosidl_typesupport_introspection_c__pyext
[3.409s] [100%] Built target my_msgs__rosidl_typesupport_c__pyext
[3.442s] [100%] Built target my_msgs__rosidl_typesupport_fastrtps_c__pyext
[3.453s] Invoked command in '/root/planner_ws/src/build/my_msgs' returned '0': CMAKE_PREFIX_PATH=/opt/ros/foxy /usr/bin/cmake --build /root/planner_ws/src/build/my_msgs -- -j12 -l12
[3.499s] Invoking command in '/root/planner_ws/src/build/my_msgs': CMAKE_PREFIX_PATH=/opt/ros/foxy /usr/bin/cmake --install /root/planner_ws/src/build/my_msgs
[3.506s] -- Install configuration: ""
[3.506s] -- Installing: /root/planner_ws/src/install/my_msgs/share/ament_index/resource_index/rosidl_interfaces/my_msgs
[3.506s] -- Installing: /root/planner_ws/src/install/my_msgs/include/my_msgs
[3.507s] -- Installing: /root/planner_ws/src/install/my_msgs/include/my_msgs/msg
[3.507s] -- Installing: /root/planner_ws/src/install/my_msgs/include/my_msgs/msg/referenceline.h
[3.507s] -- Installing: /root/planner_ws/src/install/my_msgs/include/my_msgs/msg/detail
[3.507s] -- Installing: /root/planner_ws/src/install/my_msgs/include/my_msgs/msg/detail/referenceline__struct.h
[3.507s] -- Installing: /root/planner_ws/src/install/my_msgs/include/my_msgs/msg/detail/referenceline__functions.h
[3.507s] -- Installing: /root/planner_ws/src/install/my_msgs/include/my_msgs/msg/detail/referenceline__functions.c
[3.508s] -- Installing: /root/planner_ws/src/install/my_msgs/include/my_msgs/msg/detail/referenceline__type_support.h
[3.508s] -- Installing: /root/planner_ws/src/install/my_msgs/include/my_msgs/msg/rosidl_generator_c__visibility_control.h
[3.508s] -- Installing: /root/planner_ws/src/install/my_msgs/share/my_msgs/environment/library_path.sh
[3.508s] -- Installing: /root/planner_ws/src/install/my_msgs/share/my_msgs/environment/library_path.dsv
[3.508s] -- Installing: /root/planner_ws/src/install/my_msgs/lib/libmy_msgs__rosidl_generator_c.so
[3.508s] -- Set runtime path of "/root/planner_ws/src/install/my_msgs/lib/libmy_msgs__rosidl_generator_c.so" to ""
[3.508s] -- Up-to-date: /root/planner_ws/src/install/my_msgs/include/my_msgs
[3.509s] -- Up-to-date: /root/planner_ws/src/install/my_msgs/include/my_msgs/msg
[3.509s] -- Installing: /root/planner_ws/src/install/my_msgs/include/my_msgs/msg/rosidl_typesupport_fastrtps_c__visibility_control.h
[3.509s] -- Up-to-date: /root/planner_ws/src/install/my_msgs/include/my_msgs/msg/detail
[3.509s] -- Installing: /root/planner_ws/src/install/my_msgs/include/my_msgs/msg/detail/referenceline__rosidl_typesupport_fastrtps_c.h
[3.509s] -- Installing: /root/planner_ws/src/install/my_msgs/lib/libmy_msgs__rosidl_typesupport_fastrtps_c.so
[3.510s] -- Set runtime path of "/root/planner_ws/src/install/my_msgs/lib/libmy_msgs__rosidl_typesupport_fastrtps_c.so" to ""
[3.510s] -- Up-to-date: /root/planner_ws/src/install/my_msgs/include/my_msgs
[3.510s] -- Up-to-date: /root/planner_ws/src/install/my_msgs/include/my_msgs/msg
[3.510s] -- Up-to-date: /root/planner_ws/src/install/my_msgs/include/my_msgs/msg/detail
[3.510s] -- Installing: /root/planner_ws/src/install/my_msgs/include/my_msgs/msg/detail/referenceline__rosidl_typesupport_fastrtps_cpp.hpp
[3.510s] -- Installing: /root/planner_ws/src/install/my_msgs/include/my_msgs/msg/detail/dds_fastrtps
[3.510s] -- Installing: /root/planner_ws/src/install/my_msgs/include/my_msgs/msg/rosidl_typesupport_fastrtps_cpp__visibility_control.h
[3.511s] -- Installing: /root/planner_ws/src/install/my_msgs/lib/libmy_msgs__rosidl_typesupport_fastrtps_cpp.so
[3.511s] -- Set runtime path of "/root/planner_ws/src/install/my_msgs/lib/libmy_msgs__rosidl_typesupport_fastrtps_cpp.so" to ""
[3.511s] -- Up-to-date: /root/planner_ws/src/install/my_msgs/include/my_msgs
[3.511s] -- Up-to-date: /root/planner_ws/src/install/my_msgs/include/my_msgs/msg
[3.511s] -- Up-to-date: /root/planner_ws/src/install/my_msgs/include/my_msgs/msg/detail
[3.511s] -- Installing: /root/planner_ws/src/install/my_msgs/include/my_msgs/msg/detail/referenceline__type_support.c
[3.511s] -- Installing: /root/planner_ws/src/install/my_msgs/include/my_msgs/msg/detail/referenceline__rosidl_typesupport_introspection_c.h
[3.512s] -- Installing: /root/planner_ws/src/install/my_msgs/include/my_msgs/msg/rosidl_typesupport_introspection_c__visibility_control.h
[3.512s] -- Installing: /root/planner_ws/src/install/my_msgs/lib/libmy_msgs__rosidl_typesupport_introspection_c.so
[3.512s] -- Set runtime path of "/root/planner_ws/src/install/my_msgs/lib/libmy_msgs__rosidl_typesupport_introspection_c.so" to ""
[3.512s] -- Installing: /root/planner_ws/src/install/my_msgs/lib/libmy_msgs__rosidl_typesupport_c.so
[3.512s] -- Set runtime path of "/root/planner_ws/src/install/my_msgs/lib/libmy_msgs__rosidl_typesupport_c.so" to ""
[3.512s] -- Up-to-date: /root/planner_ws/src/install/my_msgs/include/my_msgs
[3.513s] -- Up-to-date: /root/planner_ws/src/install/my_msgs/include/my_msgs/msg
[3.513s] -- Up-to-date: /root/planner_ws/src/install/my_msgs/include/my_msgs/msg/detail
[3.513s] -- Installing: /root/planner_ws/src/install/my_msgs/include/my_msgs/msg/detail/referenceline__struct.hpp
[3.513s] -- Installing: /root/planner_ws/src/install/my_msgs/include/my_msgs/msg/detail/referenceline__builder.hpp
[3.513s] -- Installing: /root/planner_ws/src/install/my_msgs/include/my_msgs/msg/detail/referenceline__traits.hpp
[3.513s] -- Installing: /root/planner_ws/src/install/my_msgs/include/my_msgs/msg/referenceline.hpp
[3.514s] -- Up-to-date: /root/planner_ws/src/install/my_msgs/include/my_msgs
[3.514s] -- Up-to-date: /root/planner_ws/src/install/my_msgs/include/my_msgs/msg
[3.514s] -- Up-to-date: /root/planner_ws/src/install/my_msgs/include/my_msgs/msg/detail
[3.514s] -- Installing: /root/planner_ws/src/install/my_msgs/include/my_msgs/msg/detail/referenceline__type_support.cpp
[3.514s] -- Installing: /root/planner_ws/src/install/my_msgs/include/my_msgs/msg/detail/referenceline__rosidl_typesupport_introspection_cpp.hpp
[3.514s] -- Installing: /root/planner_ws/src/install/my_msgs/lib/libmy_msgs__rosidl_typesupport_introspection_cpp.so
[3.514s] -- Set runtime path of "/root/planner_ws/src/install/my_msgs/lib/libmy_msgs__rosidl_typesupport_introspection_cpp.so" to ""
[3.514s] -- Installing: /root/planner_ws/src/install/my_msgs/lib/libmy_msgs__rosidl_typesupport_cpp.so
[3.514s] -- Set runtime path of "/root/planner_ws/src/install/my_msgs/lib/libmy_msgs__rosidl_typesupport_cpp.so" to ""
[3.514s] -- Installing: /root/planner_ws/src/install/my_msgs/share/my_msgs/environment/pythonpath.sh
[3.514s] -- Installing: /root/planner_ws/src/install/my_msgs/share/my_msgs/environment/pythonpath.dsv
[3.515s] -- Installing: /root/planner_ws/src/install/my_msgs/lib/python3.8/site-packages/my_msgs/__init__.py
[3.539s] Compiling '/root/planner_ws/src/install/my_msgs/lib/python3.8/site-packages/my_msgs/__init__.py'...
[3.543s] -- Installing: /root/planner_ws/src/install/my_msgs/lib/python3.8/site-packages/my_msgs/msg
[3.543s] -- Installing: /root/planner_ws/src/install/my_msgs/lib/python3.8/site-packages/my_msgs/msg/__init__.py
[3.543s] -- Installing: /root/planner_ws/src/install/my_msgs/lib/python3.8/site-packages/my_msgs/msg/_referenceline.py
[3.544s] -- Installing: /root/planner_ws/src/install/my_msgs/lib/python3.8/site-packages/my_msgs/msg/_referenceline_s.c
[3.544s] -- Installing: /root/planner_ws/src/install/my_msgs/lib/python3.8/site-packages/my_msgs/my_msgs_s__rosidl_typesupport_fastrtps_c.cpython-38-x86_64-linux-gnu.so
[3.544s] -- Set runtime path of "/root/planner_ws/src/install/my_msgs/lib/python3.8/site-packages/my_msgs/my_msgs_s__rosidl_typesupport_fastrtps_c.cpython-38-x86_64-linux-gnu.so" to ""
[3.544s] -- Installing: /root/planner_ws/src/install/my_msgs/lib/python3.8/site-packages/my_msgs/my_msgs_s__rosidl_typesupport_introspection_c.cpython-38-x86_64-linux-gnu.so
[3.544s] -- Set runtime path of "/root/planner_ws/src/install/my_msgs/lib/python3.8/site-packages/my_msgs/my_msgs_s__rosidl_typesupport_introspection_c.cpython-38-x86_64-linux-gnu.so" to ""
[3.545s] -- Installing: /root/planner_ws/src/install/my_msgs/lib/python3.8/site-packages/my_msgs/my_msgs_s__rosidl_typesupport_c.cpython-38-x86_64-linux-gnu.so
[3.545s] -- Set runtime path of "/root/planner_ws/src/install/my_msgs/lib/python3.8/site-packages/my_msgs/my_msgs_s__rosidl_typesupport_c.cpython-38-x86_64-linux-gnu.so" to ""
[3.545s] -- Installing: /root/planner_ws/src/install/my_msgs/lib/libmy_msgs__python.so
[3.545s] -- Set runtime path of "/root/planner_ws/src/install/my_msgs/lib/libmy_msgs__python.so" to ""
[3.545s] -- Installing: /root/planner_ws/src/install/my_msgs/share/my_msgs/msg/Referenceline.idl
[3.546s] -- Installing: /root/planner_ws/src/install/my_msgs/share/my_msgs/msg/Referenceline.msg
[3.546s] -- Installing: /root/planner_ws/src/install/my_msgs/share/ament_index/resource_index/package_run_dependencies/my_msgs
[3.546s] -- Installing: /root/planner_ws/src/install/my_msgs/share/ament_index/resource_index/parent_prefix_path/my_msgs
[3.546s] -- Installing: /root/planner_ws/src/install/my_msgs/share/my_msgs/environment/ament_prefix_path.sh
[3.546s] -- Installing: /root/planner_ws/src/install/my_msgs/share/my_msgs/environment/ament_prefix_path.dsv
[3.546s] -- Installing: /root/planner_ws/src/install/my_msgs/share/my_msgs/environment/path.sh
[3.547s] -- Installing: /root/planner_ws/src/install/my_msgs/share/my_msgs/environment/path.dsv
[3.547s] -- Installing: /root/planner_ws/src/install/my_msgs/share/my_msgs/local_setup.bash
[3.547s] -- Installing: /root/planner_ws/src/install/my_msgs/share/my_msgs/local_setup.sh
[3.547s] -- Installing: /root/planner_ws/src/install/my_msgs/share/my_msgs/local_setup.zsh
[3.547s] -- Installing: /root/planner_ws/src/install/my_msgs/share/my_msgs/local_setup.dsv
[3.547s] -- Installing: /root/planner_ws/src/install/my_msgs/share/my_msgs/package.dsv
[3.547s] -- Installing: /root/planner_ws/src/install/my_msgs/share/ament_index/resource_index/packages/my_msgs
[3.547s] -- Installing: /root/planner_ws/src/install/my_msgs/share/my_msgs/cmake/my_msgs__rosidl_generator_cExport.cmake
[3.548s] -- Installing: /root/planner_ws/src/install/my_msgs/share/my_msgs/cmake/my_msgs__rosidl_generator_cExport-noconfig.cmake
[3.548s] -- Installing: /root/planner_ws/src/install/my_msgs/share/my_msgs/cmake/my_msgs__rosidl_typesupport_introspection_cExport.cmake
[3.548s] -- Installing: /root/planner_ws/src/install/my_msgs/share/my_msgs/cmake/my_msgs__rosidl_typesupport_introspection_cExport-noconfig.cmake
[3.548s] -- Installing: /root/planner_ws/src/install/my_msgs/share/my_msgs/cmake/my_msgs__rosidl_typesupport_cExport.cmake
[3.548s] -- Installing: /root/planner_ws/src/install/my_msgs/share/my_msgs/cmake/my_msgs__rosidl_typesupport_cExport-noconfig.cmake
[3.548s] -- Installing: /root/planner_ws/src/install/my_msgs/share/my_msgs/cmake/my_msgs__rosidl_generator_cppExport.cmake
[3.548s] -- Installing: /root/planner_ws/src/install/my_msgs/share/my_msgs/cmake/my_msgs__rosidl_typesupport_introspection_cppExport.cmake
[3.549s] -- Installing: /root/planner_ws/src/install/my_msgs/share/my_msgs/cmake/my_msgs__rosidl_typesupport_introspection_cppExport-noconfig.cmake
[3.549s] -- Installing: /root/planner_ws/src/install/my_msgs/share/my_msgs/cmake/my_msgs__rosidl_typesupport_cppExport.cmake
[3.549s] -- Installing: /root/planner_ws/src/install/my_msgs/share/my_msgs/cmake/my_msgs__rosidl_typesupport_cppExport-noconfig.cmake
[3.549s] -- Installing: /root/planner_ws/src/install/my_msgs/share/my_msgs/cmake/rosidl_cmake-extras.cmake
[3.549s] -- Installing: /root/planner_ws/src/install/my_msgs/share/my_msgs/cmake/ament_cmake_export_dependencies-extras.cmake
[3.549s] -- Installing: /root/planner_ws/src/install/my_msgs/share/my_msgs/cmake/ament_cmake_export_libraries-extras.cmake
[3.549s] -- Installing: /root/planner_ws/src/install/my_msgs/share/my_msgs/cmake/ament_cmake_export_targets-extras.cmake
[3.549s] -- Installing: /root/planner_ws/src/install/my_msgs/share/my_msgs/cmake/ament_cmake_export_include_directories-extras.cmake
[3.550s] -- Installing: /root/planner_ws/src/install/my_msgs/share/my_msgs/cmake/rosidl_cmake_export_typesupport_libraries-extras.cmake
[3.550s] -- Installing: /root/planner_ws/src/install/my_msgs/share/my_msgs/cmake/rosidl_cmake_export_typesupport_targets-extras.cmake
[3.550s] -- Installing: /root/planner_ws/src/install/my_msgs/share/my_msgs/cmake/my_msgsConfig.cmake
[3.550s] -- Installing: /root/planner_ws/src/install/my_msgs/share/my_msgs/cmake/my_msgsConfig-version.cmake
[3.550s] -- Installing: /root/planner_ws/src/install/my_msgs/share/my_msgs/package.xml
[3.552s] Invoked command in '/root/planner_ws/src/build/my_msgs' returned '0': CMAKE_PREFIX_PATH=/opt/ros/foxy /usr/bin/cmake --install /root/planner_ws/src/build/my_msgs
