[0.023s] Invoking command in '/root/planner_ws/build/cpp_pubsub': CMAKE_PREFIX_PATH=${CMAKE_PREFIX_PATH}:/opt/ros/foxy /usr/bin/cmake --build /root/planner_ws/build/cpp_pubsub -- -j12 -l12
[0.059s] [35m[1mScanning dependencies of target cpp_pubsub[0m
[0.060s] [35m[1mScanning dependencies of target planner[0m
[0.085s] [  3%] [32mBuilding CXX object CMakeFiles/cpp_pubsub.dir/src/manager.cpp.o[0m
[0.087s] [  6%] [32mBuilding CXX object CMakeFiles/planner.dir/src/manager.cpp.o[0m
[2.104s] [ 12%] [32m[1mLinking CXX shared library libcpp_pubsub.so[0m
[2.104s] [ 12%] [32m[1mLinking CXX executable planner[0m
[2.223s] [ 54%] Built target cpp_pubsub
[2.319s] [100%] Built target planner
[2.332s] Invoked command in '/root/planner_ws/build/cpp_pubsub' returned '0': CMAKE_PREFIX_PATH=${CMAKE_PREFIX_PATH}:/opt/ros/foxy /usr/bin/cmake --build /root/planner_ws/build/cpp_pubsub -- -j12 -l12
[2.383s] Invoking command in '/root/planner_ws/build/cpp_pubsub': CMAKE_PREFIX_PATH=${CMAKE_PREFIX_PATH}:/opt/ros/foxy /usr/bin/cmake --install /root/planner_ws/build/cpp_pubsub
[2.389s] -- Install configuration: ""
[2.389s] -- Up-to-date: /root/planner_ws/install/cpp_pubsub/include
[2.389s] -- Up-to-date: /root/planner_ws/install/cpp_pubsub/include/STBoundaryPoint.hpp
[2.389s] -- Up-to-date: /root/planner_ws/install/cpp_pubsub/include/cartesian_frenet_converter.hpp
[2.389s] -- Up-to-date: /root/planner_ws/install/cpp_pubsub/include/collisionchecker.hpp
[2.390s] -- Up-to-date: /root/planner_ws/install/cpp_pubsub/include/latpath1d.hpp
[2.390s] -- Up-to-date: /root/planner_ws/install/cpp_pubsub/include/end_condition_sampler.hpp
[2.390s] -- Up-to-date: /root/planner_ws/install/cpp_pubsub/include/constans.hpp
[2.390s] -- Up-to-date: /root/planner_ws/install/cpp_pubsub/include/trajectory_evaluator.hpp
[2.390s] -- Up-to-date: /root/planner_ws/install/cpp_pubsub/include/obstacle.hpp
[2.390s] -- Up-to-date: /root/planner_ws/install/cpp_pubsub/include/path_time_graph.hpp
[2.390s] -- Up-to-date: /root/planner_ws/install/cpp_pubsub/include/liner_interpolation.hpp
[2.391s] -- Up-to-date: /root/planner_ws/install/cpp_pubsub/include/Trajectory1dGenerator.hpp
[2.391s] -- Up-to-date: /root/planner_ws/install/cpp_pubsub/include/lonspeed1d.hpp
[2.391s] -- Up-to-date: /root/planner_ws/install/cpp_pubsub/include/matplotlibcpp.h
[2.391s] -- Up-to-date: /root/planner_ws/install/cpp_pubsub/include/obs.hpp
[2.391s] -- Up-to-date: /root/planner_ws/install/cpp_pubsub/include/referenceline.hpp
[2.391s] -- Up-to-date: /root/planner_ws/install/cpp_pubsub/include/manager.hpp
[2.391s] -- Up-to-date: /root/planner_ws/install/cpp_pubsub/include/plotfigure.hpp
[2.392s] -- Up-to-date: /root/planner_ws/install/cpp_pubsub/include/pathpoint.hpp
[2.392s] -- Up-to-date: /root/planner_ws/install/cpp_pubsub/include/constraint_checker1d.hpp
[2.392s] -- Up-to-date: /root/planner_ws/install/cpp_pubsub/include/feasible_region.hpp
[2.392s] -- Up-to-date: /root/planner_ws/install/cpp_pubsub/include/path_matcher.hpp
[2.392s] -- Up-to-date: /root/planner_ws/install/cpp_pubsub/include/SLPoint.hpp
[2.392s] -- Up-to-date: /root/planner_ws/install/cpp_pubsub/include/test.hpp
[2.392s] -- Up-to-date: /root/planner_ws/install/cpp_pubsub/include/STpoint.hpp
[2.393s] -- Up-to-date: /root/planner_ws/install/cpp_pubsub/include/TrajectoryPoint.hpp
[2.393s] -- Up-to-date: /root/planner_ws/install/cpp_pubsub/share/cpp_pubsub/environment/library_path.sh
[2.393s] -- Up-to-date: /root/planner_ws/install/cpp_pubsub/share/cpp_pubsub/environment/library_path.dsv
[2.393s] -- Installing: /root/planner_ws/install/cpp_pubsub/lib/libcpp_pubsub.so
[2.393s] -- Set runtime path of "/root/planner_ws/install/cpp_pubsub/lib/libcpp_pubsub.so" to ""
[2.393s] -- Installing: /root/planner_ws/install/cpp_pubsub/lib/cpp_pubsub/planner
[2.393s] -- Set runtime path of "/root/planner_ws/install/cpp_pubsub/lib/cpp_pubsub/planner" to ""
[2.393s] -- Up-to-date: /root/planner_ws/install/cpp_pubsub/share/ament_index/resource_index/package_run_dependencies/cpp_pubsub
[2.394s] -- Up-to-date: /root/planner_ws/install/cpp_pubsub/share/ament_index/resource_index/parent_prefix_path/cpp_pubsub
[2.394s] -- Up-to-date: /root/planner_ws/install/cpp_pubsub/share/cpp_pubsub/environment/ament_prefix_path.sh
[2.394s] -- Up-to-date: /root/planner_ws/install/cpp_pubsub/share/cpp_pubsub/environment/ament_prefix_path.dsv
[2.394s] -- Up-to-date: /root/planner_ws/install/cpp_pubsub/share/cpp_pubsub/environment/path.sh
[2.394s] -- Up-to-date: /root/planner_ws/install/cpp_pubsub/share/cpp_pubsub/environment/path.dsv
[2.394s] -- Up-to-date: /root/planner_ws/install/cpp_pubsub/share/cpp_pubsub/local_setup.bash
[2.394s] -- Up-to-date: /root/planner_ws/install/cpp_pubsub/share/cpp_pubsub/local_setup.sh
[2.394s] -- Up-to-date: /root/planner_ws/install/cpp_pubsub/share/cpp_pubsub/local_setup.zsh
[2.395s] -- Up-to-date: /root/planner_ws/install/cpp_pubsub/share/cpp_pubsub/local_setup.dsv
[2.395s] -- Installing: /root/planner_ws/install/cpp_pubsub/share/cpp_pubsub/package.dsv
[2.395s] -- Up-to-date: /root/planner_ws/install/cpp_pubsub/share/ament_index/resource_index/packages/cpp_pubsub
[2.396s] -- Up-to-date: /root/planner_ws/install/cpp_pubsub/share/cpp_pubsub/cmake/ament_cmake_export_dependencies-extras.cmake
[2.396s] -- Up-to-date: /root/planner_ws/install/cpp_pubsub/share/cpp_pubsub/cmake/ament_cmake_export_include_directories-extras.cmake
[2.398s] -- Up-to-date: /root/planner_ws/install/cpp_pubsub/share/cpp_pubsub/cmake/ament_cmake_export_libraries-extras.cmake
[2.398s] -- Up-to-date: /root/planner_ws/install/cpp_pubsub/share/cpp_pubsub/cmake/cpp_pubsubConfig.cmake
[2.398s] -- Up-to-date: /root/planner_ws/install/cpp_pubsub/share/cpp_pubsub/cmake/cpp_pubsubConfig-version.cmake
[2.398s] -- Up-to-date: /root/planner_ws/install/cpp_pubsub/share/cpp_pubsub/package.xml
[2.398s] Invoked command in '/root/planner_ws/build/cpp_pubsub' returned '0': CMAKE_PREFIX_PATH=${CMAKE_PREFIX_PATH}:/opt/ros/foxy /usr/bin/cmake --install /root/planner_ws/build/cpp_pubsub
