[0.025s] Invoking command in '/root/planner_ws/build/cpp_pubsub': CMAKE_PREFIX_PATH=${CMAKE_PREFIX_PATH}:/opt/ros/foxy /usr/bin/cmake --build /root/planner_ws/build/cpp_pubsub -- -j12 -l12
[0.062s] [35m[1mScanning dependencies of target cpp_pubsub[0m
[0.062s] [35m[1mScanning dependencies of target planner[0m
[0.098s] [  7%] [32mBuilding CXX object CMakeFiles/planner.dir/src/constraint_checker1d.cpp.o[0m
[0.098s] [  7%] [32mBuilding CXX object CMakeFiles/planner.dir/src/trajectory_evaluator.cpp.o[0m
[0.098s] [ 10%] [32mBuilding CXX object CMakeFiles/planner.dir/src/manager.cpp.o[0m
[0.098s] [ 14%] [32mBuilding CXX object CMakeFiles/planner.dir/src/publisher.cpp.o[0m
[0.098s] [ 17%] [32mBuilding CXX object CMakeFiles/planner.dir/src/collisionchecker.cpp.o[0m
[0.106s] [ 25%] [32mBuilding CXX object CMakeFiles/cpp_pubsub.dir/src/trajectory_evaluator.cpp.o[0m
[0.106s] [ 25%] [32mBuilding CXX object CMakeFiles/cpp_pubsub.dir/src/constraint_checker1d.cpp.o[0m
[0.107s] [ 28%] [32mBuilding CXX object CMakeFiles/cpp_pubsub.dir/src/feasible_region.cpp.o[0m
[0.107s] [ 32%] [32mBuilding CXX object CMakeFiles/cpp_pubsub.dir/src/collisionchecker.cpp.o[0m
[0.107s] [ 35%] [32mBuilding CXX object CMakeFiles/cpp_pubsub.dir/src/manager.cpp.o[0m
[0.315s] [01m[K/root/planner_ws/src/cpp_pubsub/src/feasible_region.cpp:[m[K In constructor ‘[01m[KFeasibleRegion::FeasibleRegion(const std::array<double, 3>&)[m[K’:
[0.316s] [01m[K/root/planner_ws/src/cpp_pubsub/src/feasible_region.cpp:7:43:[m[K [01;31m[Kerror: [m[Kinvalid use of non-static data member ‘[01m[KConstans::FLAGS_longitudinal_acceleration_lower_bound[m[K’
[0.316s]     7 |      double max_deceleration = -Constans::[01;31m[KFLAGS_longitudinal_acceleration_lower_bound[m[K;
[0.316s]       |                                           [01;31m[K^~~~~~~~~~~~~~~~~~~~~~~~~~~~~~~~~~~~~~~~~~~[m[K
[0.316s] In file included from [01m[K/root/planner_ws/src/cpp_pubsub/include/feasible_region.hpp:4[m[K,
[0.316s]                  from [01m[K/root/planner_ws/src/cpp_pubsub/src/feasible_region.cpp:1[m[K:
[0.316s] [01m[K/root/planner_ws/src/cpp_pubsub/include/constans.hpp:11:13:[m[K [01;36m[Knote: [m[Kdeclared here
[0.316s]    11 |      double [01;36m[KFLAGS_longitudinal_acceleration_lower_bound[m[K = 0.;
[0.316s]       |             [01;36m[K^~~~~~~~~~~~~~~~~~~~~~~~~~~~~~~~~~~~~~~~~~~[m[K
[0.317s] [01m[K/root/planner_ws/src/cpp_pubsub/src/feasible_region.cpp:[m[K In member function ‘[01m[Kdouble FeasibleRegion::SUpper(double) const[m[K’:
[0.317s] [01m[K/root/planner_ws/src/cpp_pubsub/src/feasible_region.cpp:15:1:[m[K [01;35m[Kwarning: [m[Kno return statement in function returning non-void [[01;35m[K-Wreturn-type[m[K]
[0.317s]    15 | [01;35m[K}[m[K
[0.317s]       | [01;35m[K^[m[K
[0.317s] [01m[K/root/planner_ws/src/cpp_pubsub/src/feasible_region.cpp:13:44:[m[K [01;35m[Kwarning: [m[Kunused parameter ‘[01m[Kt[m[K’ [[01;35m[K-Wunused-parameter[m[K]
[0.317s]    13 | double FeasibleRegion::SUpper([01;35m[Kconst double t[m[K) const
[0.317s]       |                               [01;35m[K~~~~~~~~~~~~~^[m[K
[0.317s] [01m[K/root/planner_ws/src/cpp_pubsub/src/feasible_region.cpp:[m[K In member function ‘[01m[Kdouble FeasibleRegion::SLower(double) const[m[K’:
[0.317s] [01m[K/root/planner_ws/src/cpp_pubsub/src/feasible_region.cpp:19:1:[m[K [01;35m[Kwarning: [m[Kno return statement in function returning non-void [[01;35m[K-Wreturn-type[m[K]
[0.317s]    19 | [01;35m[K}[m[K
[0.317s]       | [01;35m[K^[m[K
[0.318s] [01m[K/root/planner_ws/src/cpp_pubsub/src/feasible_region.cpp:17:44:[m[K [01;35m[Kwarning: [m[Kunused parameter ‘[01m[Kt[m[K’ [[01;35m[K-Wunused-parameter[m[K]
[0.318s]    17 | double FeasibleRegion::SLower([01;35m[Kconst double t[m[K) const
[0.318s]       |                               [01;35m[K~~~~~~~~~~~~~^[m[K
[0.318s] [01m[K/root/planner_ws/src/cpp_pubsub/src/feasible_region.cpp:[m[K In member function ‘[01m[Kdouble FeasibleRegion::VUpper(double) const[m[K’:
[0.318s] [01m[K/root/planner_ws/src/cpp_pubsub/src/feasible_region.cpp:23:1:[m[K [01;35m[Kwarning: [m[Kno return statement in function returning non-void [[01;35m[K-Wreturn-type[m[K]
[0.318s]    23 | [01;35m[K}[m[K
[0.318s]       | [01;35m[K^[m[K
[0.318s] [01m[K/root/planner_ws/src/cpp_pubsub/src/feasible_region.cpp:21:44:[m[K [01;35m[Kwarning: [m[Kunused parameter ‘[01m[Kt[m[K’ [[01;35m[K-Wunused-parameter[m[K]
[0.318s]    21 | double FeasibleRegion::VUpper([01;35m[Kconst double t[m[K) const
[0.318s]       |                               [01;35m[K~~~~~~~~~~~~~^[m[K
[0.318s] [01m[K/root/planner_ws/src/cpp_pubsub/src/feasible_region.cpp:[m[K In member function ‘[01m[Kdouble FeasibleRegion::VLower(double) const[m[K’:
[0.319s] [01m[K/root/planner_ws/src/cpp_pubsub/src/feasible_region.cpp:27:1:[m[K [01;35m[Kwarning: [m[Kno return statement in function returning non-void [[01;35m[K-Wreturn-type[m[K]
[0.319s]    27 | [01;35m[K}[m[K
[0.319s]       | [01;35m[K^[m[K
[0.319s] [01m[K/root/planner_ws/src/cpp_pubsub/src/feasible_region.cpp:25:44:[m[K [01;35m[Kwarning: [m[Kunused parameter ‘[01m[Kt[m[K’ [[01;35m[K-Wunused-parameter[m[K]
[0.319s]    25 | double FeasibleRegion::VLower([01;35m[Kconst double t[m[K) const
[0.319s]       |                               [01;35m[K~~~~~~~~~~~~~^[m[K
[0.319s] [01m[K/root/planner_ws/src/cpp_pubsub/src/feasible_region.cpp:[m[K In member function ‘[01m[Kdouble FeasibleRegion::TLower(double) const[m[K’:
[0.319s] [01m[K/root/planner_ws/src/cpp_pubsub/src/feasible_region.cpp:31:1:[m[K [01;35m[Kwarning: [m[Kno return statement in function returning non-void [[01;35m[K-Wreturn-type[m[K]
[0.319s]    31 | [01;35m[K}[m[K
[0.319s]       | [01;35m[K^[m[K
[0.319s] [01m[K/root/planner_ws/src/cpp_pubsub/src/feasible_region.cpp:29:44:[m[K [01;35m[Kwarning: [m[Kunused parameter ‘[01m[Ks[m[K’ [[01;35m[K-Wunused-parameter[m[K]
[0.319s]    29 | double FeasibleRegion::TLower([01;35m[Kconst double s[m[K) const
[0.320s]       |                               [01;35m[K~~~~~~~~~~~~~^[m[K
[0.356s] make[2]: *** [CMakeFiles/cpp_pubsub.dir/build.make:219: CMakeFiles/cpp_pubsub.dir/src/feasible_region.cpp.o] Error 1
[0.356s] make[2]: *** Waiting for unfinished jobs....
[0.375s] [01m[K/root/planner_ws/src/cpp_pubsub/src/collisionchecker.cpp:[m[K In member function ‘[01m[Kbool Collision_Checker::InCollision(const std::vector<std::vector<double> >&, const LATpath&, double, double, const std::array<double, 3>&)[m[K’:
[0.375s] [01m[K/root/planner_ws/src/cpp_pubsub/src/collisionchecker.cpp:19:17:[m[K [01;35m[Kwarning: [m[Kunused variable ‘[01m[Kpointnum[m[K’ [[01;35m[K-Wunused-variable[m[K]
[0.375s]    19 |             int [01;35m[Kpointnum[m[K = 30;
[0.375s]       |                 [01;35m[K^~~~~~~~[m[K
[0.376s] [01m[K/root/planner_ws/src/cpp_pubsub/src/collisionchecker.cpp:5:74:[m[K [01;35m[Kwarning: [m[Kunused parameter ‘[01m[Kobs_length[m[K’ [[01;35m[K-Wunused-parameter[m[K]
[0.376s]     5 |                                     const double obs_width, [01;35m[Kconst double obs_length[m[K, const std::array<double, 3> &init_s)
[0.376s]       |                                                             [01;35m[K~~~~~~~~~~~~~^~~~~~~~~~[m[K
[0.379s] [01m[K/root/planner_ws/src/cpp_pubsub/src/collisionchecker.cpp:[m[K In member function ‘[01m[Kbool Collision_Checker::InCollision(const std::vector<std::vector<double> >&, const LATpath&, double, double, const std::array<double, 3>&)[m[K’:
[0.379s] [01m[K/root/planner_ws/src/cpp_pubsub/src/collisionchecker.cpp:19:17:[m[K [01;35m[Kwarning: [m[Kunused variable ‘[01m[Kpointnum[m[K’ [[01;35m[K-Wunused-variable[m[K]
[0.379s]    19 |             int [01;35m[Kpointnum[m[K = 30;
[0.379s]       |                 [01;35m[K^~~~~~~~[m[K
[0.379s] [01m[K/root/planner_ws/src/cpp_pubsub/src/collisionchecker.cpp:5:74:[m[K [01;35m[Kwarning: [m[Kunused parameter ‘[01m[Kobs_length[m[K’ [[01;35m[K-Wunused-parameter[m[K]
[0.379s]     5 |                                     const double obs_width, [01;35m[Kconst double obs_length[m[K, const std::array<double, 3> &init_s)
[0.379s]       |                                                             [01;35m[K~~~~~~~~~~~~~^~~~~~~~~~[m[K
[0.419s] [01m[K/root/planner_ws/src/cpp_pubsub/src/trajectory_evaluator.cpp:[m[K In member function ‘[01m[Kvoid Trajectory_Evaluator::TrajectoryEvaluator(const std::array<double, 3>&, const std::vector<LONspeed>&, const std::vector<LATpath>&, const std::vector<PathPoint>&)[m[K’:
[0.419s] [01m[K/root/planner_ws/src/cpp_pubsub/src/trajectory_evaluator.cpp:9:34:[m[K [01;35m[Kwarning: [m[Kunused parameter ‘[01m[Klon_trajectories[m[K’ [[01;35m[K-Wunused-parameter[m[K]
[0.419s]     9 |     [01;35m[Kconst std::vector<LONspeed> &lon_trajectories[m[K,
[0.419s]       |     [01;35m[K~~~~~~~~~~~~~~~~~~~~~~~~~~~~~^~~~~~~~~~~~~~~~[m[K
[0.419s] [01m[K/root/planner_ws/src/cpp_pubsub/src/trajectory_evaluator.cpp:11:35:[m[K [01;35m[Kwarning: [m[Kunused parameter ‘[01m[Kreference_line[m[K’ [[01;35m[K-Wunused-parameter[m[K]
[0.419s]    11 |     [01;35m[Kconst std::vector<PathPoint> &reference_line[m[K)
[0.419s]       |     [01;35m[K~~~~~~~~~~~~~~~~~~~~~~~~~~~~~~^~~~~~~~~~~~~~[m[K
[0.421s] [01m[K/root/planner_ws/src/cpp_pubsub/src/trajectory_evaluator.cpp:[m[K In member function ‘[01m[Kdouble Trajectory_Evaluator::LatComfortCost(const std::vector<double>&, const LATpath&) const[m[K’:
[0.421s] [01m[K/root/planner_ws/src/cpp_pubsub/src/trajectory_evaluator.cpp:44:60:[m[K [01;35m[Kwarning: [m[Kunused parameter ‘[01m[Klat_trajectory[m[K’ [[01;35m[K-Wunused-parameter[m[K]
[0.421s]    44 |                                             [01;35m[Kconst LATpath &lat_trajectory[m[K) const
[0.422s]       |                                             [01;35m[K~~~~~~~~~~~~~~~^~~~~~~~~~~~~~[m[K
[0.422s] [01m[K/root/planner_ws/src/cpp_pubsub/src/trajectory_evaluator.cpp:[m[K In member function ‘[01m[Kdouble Trajectory_Evaluator::LatOffsetCost(const LATpath&, const std::vector<double>&) const[m[K’:
[0.422s] [01m[K/root/planner_ws/src/cpp_pubsub/src/trajectory_evaluator.cpp:62:20:[m[K [01;35m[Kwarning: [m[Kunused parameter ‘[01m[Klat_trajectory[m[K’ [[01;35m[K-Wunused-parameter[m[K]
[0.422s]    62 |     [01;35m[Kconst LATpath &lat_trajectory[m[K,
[0.422s]       |     [01;35m[K~~~~~~~~~~~~~~~^~~~~~~~~~~~~~[m[K
[0.429s] [01m[K/root/planner_ws/src/cpp_pubsub/src/trajectory_evaluator.cpp:[m[K In member function ‘[01m[Kvoid Trajectory_Evaluator::TrajectoryEvaluator(const std::array<double, 3>&, const std::vector<LONspeed>&, const std::vector<LATpath>&, const std::vector<PathPoint>&)[m[K’:
[0.429s] [01m[K/root/planner_ws/src/cpp_pubsub/src/trajectory_evaluator.cpp:9:34:[m[K [01;35m[Kwarning: [m[Kunused parameter ‘[01m[Klon_trajectories[m[K’ [[01;35m[K-Wunused-parameter[m[K]
[0.429s]     9 |     [01;35m[Kconst std::vector<LONspeed> &lon_trajectories[m[K,
[0.429s]       |     [01;35m[K~~~~~~~~~~~~~~~~~~~~~~~~~~~~~^~~~~~~~~~~~~~~~[m[K
[0.429s] [01m[K/root/planner_ws/src/cpp_pubsub/src/trajectory_evaluator.cpp:11:35:[m[K [01;35m[Kwarning: [m[Kunused parameter ‘[01m[Kreference_line[m[K’ [[01;35m[K-Wunused-parameter[m[K]
[0.429s]    11 |     [01;35m[Kconst std::vector<PathPoint> &reference_line[m[K)
[0.429s]       |     [01;35m[K~~~~~~~~~~~~~~~~~~~~~~~~~~~~~~^~~~~~~~~~~~~~[m[K
[0.430s] [01m[K/root/planner_ws/src/cpp_pubsub/src/trajectory_evaluator.cpp:[m[K In member function ‘[01m[Kdouble Trajectory_Evaluator::LatComfortCost(const std::vector<double>&, const LATpath&) const[m[K’:
[0.430s] [01m[K/root/planner_ws/src/cpp_pubsub/src/trajectory_evaluator.cpp:44:60:[m[K [01;35m[Kwarning: [m[Kunused parameter ‘[01m[Klat_trajectory[m[K’ [[01;35m[K-Wunused-parameter[m[K]
[0.430s]    44 |                                             [01;35m[Kconst LATpath &lat_trajectory[m[K) const
[0.430s]       |                                             [01;35m[K~~~~~~~~~~~~~~~^~~~~~~~~~~~~~[m[K
[0.430s] [01m[K/root/planner_ws/src/cpp_pubsub/src/trajectory_evaluator.cpp:[m[K In member function ‘[01m[Kdouble Trajectory_Evaluator::LatOffsetCost(const LATpath&, const std::vector<double>&) const[m[K’:
[0.431s] [01m[K/root/planner_ws/src/cpp_pubsub/src/trajectory_evaluator.cpp:62:20:[m[K [01;35m[Kwarning: [m[Kunused parameter ‘[01m[Klat_trajectory[m[K’ [[01;35m[K-Wunused-parameter[m[K]
[0.431s]    62 |     [01;35m[Kconst LATpath &lat_trajectory[m[K,
[0.431s]       |     [01;35m[K~~~~~~~~~~~~~~~^~~~~~~~~~~~~~[m[K
[2.334s] make[1]: *** [CMakeFiles/Makefile2:80: CMakeFiles/cpp_pubsub.dir/all] Error 2
[2.335s] make[1]: *** Waiting for unfinished jobs....
[3.693s] [ 39%] [32m[1mLinking CXX executable planner[0m
[3.872s] [ 67%] Built target planner
[3.872s] make: *** [Makefile:141: all] Error 2
[3.874s] Invoked command in '/root/planner_ws/build/cpp_pubsub' returned '2': CMAKE_PREFIX_PATH=${CMAKE_PREFIX_PATH}:/opt/ros/foxy /usr/bin/cmake --build /root/planner_ws/build/cpp_pubsub -- -j12 -l12
