[35m[1mScanning dependencies of target planner[0m
[35m[1mScanning dependencies of target cpp_pubsub[0m
[  7%] [32mBuilding CXX object CMakeFiles/planner.dir/src/end_condition_sampler.cpp.o[0m
[  7%] [32mBuilding CXX object CMakeFiles/cpp_pubsub.dir/src/manager.cpp.o[0m
[ 10%] [32mBuilding CXX object CMakeFiles/cpp_pubsub.dir/src/end_condition_sampler.cpp.o[0m
[ 14%] [32mBuilding CXX object CMakeFiles/planner.dir/src/manager.cpp.o[0m
[01m[K/root/planner_ws/src/cpp_pubsub/src/end_condition_sampler.cpp:[m[K In member function ‘[01m[Kstd::vector<std::pair<std::vector<double>, double> > EndConditionSampler::SampleLonEndConditionsForCruising(double) const[m[K’:
[01m[K/root/planner_ws/src/cpp_pubsub/src/end_condition_sampler.cpp:41:1:[m[K [01;35m[Kwarning: [m[Kno return statement in function returning non-void [[01;35m[K-Wreturn-type[m[K]
   41 | [01;35m[K}[m[K
      | [01;35m[K^[m[K
[01m[K/root/planner_ws/src/cpp_pubsub/src/end_condition_sampler.cpp:[m[K In member function ‘[01m[Kstd::vector<std::pair<std::vector<double>, double> > EndConditionSampler::SampleLonEndConditionsForStopping(double) const[m[K’:
[01m[K/root/planner_ws/src/cpp_pubsub/src/end_condition_sampler.cpp:46:1:[m[K [01;35m[Kwarning: [m[Kno return statement in function returning non-void [[01;35m[K-Wreturn-type[m[K]
   46 | [01;35m[K}[m[K
      | [01;35m[K^[m[K
[01m[K/root/planner_ws/src/cpp_pubsub/src/end_condition_sampler.cpp:44:69:[m[K [01;35m[Kwarning: [m[Kunused parameter ‘[01m[Kref_stop_point[m[K’ [[01;35m[K-Wunused-parameter[m[K]
   44 | EndConditionSampler::SampleLonEndConditionsForStopping([01;35m[Kconst double ref_stop_point[m[K) const
      |                                                        [01;35m[K~~~~~~~~~~~~~^~~~~~~~~~~~~~[m[K
[01m[K/root/planner_ws/src/cpp_pubsub/src/end_condition_sampler.cpp:[m[K In member function ‘[01m[Kstd::vector<std::pair<std::vector<double>, double> > EndConditionSampler::SampleLonEndConditionsForLaneChange() const[m[K’:
[01m[K/root/planner_ws/src/cpp_pubsub/src/end_condition_sampler.cpp:51:1:[m[K [01;35m[Kwarning: [m[Kno return statement in function returning non-void [[01;35m[K-Wreturn-type[m[K]
   51 | [01;35m[K}[m[K
      | [01;35m[K^[m[K
[01m[K/root/planner_ws/src/cpp_pubsub/src/end_condition_sampler.cpp:[m[K In member function ‘[01m[Kstd::vector<std::pair<std::vector<double>, double> > EndConditionSampler::SampleLonEndConditionsForCruising(double) const[m[K’:
[01m[K/root/planner_ws/src/cpp_pubsub/src/end_condition_sampler.cpp:41:1:[m[K [01;35m[Kwarning: [m[Kno return statement in function returning non-void [[01;35m[K-Wreturn-type[m[K]
   41 | [01;35m[K}[m[K
      | [01;35m[K^[m[K
[01m[K/root/planner_ws/src/cpp_pubsub/src/end_condition_sampler.cpp:[m[K In member function ‘[01m[Kstd::vector<std::pair<std::vector<double>, double> > EndConditionSampler::SampleLonEndConditionsForStopping(double) const[m[K’:
[01m[K/root/planner_ws/src/cpp_pubsub/src/end_condition_sampler.cpp:46:1:[m[K [01;35m[Kwarning: [m[Kno return statement in function returning non-void [[01;35m[K-Wreturn-type[m[K]
   46 | [01;35m[K}[m[K
      | [01;35m[K^[m[K
[01m[K/root/planner_ws/src/cpp_pubsub/src/end_condition_sampler.cpp:44:69:[m[K [01;35m[Kwarning: [m[Kunused parameter ‘[01m[Kref_stop_point[m[K’ [[01;35m[K-Wunused-parameter[m[K]
   44 | EndConditionSampler::SampleLonEndConditionsForStopping([01;35m[Kconst double ref_stop_point[m[K) const
      |                                                        [01;35m[K~~~~~~~~~~~~~^~~~~~~~~~~~~~[m[K
[01m[K/root/planner_ws/src/cpp_pubsub/src/end_condition_sampler.cpp:[m[K In member function ‘[01m[Kstd::vector<std::pair<std::vector<double>, double> > EndConditionSampler::SampleLonEndConditionsForLaneChange() const[m[K’:
[01m[K/root/planner_ws/src/cpp_pubsub/src/end_condition_sampler.cpp:51:1:[m[K [01;35m[Kwarning: [m[Kno return statement in function returning non-void [[01;35m[K-Wreturn-type[m[K]
   51 | [01;35m[K}[m[K
      | [01;35m[K^[m[K
In file included from [01m[K/usr/include/x86_64-linux-gnu/c++/9/bits/c++allocator.h:33[m[K,
                 from [01m[K/usr/include/c++/9/bits/allocator.h:46[m[K,
                 from [01m[K/usr/include/c++/9/string:41[m[K,
                 from [01m[K/usr/include/c++/9/stdexcept:39[m[K,
                 from [01m[K/usr/include/c++/9/array:39[m[K,
                 from [01m[K/root/planner_ws/src/cpp_pubsub/include/end_condition_sampler.hpp:3[m[K,
                 from [01m[K/root/planner_ws/src/cpp_pubsub/src/end_condition_sampler.cpp:1[m[K:
/usr/include/c++/9/ext/new_allocator.h: In instantiation of ‘[01m[Kvoid __gnu_cxx::new_allocator<_Tp>::construct(_Up*, _Args&& ...) [with _Up = std::pair<std::vector<double>, double>; _Args = {std::array<double, 3>&, const double&}; _Tp = std::pair<std::vector<double>, double>][m[K’:
[01m[K/usr/include/c++/9/bits/alloc_traits.h:483:4:[m[K   required from ‘[01m[Kstatic void std::allocator_traits<std::allocator<_CharT> >::construct(std::allocator_traits<std::allocator<_CharT> >::allocator_type&, _Up*, _Args&& ...) [with _Up = std::pair<std::vector<double>, double>; _Args = {std::array<double, 3>&, const double&}; _Tp = std::pair<std::vector<double>, double>; std::allocator_traits<std::allocator<_CharT> >::allocator_type = std::allocator<std::pair<std::vector<double>, double> >][m[K’
[01m[K/usr/include/c++/9/bits/vector.tcc:115:30:[m[K   required from ‘[01m[Kvoid std::vector<_Tp, _Alloc>::emplace_back(_Args&& ...) [with _Args = {std::array<double, 3>&, const double&}; _Tp = std::pair<std::vector<double>, double>; _Alloc = std::allocator<std::pair<std::vector<double>, double> >][m[K’
[01m[K/root/planner_ws/src/cpp_pubsub/src/end_condition_sampler.cpp:38:59:[m[K   required from here
[01m[K/usr/include/c++/9/ext/new_allocator.h:146:4:[m[K [01;31m[Kerror: [m[Kno matching function for call to ‘[01m[Kstd::pair<std::vector<double>, double>::pair(std::array<double, 3>&, const double&)[m[K’
  146 |  { [01;31m[K::new((void *)__p) _Up(std::forward<_Args>(__args)...)[m[K; }
      |    [01;31m[K^~~~~~~~~~~~~~~~~~~~~~~~~~~~~~~~~~~~~~~~~~~~~~~~~~~~~~[m[K
In file included from [01m[K/usr/include/c++/9/utility:70[m[K,
                 from [01m[K/usr/include/c++/9/array:38[m[K,
                 from [01m[K/root/planner_ws/src/cpp_pubsub/include/end_condition_sampler.hpp:3[m[K,
                 from [01m[K/root/planner_ws/src/cpp_pubsub/src/end_condition_sampler.cpp:1[m[K:
[01m[K/usr/include/c++/9/bits/stl_pair.h:436:9:[m[K [01;36m[Knote: [m[Kcandidate: ‘[01m[Ktemplate<class ... _Args1, long unsigned int ..._Indexes1, class ... _Args2, long unsigned int ..._Indexes2> std::pair<_T1, _T2>::pair(std::tuple<_Args1 ...>&, std::tuple<_Args2 ...>&, std::_Index_tuple<_Indexes1 ...>, std::_Index_tuple<_Indexes2 ...>)[m[K’
  436 |         [01;36m[Kpair[m[K(tuple<_Args1...>&, tuple<_Args2...>&,
      |         [01;36m[K^~~~[m[K
[01m[K/usr/include/c++/9/bits/stl_pair.h:436:9:[m[K [01;36m[Knote: [m[K  template argument deduction/substitution failed:
In file included from [01m[K/usr/include/x86_64-linux-gnu/c++/9/bits/c++allocator.h:33[m[K,
                 from [01m[K/usr/include/c++/9/bits/allocator.h:46[m[K,
                 from [01m[K/usr/include/c++/9/string:41[m[K,
                 from [01m[K/usr/include/c++/9/stdexcept:39[m[K,
                 from [01m[K/usr/include/c++/9/array:39[m[K,
                 from [01m[K/root/planner_ws/src/cpp_pubsub/include/end_condition_sampler.hpp:3[m[K,
                 from [01m[K/root/planner_ws/src/cpp_pubsub/src/end_condition_sampler.cpp:1[m[K:
[01m[K/usr/include/c++/9/ext/new_allocator.h:146:4:[m[K [01;36m[Knote: [m[K  ‘[01m[Kstd::array<double, 3>[m[K’ is not derived from ‘[01m[Kstd::tuple<_Tps ...>[m[K’
  146 |  { [01;36m[K::new((void *)__p) _Up(std::forward<_Args>(__args)...)[m[K; }
      |    [01;36m[K^~~~~~~~~~~~~~~~~~~~~~~~~~~~~~~~~~~~~~~~~~~~~~~~~~~~~~[m[K
In file included from [01m[K/usr/include/c++/9/utility:70[m[K,
                 from [01m[K/usr/include/c++/9/array:38[m[K,
                 from [01m[K/root/planner_ws/src/cpp_pubsub/include/end_condition_sampler.hpp:3[m[K,
                 from [01m[K/root/planner_ws/src/cpp_pubsub/src/end_condition_sampler.cpp:1[m[K:
[01m[K/usr/include/c++/9/bits/stl_pair.h:375:9:[m[K [01;36m[Knote: [m[Kcandidate: ‘[01m[Ktemplate<class ... _Args1, class ... _Args2> std::pair<_T1, _T2>::pair(std::piecewise_construct_t, std::tuple<_Args1 ...>, std::tuple<_Args2 ...>)[m[K’
  375 |         [01;36m[Kpair[m[K(piecewise_construct_t, tuple<_Args1...>, tuple<_Args2...>);
      |         [01;36m[K^~~~[m[K
[01m[K/usr/include/c++/9/bits/stl_pair.h:375:9:[m[K [01;36m[Knote: [m[K  template argument deduction/substitution failed:
In file included from [01m[K/usr/include/x86_64-linux-gnu/c++/9/bits/c++allocator.h:33[m[K,
                 from [01m[K/usr/include/c++/9/bits/allocator.h:46[m[K,
                 from [01m[K/usr/include/c++/9/string:41[m[K,
                 from [01m[K/usr/include/c++/9/stdexcept:39[m[K,
                 from [01m[K/usr/include/c++/9/array:39[m[K,
                 from [01m[K/root/planner_ws/src/cpp_pubsub/include/end_condition_sampler.hpp:3[m[K,
                 from [01m[K/root/planner_ws/src/cpp_pubsub/src/end_condition_sampler.cpp:1[m[K:
[01m[K/usr/include/c++/9/ext/new_allocator.h:146:4:[m[K [01;36m[Knote: [m[K  mismatched types ‘[01m[Kstd::tuple<_Tps ...>[m[K’ and ‘[01m[Kdouble[m[K’
  146 |  { [01;36m[K::new((void *)__p) _Up(std::forward<_Args>(__args)...)[m[K; }
      |    [01;36m[K^~~~~~~~~~~~~~~~~~~~~~~~~~~~~~~~~~~~~~~~~~~~~~~~~~~~~~[m[K
In file included from [01m[K/usr/include/c++/9/utility:70[m[K,
                 from [01m[K/usr/include/c++/9/array:38[m[K,
                 from [01m[K/root/planner_ws/src/cpp_pubsub/include/end_condition_sampler.hpp:3[m[K,
                 from [01m[K/root/planner_ws/src/cpp_pubsub/src/end_condition_sampler.cpp:1[m[K:
[01m[K/usr/include/c++/9/bits/stl_pair.h:370:21:[m[K [01;36m[Knote: [m[Kcandidate: ‘[01m[Ktemplate<class _U1, class _U2, typename std::enable_if<(std::_PCC<((! std::is_same<std::vector<double>, _U1>::value) || (! std::is_same<double, _U2>::value)), std::vector<double>, double>::_MoveConstructiblePair<_U1, _U2>() && (! std::_PCC<((! std::is_same<std::vector<double>, _U1>::value) || (! std::is_same<double, _U2>::value)), std::vector<double>, double>::_ImplicitlyMoveConvertiblePair<_U1, _U2>())), bool>::type <anonymous> > constexpr std::pair<_T1, _T2>::pair(std::pair<_U1, _U2>&&)[m[K’
  370 |  explicit constexpr [01;36m[Kpair[m[K(pair<_U1, _U2>&& __p)
      |                     [01;36m[K^~~~[m[K
[01m[K/usr/include/c++/9/bits/stl_pair.h:370:21:[m[K [01;36m[Knote: [m[K  template argument deduction/substitution failed:
In file included from [01m[K/usr/include/x86_64-linux-gnu/c++/9/bits/c++allocator.h:33[m[K,
                 from [01m[K/usr/include/c++/9/bits/allocator.h:46[m[K,
                 from [01m[K/usr/include/c++/9/string:41[m[K,
                 from [01m[K/usr/include/c++/9/stdexcept:39[m[K,
                 from [01m[K/usr/include/c++/9/array:39[m[K,
                 from [01m[K/root/planner_ws/src/cpp_pubsub/include/end_condition_sampler.hpp:3[m[K,
                 from [01m[K/root/planner_ws/src/cpp_pubsub/src/end_condition_sampler.cpp:1[m[K:
[01m[K/usr/include/c++/9/ext/new_allocator.h:146:4:[m[K [01;36m[Knote: [m[K  ‘[01m[Kstd::array<double, 3>[m[K’ is not derived from ‘[01m[Kstd::pair<_T1, _T2>[m[K’
  146 |  { [01;36m[K::new((void *)__p) _Up(std::forward<_Args>(__args)...)[m[K; }
      |    [01;36m[K^~~~~~~~~~~~~~~~~~~~~~~~~~~~~~~~~~~~~~~~~~~~~~~~~~~~~~[m[K
In file included from [01m[K/usr/include/c++/9/utility:70[m[K,
                 from [01m[K/usr/include/c++/9/array:38[m[K,
                 from [01m[K/root/planner_ws/src/cpp_pubsub/include/end_condition_sampler.hpp:3[m[K,
                 from [01m[K/root/planner_ws/src/cpp_pubsub/src/end_condition_sampler.cpp:1[m[K:
[01m[K/usr/include/c++/9/bits/stl_pair.h:360:12:[m[K [01;36m[Knote: [m[Kcandidate: ‘[01m[Ktemplate<class _U1, class _U2, typename std::enable_if<(std::_PCC<((! std::is_same<std::vector<double>, _U1>::value) || (! std::is_same<double, _U2>::value)), std::vector<double>, double>::_MoveConstructiblePair<_U1, _U2>() && std::_PCC<((! std::is_same<std::vector<double>, _U1>::value) || (! std::is_same<double, _U2>::value)), std::vector<double>, double>::_ImplicitlyMoveConvertiblePair<_U1, _U2>()), bool>::type <anonymous> > constexpr std::pair<_T1, _T2>::pair(std::pair<_U1, _U2>&&)[m[K’
  360 |  constexpr [01;36m[Kpair[m[K(pair<_U1, _U2>&& __p)
      |            [01;36m[K^~~~[m[K
[01m[K/usr/include/c++/9/bits/stl_pair.h:360:12:[m[K [01;36m[Knote: [m[K  template argument deduction/substitution failed:
In file included from [01m[K/usr/include/x86_64-linux-gnu/c++/9/bits/c++allocator.h:33[m[K,
                 from [01m[K/usr/include/c++/9/bits/allocator.h:46[m[K,
                 from [01m[K/usr/include/c++/9/string:41[m[K,
                 from [01m[K/usr/include/c++/9/stdexcept:39[m[K,
                 from [01m[K/usr/include/c++/9/array:39[m[K,
                 from [01m[K/root/planner_ws/src/cpp_pubsub/include/end_condition_sampler.hpp:3[m[K,
                 from [01m[K/root/planner_ws/src/cpp_pubsub/src/end_condition_sampler.cpp:1[m[K:
[01m[K/usr/include/c++/9/ext/new_allocator.h:146:4:[m[K [01;36m[Knote: [m[K  ‘[01m[Kstd::array<double, 3>[m[K’ is not derived from ‘[01m[Kstd::pair<_T1, _T2>[m[K’
  146 |  { [01;36m[K::new((void *)__p) _Up(std::forward<_Args>(__args)...)[m[K; }
      |    [01;36m[K^~~~~~~~~~~~~~~~~~~~~~~~~~~~~~~~~~~~~~~~~~~~~~~~~~~~~~[m[K
In file included from [01m[K/usr/include/c++/9/utility:70[m[K,
                 from [01m[K/usr/include/c++/9/array:38[m[K,
                 from [01m[K/root/planner_ws/src/cpp_pubsub/include/end_condition_sampler.hpp:3[m[K,
                 from [01m[K/root/planner_ws/src/cpp_pubsub/src/end_condition_sampler.cpp:1[m[K:
[01m[K/usr/include/c++/9/bits/stl_pair.h:350:21:[m[K [01;36m[Knote: [m[Kcandidate: ‘[01m[Ktemplate<class _U1, class _U2, typename std::enable_if<(_MoveConstructiblePair<_U1, _U2>() && (! _ImplicitlyMoveConvertiblePair<_U1, _U2>())), bool>::type <anonymous> > constexpr std::pair<_T1, _T2>::pair(_U1&&, _U2&&)[m[K’
  350 |  explicit constexpr [01;36m[Kpair[m[K(_U1&& __x, _U2&& __y)
      |                     [01;36m[K^~~~[m[K
[01m[K/usr/include/c++/9/bits/stl_pair.h:350:21:[m[K [01;36m[Knote: [m[K  template argument deduction/substitution failed:
[01m[K/usr/include/c++/9/bits/stl_pair.h:349:38:[m[K [01;31m[Kerror: [m[Kno type named ‘[01m[Ktype[m[K’ in ‘[01m[Kstruct std::enable_if<false, bool>[m[K’
  349 |                          bool>::type=[01;31m[Kfalse[m[K>
      |                                      [01;31m[K^~~~~[m[K
[01m[K/usr/include/c++/9/bits/stl_pair.h:341:12:[m[K [01;36m[Knote: [m[Kcandidate: ‘[01m[Ktemplate<class _U1, class _U2, typename std::enable_if<(_MoveConstructiblePair<_U1, _U2>() && _ImplicitlyMoveConvertiblePair<_U1, _U2>()), bool>::type <anonymous> > constexpr std::pair<_T1, _T2>::pair(_U1&&, _U2&&)[m[K’
  341 |  constexpr [01;36m[Kpair[m[K(_U1&& __x, _U2&& __y)
      |            [01;36m[K^~~~[m[K
[01m[K/usr/include/c++/9/bits/stl_pair.h:341:12:[m[K [01;36m[Knote: [m[K  template argument deduction/substitution failed:
[01m[K/usr/include/c++/9/bits/stl_pair.h:340:38:[m[K [01;31m[Kerror: [m[Kno type named ‘[01m[Ktype[m[K’ in ‘[01m[Kstruct std::enable_if<false, bool>[m[K’
  340 |                          bool>::type=[01;31m[Ktrue[m[K>
      |                                      [01;31m[K^~~~[m[K
[01m[K/usr/include/c++/9/bits/stl_pair.h:332:17:[m[K [01;36m[Knote: [m[Kcandidate: ‘[01m[Ktemplate<class _U2, typename std::enable_if<_CopyMovePair<false, std::vector<double, std::allocator<double> >, _U2>(), bool>::type <anonymous> > std::pair<_T1, _T2>::pair(const _T1&, _U2&&)[m[K’
  332 |        explicit [01;36m[Kpair[m[K(const _T1& __x, _U2&& __y)
      |                 [01;36m[K^~~~[m[K
[01m[K/usr/include/c++/9/bits/stl_pair.h:332:17:[m[K [01;36m[Knote: [m[K  template argument deduction/substitution failed:
[01m[K/usr/include/c++/9/bits/stl_pair.h:331:38:[m[K [01;31m[Kerror: [m[Kno type named ‘[01m[Ktype[m[K’ in ‘[01m[Kstruct std::enable_if<false, bool>[m[K’
  331 |                          bool>::type=[01;31m[Kfalse[m[K>
      |                                      [01;31m[K^~~~~[m[K
[01m[K/usr/include/c++/9/bits/stl_pair.h:325:18:[m[K [01;36m[Knote: [m[Kcandidate: ‘[01m[Ktemplate<class _U2, typename std::enable_if<_CopyMovePair<true, std::vector<double, std::allocator<double> >, _U2>(), bool>::type <anonymous> > constexpr std::pair<_T1, _T2>::pair(const _T1&, _U2&&)[m[K’
  325 |        constexpr [01;36m[Kpair[m[K(const _T1& __x, _U2&& __y)
      |                  [01;36m[K^~~~[m[K
[01m[K/usr/include/c++/9/bits/stl_pair.h:325:18:[m[K [01;36m[Knote: [m[K  template argument deduction/substitution failed:
In file included from [01m[K/usr/include/x86_64-linux-gnu/c++/9/bits/c++allocator.h:33[m[K,
                 from [01m[K/usr/include/c++/9/bits/allocator.h:46[m[K,
                 from [01m[K/usr/include/c++/9/string:41[m[K,
                 from [01m[K/usr/include/c++/9/stdexcept:39[m[K,
                 from [01m[K/usr/include/c++/9/array:39[m[K,
                 from [01m[K/root/planner_ws/src/cpp_pubsub/include/end_condition_sampler.hpp:3[m[K,
                 from [01m[K/root/planner_ws/src/cpp_pubsub/src/end_condition_sampler.cpp:1[m[K:
[01m[K/usr/include/c++/9/ext/new_allocator.h:146:4:[m[K [01;36m[Knote: [m[K  cannot convert ‘[01m[Kstd::forward<std::array<double, 3>&>((* & __args#0))[m[K’ (type ‘[01m[Kstd::array<double, 3>[m[K’) to type ‘[01m[Kconst std::vector<double>&[m[K’
  146 |  { [01;36m[K::new((void *)__p) _Up(std::forward<_Args>(__args)...)[m[K; }
      |    [01;36m[K^~~~~~~~~~~~~~~~~~~~~~~~~~~~~~~~~~~~~~~~~~~~~~~~~~~~~~[m[K
In file included from [01m[K/usr/include/c++/9/utility:70[m[K,
                 from [01m[K/usr/include/c++/9/array:38[m[K,
                 from [01m[K/root/planner_ws/src/cpp_pubsub/include/end_condition_sampler.hpp:3[m[K,
                 from [01m[K/root/planner_ws/src/cpp_pubsub/src/end_condition_sampler.cpp:1[m[K:
[01m[K/usr/include/c++/9/bits/stl_pair.h:318:27:[m[K [01;36m[Knote: [m[Kcandidate: ‘[01m[Ktemplate<class _U1, typename std::enable_if<_MoveCopyPair<false, _U1, double>(), bool>::type <anonymous> > constexpr std::pair<_T1, _T2>::pair(_U1&&, const _T2&)[m[K’
  318 |        explicit constexpr [01;36m[Kpair[m[K(_U1&& __x, const _T2& __y)
      |                           [01;36m[K^~~~[m[K
[01m[K/usr/include/c++/9/bits/stl_pair.h:318:27:[m[K [01;36m[Knote: [m[K  template argument deduction/substitution failed:
[01m[K/usr/include/c++/9/bits/stl_pair.h:317:38:[m[K [01;31m[Kerror: [m[Kno type named ‘[01m[Ktype[m[K’ in ‘[01m[Kstruct std::enable_if<false, bool>[m[K’
  317 |                          bool>::type=[01;31m[Kfalse[m[K>
      |                                      [01;31m[K^~~~~[m[K
[01m[K/usr/include/c++/9/bits/stl_pair.h:311:18:[m[K [01;36m[Knote: [m[Kcandidate: ‘[01m[Ktemplate<class _U1, typename std::enable_if<_MoveCopyPair<true, _U1, double>(), bool>::type <anonymous> > constexpr std::pair<_T1, _T2>::pair(_U1&&, const _T2&)[m[K’
  311 |        constexpr [01;36m[Kpair[m[K(_U1&& __x, const _T2& __y)
      |                  [01;36m[K^~~~[m[K
[01m[K/usr/include/c++/9/bits/stl_pair.h:311:18:[m[K [01;36m[Knote: [m[K  template argument deduction/substitution failed:
[01m[K/usr/include/c++/9/bits/stl_pair.h:310:38:[m[K [01;31m[Kerror: [m[Kno type named ‘[01m[Ktype[m[K’ in ‘[01m[Kstruct std::enable_if<false, bool>[m[K’
  310 |                          bool>::type=[01;31m[Ktrue[m[K>
      |                                      [01;31m[K^~~~[m[K
[01m[K/usr/include/c++/9/bits/stl_pair.h:304:17:[m[K [01;36m[Knote: [m[Kcandidate: ‘[01m[Kstd::pair<_T1, _T2>::pair(std::pair<_T1, _T2>&&) [with _T1 = std::vector<double>; _T2 = double][m[K’
  304 |       constexpr [01;36m[Kpair[m[K(pair&&) = default;
      |                 [01;36m[K^~~~[m[K
[01m[K/usr/include/c++/9/bits/stl_pair.h:304:17:[m[K [01;36m[Knote: [m[K  candidate expects 1 argument, 2 provided
[01m[K/usr/include/c++/9/bits/stl_pair.h:303:17:[m[K [01;36m[Knote: [m[Kcandidate: ‘[01m[Kstd::pair<_T1, _T2>::pair(const std::pair<_T1, _T2>&) [with _T1 = std::vector<double>; _T2 = double][m[K’
  303 |       constexpr [01;36m[Kpair[m[K(const pair&) = default;
      |                 [01;36m[K^~~~[m[K
[01m[K/usr/include/c++/9/bits/stl_pair.h:303:17:[m[K [01;36m[Knote: [m[K  candidate expects 1 argument, 2 provided
[01m[K/usr/include/c++/9/bits/stl_pair.h:300:21:[m[K [01;36m[Knote: [m[Kcandidate: ‘[01m[Ktemplate<class _U1, class _U2, typename std::enable_if<(std::_PCC<((! std::is_same<std::vector<double>, _U1>::value) || (! std::is_same<double, _U2>::value)), std::vector<double>, double>::_ConstructiblePair<_U1, _U2>() && (! std::_PCC<((! std::is_same<std::vector<double>, _U1>::value) || (! std::is_same<double, _U2>::value)), std::vector<double>, double>::_ImplicitlyConvertiblePair<_U1, _U2>())), bool>::type <anonymous> > constexpr std::pair<_T1, _T2>::pair(const std::pair<_U1, _U2>&)[m[K’
  300 |  explicit constexpr [01;36m[Kpair[m[K(const pair<_U1, _U2>& __p)
      |                     [01;36m[K^~~~[m[K
[01m[K/usr/include/c++/9/bits/stl_pair.h:300:21:[m[K [01;36m[Knote: [m[K  template argument deduction/substitution failed:
In file included from [01m[K/usr/include/x86_64-linux-gnu/c++/9/bits/c++allocator.h:33[m[K,
                 from [01m[K/usr/include/c++/9/bits/allocator.h:46[m[K,
                 from [01m[K/usr/include/c++/9/string:41[m[K,
                 from [01m[K/usr/include/c++/9/stdexcept:39[m[K,
                 from [01m[K/usr/include/c++/9/array:39[m[K,
                 from [01m[K/root/planner_ws/src/cpp_pubsub/include/end_condition_sampler.hpp:3[m[K,
                 from [01m[K/root/planner_ws/src/cpp_pubsub/src/end_condition_sampler.cpp:1[m[K:
[01m[K/usr/include/c++/9/ext/new_allocator.h:146:4:[m[K [01;36m[Knote: [m[K  ‘[01m[Kstd::array<double, 3>[m[K’ is not derived from ‘[01m[Kconst std::pair<_T1, _T2>[m[K’
  146 |  { [01;36m[K::new((void *)__p) _Up(std::forward<_Args>(__args)...)[m[K; }
      |    [01;36m[K^~~~~~~~~~~~~~~~~~~~~~~~~~~~~~~~~~~~~~~~~~~~~~~~~~~~~~[m[K
In file included from [01m[K/usr/include/c++/9/utility:70[m[K,
                 from [01m[K/usr/include/c++/9/array:38[m[K,
                 from [01m[K/root/planner_ws/src/cpp_pubsub/include/end_condition_sampler.hpp:3[m[K,
                 from [01m[K/root/planner_ws/src/cpp_pubsub/src/end_condition_sampler.cpp:1[m[K:
[01m[K/usr/include/c++/9/bits/stl_pair.h:291:19:[m[K [01;36m[Knote: [m[Kcandidate: ‘[01m[Ktemplate<class _U1, class _U2, typename std::enable_if<(std::_PCC<((! std::is_same<std::vector<double>, _U1>::value) || (! std::is_same<double, _U2>::value)), std::vector<double>, double>::_ConstructiblePair<_U1, _U2>() && std::_PCC<((! std::is_same<std::vector<double>, _U1>::value) || (! std::is_same<double, _U2>::value)), std::vector<double>, double>::_ImplicitlyConvertiblePair<_U1, _U2>()), bool>::type <anonymous> > constexpr std::pair<_T1, _T2>::pair(const std::pair<_U1, _U2>&)[m[K’
  291 |         constexpr [01;36m[Kpair[m[K(const pair<_U1, _U2>& __p)
      |                   [01;36m[K^~~~[m[K
[01m[K/usr/include/c++/9/bits/stl_pair.h:291:19:[m[K [01;36m[Knote: [m[K  template argument deduction/substitution failed:
In file included from [01m[K/usr/include/x86_64-linux-gnu/c++/9/bits/c++allocator.h:33[m[K,
                 from [01m[K/usr/include/c++/9/bits/allocator.h:46[m[K,
                 from [01m[K/usr/include/c++/9/string:41[m[K,
                 from [01m[K/usr/include/c++/9/stdexcept:39[m[K,
                 from [01m[K/usr/include/c++/9/array:39[m[K,
                 from [01m[K/root/planner_ws/src/cpp_pubsub/include/end_condition_sampler.hpp:3[m[K,
                 from [01m[K/root/planner_ws/src/cpp_pubsub/src/end_condition_sampler.cpp:1[m[K:
[01m[K/usr/include/c++/9/ext/new_allocator.h:146:4:[m[K [01;36m[Knote: [m[K  ‘[01m[Kstd::array<double, 3>[m[K’ is not derived from ‘[01m[Kconst std::pair<_T1, _T2>[m[K’
  146 |  { [01;36m[K::new((void *)__p) _Up(std::forward<_Args>(__args)...)[m[K; }
      |    [01;36m[K^~~~~~~~~~~~~~~~~~~~~~~~~~~~~~~~~~~~~~~~~~~~~~~~~~~~~~[m[K
In file included from [01m[K/usr/include/c++/9/utility:70[m[K,
                 from [01m[K/usr/include/c++/9/array:38[m[K,
                 from [01m[K/root/planner_ws/src/cpp_pubsub/include/end_condition_sampler.hpp:3[m[K,
                 from [01m[K/root/planner_ws/src/cpp_pubsub/src/end_condition_sampler.cpp:1[m[K:
[01m[K/usr/include/c++/9/bits/stl_pair.h:269:26:[m[K [01;36m[Knote: [m[Kcandidate: ‘[01m[Ktemplate<class _U1, class _U2, typename std::enable_if<(_ConstructiblePair<_U1, _U2>() && (! _ImplicitlyConvertiblePair<_U1, _U2>())), bool>::type <anonymous> > constexpr std::pair<_T1, _T2>::pair(const _T1&, const _T2&)[m[K’
  269 |       explicit constexpr [01;36m[Kpair[m[K(const _T1& __a, const _T2& __b)
      |                          [01;36m[K^~~~[m[K
[01m[K/usr/include/c++/9/bits/stl_pair.h:269:26:[m[K [01;36m[Knote: [m[K  template argument deduction/substitution failed:
[01m[K/usr/include/c++/9/bits/stl_pair.h:268:38:[m[K [01;31m[Kerror: [m[Kno type named ‘[01m[Ktype[m[K’ in ‘[01m[Kstruct std::enable_if<false, bool>[m[K’
  268 |                          bool>::type=[01;31m[Kfalse[m[K>
      |                                      [01;31m[K^~~~~[m[K
[01m[K/usr/include/c++/9/bits/stl_pair.h:260:17:[m[K [01;36m[Knote: [m[Kcandidate: ‘[01m[Ktemplate<class _U1, class _U2, typename std::enable_if<(_ConstructiblePair<_U1, _U2>() && _ImplicitlyConvertiblePair<_U1, _U2>()), bool>::type <anonymous> > constexpr std::pair<_T1, _T2>::pair(const _T1&, const _T2&)[m[K’
  260 |       constexpr [01;36m[Kpair[m[K(const _T1& __a, const _T2& __b)
      |                 [01;36m[K^~~~[m[K
[01m[K/usr/include/c++/9/bits/stl_pair.h:260:17:[m[K [01;36m[Knote: [m[K  template argument deduction/substitution failed:
In file included from [01m[K/usr/include/x86_64-linux-gnu/c++/9/bits/c++allocator.h:33[m[K,
                 from [01m[K/usr/include/c++/9/bits/allocator.h:46[m[K,
                 from [01m[K/usr/include/c++/9/string:41[m[K,
                 from [01m[K/usr/include/c++/9/stdexcept:39[m[K,
                 from [01m[K/usr/include/c++/9/array:39[m[K,
                 from [01m[K/root/planner_ws/src/cpp_pubsub/include/end_condition_sampler.hpp:3[m[K,
                 from [01m[K/root/planner_ws/src/cpp_pubsub/src/end_condition_sampler.cpp:1[m[K:
[01m[K/usr/include/c++/9/ext/new_allocator.h:146:4:[m[K [01;36m[Knote: [m[K  cannot convert ‘[01m[Kstd::forward<std::array<double, 3>&>((* & __args#0))[m[K’ (type ‘[01m[Kstd::array<double, 3>[m[K’) to type ‘[01m[Kconst std::vector<double>&[m[K’
  146 |  { [01;36m[K::new((void *)__p) _Up(std::forward<_Args>(__args)...)[m[K; }
      |    [01;36m[K^~~~~~~~~~~~~~~~~~~~~~~~~~~~~~~~~~~~~~~~~~~~~~~~~~~~~~[m[K
In file included from [01m[K/usr/include/c++/9/utility:70[m[K,
                 from [01m[K/usr/include/c++/9/array:38[m[K,
                 from [01m[K/root/planner_ws/src/cpp_pubsub/include/end_condition_sampler.hpp:3[m[K,
                 from [01m[K/root/planner_ws/src/cpp_pubsub/src/end_condition_sampler.cpp:1[m[K:
[01m[K/usr/include/c++/9/bits/stl_pair.h:242:26:[m[K [01;36m[Knote: [m[Kcandidate: ‘[01m[Ktemplate<class _U1, class _U2, typename std::enable_if<std::__and_<std::is_default_constructible<_Tp>, std::is_default_constructible<_U2>, std::__not_<std::__and_<std::__is_implicitly_default_constructible<_U1>, std::__is_implicitly_default_constructible<_U2> > > >::value, bool>::type <anonymous> > constexpr std::pair<_T1, _T2>::pair()[m[K’
  242 |       explicit constexpr [01;36m[Kpair[m[K()
      |                          [01;36m[K^~~~[m[K
[01m[K/usr/include/c++/9/bits/stl_pair.h:242:26:[m[K [01;36m[Knote: [m[K  template argument deduction/substitution failed:
In file included from [01m[K/usr/include/x86_64-linux-gnu/c++/9/bits/c++allocator.h:33[m[K,
                 from [01m[K/usr/include/c++/9/bits/allocator.h:46[m[K,
                 from [01m[K/usr/include/c++/9/string:41[m[K,
                 from [01m[K/usr/include/c++/9/stdexcept:39[m[K,
                 from [01m[K/usr/include/c++/9/array:39[m[K,
                 from [01m[K/root/planner_ws/src/cpp_pubsub/include/end_condition_sampler.hpp:3[m[K,
                 from [01m[K/root/planner_ws/src/cpp_pubsub/src/end_condition_sampler.cpp:1[m[K:
[01m[K/usr/include/c++/9/ext/new_allocator.h:146:4:[m[K [01;36m[Knote: [m[K  candidate expects 0 arguments, 2 provided
  146 |  { [01;36m[K::new((void *)__p) _Up(std::forward<_Args>(__args)...)[m[K; }
      |    [01;36m[K^~~~~~~~~~~~~~~~~~~~~~~~~~~~~~~~~~~~~~~~~~~~~~~~~~~~~~[m[K
In file included from [01m[K/usr/include/c++/9/utility:70[m[K,
                 from [01m[K/usr/include/c++/9/array:38[m[K,
                 from [01m[K/root/planner_ws/src/cpp_pubsub/include/end_condition_sampler.hpp:3[m[K,
                 from [01m[K/root/planner_ws/src/cpp_pubsub/src/end_condition_sampler.cpp:1[m[K:
[01m[K/usr/include/c++/9/bits/stl_pair.h:229:26:[m[K [01;36m[Knote: [m[Kcandidate: ‘[01m[Ktemplate<class _U1, class _U2, typename std::enable_if<std::__and_<std::__is_implicitly_default_constructible<_U1>, std::__is_implicitly_default_constructible<_U2> >::value, bool>::type <anonymous> > constexpr std::pair<_T1, _T2>::pair()[m[K’
  229 |       _GLIBCXX_CONSTEXPR [01;36m[Kpair[m[K()
      |                          [01;36m[K^~~~[m[K
[01m[K/usr/include/c++/9/bits/stl_pair.h:229:26:[m[K [01;36m[Knote: [m[K  template argument deduction/substitution failed:
In file included from [01m[K/usr/include/x86_64-linux-gnu/c++/9/bits/c++allocator.h:33[m[K,
                 from [01m[K/usr/include/c++/9/bits/allocator.h:46[m[K,
                 from [01m[K/usr/include/c++/9/string:41[m[K,
                 from [01m[K/usr/include/c++/9/stdexcept:39[m[K,
                 from [01m[K/usr/include/c++/9/array:39[m[K,
                 from [01m[K/root/planner_ws/src/cpp_pubsub/include/end_condition_sampler.hpp:3[m[K,
                 from [01m[K/root/planner_ws/src/cpp_pubsub/src/end_condition_sampler.cpp:1[m[K:
[01m[K/usr/include/c++/9/ext/new_allocator.h:146:4:[m[K [01;36m[Knote: [m[K  candidate expects 0 arguments, 2 provided
  146 |  { [01;36m[K::new((void *)__p) _Up(std::forward<_Args>(__args)...)[m[K; }
      |    [01;36m[K^~~~~~~~~~~~~~~~~~~~~~~~~~~~~~~~~~~~~~~~~~~~~~~~~~~~~~[m[K
In file included from [01m[K/usr/include/x86_64-linux-gnu/c++/9/bits/c++allocator.h:33[m[K,
                 from [01m[K/usr/include/c++/9/bits/allocator.h:46[m[K,
                 from [01m[K/usr/include/c++/9/string:41[m[K,
                 from [01m[K/usr/include/c++/9/stdexcept:39[m[K,
                 from [01m[K/usr/include/c++/9/array:39[m[K,
                 from [01m[K/root/planner_ws/src/cpp_pubsub/include/end_condition_sampler.hpp:3[m[K,
                 from [01m[K/root/planner_ws/src/cpp_pubsub/src/end_condition_sampler.cpp:1[m[K:
/usr/include/c++/9/ext/new_allocator.h: In instantiation of ‘[01m[Kvoid __gnu_cxx::new_allocator<_Tp>::construct(_Up*, _Args&& ...) [with _Up = std::pair<std::vector<double>, double>; _Args = {std::array<double, 3>&, const double&}; _Tp = std::pair<std::vector<double>, double>][m[K’:
[01m[K/usr/include/c++/9/bits/alloc_traits.h:483:4:[m[K   required from ‘[01m[Kstatic void std::allocator_traits<std::allocator<_CharT> >::construct(std::allocator_traits<std::allocator<_CharT> >::allocator_type&, _Up*, _Args&& ...) [with _Up = std::pair<std::vector<double>, double>; _Args = {std::array<double, 3>&, const double&}; _Tp = std::pair<std::vector<double>, double>; std::allocator_traits<std::allocator<_CharT> >::allocator_type = std::allocator<std::pair<std::vector<double>, double> >][m[K’
[01m[K/usr/include/c++/9/bits/vector.tcc:115:30:[m[K   required from ‘[01m[Kvoid std::vector<_Tp, _Alloc>::emplace_back(_Args&& ...) [with _Args = {std::array<double, 3>&, const double&}; _Tp = std::pair<std::vector<double>, double>; _Alloc = std::allocator<std::pair<std::vector<double>, double> >][m[K’
[01m[K/root/planner_ws/src/cpp_pubsub/src/end_condition_sampler.cpp:38:59:[m[K   required from here
[01m[K/usr/include/c++/9/ext/new_allocator.h:146:4:[m[K [01;31m[Kerror: [m[Kno matching function for call to ‘[01m[Kstd::pair<std::vector<double>, double>::pair(std::array<double, 3>&, const double&)[m[K’
  146 |  { [01;31m[K::new((void *)__p) _Up(std::forward<_Args>(__args)...)[m[K; }
      |    [01;31m[K^~~~~~~~~~~~~~~~~~~~~~~~~~~~~~~~~~~~~~~~~~~~~~~~~~~~~~[m[K
In file included from [01m[K/usr/include/c++/9/utility:70[m[K,
                 from [01m[K/usr/include/c++/9/array:38[m[K,
                 from [01m[K/root/planner_ws/src/cpp_pubsub/include/end_condition_sampler.hpp:3[m[K,
                 from [01m[K/root/planner_ws/src/cpp_pubsub/src/end_condition_sampler.cpp:1[m[K:
[01m[K/usr/include/c++/9/bits/stl_pair.h:436:9:[m[K [01;36m[Knote: [m[Kcandidate: ‘[01m[Ktemplate<class ... _Args1, long unsigned int ..._Indexes1, class ... _Args2, long unsigned int ..._Indexes2> std::pair<_T1, _T2>::pair(std::tuple<_Args1 ...>&, std::tuple<_Args2 ...>&, std::_Index_tuple<_Indexes1 ...>, std::_Index_tuple<_Indexes2 ...>)[m[K’
  436 |         [01;36m[Kpair[m[K(tuple<_Args1...>&, tuple<_Args2...>&,
      |         [01;36m[K^~~~[m[K
[01m[K/usr/include/c++/9/bits/stl_pair.h:436:9:[m[K [01;36m[Knote: [m[K  template argument deduction/substitution failed:
In file included from [01m[K/usr/include/x86_64-linux-gnu/c++/9/bits/c++allocator.h:33[m[K,
                 from [01m[K/usr/include/c++/9/bits/allocator.h:46[m[K,
                 from [01m[K/usr/include/c++/9/string:41[m[K,
                 from [01m[K/usr/include/c++/9/stdexcept:39[m[K,
                 from [01m[K/usr/include/c++/9/array:39[m[K,
                 from [01m[K/root/planner_ws/src/cpp_pubsub/include/end_condition_sampler.hpp:3[m[K,
                 from [01m[K/root/planner_ws/src/cpp_pubsub/src/end_condition_sampler.cpp:1[m[K:
[01m[K/usr/include/c++/9/ext/new_allocator.h:146:4:[m[K [01;36m[Knote: [m[K  ‘[01m[Kstd::array<double, 3>[m[K’ is not derived from ‘[01m[Kstd::tuple<_Tps ...>[m[K’
  146 |  { [01;36m[K::new((void *)__p) _Up(std::forward<_Args>(__args)...)[m[K; }
      |    [01;36m[K^~~~~~~~~~~~~~~~~~~~~~~~~~~~~~~~~~~~~~~~~~~~~~~~~~~~~~[m[K
In file included from [01m[K/usr/include/c++/9/utility:70[m[K,
                 from [01m[K/usr/include/c++/9/array:38[m[K,
                 from [01m[K/root/planner_ws/src/cpp_pubsub/include/end_condition_sampler.hpp:3[m[K,
                 from [01m[K/root/planner_ws/src/cpp_pubsub/src/end_condition_sampler.cpp:1[m[K:
[01m[K/usr/include/c++/9/bits/stl_pair.h:375:9:[m[K [01;36m[Knote: [m[Kcandidate: ‘[01m[Ktemplate<class ... _Args1, class ... _Args2> std::pair<_T1, _T2>::pair(std::piecewise_construct_t, std::tuple<_Args1 ...>, std::tuple<_Args2 ...>)[m[K’
  375 |         [01;36m[Kpair[m[K(piecewise_construct_t, tuple<_Args1...>, tuple<_Args2...>);
      |         [01;36m[K^~~~[m[K
[01m[K/usr/include/c++/9/bits/stl_pair.h:375:9:[m[K [01;36m[Knote: [m[K  template argument deduction/substitution failed:
In file included from [01m[K/usr/include/x86_64-linux-gnu/c++/9/bits/c++allocator.h:33[m[K,
                 from [01m[K/usr/include/c++/9/bits/allocator.h:46[m[K,
                 from [01m[K/usr/include/c++/9/string:41[m[K,
                 from [01m[K/usr/include/c++/9/stdexcept:39[m[K,
                 from [01m[K/usr/include/c++/9/array:39[m[K,
                 from [01m[K/root/planner_ws/src/cpp_pubsub/include/end_condition_sampler.hpp:3[m[K,
                 from [01m[K/root/planner_ws/src/cpp_pubsub/src/end_condition_sampler.cpp:1[m[K:
[01m[K/usr/include/c++/9/ext/new_allocator.h:146:4:[m[K [01;36m[Knote: [m[K  mismatched types ‘[01m[Kstd::tuple<_Tps ...>[m[K’ and ‘[01m[Kdouble[m[K’
  146 |  { [01;36m[K::new((void *)__p) _Up(std::forward<_Args>(__args)...)[m[K; }
      |    [01;36m[K^~~~~~~~~~~~~~~~~~~~~~~~~~~~~~~~~~~~~~~~~~~~~~~~~~~~~~[m[K
In file included from [01m[K/usr/include/c++/9/utility:70[m[K,
                 from [01m[K/usr/include/c++/9/array:38[m[K,
                 from [01m[K/root/planner_ws/src/cpp_pubsub/include/end_condition_sampler.hpp:3[m[K,
                 from [01m[K/root/planner_ws/src/cpp_pubsub/src/end_condition_sampler.cpp:1[m[K:
[01m[K/usr/include/c++/9/bits/stl_pair.h:370:21:[m[K [01;36m[Knote: [m[Kcandidate: ‘[01m[Ktemplate<class _U1, class _U2, typename std::enable_if<(std::_PCC<((! std::is_same<std::vector<double>, _U1>::value) || (! std::is_same<double, _U2>::value)), std::vector<double>, double>::_MoveConstructiblePair<_U1, _U2>() && (! std::_PCC<((! std::is_same<std::vector<double>, _U1>::value) || (! std::is_same<double, _U2>::value)), std::vector<double>, double>::_ImplicitlyMoveConvertiblePair<_U1, _U2>())), bool>::type <anonymous> > constexpr std::pair<_T1, _T2>::pair(std::pair<_U1, _U2>&&)[m[K’
  370 |  explicit constexpr [01;36m[Kpair[m[K(pair<_U1, _U2>&& __p)
      |                     [01;36m[K^~~~[m[K
[01m[K/usr/include/c++/9/bits/stl_pair.h:370:21:[m[K [01;36m[Knote: [m[K  template argument deduction/substitution failed:
In file included from [01m[K/usr/include/x86_64-linux-gnu/c++/9/bits/c++allocator.h:33[m[K,
                 from [01m[K/usr/include/c++/9/bits/allocator.h:46[m[K,
                 from [01m[K/usr/include/c++/9/string:41[m[K,
                 from [01m[K/usr/include/c++/9/stdexcept:39[m[K,
                 from [01m[K/usr/include/c++/9/array:39[m[K,
                 from [01m[K/root/planner_ws/src/cpp_pubsub/include/end_condition_sampler.hpp:3[m[K,
                 from [01m[K/root/planner_ws/src/cpp_pubsub/src/end_condition_sampler.cpp:1[m[K:
[01m[K/usr/include/c++/9/ext/new_allocator.h:146:4:[m[K [01;36m[Knote: [m[K  ‘[01m[Kstd::array<double, 3>[m[K’ is not derived from ‘[01m[Kstd::pair<_T1, _T2>[m[K’
  146 |  { [01;36m[K::new((void *)__p) _Up(std::forward<_Args>(__args)...)[m[K; }
      |    [01;36m[K^~~~~~~~~~~~~~~~~~~~~~~~~~~~~~~~~~~~~~~~~~~~~~~~~~~~~~[m[K
In file included from [01m[K/usr/include/c++/9/utility:70[m[K,
                 from [01m[K/usr/include/c++/9/array:38[m[K,
                 from [01m[K/root/planner_ws/src/cpp_pubsub/include/end_condition_sampler.hpp:3[m[K,
                 from [01m[K/root/planner_ws/src/cpp_pubsub/src/end_condition_sampler.cpp:1[m[K:
[01m[K/usr/include/c++/9/bits/stl_pair.h:360:12:[m[K [01;36m[Knote: [m[Kcandidate: ‘[01m[Ktemplate<class _U1, class _U2, typename std::enable_if<(std::_PCC<((! std::is_same<std::vector<double>, _U1>::value) || (! std::is_same<double, _U2>::value)), std::vector<double>, double>::_MoveConstructiblePair<_U1, _U2>() && std::_PCC<((! std::is_same<std::vector<double>, _U1>::value) || (! std::is_same<double, _U2>::value)), std::vector<double>, double>::_ImplicitlyMoveConvertiblePair<_U1, _U2>()), bool>::type <anonymous> > constexpr std::pair<_T1, _T2>::pair(std::pair<_U1, _U2>&&)[m[K’
  360 |  constexpr [01;36m[Kpair[m[K(pair<_U1, _U2>&& __p)
      |            [01;36m[K^~~~[m[K
[01m[K/usr/include/c++/9/bits/stl_pair.h:360:12:[m[K [01;36m[Knote: [m[K  template argument deduction/substitution failed:
In file included from [01m[K/usr/include/x86_64-linux-gnu/c++/9/bits/c++allocator.h:33[m[K,
                 from [01m[K/usr/include/c++/9/bits/allocator.h:46[m[K,
                 from [01m[K/usr/include/c++/9/string:41[m[K,
                 from [01m[K/usr/include/c++/9/stdexcept:39[m[K,
                 from [01m[K/usr/include/c++/9/array:39[m[K,
                 from [01m[K/root/planner_ws/src/cpp_pubsub/include/end_condition_sampler.hpp:3[m[K,
                 from [01m[K/root/planner_ws/src/cpp_pubsub/src/end_condition_sampler.cpp:1[m[K:
[01m[K/usr/include/c++/9/ext/new_allocator.h:146:4:[m[K [01;36m[Knote: [m[K  ‘[01m[Kstd::array<double, 3>[m[K’ is not derived from ‘[01m[Kstd::pair<_T1, _T2>[m[K’
  146 |  { [01;36m[K::new((void *)__p) _Up(std::forward<_Args>(__args)...)[m[K; }
      |    [01;36m[K^~~~~~~~~~~~~~~~~~~~~~~~~~~~~~~~~~~~~~~~~~~~~~~~~~~~~~[m[K
In file included from [01m[K/usr/include/c++/9/utility:70[m[K,
                 from [01m[K/usr/include/c++/9/array:38[m[K,
                 from [01m[K/root/planner_ws/src/cpp_pubsub/include/end_condition_sampler.hpp:3[m[K,
                 from [01m[K/root/planner_ws/src/cpp_pubsub/src/end_condition_sampler.cpp:1[m[K:
[01m[K/usr/include/c++/9/bits/stl_pair.h:350:21:[m[K [01;36m[Knote: [m[Kcandidate: ‘[01m[Ktemplate<class _U1, class _U2, typename std::enable_if<(_MoveConstructiblePair<_U1, _U2>() && (! _ImplicitlyMoveConvertiblePair<_U1, _U2>())), bool>::type <anonymous> > constexpr std::pair<_T1, _T2>::pair(_U1&&, _U2&&)[m[K’
  350 |  explicit constexpr [01;36m[Kpair[m[K(_U1&& __x, _U2&& __y)
      |                     [01;36m[K^~~~[m[K
[01m[K/usr/include/c++/9/bits/stl_pair.h:350:21:[m[K [01;36m[Knote: [m[K  template argument deduction/substitution failed:
[01m[K/usr/include/c++/9/bits/stl_pair.h:349:38:[m[K [01;31m[Kerror: [m[Kno type named ‘[01m[Ktype[m[K’ in ‘[01m[Kstruct std::enable_if<false, bool>[m[K’
  349 |                          bool>::type=[01;31m[Kfalse[m[K>
      |                                      [01;31m[K^~~~~[m[K
[01m[K/usr/include/c++/9/bits/stl_pair.h:341:12:[m[K [01;36m[Knote: [m[Kcandidate: ‘[01m[Ktemplate<class _U1, class _U2, typename std::enable_if<(_MoveConstructiblePair<_U1, _U2>() && _ImplicitlyMoveConvertiblePair<_U1, _U2>()), bool>::type <anonymous> > constexpr std::pair<_T1, _T2>::pair(_U1&&, _U2&&)[m[K’
  341 |  constexpr [01;36m[Kpair[m[K(_U1&& __x, _U2&& __y)
      |            [01;36m[K^~~~[m[K
[01m[K/usr/include/c++/9/bits/stl_pair.h:341:12:[m[K [01;36m[Knote: [m[K  template argument deduction/substitution failed:
[01m[K/usr/include/c++/9/bits/stl_pair.h:340:38:[m[K [01;31m[Kerror: [m[Kno type named ‘[01m[Ktype[m[K’ in ‘[01m[Kstruct std::enable_if<false, bool>[m[K’
  340 |                          bool>::type=[01;31m[Ktrue[m[K>
      |                                      [01;31m[K^~~~[m[K
[01m[K/usr/include/c++/9/bits/stl_pair.h:332:17:[m[K [01;36m[Knote: [m[Kcandidate: ‘[01m[Ktemplate<class _U2, typename std::enable_if<_CopyMovePair<false, std::vector<double, std::allocator<double> >, _U2>(), bool>::type <anonymous> > std::pair<_T1, _T2>::pair(const _T1&, _U2&&)[m[K’
  332 |        explicit [01;36m[Kpair[m[K(const _T1& __x, _U2&& __y)
      |                 [01;36m[K^~~~[m[K
[01m[K/usr/include/c++/9/bits/stl_pair.h:332:17:[m[K [01;36m[Knote: [m[K  template argument deduction/substitution failed:
[01m[K/usr/include/c++/9/bits/stl_pair.h:331:38:[m[K [01;31m[Kerror: [m[Kno type named ‘[01m[Ktype[m[K’ in ‘[01m[Kstruct std::enable_if<false, bool>[m[K’
  331 |                          bool>::type=[01;31m[Kfalse[m[K>
      |                                      [01;31m[K^~~~~[m[K
[01m[K/usr/include/c++/9/bits/stl_pair.h:325:18:[m[K [01;36m[Knote: [m[Kcandidate: ‘[01m[Ktemplate<class _U2, typename std::enable_if<_CopyMovePair<true, std::vector<double, std::allocator<double> >, _U2>(), bool>::type <anonymous> > constexpr std::pair<_T1, _T2>::pair(const _T1&, _U2&&)[m[K’
  325 |        constexpr [01;36m[Kpair[m[K(const _T1& __x, _U2&& __y)
      |                  [01;36m[K^~~~[m[K
[01m[K/usr/include/c++/9/bits/stl_pair.h:325:18:[m[K [01;36m[Knote: [m[K  template argument deduction/substitution failed:
In file included from [01m[K/usr/include/x86_64-linux-gnu/c++/9/bits/c++allocator.h:33[m[K,
                 from [01m[K/usr/include/c++/9/bits/allocator.h:46[m[K,
                 from [01m[K/usr/include/c++/9/string:41[m[K,
                 from [01m[K/usr/include/c++/9/stdexcept:39[m[K,
                 from [01m[K/usr/include/c++/9/array:39[m[K,
                 from [01m[K/root/planner_ws/src/cpp_pubsub/include/end_condition_sampler.hpp:3[m[K,
                 from [01m[K/root/planner_ws/src/cpp_pubsub/src/end_condition_sampler.cpp:1[m[K:
[01m[K/usr/include/c++/9/ext/new_allocator.h:146:4:[m[K [01;36m[Knote: [m[K  cannot convert ‘[01m[Kstd::forward<std::array<double, 3>&>((* & __args#0))[m[K’ (type ‘[01m[Kstd::array<double, 3>[m[K’) to type ‘[01m[Kconst std::vector<double>&[m[K’
  146 |  { [01;36m[K::new((void *)__p) _Up(std::forward<_Args>(__args)...)[m[K; }
      |    [01;36m[K^~~~~~~~~~~~~~~~~~~~~~~~~~~~~~~~~~~~~~~~~~~~~~~~~~~~~~[m[K
In file included from [01m[K/usr/include/c++/9/utility:70[m[K,
                 from [01m[K/usr/include/c++/9/array:38[m[K,
                 from [01m[K/root/planner_ws/src/cpp_pubsub/include/end_condition_sampler.hpp:3[m[K,
                 from [01m[K/root/planner_ws/src/cpp_pubsub/src/end_condition_sampler.cpp:1[m[K:
[01m[K/usr/include/c++/9/bits/stl_pair.h:318:27:[m[K [01;36m[Knote: [m[Kcandidate: ‘[01m[Ktemplate<class _U1, typename std::enable_if<_MoveCopyPair<false, _U1, double>(), bool>::type <anonymous> > constexpr std::pair<_T1, _T2>::pair(_U1&&, const _T2&)[m[K’
  318 |        explicit constexpr [01;36m[Kpair[m[K(_U1&& __x, const _T2& __y)
      |                           [01;36m[K^~~~[m[K
[01m[K/usr/include/c++/9/bits/stl_pair.h:318:27:[m[K [01;36m[Knote: [m[K  template argument deduction/substitution failed:
[01m[K/usr/include/c++/9/bits/stl_pair.h:317:38:[m[K [01;31m[Kerror: [m[Kno type named ‘[01m[Ktype[m[K’ in ‘[01m[Kstruct std::enable_if<false, bool>[m[K’
  317 |                          bool>::type=[01;31m[Kfalse[m[K>
      |                                      [01;31m[K^~~~~[m[K
[01m[K/usr/include/c++/9/bits/stl_pair.h:311:18:[m[K [01;36m[Knote: [m[Kcandidate: ‘[01m[Ktemplate<class _U1, typename std::enable_if<_MoveCopyPair<true, _U1, double>(), bool>::type <anonymous> > constexpr std::pair<_T1, _T2>::pair(_U1&&, const _T2&)[m[K’
  311 |        constexpr [01;36m[Kpair[m[K(_U1&& __x, const _T2& __y)
      |                  [01;36m[K^~~~[m[K
[01m[K/usr/include/c++/9/bits/stl_pair.h:311:18:[m[K [01;36m[Knote: [m[K  template argument deduction/substitution failed:
[01m[K/usr/include/c++/9/bits/stl_pair.h:310:38:[m[K [01;31m[Kerror: [m[Kno type named ‘[01m[Ktype[m[K’ in ‘[01m[Kstruct std::enable_if<false, bool>[m[K’
  310 |                          bool>::type=[01;31m[Ktrue[m[K>
      |                                      [01;31m[K^~~~[m[K
[01m[K/usr/include/c++/9/bits/stl_pair.h:304:17:[m[K [01;36m[Knote: [m[Kcandidate: ‘[01m[Kstd::pair<_T1, _T2>::pair(std::pair<_T1, _T2>&&) [with _T1 = std::vector<double>; _T2 = double][m[K’
  304 |       constexpr [01;36m[Kpair[m[K(pair&&) = default;
      |                 [01;36m[K^~~~[m[K
[01m[K/usr/include/c++/9/bits/stl_pair.h:304:17:[m[K [01;36m[Knote: [m[K  candidate expects 1 argument, 2 provided
[01m[K/usr/include/c++/9/bits/stl_pair.h:303:17:[m[K [01;36m[Knote: [m[Kcandidate: ‘[01m[Kstd::pair<_T1, _T2>::pair(const std::pair<_T1, _T2>&) [with _T1 = std::vector<double>; _T2 = double][m[K’
  303 |       constexpr [01;36m[Kpair[m[K(const pair&) = default;
      |                 [01;36m[K^~~~[m[K
[01m[K/usr/include/c++/9/bits/stl_pair.h:303:17:[m[K [01;36m[Knote: [m[K  candidate expects 1 argument, 2 provided
[01m[K/usr/include/c++/9/bits/stl_pair.h:300:21:[m[K [01;36m[Knote: [m[Kcandidate: ‘[01m[Ktemplate<class _U1, class _U2, typename std::enable_if<(std::_PCC<((! std::is_same<std::vector<double>, _U1>::value) || (! std::is_same<double, _U2>::value)), std::vector<double>, double>::_ConstructiblePair<_U1, _U2>() && (! std::_PCC<((! std::is_same<std::vector<double>, _U1>::value) || (! std::is_same<double, _U2>::value)), std::vector<double>, double>::_ImplicitlyConvertiblePair<_U1, _U2>())), bool>::type <anonymous> > constexpr std::pair<_T1, _T2>::pair(const std::pair<_U1, _U2>&)[m[K’
  300 |  explicit constexpr [01;36m[Kpair[m[K(const pair<_U1, _U2>& __p)
      |                     [01;36m[K^~~~[m[K
[01m[K/usr/include/c++/9/bits/stl_pair.h:300:21:[m[K [01;36m[Knote: [m[K  template argument deduction/substitution failed:
In file included from [01m[K/usr/include/x86_64-linux-gnu/c++/9/bits/c++allocator.h:33[m[K,
                 from [01m[K/usr/include/c++/9/bits/allocator.h:46[m[K,
                 from [01m[K/usr/include/c++/9/string:41[m[K,
                 from [01m[K/usr/include/c++/9/stdexcept:39[m[K,
                 from [01m[K/usr/include/c++/9/array:39[m[K,
                 from [01m[K/root/planner_ws/src/cpp_pubsub/include/end_condition_sampler.hpp:3[m[K,
                 from [01m[K/root/planner_ws/src/cpp_pubsub/src/end_condition_sampler.cpp:1[m[K:
[01m[K/usr/include/c++/9/ext/new_allocator.h:146:4:[m[K [01;36m[Knote: [m[K  ‘[01m[Kstd::array<double, 3>[m[K’ is not derived from ‘[01m[Kconst std::pair<_T1, _T2>[m[K’
  146 |  { [01;36m[K::new((void *)__p) _Up(std::forward<_Args>(__args)...)[m[K; }
      |    [01;36m[K^~~~~~~~~~~~~~~~~~~~~~~~~~~~~~~~~~~~~~~~~~~~~~~~~~~~~~[m[K
In file included from [01m[K/usr/include/c++/9/utility:70[m[K,
                 from [01m[K/usr/include/c++/9/array:38[m[K,
                 from [01m[K/root/planner_ws/src/cpp_pubsub/include/end_condition_sampler.hpp:3[m[K,
                 from [01m[K/root/planner_ws/src/cpp_pubsub/src/end_condition_sampler.cpp:1[m[K:
[01m[K/usr/include/c++/9/bits/stl_pair.h:291:19:[m[K [01;36m[Knote: [m[Kcandidate: ‘[01m[Ktemplate<class _U1, class _U2, typename std::enable_if<(std::_PCC<((! std::is_same<std::vector<double>, _U1>::value) || (! std::is_same<double, _U2>::value)), std::vector<double>, double>::_ConstructiblePair<_U1, _U2>() && std::_PCC<((! std::is_same<std::vector<double>, _U1>::value) || (! std::is_same<double, _U2>::value)), std::vector<double>, double>::_ImplicitlyConvertiblePair<_U1, _U2>()), bool>::type <anonymous> > constexpr std::pair<_T1, _T2>::pair(const std::pair<_U1, _U2>&)[m[K’
  291 |         constexpr [01;36m[Kpair[m[K(const pair<_U1, _U2>& __p)
      |                   [01;36m[K^~~~[m[K
[01m[K/usr/include/c++/9/bits/stl_pair.h:291:19:[m[K [01;36m[Knote: [m[K  template argument deduction/substitution failed:
In file included from [01m[K/usr/include/x86_64-linux-gnu/c++/9/bits/c++allocator.h:33[m[K,
                 from [01m[K/usr/include/c++/9/bits/allocator.h:46[m[K,
                 from [01m[K/usr/include/c++/9/string:41[m[K,
                 from [01m[K/usr/include/c++/9/stdexcept:39[m[K,
                 from [01m[K/usr/include/c++/9/array:39[m[K,
                 from [01m[K/root/planner_ws/src/cpp_pubsub/include/end_condition_sampler.hpp:3[m[K,
                 from [01m[K/root/planner_ws/src/cpp_pubsub/src/end_condition_sampler.cpp:1[m[K:
[01m[K/usr/include/c++/9/ext/new_allocator.h:146:4:[m[K [01;36m[Knote: [m[K  ‘[01m[Kstd::array<double, 3>[m[K’ is not derived from ‘[01m[Kconst std::pair<_T1, _T2>[m[K’
  146 |  { [01;36m[K::new((void *)__p) _Up(std::forward<_Args>(__args)...)[m[K; }
      |    [01;36m[K^~~~~~~~~~~~~~~~~~~~~~~~~~~~~~~~~~~~~~~~~~~~~~~~~~~~~~[m[K
In file included from [01m[K/usr/include/c++/9/utility:70[m[K,
                 from [01m[K/usr/include/c++/9/array:38[m[K,
                 from [01m[K/root/planner_ws/src/cpp_pubsub/include/end_condition_sampler.hpp:3[m[K,
                 from [01m[K/root/planner_ws/src/cpp_pubsub/src/end_condition_sampler.cpp:1[m[K:
[01m[K/usr/include/c++/9/bits/stl_pair.h:269:26:[m[K [01;36m[Knote: [m[Kcandidate: ‘[01m[Ktemplate<class _U1, class _U2, typename std::enable_if<(_ConstructiblePair<_U1, _U2>() && (! _ImplicitlyConvertiblePair<_U1, _U2>())), bool>::type <anonymous> > constexpr std::pair<_T1, _T2>::pair(const _T1&, const _T2&)[m[K’
  269 |       explicit constexpr [01;36m[Kpair[m[K(const _T1& __a, const _T2& __b)
      |                          [01;36m[K^~~~[m[K
[01m[K/usr/include/c++/9/bits/stl_pair.h:269:26:[m[K [01;36m[Knote: [m[K  template argument deduction/substitution failed:
[01m[K/usr/include/c++/9/bits/stl_pair.h:268:38:[m[K [01;31m[Kerror: [m[Kno type named ‘[01m[Ktype[m[K’ in ‘[01m[Kstruct std::enable_if<false, bool>[m[K’
  268 |                          bool>::type=[01;31m[Kfalse[m[K>
      |                                      [01;31m[K^~~~~[m[K
[01m[K/usr/include/c++/9/bits/stl_pair.h:260:17:[m[K [01;36m[Knote: [m[Kcandidate: ‘[01m[Ktemplate<class _U1, class _U2, typename std::enable_if<(_ConstructiblePair<_U1, _U2>() && _ImplicitlyConvertiblePair<_U1, _U2>()), bool>::type <anonymous> > constexpr std::pair<_T1, _T2>::pair(const _T1&, const _T2&)[m[K’
  260 |       constexpr [01;36m[Kpair[m[K(const _T1& __a, const _T2& __b)
      |                 [01;36m[K^~~~[m[K
[01m[K/usr/include/c++/9/bits/stl_pair.h:260:17:[m[K [01;36m[Knote: [m[K  template argument deduction/substitution failed:
In file included from [01m[K/usr/include/x86_64-linux-gnu/c++/9/bits/c++allocator.h:33[m[K,
                 from [01m[K/usr/include/c++/9/bits/allocator.h:46[m[K,
                 from [01m[K/usr/include/c++/9/string:41[m[K,
                 from [01m[K/usr/include/c++/9/stdexcept:39[m[K,
                 from [01m[K/usr/include/c++/9/array:39[m[K,
                 from [01m[K/root/planner_ws/src/cpp_pubsub/include/end_condition_sampler.hpp:3[m[K,
                 from [01m[K/root/planner_ws/src/cpp_pubsub/src/end_condition_sampler.cpp:1[m[K:
[01m[K/usr/include/c++/9/ext/new_allocator.h:146:4:[m[K [01;36m[Knote: [m[K  cannot convert ‘[01m[Kstd::forward<std::array<double, 3>&>((* & __args#0))[m[K’ (type ‘[01m[Kstd::array<double, 3>[m[K’) to type ‘[01m[Kconst std::vector<double>&[m[K’
  146 |  { [01;36m[K::new((void *)__p) _Up(std::forward<_Args>(__args)...)[m[K; }
      |    [01;36m[K^~~~~~~~~~~~~~~~~~~~~~~~~~~~~~~~~~~~~~~~~~~~~~~~~~~~~~[m[K
In file included from [01m[K/usr/include/c++/9/utility:70[m[K,
                 from [01m[K/usr/include/c++/9/array:38[m[K,
                 from [01m[K/root/planner_ws/src/cpp_pubsub/include/end_condition_sampler.hpp:3[m[K,
                 from [01m[K/root/planner_ws/src/cpp_pubsub/src/end_condition_sampler.cpp:1[m[K:
[01m[K/usr/include/c++/9/bits/stl_pair.h:242:26:[m[K [01;36m[Knote: [m[Kcandidate: ‘[01m[Ktemplate<class _U1, class _U2, typename std::enable_if<std::__and_<std::is_default_constructible<_Tp>, std::is_default_constructible<_U2>, std::__not_<std::__and_<std::__is_implicitly_default_constructible<_U1>, std::__is_implicitly_default_constructible<_U2> > > >::value, bool>::type <anonymous> > constexpr std::pair<_T1, _T2>::pair()[m[K’
  242 |       explicit constexpr [01;36m[Kpair[m[K()
      |                          [01;36m[K^~~~[m[K
[01m[K/usr/include/c++/9/bits/stl_pair.h:242:26:[m[K [01;36m[Knote: [m[K  template argument deduction/substitution failed:
In file included from [01m[K/usr/include/x86_64-linux-gnu/c++/9/bits/c++allocator.h:33[m[K,
                 from [01m[K/usr/include/c++/9/bits/allocator.h:46[m[K,
                 from [01m[K/usr/include/c++/9/string:41[m[K,
                 from [01m[K/usr/include/c++/9/stdexcept:39[m[K,
                 from [01m[K/usr/include/c++/9/array:39[m[K,
                 from [01m[K/root/planner_ws/src/cpp_pubsub/include/end_condition_sampler.hpp:3[m[K,
                 from [01m[K/root/planner_ws/src/cpp_pubsub/src/end_condition_sampler.cpp:1[m[K:
[01m[K/usr/include/c++/9/ext/new_allocator.h:146:4:[m[K [01;36m[Knote: [m[K  candidate expects 0 arguments, 2 provided
  146 |  { [01;36m[K::new((void *)__p) _Up(std::forward<_Args>(__args)...)[m[K; }
      |    [01;36m[K^~~~~~~~~~~~~~~~~~~~~~~~~~~~~~~~~~~~~~~~~~~~~~~~~~~~~~[m[K
In file included from [01m[K/usr/include/c++/9/utility:70[m[K,
                 from [01m[K/usr/include/c++/9/array:38[m[K,
                 from [01m[K/root/planner_ws/src/cpp_pubsub/include/end_condition_sampler.hpp:3[m[K,
                 from [01m[K/root/planner_ws/src/cpp_pubsub/src/end_condition_sampler.cpp:1[m[K:
[01m[K/usr/include/c++/9/bits/stl_pair.h:229:26:[m[K [01;36m[Knote: [m[Kcandidate: ‘[01m[Ktemplate<class _U1, class _U2, typename std::enable_if<std::__and_<std::__is_implicitly_default_constructible<_U1>, std::__is_implicitly_default_constructible<_U2> >::value, bool>::type <anonymous> > constexpr std::pair<_T1, _T2>::pair()[m[K’
  229 |       _GLIBCXX_CONSTEXPR [01;36m[Kpair[m[K()
      |                          [01;36m[K^~~~[m[K
[01m[K/usr/include/c++/9/bits/stl_pair.h:229:26:[m[K [01;36m[Knote: [m[K  template argument deduction/substitution failed:
In file included from [01m[K/usr/include/x86_64-linux-gnu/c++/9/bits/c++allocator.h:33[m[K,
                 from [01m[K/usr/include/c++/9/bits/allocator.h:46[m[K,
                 from [01m[K/usr/include/c++/9/string:41[m[K,
                 from [01m[K/usr/include/c++/9/stdexcept:39[m[K,
                 from [01m[K/usr/include/c++/9/array:39[m[K,
                 from [01m[K/root/planner_ws/src/cpp_pubsub/include/end_condition_sampler.hpp:3[m[K,
                 from [01m[K/root/planner_ws/src/cpp_pubsub/src/end_condition_sampler.cpp:1[m[K:
[01m[K/usr/include/c++/9/ext/new_allocator.h:146:4:[m[K [01;36m[Knote: [m[K  candidate expects 0 arguments, 2 provided
  146 |  { [01;36m[K::new((void *)__p) _Up(std::forward<_Args>(__args)...)[m[K; }
      |    [01;36m[K^~~~~~~~~~~~~~~~~~~~~~~~~~~~~~~~~~~~~~~~~~~~~~~~~~~~~~[m[K
make[2]: *** [CMakeFiles/cpp_pubsub.dir/build.make:206: CMakeFiles/cpp_pubsub.dir/src/end_condition_sampler.cpp.o] Error 1
make[2]: *** Waiting for unfinished jobs....
make[2]: *** [CMakeFiles/planner.dir/build.make:219: CMakeFiles/planner.dir/src/end_condition_sampler.cpp.o] Error 1
make[2]: *** Waiting for unfinished jobs....
[01m[K/root/planner_ws/src/cpp_pubsub/src/manager.cpp:[m[K In member function ‘[01m[Kvoid Manage_Planner::planner()[m[K’:
[01m[K/root/planner_ws/src/cpp_pubsub/src/manager.cpp:189:83:[m[K [01;35m[Kwarning: [m[K‘[01m[Kstop_point[m[K’ may be used uninitialized in this function [[01;35m[K-Wmaybe-uninitialized[m[K]
  189 |         lon_end_conditions = [01;35m[Kendconditionsampler.SampleLonEndConditionsForStopping(stop_point)[m[K;
      |                              [01;35m[K~~~~~~~~~~~~~~~~~~~~~~~~~~~~~~~~~~~~~~~~~~~~~~~~~~~~~^~~~~~~~~~~~[m[K
[01m[K/root/planner_ws/src/cpp_pubsub/src/manager.cpp:[m[K In member function ‘[01m[Kvoid Manage_Planner::planner()[m[K’:
[01m[K/root/planner_ws/src/cpp_pubsub/src/manager.cpp:189:83:[m[K [01;35m[Kwarning: [m[K‘[01m[Kstop_point[m[K’ may be used uninitialized in this function [[01;35m[K-Wmaybe-uninitialized[m[K]
  189 |         lon_end_conditions = [01;35m[Kendconditionsampler.SampleLonEndConditionsForStopping(stop_point)[m[K;
      |                              [01;35m[K~~~~~~~~~~~~~~~~~~~~~~~~~~~~~~~~~~~~~~~~~~~~~~~~~~~~~^~~~~~~~~~~~[m[K
make[1]: *** [CMakeFiles/Makefile2:107: CMakeFiles/planner.dir/all] Error 2
make[1]: *** Waiting for unfinished jobs....
make[1]: *** [CMakeFiles/Makefile2:80: CMakeFiles/cpp_pubsub.dir/all] Error 2
make: *** [Makefile:141: all] Error 2
