[0.021s] Invoking command in '/root/planner_ws/build/cpp_pubsub': CMAKE_PREFIX_PATH=${CMAKE_PREFIX_PATH}:/opt/ros/foxy /usr/bin/cmake --build /root/planner_ws/build/cpp_pubsub -- -j12 -l12
[0.054s] [35m[1mScanning dependencies of target cpp_pubsub[0m
[0.055s] [35m[1mScanning dependencies of target planner[0m
[0.087s] [  6%] [32mBuilding CXX object CMakeFiles/cpp_pubsub.dir/src/end_condition_sampler.cpp.o[0m
[0.087s] [  6%] [32mBuilding CXX object CMakeFiles/cpp_pubsub.dir/src/manager.cpp.o[0m
[0.093s] [ 10%] [32mBuilding CXX object CMakeFiles/planner.dir/src/manager.cpp.o[0m
[0.095s] [ 13%] [32mBuilding CXX object CMakeFiles/planner.dir/src/end_condition_sampler.cpp.o[0m
[0.348s] [01m[K/root/planner_ws/src/cpp_pubsub/src/end_condition_sampler.cpp:[m[K In member function ‘[01m[Kstd::vector<std::pair<std::vector<double>, double> > EndConditionSampler::SampleLonEndConditionsForCruising(double) const[m[K’:
[0.348s] [01m[K/root/planner_ws/src/cpp_pubsub/src/end_condition_sampler.cpp:87:1:[m[K [01;35m[Kwarning: [m[Kno return statement in function returning non-void [[01;35m[K-Wreturn-type[m[K]
[0.348s]    87 | [01;35m[K}[m[K
[0.348s]       | [01;35m[K^[m[K
[0.349s] [01m[K/root/planner_ws/src/cpp_pubsub/src/end_condition_sampler.cpp:[m[K In member function ‘[01m[Kstd::vector<std::pair<std::vector<double>, double> > EndConditionSampler::SampleLonEndConditionsForLaneChange() const[m[K’:
[0.349s] [01m[K/root/planner_ws/src/cpp_pubsub/src/end_condition_sampler.cpp:115:1:[m[K [01;35m[Kwarning: [m[Kno return statement in function returning non-void [[01;35m[K-Wreturn-type[m[K]
[0.349s]   115 | [01;35m[K}[m[K
[0.349s]       | [01;35m[K^[m[K
[0.349s] [01m[K/root/planner_ws/src/cpp_pubsub/src/end_condition_sampler.cpp:[m[K In member function ‘[01m[Kstd::vector<std::pair<std::vector<double>, double> > EndConditionSampler::SampleLonEndConditionsForCruising(double) const[m[K’:
[0.349s] [01m[K/root/planner_ws/src/cpp_pubsub/src/end_condition_sampler.cpp:87:1:[m[K [01;35m[Kwarning: [m[Kno return statement in function returning non-void [[01;35m[K-Wreturn-type[m[K]
[0.349s]    87 | [01;35m[K}[m[K
[0.349s]       | [01;35m[K^[m[K
[0.350s] [01m[K/root/planner_ws/src/cpp_pubsub/src/end_condition_sampler.cpp:[m[K In member function ‘[01m[Kstd::vector<std::pair<std::vector<double>, double> > EndConditionSampler::SampleLonEndConditionsForLaneChange() const[m[K’:
[0.350s] [01m[K/root/planner_ws/src/cpp_pubsub/src/end_condition_sampler.cpp:115:1:[m[K [01;35m[Kwarning: [m[Kno return statement in function returning non-void [[01;35m[K-Wreturn-type[m[K]
[0.350s]   115 | [01;35m[K}[m[K
[0.350s]       | [01;35m[K^[m[K
[1.504s] [01m[K/root/planner_ws/src/cpp_pubsub/src/manager.cpp:[m[K In member function ‘[01m[Kvoid Manage_Planner::planner()[m[K’:
[1.505s] [01m[K/root/planner_ws/src/cpp_pubsub/src/manager.cpp:183:13:[m[K [01;35m[Kwarning: [m[Kunused variable ‘[01m[KLC_mode[m[K’ [[01;35m[K-Wunused-variable[m[K]
[1.505s]   183 |         int [01;35m[KLC_mode[m[K;
[1.505s]       |             [01;35m[K^~~~~~~[m[K
[1.511s] [01m[K/root/planner_ws/src/cpp_pubsub/src/manager.cpp:[m[K In member function ‘[01m[Kvoid Manage_Planner::planner()[m[K’:
[1.511s] [01m[K/root/planner_ws/src/cpp_pubsub/src/manager.cpp:183:13:[m[K [01;35m[Kwarning: [m[Kunused variable ‘[01m[KLC_mode[m[K’ [[01;35m[K-Wunused-variable[m[K]
[1.511s]   183 |         int [01;35m[KLC_mode[m[K;
[1.511s]       |             [01;35m[K^~~~~~~[m[K
[2.192s] [ 17%] [32m[1mLinking CXX shared library libcpp_pubsub.so[0m
[2.198s] [ 20%] [32m[1mLinking CXX executable planner[0m
[2.296s] [ 58%] Built target cpp_pubsub
[2.376s] [100%] Built target planner
[2.386s] Invoked command in '/root/planner_ws/build/cpp_pubsub' returned '0': CMAKE_PREFIX_PATH=${CMAKE_PREFIX_PATH}:/opt/ros/foxy /usr/bin/cmake --build /root/planner_ws/build/cpp_pubsub -- -j12 -l12
[2.441s] Invoking command in '/root/planner_ws/build/cpp_pubsub': CMAKE_PREFIX_PATH=${CMAKE_PREFIX_PATH}:/opt/ros/foxy /usr/bin/cmake --install /root/planner_ws/build/cpp_pubsub
[2.449s] -- Install configuration: ""
[2.449s] -- Up-to-date: /root/planner_ws/install/cpp_pubsub/include
[2.449s] -- Up-to-date: /root/planner_ws/install/cpp_pubsub/include/cartesian_frenet_converter.hpp
[2.450s] -- Up-to-date: /root/planner_ws/install/cpp_pubsub/include/collisionchecker.hpp
[2.450s] -- Up-to-date: /root/planner_ws/install/cpp_pubsub/include/latpath1d.hpp
[2.450s] -- Up-to-date: /root/planner_ws/install/cpp_pubsub/include/end_condition_sampler.hpp
[2.450s] -- Up-to-date: /root/planner_ws/install/cpp_pubsub/include/constans.hpp
[2.450s] -- Up-to-date: /root/planner_ws/install/cpp_pubsub/include/trajectory_evaluator.hpp
[2.450s] -- Up-to-date: /root/planner_ws/install/cpp_pubsub/include/obstacle.hpp
[2.450s] -- Up-to-date: /root/planner_ws/install/cpp_pubsub/include/liner_interpolation.hpp
[2.451s] -- Up-to-date: /root/planner_ws/install/cpp_pubsub/include/Trajectory1dGenerator.hpp
[2.451s] -- Up-to-date: /root/planner_ws/install/cpp_pubsub/include/lonspeed1d.hpp
[2.451s] -- Up-to-date: /root/planner_ws/install/cpp_pubsub/include/matplotlibcpp.h
[2.451s] -- Up-to-date: /root/planner_ws/install/cpp_pubsub/include/referenceline.hpp
[2.451s] -- Up-to-date: /root/planner_ws/install/cpp_pubsub/include/manager.hpp
[2.451s] -- Up-to-date: /root/planner_ws/install/cpp_pubsub/include/plotfigure.hpp
[2.451s] -- Up-to-date: /root/planner_ws/install/cpp_pubsub/include/pathpoint.hpp
[2.452s] -- Up-to-date: /root/planner_ws/install/cpp_pubsub/include/constraint_checker1d.hpp
[2.452s] -- Up-to-date: /root/planner_ws/install/cpp_pubsub/include/feasible_region.hpp
[2.452s] -- Up-to-date: /root/planner_ws/install/cpp_pubsub/include/path_matcher.hpp
[2.452s] -- Up-to-date: /root/planner_ws/install/cpp_pubsub/include/SLPoint.hpp
[2.452s] -- Up-to-date: /root/planner_ws/install/cpp_pubsub/include/test.hpp
[2.452s] -- Up-to-date: /root/planner_ws/install/cpp_pubsub/include/STpoint.hpp
[2.452s] -- Up-to-date: /root/planner_ws/install/cpp_pubsub/include/TrajectoryPoint.hpp
[2.452s] -- Up-to-date: /root/planner_ws/install/cpp_pubsub/share/cpp_pubsub/environment/library_path.sh
[2.452s] -- Up-to-date: /root/planner_ws/install/cpp_pubsub/share/cpp_pubsub/environment/library_path.dsv
[2.452s] -- Installing: /root/planner_ws/install/cpp_pubsub/lib/libcpp_pubsub.so
[2.452s] -- Set runtime path of "/root/planner_ws/install/cpp_pubsub/lib/libcpp_pubsub.so" to ""
[2.453s] -- Installing: /root/planner_ws/install/cpp_pubsub/lib/cpp_pubsub/planner
[2.453s] -- Set runtime path of "/root/planner_ws/install/cpp_pubsub/lib/cpp_pubsub/planner" to ""
[2.453s] -- Up-to-date: /root/planner_ws/install/cpp_pubsub/share/ament_index/resource_index/package_run_dependencies/cpp_pubsub
[2.454s] -- Up-to-date: /root/planner_ws/install/cpp_pubsub/share/ament_index/resource_index/parent_prefix_path/cpp_pubsub
[2.454s] -- Up-to-date: /root/planner_ws/install/cpp_pubsub/share/cpp_pubsub/environment/ament_prefix_path.sh
[2.454s] -- Up-to-date: /root/planner_ws/install/cpp_pubsub/share/cpp_pubsub/environment/ament_prefix_path.dsv
[2.454s] -- Up-to-date: /root/planner_ws/install/cpp_pubsub/share/cpp_pubsub/environment/path.sh
[2.454s] -- Up-to-date: /root/planner_ws/install/cpp_pubsub/share/cpp_pubsub/environment/path.dsv
[2.454s] -- Up-to-date: /root/planner_ws/install/cpp_pubsub/share/cpp_pubsub/local_setup.bash
[2.454s] -- Up-to-date: /root/planner_ws/install/cpp_pubsub/share/cpp_pubsub/local_setup.sh
[2.454s] -- Up-to-date: /root/planner_ws/install/cpp_pubsub/share/cpp_pubsub/local_setup.zsh
[2.454s] -- Up-to-date: /root/planner_ws/install/cpp_pubsub/share/cpp_pubsub/local_setup.dsv
[2.454s] -- Installing: /root/planner_ws/install/cpp_pubsub/share/cpp_pubsub/package.dsv
[2.455s] -- Up-to-date: /root/planner_ws/install/cpp_pubsub/share/ament_index/resource_index/packages/cpp_pubsub
[2.455s] -- Up-to-date: /root/planner_ws/install/cpp_pubsub/share/cpp_pubsub/cmake/ament_cmake_export_dependencies-extras.cmake
[2.455s] -- Up-to-date: /root/planner_ws/install/cpp_pubsub/share/cpp_pubsub/cmake/ament_cmake_export_include_directories-extras.cmake
[2.456s] -- Up-to-date: /root/planner_ws/install/cpp_pubsub/share/cpp_pubsub/cmake/ament_cmake_export_libraries-extras.cmake
[2.456s] -- Up-to-date: /root/planner_ws/install/cpp_pubsub/share/cpp_pubsub/cmake/cpp_pubsubConfig.cmake
[2.456s] -- Up-to-date: /root/planner_ws/install/cpp_pubsub/share/cpp_pubsub/cmake/cpp_pubsubConfig-version.cmake
[2.456s] -- Up-to-date: /root/planner_ws/install/cpp_pubsub/share/cpp_pubsub/package.xml
[2.457s] Invoked command in '/root/planner_ws/build/cpp_pubsub' returned '0': CMAKE_PREFIX_PATH=${CMAKE_PREFIX_PATH}:/opt/ros/foxy /usr/bin/cmake --install /root/planner_ws/build/cpp_pubsub
